running egg_info
writing ../../build/simple_yolo/simple_yolo.egg-info/PKG-INFO
writing dependency_links to ../../build/simple_yolo/simple_yolo.egg-info/dependency_links.txt
writing entry points to ../../build/simple_yolo/simple_yolo.egg-info/entry_points.txt
writing requirements to ../../build/simple_yolo/simple_yolo.egg-info/requires.txt
writing top-level names to ../../build/simple_yolo/simple_yolo.egg-info/top_level.txt
reading manifest file '../../build/simple_yolo/simple_yolo.egg-info/SOURCES.txt'
adding license file 'LICENSE'
writing manifest file '../../build/simple_yolo/simple_yolo.egg-info/SOURCES.txt'
running build
running build_py
running install
running install_lib
running install_data
running install_egg_info
removing '/home/mj/Desktop/BerryBot/git_folder/berrybot-ros2/ros2_ws/install/simple_yolo/lib/python3.10/site-packages/simple_yolo-0.0.0-py3.10.egg-info' (and everything under it)
Copying ../../build/simple_yolo/simple_yolo.egg-info to /home/mj/Desktop/BerryBot/git_folder/berrybot-ros2/ros2_ws/install/simple_yolo/lib/python3.10/site-packages/simple_yolo-0.0.0-py3.10.egg-info
running install_scripts
Installing camera script to /home/mj/Desktop/BerryBot/git_folder/berrybot-ros2/ros2_ws/install/simple_yolo/lib/simple_yolo
Installing perception_node script to /home/mj/Desktop/BerryBot/git_folder/berrybot-ros2/ros2_ws/install/simple_yolo/lib/simple_yolo
writing list of installed files to '/home/mj/Desktop/BerryBot/git_folder/berrybot-ros2/ros2_ws/build/simple_yolo/install.log'
