[0.373s] Invoking command in '/home/mj/Desktop/BerryBot/git_folder/berrybot-ros2/ros2_ws/src/simple_yolo': PYTHONPATH=/home/mj/Desktop/BerryBot/git_folder/berrybot-ros2/ros2_ws/build/simple_yolo/prefix_override:/usr/lib/python3/dist-packages/colcon_core/task/python/colcon_distutils_commands:/home/mj/Desktop/BerryBot/git_folder/berrybot-ros2/ros2_ws/install/simple_yolo/lib/python3.10/site-packages:${PYTHONPATH} /usr/bin/python3 -W ignore:setup.py install is deprecated -W ignore:easy_install command is deprecated setup.py egg_info --egg-base ../../build/simple_yolo build --build-base /home/mj/Desktop/BerryBot/git_folder/berrybot-ros2/ros2_ws/build/simple_yolo/build install --record /home/mj/Desktop/BerryBot/git_folder/berrybot-ros2/ros2_ws/build/simple_yolo/install.log --single-version-externally-managed install_data
[0.499s] running egg_info
[0.499s] writing ../../build/simple_yolo/simple_yolo.egg-info/PKG-INFO
[0.499s] writing dependency_links to ../../build/simple_yolo/simple_yolo.egg-info/dependency_links.txt
[0.499s] writing entry points to ../../build/simple_yolo/simple_yolo.egg-info/entry_points.txt
[0.499s] writing requirements to ../../build/simple_yolo/simple_yolo.egg-info/requires.txt
[0.499s] writing top-level names to ../../build/simple_yolo/simple_yolo.egg-info/top_level.txt
[0.500s] reading manifest file '../../build/simple_yolo/simple_yolo.egg-info/SOURCES.txt'
[0.500s] adding license file 'LICENSE'
[0.501s] writing manifest file '../../build/simple_yolo/simple_yolo.egg-info/SOURCES.txt'
[0.501s] running build
[0.501s] running build_py
[0.501s] running install
[0.501s] running install_lib
[0.502s] running install_data
[0.502s] running install_egg_info
[0.503s] removing '/home/mj/Desktop/BerryBot/git_folder/berrybot-ros2/ros2_ws/install/simple_yolo/lib/python3.10/site-packages/simple_yolo-0.0.0-py3.10.egg-info' (and everything under it)
[0.503s] Copying ../../build/simple_yolo/simple_yolo.egg-info to /home/mj/Desktop/BerryBot/git_folder/berrybot-ros2/ros2_ws/install/simple_yolo/lib/python3.10/site-packages/simple_yolo-0.0.0-py3.10.egg-info
[0.503s] running install_scripts
[0.515s] Installing camera script to /home/mj/Desktop/BerryBot/git_folder/berrybot-ros2/ros2_ws/install/simple_yolo/lib/simple_yolo
[0.515s] Installing perception_node script to /home/mj/Desktop/BerryBot/git_folder/berrybot-ros2/ros2_ws/install/simple_yolo/lib/simple_yolo
[0.515s] writing list of installed files to '/home/mj/Desktop/BerryBot/git_folder/berrybot-ros2/ros2_ws/build/simple_yolo/install.log'
[0.531s] Invoked command in '/home/mj/Desktop/BerryBot/git_folder/berrybot-ros2/ros2_ws/src/simple_yolo' returned '0': PYTHONPATH=/home/mj/Desktop/BerryBot/git_folder/berrybot-ros2/ros2_ws/build/simple_yolo/prefix_override:/usr/lib/python3/dist-packages/colcon_core/task/python/colcon_distutils_commands:/home/mj/Desktop/BerryBot/git_folder/berrybot-ros2/ros2_ws/install/simple_yolo/lib/python3.10/site-packages:${PYTHONPATH} /usr/bin/python3 -W ignore:setup.py install is deprecated -W ignore:easy_install command is deprecated setup.py egg_info --egg-base ../../build/simple_yolo build --build-base /home/mj/Desktop/BerryBot/git_folder/berrybot-ros2/ros2_ws/build/simple_yolo/build install --record /home/mj/Desktop/BerryBot/git_folder/berrybot-ros2/ros2_ws/build/simple_yolo/install.log --single-version-externally-managed install_data
