running develop
running egg_info
creating simple_yolo.egg-info
writing simple_yolo.egg-info/PKG-INFO
writing dependency_links to simple_yolo.egg-info/dependency_links.txt
writing entry points to simple_yolo.egg-info/entry_points.txt
writing requirements to simple_yolo.egg-info/requires.txt
writing top-level names to simple_yolo.egg-info/top_level.txt
writing manifest file 'simple_yolo.egg-info/SOURCES.txt'
reading manifest file 'simple_yolo.egg-info/SOURCES.txt'
writing manifest file 'simple_yolo.egg-info/SOURCES.txt'
running build_ext
Creating /home/mj/Desktop/BerryBot/git_folder/berrybot-ros2/ros2_ws/install/simple_yolo/lib/python3.10/site-packages/simple-yolo.egg-link (link to .)
Installing camera_publisher script to /home/mj/Desktop/BerryBot/git_folder/berrybot-ros2/ros2_ws/install/simple_yolo/lib/simple_yolo

Installed /home/mj/Desktop/BerryBot/git_folder/berrybot-ros2/ros2_ws/build/simple_yolo
running symlink_data
creating /home/mj/Desktop/BerryBot/git_folder/berrybot-ros2/ros2_ws/install/simple_yolo/share/ament_index
creating /home/mj/Desktop/BerryBot/git_folder/berrybot-ros2/ros2_ws/install/simple_yolo/share/ament_index/resource_index
creating /home/mj/Desktop/BerryBot/git_folder/berrybot-ros2/ros2_ws/install/simple_yolo/share/ament_index/resource_index/packages
symbolically linking /home/mj/Desktop/BerryBot/git_folder/berrybot-ros2/ros2_ws/build/simple_yolo/resource/simple_yolo -> /home/mj/Desktop/BerryBot/git_folder/berrybot-ros2/ros2_ws/install/simple_yolo/share/ament_index/resource_index/packages
symbolically linking /home/mj/Desktop/BerryBot/git_folder/berrybot-ros2/ros2_ws/build/simple_yolo/package.xml -> /home/mj/Desktop/BerryBot/git_folder/berrybot-ros2/ros2_ws/install/simple_yolo/share/simple_yolo
