/home/mj/Desktop/BerryBot/git_folder/berrybot-ros2/ros2_ws/install/simple_yolo/lib/python3.10/site-packages/simple_yolo/camera.py
/home/mj/Desktop/BerryBot/git_folder/berrybot-ros2/ros2_ws/install/simple_yolo/lib/python3.10/site-packages/simple_yolo/__init__.py
/home/mj/Desktop/BerryBot/git_folder/berrybot-ros2/ros2_ws/install/simple_yolo/lib/python3.10/site-packages/simple_yolo/perception_node.py
/home/mj/Desktop/BerryBot/git_folder/berrybot-ros2/ros2_ws/install/simple_yolo/lib/python3.10/site-packages/simple_yolo/ultralytics/__init__.py
/home/mj/Desktop/BerryBot/git_folder/berrybot-ros2/ros2_ws/install/simple_yolo/lib/python3.10/site-packages/simple_yolo/ultralytics/tests/__init__.py
/home/mj/Desktop/BerryBot/git_folder/berrybot-ros2/ros2_ws/install/simple_yolo/lib/python3.10/site-packages/simple_yolo/ultralytics/tests/test_cli.py
/home/mj/Desktop/BerryBot/git_folder/berrybot-ros2/ros2_ws/install/simple_yolo/lib/python3.10/site-packages/simple_yolo/ultralytics/tests/test_integrations.py
/home/mj/Desktop/BerryBot/git_folder/berrybot-ros2/ros2_ws/install/simple_yolo/lib/python3.10/site-packages/simple_yolo/ultralytics/tests/test_engine.py
/home/mj/Desktop/BerryBot/git_folder/berrybot-ros2/ros2_ws/install/simple_yolo/lib/python3.10/site-packages/simple_yolo/ultralytics/tests/test_solutions.py
/home/mj/Desktop/BerryBot/git_folder/berrybot-ros2/ros2_ws/install/simple_yolo/lib/python3.10/site-packages/simple_yolo/ultralytics/tests/test_exports.py
/home/mj/Desktop/BerryBot/git_folder/berrybot-ros2/ros2_ws/install/simple_yolo/lib/python3.10/site-packages/simple_yolo/ultralytics/tests/test_python.py
/home/mj/Desktop/BerryBot/git_folder/berrybot-ros2/ros2_ws/install/simple_yolo/lib/python3.10/site-packages/simple_yolo/ultralytics/tests/test_cuda.py
/home/mj/Desktop/BerryBot/git_folder/berrybot-ros2/ros2_ws/install/simple_yolo/lib/python3.10/site-packages/simple_yolo/ultralytics/tests/conftest.py
/home/mj/Desktop/BerryBot/git_folder/berrybot-ros2/ros2_ws/install/simple_yolo/lib/python3.10/site-packages/simple_yolo/ultralytics/ultralytics/__init__.py
/home/mj/Desktop/BerryBot/git_folder/berrybot-ros2/ros2_ws/install/simple_yolo/lib/python3.10/site-packages/simple_yolo/ultralytics/ultralytics/trackers/__init__.py
/home/mj/Desktop/BerryBot/git_folder/berrybot-ros2/ros2_ws/install/simple_yolo/lib/python3.10/site-packages/simple_yolo/ultralytics/ultralytics/trackers/track.py
/home/mj/Desktop/BerryBot/git_folder/berrybot-ros2/ros2_ws/install/simple_yolo/lib/python3.10/site-packages/simple_yolo/ultralytics/ultralytics/trackers/bot_sort.py
/home/mj/Desktop/BerryBot/git_folder/berrybot-ros2/ros2_ws/install/simple_yolo/lib/python3.10/site-packages/simple_yolo/ultralytics/ultralytics/trackers/basetrack.py
/home/mj/Desktop/BerryBot/git_folder/berrybot-ros2/ros2_ws/install/simple_yolo/lib/python3.10/site-packages/simple_yolo/ultralytics/ultralytics/trackers/byte_tracker.py
/home/mj/Desktop/BerryBot/git_folder/berrybot-ros2/ros2_ws/install/simple_yolo/lib/python3.10/site-packages/simple_yolo/ultralytics/ultralytics/utils/__init__.py
/home/mj/Desktop/BerryBot/git_folder/berrybot-ros2/ros2_ws/install/simple_yolo/lib/python3.10/site-packages/simple_yolo/ultralytics/ultralytics/utils/tuner.py
/home/mj/Desktop/BerryBot/git_folder/berrybot-ros2/ros2_ws/install/simple_yolo/lib/python3.10/site-packages/simple_yolo/ultralytics/ultralytics/utils/dist.py
/home/mj/Desktop/BerryBot/git_folder/berrybot-ros2/ros2_ws/install/simple_yolo/lib/python3.10/site-packages/simple_yolo/ultralytics/ultralytics/utils/downloads.py
/home/mj/Desktop/BerryBot/git_folder/berrybot-ros2/ros2_ws/install/simple_yolo/lib/python3.10/site-packages/simple_yolo/ultralytics/ultralytics/utils/checks.py
/home/mj/Desktop/BerryBot/git_folder/berrybot-ros2/ros2_ws/install/simple_yolo/lib/python3.10/site-packages/simple_yolo/ultralytics/ultralytics/utils/tal.py
/home/mj/Desktop/BerryBot/git_folder/berrybot-ros2/ros2_ws/install/simple_yolo/lib/python3.10/site-packages/simple_yolo/ultralytics/ultralytics/utils/autodevice.py
/home/mj/Desktop/BerryBot/git_folder/berrybot-ros2/ros2_ws/install/simple_yolo/lib/python3.10/site-packages/simple_yolo/ultralytics/ultralytics/utils/export.py
/home/mj/Desktop/BerryBot/git_folder/berrybot-ros2/ros2_ws/install/simple_yolo/lib/python3.10/site-packages/simple_yolo/ultralytics/ultralytics/utils/metrics.py
/home/mj/Desktop/BerryBot/git_folder/berrybot-ros2/ros2_ws/install/simple_yolo/lib/python3.10/site-packages/simple_yolo/ultralytics/ultralytics/utils/plotting.py
/home/mj/Desktop/BerryBot/git_folder/berrybot-ros2/ros2_ws/install/simple_yolo/lib/python3.10/site-packages/simple_yolo/ultralytics/ultralytics/utils/instance.py
/home/mj/Desktop/BerryBot/git_folder/berrybot-ros2/ros2_ws/install/simple_yolo/lib/python3.10/site-packages/simple_yolo/ultralytics/ultralytics/utils/errors.py
/home/mj/Desktop/BerryBot/git_folder/berrybot-ros2/ros2_ws/install/simple_yolo/lib/python3.10/site-packages/simple_yolo/ultralytics/ultralytics/utils/files.py
/home/mj/Desktop/BerryBot/git_folder/berrybot-ros2/ros2_ws/install/simple_yolo/lib/python3.10/site-packages/simple_yolo/ultralytics/ultralytics/utils/ops.py
/home/mj/Desktop/BerryBot/git_folder/berrybot-ros2/ros2_ws/install/simple_yolo/lib/python3.10/site-packages/simple_yolo/ultralytics/ultralytics/utils/loss.py
/home/mj/Desktop/BerryBot/git_folder/berrybot-ros2/ros2_ws/install/simple_yolo/lib/python3.10/site-packages/simple_yolo/ultralytics/ultralytics/utils/benchmarks.py
/home/mj/Desktop/BerryBot/git_folder/berrybot-ros2/ros2_ws/install/simple_yolo/lib/python3.10/site-packages/simple_yolo/ultralytics/ultralytics/utils/torch_utils.py
/home/mj/Desktop/BerryBot/git_folder/berrybot-ros2/ros2_ws/install/simple_yolo/lib/python3.10/site-packages/simple_yolo/ultralytics/ultralytics/utils/patches.py
/home/mj/Desktop/BerryBot/git_folder/berrybot-ros2/ros2_ws/install/simple_yolo/lib/python3.10/site-packages/simple_yolo/ultralytics/ultralytics/utils/autobatch.py
/home/mj/Desktop/BerryBot/git_folder/berrybot-ros2/ros2_ws/install/simple_yolo/lib/python3.10/site-packages/simple_yolo/ultralytics/ultralytics/utils/triton.py
/home/mj/Desktop/BerryBot/git_folder/berrybot-ros2/ros2_ws/install/simple_yolo/lib/python3.10/site-packages/simple_yolo/ultralytics/ultralytics/data/__init__.py
/home/mj/Desktop/BerryBot/git_folder/berrybot-ros2/ros2_ws/install/simple_yolo/lib/python3.10/site-packages/simple_yolo/ultralytics/ultralytics/data/annotator.py
/home/mj/Desktop/BerryBot/git_folder/berrybot-ros2/ros2_ws/install/simple_yolo/lib/python3.10/site-packages/simple_yolo/ultralytics/ultralytics/data/utils.py
/home/mj/Desktop/BerryBot/git_folder/berrybot-ros2/ros2_ws/install/simple_yolo/lib/python3.10/site-packages/simple_yolo/ultralytics/ultralytics/data/loaders.py
/home/mj/Desktop/BerryBot/git_folder/berrybot-ros2/ros2_ws/install/simple_yolo/lib/python3.10/site-packages/simple_yolo/ultralytics/ultralytics/data/augment.py
/home/mj/Desktop/BerryBot/git_folder/berrybot-ros2/ros2_ws/install/simple_yolo/lib/python3.10/site-packages/simple_yolo/ultralytics/ultralytics/data/dataset.py
/home/mj/Desktop/BerryBot/git_folder/berrybot-ros2/ros2_ws/install/simple_yolo/lib/python3.10/site-packages/simple_yolo/ultralytics/ultralytics/data/build.py
/home/mj/Desktop/BerryBot/git_folder/berrybot-ros2/ros2_ws/install/simple_yolo/lib/python3.10/site-packages/simple_yolo/ultralytics/ultralytics/data/split_dota.py
/home/mj/Desktop/BerryBot/git_folder/berrybot-ros2/ros2_ws/install/simple_yolo/lib/python3.10/site-packages/simple_yolo/ultralytics/ultralytics/data/converter.py
/home/mj/Desktop/BerryBot/git_folder/berrybot-ros2/ros2_ws/install/simple_yolo/lib/python3.10/site-packages/simple_yolo/ultralytics/ultralytics/data/split.py
/home/mj/Desktop/BerryBot/git_folder/berrybot-ros2/ros2_ws/install/simple_yolo/lib/python3.10/site-packages/simple_yolo/ultralytics/ultralytics/data/base.py
/home/mj/Desktop/BerryBot/git_folder/berrybot-ros2/ros2_ws/install/simple_yolo/lib/python3.10/site-packages/simple_yolo/ultralytics/ultralytics/models/__init__.py
/home/mj/Desktop/BerryBot/git_folder/berrybot-ros2/ros2_ws/install/simple_yolo/lib/python3.10/site-packages/simple_yolo/ultralytics/ultralytics/hub/__init__.py
/home/mj/Desktop/BerryBot/git_folder/berrybot-ros2/ros2_ws/install/simple_yolo/lib/python3.10/site-packages/simple_yolo/ultralytics/ultralytics/hub/utils.py
/home/mj/Desktop/BerryBot/git_folder/berrybot-ros2/ros2_ws/install/simple_yolo/lib/python3.10/site-packages/simple_yolo/ultralytics/ultralytics/hub/session.py
/home/mj/Desktop/BerryBot/git_folder/berrybot-ros2/ros2_ws/install/simple_yolo/lib/python3.10/site-packages/simple_yolo/ultralytics/ultralytics/hub/auth.py
/home/mj/Desktop/BerryBot/git_folder/berrybot-ros2/ros2_ws/install/simple_yolo/lib/python3.10/site-packages/simple_yolo/ultralytics/ultralytics/engine/__init__.py
/home/mj/Desktop/BerryBot/git_folder/berrybot-ros2/ros2_ws/install/simple_yolo/lib/python3.10/site-packages/simple_yolo/ultralytics/ultralytics/engine/tuner.py
/home/mj/Desktop/BerryBot/git_folder/berrybot-ros2/ros2_ws/install/simple_yolo/lib/python3.10/site-packages/simple_yolo/ultralytics/ultralytics/engine/predictor.py
/home/mj/Desktop/BerryBot/git_folder/berrybot-ros2/ros2_ws/install/simple_yolo/lib/python3.10/site-packages/simple_yolo/ultralytics/ultralytics/engine/trainer.py
/home/mj/Desktop/BerryBot/git_folder/berrybot-ros2/ros2_ws/install/simple_yolo/lib/python3.10/site-packages/simple_yolo/ultralytics/ultralytics/engine/model.py
/home/mj/Desktop/BerryBot/git_folder/berrybot-ros2/ros2_ws/install/simple_yolo/lib/python3.10/site-packages/simple_yolo/ultralytics/ultralytics/engine/results.py
/home/mj/Desktop/BerryBot/git_folder/berrybot-ros2/ros2_ws/install/simple_yolo/lib/python3.10/site-packages/simple_yolo/ultralytics/ultralytics/engine/exporter.py
/home/mj/Desktop/BerryBot/git_folder/berrybot-ros2/ros2_ws/install/simple_yolo/lib/python3.10/site-packages/simple_yolo/ultralytics/ultralytics/engine/validator.py
/home/mj/Desktop/BerryBot/git_folder/berrybot-ros2/ros2_ws/install/simple_yolo/lib/python3.10/site-packages/simple_yolo/ultralytics/ultralytics/nn/tasks.py
/home/mj/Desktop/BerryBot/git_folder/berrybot-ros2/ros2_ws/install/simple_yolo/lib/python3.10/site-packages/simple_yolo/ultralytics/ultralytics/nn/__init__.py
/home/mj/Desktop/BerryBot/git_folder/berrybot-ros2/ros2_ws/install/simple_yolo/lib/python3.10/site-packages/simple_yolo/ultralytics/ultralytics/nn/autobackend.py
/home/mj/Desktop/BerryBot/git_folder/berrybot-ros2/ros2_ws/install/simple_yolo/lib/python3.10/site-packages/simple_yolo/ultralytics/ultralytics/nn/text_model.py
/home/mj/Desktop/BerryBot/git_folder/berrybot-ros2/ros2_ws/install/simple_yolo/lib/python3.10/site-packages/simple_yolo/ultralytics/ultralytics/solutions/solutions.py
/home/mj/Desktop/BerryBot/git_folder/berrybot-ros2/ros2_ws/install/simple_yolo/lib/python3.10/site-packages/simple_yolo/ultralytics/ultralytics/solutions/__init__.py
/home/mj/Desktop/BerryBot/git_folder/berrybot-ros2/ros2_ws/install/simple_yolo/lib/python3.10/site-packages/simple_yolo/ultralytics/ultralytics/solutions/streamlit_inference.py
/home/mj/Desktop/BerryBot/git_folder/berrybot-ros2/ros2_ws/install/simple_yolo/lib/python3.10/site-packages/simple_yolo/ultralytics/ultralytics/solutions/trackzone.py
/home/mj/Desktop/BerryBot/git_folder/berrybot-ros2/ros2_ws/install/simple_yolo/lib/python3.10/site-packages/simple_yolo/ultralytics/ultralytics/solutions/security_alarm.py
/home/mj/Desktop/BerryBot/git_folder/berrybot-ros2/ros2_ws/install/simple_yolo/lib/python3.10/site-packages/simple_yolo/ultralytics/ultralytics/solutions/object_blurrer.py
/home/mj/Desktop/BerryBot/git_folder/berrybot-ros2/ros2_ws/install/simple_yolo/lib/python3.10/site-packages/simple_yolo/ultralytics/ultralytics/solutions/distance_calculation.py
/home/mj/Desktop/BerryBot/git_folder/berrybot-ros2/ros2_ws/install/simple_yolo/lib/python3.10/site-packages/simple_yolo/ultralytics/ultralytics/solutions/heatmap.py
/home/mj/Desktop/BerryBot/git_folder/berrybot-ros2/ros2_ws/install/simple_yolo/lib/python3.10/site-packages/simple_yolo/ultralytics/ultralytics/solutions/queue_management.py
/home/mj/Desktop/BerryBot/git_folder/berrybot-ros2/ros2_ws/install/simple_yolo/lib/python3.10/site-packages/simple_yolo/ultralytics/ultralytics/solutions/analytics.py
/home/mj/Desktop/BerryBot/git_folder/berrybot-ros2/ros2_ws/install/simple_yolo/lib/python3.10/site-packages/simple_yolo/ultralytics/ultralytics/solutions/speed_estimation.py
/home/mj/Desktop/BerryBot/git_folder/berrybot-ros2/ros2_ws/install/simple_yolo/lib/python3.10/site-packages/simple_yolo/ultralytics/ultralytics/solutions/parking_management.py
/home/mj/Desktop/BerryBot/git_folder/berrybot-ros2/ros2_ws/install/simple_yolo/lib/python3.10/site-packages/simple_yolo/ultralytics/ultralytics/solutions/ai_gym.py
/home/mj/Desktop/BerryBot/git_folder/berrybot-ros2/ros2_ws/install/simple_yolo/lib/python3.10/site-packages/simple_yolo/ultralytics/ultralytics/solutions/config.py
/home/mj/Desktop/BerryBot/git_folder/berrybot-ros2/ros2_ws/install/simple_yolo/lib/python3.10/site-packages/simple_yolo/ultralytics/ultralytics/solutions/object_cropper.py
/home/mj/Desktop/BerryBot/git_folder/berrybot-ros2/ros2_ws/install/simple_yolo/lib/python3.10/site-packages/simple_yolo/ultralytics/ultralytics/solutions/vision_eye.py
/home/mj/Desktop/BerryBot/git_folder/berrybot-ros2/ros2_ws/install/simple_yolo/lib/python3.10/site-packages/simple_yolo/ultralytics/ultralytics/solutions/object_counter.py
/home/mj/Desktop/BerryBot/git_folder/berrybot-ros2/ros2_ws/install/simple_yolo/lib/python3.10/site-packages/simple_yolo/ultralytics/ultralytics/solutions/region_counter.py
/home/mj/Desktop/BerryBot/git_folder/berrybot-ros2/ros2_ws/install/simple_yolo/lib/python3.10/site-packages/simple_yolo/ultralytics/ultralytics/solutions/instance_segmentation.py
/home/mj/Desktop/BerryBot/git_folder/berrybot-ros2/ros2_ws/install/simple_yolo/lib/python3.10/site-packages/simple_yolo/ultralytics/ultralytics/solutions/similarity_search.py
/home/mj/Desktop/BerryBot/git_folder/berrybot-ros2/ros2_ws/install/simple_yolo/lib/python3.10/site-packages/simple_yolo/ultralytics/ultralytics/cfg/__init__.py
/home/mj/Desktop/BerryBot/git_folder/berrybot-ros2/ros2_ws/install/simple_yolo/lib/python3.10/site-packages/simple_yolo/ultralytics/ultralytics/trackers/utils/__init__.py
/home/mj/Desktop/BerryBot/git_folder/berrybot-ros2/ros2_ws/install/simple_yolo/lib/python3.10/site-packages/simple_yolo/ultralytics/ultralytics/trackers/utils/matching.py
/home/mj/Desktop/BerryBot/git_folder/berrybot-ros2/ros2_ws/install/simple_yolo/lib/python3.10/site-packages/simple_yolo/ultralytics/ultralytics/trackers/utils/kalman_filter.py
/home/mj/Desktop/BerryBot/git_folder/berrybot-ros2/ros2_ws/install/simple_yolo/lib/python3.10/site-packages/simple_yolo/ultralytics/ultralytics/trackers/utils/gmc.py
/home/mj/Desktop/BerryBot/git_folder/berrybot-ros2/ros2_ws/install/simple_yolo/lib/python3.10/site-packages/simple_yolo/ultralytics/ultralytics/utils/callbacks/__init__.py
/home/mj/Desktop/BerryBot/git_folder/berrybot-ros2/ros2_ws/install/simple_yolo/lib/python3.10/site-packages/simple_yolo/ultralytics/ultralytics/utils/callbacks/wb.py
/home/mj/Desktop/BerryBot/git_folder/berrybot-ros2/ros2_ws/install/simple_yolo/lib/python3.10/site-packages/simple_yolo/ultralytics/ultralytics/utils/callbacks/mlflow.py
/home/mj/Desktop/BerryBot/git_folder/berrybot-ros2/ros2_ws/install/simple_yolo/lib/python3.10/site-packages/simple_yolo/ultralytics/ultralytics/utils/callbacks/neptune.py
/home/mj/Desktop/BerryBot/git_folder/berrybot-ros2/ros2_ws/install/simple_yolo/lib/python3.10/site-packages/simple_yolo/ultralytics/ultralytics/utils/callbacks/dvc.py
/home/mj/Desktop/BerryBot/git_folder/berrybot-ros2/ros2_ws/install/simple_yolo/lib/python3.10/site-packages/simple_yolo/ultralytics/ultralytics/utils/callbacks/raytune.py
/home/mj/Desktop/BerryBot/git_folder/berrybot-ros2/ros2_ws/install/simple_yolo/lib/python3.10/site-packages/simple_yolo/ultralytics/ultralytics/utils/callbacks/clearml.py
/home/mj/Desktop/BerryBot/git_folder/berrybot-ros2/ros2_ws/install/simple_yolo/lib/python3.10/site-packages/simple_yolo/ultralytics/ultralytics/utils/callbacks/base.py
/home/mj/Desktop/BerryBot/git_folder/berrybot-ros2/ros2_ws/install/simple_yolo/lib/python3.10/site-packages/simple_yolo/ultralytics/ultralytics/utils/callbacks/hub.py
/home/mj/Desktop/BerryBot/git_folder/berrybot-ros2/ros2_ws/install/simple_yolo/lib/python3.10/site-packages/simple_yolo/ultralytics/ultralytics/utils/callbacks/tensorboard.py
/home/mj/Desktop/BerryBot/git_folder/berrybot-ros2/ros2_ws/install/simple_yolo/lib/python3.10/site-packages/simple_yolo/ultralytics/ultralytics/utils/callbacks/comet.py
/home/mj/Desktop/BerryBot/git_folder/berrybot-ros2/ros2_ws/install/simple_yolo/lib/python3.10/site-packages/simple_yolo/ultralytics/ultralytics/models/fastsam/__init__.py
/home/mj/Desktop/BerryBot/git_folder/berrybot-ros2/ros2_ws/install/simple_yolo/lib/python3.10/site-packages/simple_yolo/ultralytics/ultralytics/models/fastsam/utils.py
/home/mj/Desktop/BerryBot/git_folder/berrybot-ros2/ros2_ws/install/simple_yolo/lib/python3.10/site-packages/simple_yolo/ultralytics/ultralytics/models/fastsam/model.py
/home/mj/Desktop/BerryBot/git_folder/berrybot-ros2/ros2_ws/install/simple_yolo/lib/python3.10/site-packages/simple_yolo/ultralytics/ultralytics/models/fastsam/predict.py
/home/mj/Desktop/BerryBot/git_folder/berrybot-ros2/ros2_ws/install/simple_yolo/lib/python3.10/site-packages/simple_yolo/ultralytics/ultralytics/models/fastsam/val.py
/home/mj/Desktop/BerryBot/git_folder/berrybot-ros2/ros2_ws/install/simple_yolo/lib/python3.10/site-packages/simple_yolo/ultralytics/ultralytics/models/utils/__init__.py
/home/mj/Desktop/BerryBot/git_folder/berrybot-ros2/ros2_ws/install/simple_yolo/lib/python3.10/site-packages/simple_yolo/ultralytics/ultralytics/models/utils/ops.py
/home/mj/Desktop/BerryBot/git_folder/berrybot-ros2/ros2_ws/install/simple_yolo/lib/python3.10/site-packages/simple_yolo/ultralytics/ultralytics/models/utils/loss.py
/home/mj/Desktop/BerryBot/git_folder/berrybot-ros2/ros2_ws/install/simple_yolo/lib/python3.10/site-packages/simple_yolo/ultralytics/ultralytics/models/yolo/__init__.py
/home/mj/Desktop/BerryBot/git_folder/berrybot-ros2/ros2_ws/install/simple_yolo/lib/python3.10/site-packages/simple_yolo/ultralytics/ultralytics/models/yolo/model.py
/home/mj/Desktop/BerryBot/git_folder/berrybot-ros2/ros2_ws/install/simple_yolo/lib/python3.10/site-packages/simple_yolo/ultralytics/ultralytics/models/sam/__init__.py
/home/mj/Desktop/BerryBot/git_folder/berrybot-ros2/ros2_ws/install/simple_yolo/lib/python3.10/site-packages/simple_yolo/ultralytics/ultralytics/models/sam/build.py
/home/mj/Desktop/BerryBot/git_folder/berrybot-ros2/ros2_ws/install/simple_yolo/lib/python3.10/site-packages/simple_yolo/ultralytics/ultralytics/models/sam/model.py
/home/mj/Desktop/BerryBot/git_folder/berrybot-ros2/ros2_ws/install/simple_yolo/lib/python3.10/site-packages/simple_yolo/ultralytics/ultralytics/models/sam/predict.py
/home/mj/Desktop/BerryBot/git_folder/berrybot-ros2/ros2_ws/install/simple_yolo/lib/python3.10/site-packages/simple_yolo/ultralytics/ultralytics/models/sam/amg.py
/home/mj/Desktop/BerryBot/git_folder/berrybot-ros2/ros2_ws/install/simple_yolo/lib/python3.10/site-packages/simple_yolo/ultralytics/ultralytics/models/nas/__init__.py
/home/mj/Desktop/BerryBot/git_folder/berrybot-ros2/ros2_ws/install/simple_yolo/lib/python3.10/site-packages/simple_yolo/ultralytics/ultralytics/models/nas/model.py
/home/mj/Desktop/BerryBot/git_folder/berrybot-ros2/ros2_ws/install/simple_yolo/lib/python3.10/site-packages/simple_yolo/ultralytics/ultralytics/models/nas/predict.py
/home/mj/Desktop/BerryBot/git_folder/berrybot-ros2/ros2_ws/install/simple_yolo/lib/python3.10/site-packages/simple_yolo/ultralytics/ultralytics/models/nas/val.py
/home/mj/Desktop/BerryBot/git_folder/berrybot-ros2/ros2_ws/install/simple_yolo/lib/python3.10/site-packages/simple_yolo/ultralytics/ultralytics/models/rtdetr/__init__.py
/home/mj/Desktop/BerryBot/git_folder/berrybot-ros2/ros2_ws/install/simple_yolo/lib/python3.10/site-packages/simple_yolo/ultralytics/ultralytics/models/rtdetr/model.py
/home/mj/Desktop/BerryBot/git_folder/berrybot-ros2/ros2_ws/install/simple_yolo/lib/python3.10/site-packages/simple_yolo/ultralytics/ultralytics/models/rtdetr/predict.py
/home/mj/Desktop/BerryBot/git_folder/berrybot-ros2/ros2_ws/install/simple_yolo/lib/python3.10/site-packages/simple_yolo/ultralytics/ultralytics/models/rtdetr/train.py
/home/mj/Desktop/BerryBot/git_folder/berrybot-ros2/ros2_ws/install/simple_yolo/lib/python3.10/site-packages/simple_yolo/ultralytics/ultralytics/models/rtdetr/val.py
/home/mj/Desktop/BerryBot/git_folder/berrybot-ros2/ros2_ws/install/simple_yolo/lib/python3.10/site-packages/simple_yolo/ultralytics/ultralytics/models/yolo/pose/__init__.py
/home/mj/Desktop/BerryBot/git_folder/berrybot-ros2/ros2_ws/install/simple_yolo/lib/python3.10/site-packages/simple_yolo/ultralytics/ultralytics/models/yolo/pose/predict.py
/home/mj/Desktop/BerryBot/git_folder/berrybot-ros2/ros2_ws/install/simple_yolo/lib/python3.10/site-packages/simple_yolo/ultralytics/ultralytics/models/yolo/pose/train.py
/home/mj/Desktop/BerryBot/git_folder/berrybot-ros2/ros2_ws/install/simple_yolo/lib/python3.10/site-packages/simple_yolo/ultralytics/ultralytics/models/yolo/pose/val.py
/home/mj/Desktop/BerryBot/git_folder/berrybot-ros2/ros2_ws/install/simple_yolo/lib/python3.10/site-packages/simple_yolo/ultralytics/ultralytics/models/yolo/world/__init__.py
/home/mj/Desktop/BerryBot/git_folder/berrybot-ros2/ros2_ws/install/simple_yolo/lib/python3.10/site-packages/simple_yolo/ultralytics/ultralytics/models/yolo/world/train_world.py
/home/mj/Desktop/BerryBot/git_folder/berrybot-ros2/ros2_ws/install/simple_yolo/lib/python3.10/site-packages/simple_yolo/ultralytics/ultralytics/models/yolo/world/train.py
/home/mj/Desktop/BerryBot/git_folder/berrybot-ros2/ros2_ws/install/simple_yolo/lib/python3.10/site-packages/simple_yolo/ultralytics/ultralytics/models/yolo/classify/__init__.py
/home/mj/Desktop/BerryBot/git_folder/berrybot-ros2/ros2_ws/install/simple_yolo/lib/python3.10/site-packages/simple_yolo/ultralytics/ultralytics/models/yolo/classify/predict.py
/home/mj/Desktop/BerryBot/git_folder/berrybot-ros2/ros2_ws/install/simple_yolo/lib/python3.10/site-packages/simple_yolo/ultralytics/ultralytics/models/yolo/classify/train.py
/home/mj/Desktop/BerryBot/git_folder/berrybot-ros2/ros2_ws/install/simple_yolo/lib/python3.10/site-packages/simple_yolo/ultralytics/ultralytics/models/yolo/classify/val.py
/home/mj/Desktop/BerryBot/git_folder/berrybot-ros2/ros2_ws/install/simple_yolo/lib/python3.10/site-packages/simple_yolo/ultralytics/ultralytics/models/yolo/detect/__init__.py
/home/mj/Desktop/BerryBot/git_folder/berrybot-ros2/ros2_ws/install/simple_yolo/lib/python3.10/site-packages/simple_yolo/ultralytics/ultralytics/models/yolo/detect/predict.py
/home/mj/Desktop/BerryBot/git_folder/berrybot-ros2/ros2_ws/install/simple_yolo/lib/python3.10/site-packages/simple_yolo/ultralytics/ultralytics/models/yolo/detect/train.py
/home/mj/Desktop/BerryBot/git_folder/berrybot-ros2/ros2_ws/install/simple_yolo/lib/python3.10/site-packages/simple_yolo/ultralytics/ultralytics/models/yolo/detect/val.py
/home/mj/Desktop/BerryBot/git_folder/berrybot-ros2/ros2_ws/install/simple_yolo/lib/python3.10/site-packages/simple_yolo/ultralytics/ultralytics/models/yolo/segment/__init__.py
/home/mj/Desktop/BerryBot/git_folder/berrybot-ros2/ros2_ws/install/simple_yolo/lib/python3.10/site-packages/simple_yolo/ultralytics/ultralytics/models/yolo/segment/predict.py
/home/mj/Desktop/BerryBot/git_folder/berrybot-ros2/ros2_ws/install/simple_yolo/lib/python3.10/site-packages/simple_yolo/ultralytics/ultralytics/models/yolo/segment/train.py
/home/mj/Desktop/BerryBot/git_folder/berrybot-ros2/ros2_ws/install/simple_yolo/lib/python3.10/site-packages/simple_yolo/ultralytics/ultralytics/models/yolo/segment/val.py
/home/mj/Desktop/BerryBot/git_folder/berrybot-ros2/ros2_ws/install/simple_yolo/lib/python3.10/site-packages/simple_yolo/ultralytics/ultralytics/models/yolo/yoloe/__init__.py
/home/mj/Desktop/BerryBot/git_folder/berrybot-ros2/ros2_ws/install/simple_yolo/lib/python3.10/site-packages/simple_yolo/ultralytics/ultralytics/models/yolo/yoloe/predict.py
/home/mj/Desktop/BerryBot/git_folder/berrybot-ros2/ros2_ws/install/simple_yolo/lib/python3.10/site-packages/simple_yolo/ultralytics/ultralytics/models/yolo/yoloe/train.py
/home/mj/Desktop/BerryBot/git_folder/berrybot-ros2/ros2_ws/install/simple_yolo/lib/python3.10/site-packages/simple_yolo/ultralytics/ultralytics/models/yolo/yoloe/train_seg.py
/home/mj/Desktop/BerryBot/git_folder/berrybot-ros2/ros2_ws/install/simple_yolo/lib/python3.10/site-packages/simple_yolo/ultralytics/ultralytics/models/yolo/yoloe/val.py
/home/mj/Desktop/BerryBot/git_folder/berrybot-ros2/ros2_ws/install/simple_yolo/lib/python3.10/site-packages/simple_yolo/ultralytics/ultralytics/models/yolo/obb/__init__.py
/home/mj/Desktop/BerryBot/git_folder/berrybot-ros2/ros2_ws/install/simple_yolo/lib/python3.10/site-packages/simple_yolo/ultralytics/ultralytics/models/yolo/obb/predict.py
/home/mj/Desktop/BerryBot/git_folder/berrybot-ros2/ros2_ws/install/simple_yolo/lib/python3.10/site-packages/simple_yolo/ultralytics/ultralytics/models/yolo/obb/train.py
/home/mj/Desktop/BerryBot/git_folder/berrybot-ros2/ros2_ws/install/simple_yolo/lib/python3.10/site-packages/simple_yolo/ultralytics/ultralytics/models/yolo/obb/val.py
/home/mj/Desktop/BerryBot/git_folder/berrybot-ros2/ros2_ws/install/simple_yolo/lib/python3.10/site-packages/simple_yolo/ultralytics/ultralytics/models/sam/modules/__init__.py
/home/mj/Desktop/BerryBot/git_folder/berrybot-ros2/ros2_ws/install/simple_yolo/lib/python3.10/site-packages/simple_yolo/ultralytics/ultralytics/models/sam/modules/utils.py
/home/mj/Desktop/BerryBot/git_folder/berrybot-ros2/ros2_ws/install/simple_yolo/lib/python3.10/site-packages/simple_yolo/ultralytics/ultralytics/models/sam/modules/tiny_encoder.py
/home/mj/Desktop/BerryBot/git_folder/berrybot-ros2/ros2_ws/install/simple_yolo/lib/python3.10/site-packages/simple_yolo/ultralytics/ultralytics/models/sam/modules/transformer.py
/home/mj/Desktop/BerryBot/git_folder/berrybot-ros2/ros2_ws/install/simple_yolo/lib/python3.10/site-packages/simple_yolo/ultralytics/ultralytics/models/sam/modules/encoders.py
/home/mj/Desktop/BerryBot/git_folder/berrybot-ros2/ros2_ws/install/simple_yolo/lib/python3.10/site-packages/simple_yolo/ultralytics/ultralytics/models/sam/modules/memory_attention.py
/home/mj/Desktop/BerryBot/git_folder/berrybot-ros2/ros2_ws/install/simple_yolo/lib/python3.10/site-packages/simple_yolo/ultralytics/ultralytics/models/sam/modules/decoders.py
/home/mj/Desktop/BerryBot/git_folder/berrybot-ros2/ros2_ws/install/simple_yolo/lib/python3.10/site-packages/simple_yolo/ultralytics/ultralytics/models/sam/modules/sam.py
/home/mj/Desktop/BerryBot/git_folder/berrybot-ros2/ros2_ws/install/simple_yolo/lib/python3.10/site-packages/simple_yolo/ultralytics/ultralytics/models/sam/modules/blocks.py
/home/mj/Desktop/BerryBot/git_folder/berrybot-ros2/ros2_ws/install/simple_yolo/lib/python3.10/site-packages/simple_yolo/ultralytics/ultralytics/hub/google/__init__.py
/home/mj/Desktop/BerryBot/git_folder/berrybot-ros2/ros2_ws/install/simple_yolo/lib/python3.10/site-packages/simple_yolo/ultralytics/ultralytics/nn/modules/__init__.py
/home/mj/Desktop/BerryBot/git_folder/berrybot-ros2/ros2_ws/install/simple_yolo/lib/python3.10/site-packages/simple_yolo/ultralytics/ultralytics/nn/modules/utils.py
/home/mj/Desktop/BerryBot/git_folder/berrybot-ros2/ros2_ws/install/simple_yolo/lib/python3.10/site-packages/simple_yolo/ultralytics/ultralytics/nn/modules/activation.py
/home/mj/Desktop/BerryBot/git_folder/berrybot-ros2/ros2_ws/install/simple_yolo/lib/python3.10/site-packages/simple_yolo/ultralytics/ultralytics/nn/modules/transformer.py
/home/mj/Desktop/BerryBot/git_folder/berrybot-ros2/ros2_ws/install/simple_yolo/lib/python3.10/site-packages/simple_yolo/ultralytics/ultralytics/nn/modules/head.py
/home/mj/Desktop/BerryBot/git_folder/berrybot-ros2/ros2_ws/install/simple_yolo/lib/python3.10/site-packages/simple_yolo/ultralytics/ultralytics/nn/modules/conv.py
/home/mj/Desktop/BerryBot/git_folder/berrybot-ros2/ros2_ws/install/simple_yolo/lib/python3.10/site-packages/simple_yolo/ultralytics/ultralytics/nn/modules/block.py
/home/mj/Desktop/BerryBot/git_folder/berrybot-ros2/ros2_ws/install/simple_yolo/lib/python3.10/site-packages/simple_yolo/__pycache__/camera.cpython-310.pyc
/home/mj/Desktop/BerryBot/git_folder/berrybot-ros2/ros2_ws/install/simple_yolo/lib/python3.10/site-packages/simple_yolo/__pycache__/__init__.cpython-310.pyc
/home/mj/Desktop/BerryBot/git_folder/berrybot-ros2/ros2_ws/install/simple_yolo/lib/python3.10/site-packages/simple_yolo/__pycache__/perception_node.cpython-310.pyc
/home/mj/Desktop/BerryBot/git_folder/berrybot-ros2/ros2_ws/install/simple_yolo/lib/python3.10/site-packages/simple_yolo/ultralytics/__pycache__/__init__.cpython-310.pyc
/home/mj/Desktop/BerryBot/git_folder/berrybot-ros2/ros2_ws/install/simple_yolo/lib/python3.10/site-packages/simple_yolo/ultralytics/tests/__pycache__/__init__.cpython-310.pyc
/home/mj/Desktop/BerryBot/git_folder/berrybot-ros2/ros2_ws/install/simple_yolo/lib/python3.10/site-packages/simple_yolo/ultralytics/tests/__pycache__/test_cli.cpython-310.pyc
/home/mj/Desktop/BerryBot/git_folder/berrybot-ros2/ros2_ws/install/simple_yolo/lib/python3.10/site-packages/simple_yolo/ultralytics/tests/__pycache__/test_integrations.cpython-310.pyc
/home/mj/Desktop/BerryBot/git_folder/berrybot-ros2/ros2_ws/install/simple_yolo/lib/python3.10/site-packages/simple_yolo/ultralytics/tests/__pycache__/test_engine.cpython-310.pyc
/home/mj/Desktop/BerryBot/git_folder/berrybot-ros2/ros2_ws/install/simple_yolo/lib/python3.10/site-packages/simple_yolo/ultralytics/tests/__pycache__/test_solutions.cpython-310.pyc
/home/mj/Desktop/BerryBot/git_folder/berrybot-ros2/ros2_ws/install/simple_yolo/lib/python3.10/site-packages/simple_yolo/ultralytics/tests/__pycache__/test_exports.cpython-310.pyc
/home/mj/Desktop/BerryBot/git_folder/berrybot-ros2/ros2_ws/install/simple_yolo/lib/python3.10/site-packages/simple_yolo/ultralytics/tests/__pycache__/test_python.cpython-310.pyc
/home/mj/Desktop/BerryBot/git_folder/berrybot-ros2/ros2_ws/install/simple_yolo/lib/python3.10/site-packages/simple_yolo/ultralytics/tests/__pycache__/test_cuda.cpython-310.pyc
/home/mj/Desktop/BerryBot/git_folder/berrybot-ros2/ros2_ws/install/simple_yolo/lib/python3.10/site-packages/simple_yolo/ultralytics/tests/__pycache__/conftest.cpython-310.pyc
/home/mj/Desktop/BerryBot/git_folder/berrybot-ros2/ros2_ws/install/simple_yolo/lib/python3.10/site-packages/simple_yolo/ultralytics/ultralytics/__pycache__/__init__.cpython-310.pyc
/home/mj/Desktop/BerryBot/git_folder/berrybot-ros2/ros2_ws/install/simple_yolo/lib/python3.10/site-packages/simple_yolo/ultralytics/ultralytics/trackers/__pycache__/__init__.cpython-310.pyc
/home/mj/Desktop/BerryBot/git_folder/berrybot-ros2/ros2_ws/install/simple_yolo/lib/python3.10/site-packages/simple_yolo/ultralytics/ultralytics/trackers/__pycache__/track.cpython-310.pyc
/home/mj/Desktop/BerryBot/git_folder/berrybot-ros2/ros2_ws/install/simple_yolo/lib/python3.10/site-packages/simple_yolo/ultralytics/ultralytics/trackers/__pycache__/bot_sort.cpython-310.pyc
/home/mj/Desktop/BerryBot/git_folder/berrybot-ros2/ros2_ws/install/simple_yolo/lib/python3.10/site-packages/simple_yolo/ultralytics/ultralytics/trackers/__pycache__/basetrack.cpython-310.pyc
/home/mj/Desktop/BerryBot/git_folder/berrybot-ros2/ros2_ws/install/simple_yolo/lib/python3.10/site-packages/simple_yolo/ultralytics/ultralytics/trackers/__pycache__/byte_tracker.cpython-310.pyc
/home/mj/Desktop/BerryBot/git_folder/berrybot-ros2/ros2_ws/install/simple_yolo/lib/python3.10/site-packages/simple_yolo/ultralytics/ultralytics/utils/__pycache__/__init__.cpython-310.pyc
/home/mj/Desktop/BerryBot/git_folder/berrybot-ros2/ros2_ws/install/simple_yolo/lib/python3.10/site-packages/simple_yolo/ultralytics/ultralytics/utils/__pycache__/tuner.cpython-310.pyc
/home/mj/Desktop/BerryBot/git_folder/berrybot-ros2/ros2_ws/install/simple_yolo/lib/python3.10/site-packages/simple_yolo/ultralytics/ultralytics/utils/__pycache__/dist.cpython-310.pyc
/home/mj/Desktop/BerryBot/git_folder/berrybot-ros2/ros2_ws/install/simple_yolo/lib/python3.10/site-packages/simple_yolo/ultralytics/ultralytics/utils/__pycache__/downloads.cpython-310.pyc
/home/mj/Desktop/BerryBot/git_folder/berrybot-ros2/ros2_ws/install/simple_yolo/lib/python3.10/site-packages/simple_yolo/ultralytics/ultralytics/utils/__pycache__/checks.cpython-310.pyc
/home/mj/Desktop/BerryBot/git_folder/berrybot-ros2/ros2_ws/install/simple_yolo/lib/python3.10/site-packages/simple_yolo/ultralytics/ultralytics/utils/__pycache__/tal.cpython-310.pyc
/home/mj/Desktop/BerryBot/git_folder/berrybot-ros2/ros2_ws/install/simple_yolo/lib/python3.10/site-packages/simple_yolo/ultralytics/ultralytics/utils/__pycache__/autodevice.cpython-310.pyc
/home/mj/Desktop/BerryBot/git_folder/berrybot-ros2/ros2_ws/install/simple_yolo/lib/python3.10/site-packages/simple_yolo/ultralytics/ultralytics/utils/__pycache__/export.cpython-310.pyc
/home/mj/Desktop/BerryBot/git_folder/berrybot-ros2/ros2_ws/install/simple_yolo/lib/python3.10/site-packages/simple_yolo/ultralytics/ultralytics/utils/__pycache__/metrics.cpython-310.pyc
/home/mj/Desktop/BerryBot/git_folder/berrybot-ros2/ros2_ws/install/simple_yolo/lib/python3.10/site-packages/simple_yolo/ultralytics/ultralytics/utils/__pycache__/plotting.cpython-310.pyc
/home/mj/Desktop/BerryBot/git_folder/berrybot-ros2/ros2_ws/install/simple_yolo/lib/python3.10/site-packages/simple_yolo/ultralytics/ultralytics/utils/__pycache__/instance.cpython-310.pyc
/home/mj/Desktop/BerryBot/git_folder/berrybot-ros2/ros2_ws/install/simple_yolo/lib/python3.10/site-packages/simple_yolo/ultralytics/ultralytics/utils/__pycache__/errors.cpython-310.pyc
/home/mj/Desktop/BerryBot/git_folder/berrybot-ros2/ros2_ws/install/simple_yolo/lib/python3.10/site-packages/simple_yolo/ultralytics/ultralytics/utils/__pycache__/files.cpython-310.pyc
/home/mj/Desktop/BerryBot/git_folder/berrybot-ros2/ros2_ws/install/simple_yolo/lib/python3.10/site-packages/simple_yolo/ultralytics/ultralytics/utils/__pycache__/ops.cpython-310.pyc
/home/mj/Desktop/BerryBot/git_folder/berrybot-ros2/ros2_ws/install/simple_yolo/lib/python3.10/site-packages/simple_yolo/ultralytics/ultralytics/utils/__pycache__/loss.cpython-310.pyc
/home/mj/Desktop/BerryBot/git_folder/berrybot-ros2/ros2_ws/install/simple_yolo/lib/python3.10/site-packages/simple_yolo/ultralytics/ultralytics/utils/__pycache__/benchmarks.cpython-310.pyc
/home/mj/Desktop/BerryBot/git_folder/berrybot-ros2/ros2_ws/install/simple_yolo/lib/python3.10/site-packages/simple_yolo/ultralytics/ultralytics/utils/__pycache__/torch_utils.cpython-310.pyc
/home/mj/Desktop/BerryBot/git_folder/berrybot-ros2/ros2_ws/install/simple_yolo/lib/python3.10/site-packages/simple_yolo/ultralytics/ultralytics/utils/__pycache__/patches.cpython-310.pyc
/home/mj/Desktop/BerryBot/git_folder/berrybot-ros2/ros2_ws/install/simple_yolo/lib/python3.10/site-packages/simple_yolo/ultralytics/ultralytics/utils/__pycache__/autobatch.cpython-310.pyc
/home/mj/Desktop/BerryBot/git_folder/berrybot-ros2/ros2_ws/install/simple_yolo/lib/python3.10/site-packages/simple_yolo/ultralytics/ultralytics/utils/__pycache__/triton.cpython-310.pyc
/home/mj/Desktop/BerryBot/git_folder/berrybot-ros2/ros2_ws/install/simple_yolo/lib/python3.10/site-packages/simple_yolo/ultralytics/ultralytics/data/__pycache__/__init__.cpython-310.pyc
/home/mj/Desktop/BerryBot/git_folder/berrybot-ros2/ros2_ws/install/simple_yolo/lib/python3.10/site-packages/simple_yolo/ultralytics/ultralytics/data/__pycache__/annotator.cpython-310.pyc
/home/mj/Desktop/BerryBot/git_folder/berrybot-ros2/ros2_ws/install/simple_yolo/lib/python3.10/site-packages/simple_yolo/ultralytics/ultralytics/data/__pycache__/utils.cpython-310.pyc
/home/mj/Desktop/BerryBot/git_folder/berrybot-ros2/ros2_ws/install/simple_yolo/lib/python3.10/site-packages/simple_yolo/ultralytics/ultralytics/data/__pycache__/loaders.cpython-310.pyc
/home/mj/Desktop/BerryBot/git_folder/berrybot-ros2/ros2_ws/install/simple_yolo/lib/python3.10/site-packages/simple_yolo/ultralytics/ultralytics/data/__pycache__/augment.cpython-310.pyc
/home/mj/Desktop/BerryBot/git_folder/berrybot-ros2/ros2_ws/install/simple_yolo/lib/python3.10/site-packages/simple_yolo/ultralytics/ultralytics/data/__pycache__/dataset.cpython-310.pyc
/home/mj/Desktop/BerryBot/git_folder/berrybot-ros2/ros2_ws/install/simple_yolo/lib/python3.10/site-packages/simple_yolo/ultralytics/ultralytics/data/__pycache__/build.cpython-310.pyc
/home/mj/Desktop/BerryBot/git_folder/berrybot-ros2/ros2_ws/install/simple_yolo/lib/python3.10/site-packages/simple_yolo/ultralytics/ultralytics/data/__pycache__/split_dota.cpython-310.pyc
/home/mj/Desktop/BerryBot/git_folder/berrybot-ros2/ros2_ws/install/simple_yolo/lib/python3.10/site-packages/simple_yolo/ultralytics/ultralytics/data/__pycache__/converter.cpython-310.pyc
/home/mj/Desktop/BerryBot/git_folder/berrybot-ros2/ros2_ws/install/simple_yolo/lib/python3.10/site-packages/simple_yolo/ultralytics/ultralytics/data/__pycache__/split.cpython-310.pyc
/home/mj/Desktop/BerryBot/git_folder/berrybot-ros2/ros2_ws/install/simple_yolo/lib/python3.10/site-packages/simple_yolo/ultralytics/ultralytics/data/__pycache__/base.cpython-310.pyc
/home/mj/Desktop/BerryBot/git_folder/berrybot-ros2/ros2_ws/install/simple_yolo/lib/python3.10/site-packages/simple_yolo/ultralytics/ultralytics/models/__pycache__/__init__.cpython-310.pyc
/home/mj/Desktop/BerryBot/git_folder/berrybot-ros2/ros2_ws/install/simple_yolo/lib/python3.10/site-packages/simple_yolo/ultralytics/ultralytics/hub/__pycache__/__init__.cpython-310.pyc
/home/mj/Desktop/BerryBot/git_folder/berrybot-ros2/ros2_ws/install/simple_yolo/lib/python3.10/site-packages/simple_yolo/ultralytics/ultralytics/hub/__pycache__/utils.cpython-310.pyc
/home/mj/Desktop/BerryBot/git_folder/berrybot-ros2/ros2_ws/install/simple_yolo/lib/python3.10/site-packages/simple_yolo/ultralytics/ultralytics/hub/__pycache__/session.cpython-310.pyc
/home/mj/Desktop/BerryBot/git_folder/berrybot-ros2/ros2_ws/install/simple_yolo/lib/python3.10/site-packages/simple_yolo/ultralytics/ultralytics/hub/__pycache__/auth.cpython-310.pyc
/home/mj/Desktop/BerryBot/git_folder/berrybot-ros2/ros2_ws/install/simple_yolo/lib/python3.10/site-packages/simple_yolo/ultralytics/ultralytics/engine/__pycache__/__init__.cpython-310.pyc
/home/mj/Desktop/BerryBot/git_folder/berrybot-ros2/ros2_ws/install/simple_yolo/lib/python3.10/site-packages/simple_yolo/ultralytics/ultralytics/engine/__pycache__/tuner.cpython-310.pyc
/home/mj/Desktop/BerryBot/git_folder/berrybot-ros2/ros2_ws/install/simple_yolo/lib/python3.10/site-packages/simple_yolo/ultralytics/ultralytics/engine/__pycache__/predictor.cpython-310.pyc
/home/mj/Desktop/BerryBot/git_folder/berrybot-ros2/ros2_ws/install/simple_yolo/lib/python3.10/site-packages/simple_yolo/ultralytics/ultralytics/engine/__pycache__/trainer.cpython-310.pyc
/home/mj/Desktop/BerryBot/git_folder/berrybot-ros2/ros2_ws/install/simple_yolo/lib/python3.10/site-packages/simple_yolo/ultralytics/ultralytics/engine/__pycache__/model.cpython-310.pyc
/home/mj/Desktop/BerryBot/git_folder/berrybot-ros2/ros2_ws/install/simple_yolo/lib/python3.10/site-packages/simple_yolo/ultralytics/ultralytics/engine/__pycache__/results.cpython-310.pyc
/home/mj/Desktop/BerryBot/git_folder/berrybot-ros2/ros2_ws/install/simple_yolo/lib/python3.10/site-packages/simple_yolo/ultralytics/ultralytics/engine/__pycache__/exporter.cpython-310.pyc
/home/mj/Desktop/BerryBot/git_folder/berrybot-ros2/ros2_ws/install/simple_yolo/lib/python3.10/site-packages/simple_yolo/ultralytics/ultralytics/engine/__pycache__/validator.cpython-310.pyc
/home/mj/Desktop/BerryBot/git_folder/berrybot-ros2/ros2_ws/install/simple_yolo/lib/python3.10/site-packages/simple_yolo/ultralytics/ultralytics/nn/__pycache__/tasks.cpython-310.pyc
/home/mj/Desktop/BerryBot/git_folder/berrybot-ros2/ros2_ws/install/simple_yolo/lib/python3.10/site-packages/simple_yolo/ultralytics/ultralytics/nn/__pycache__/__init__.cpython-310.pyc
/home/mj/Desktop/BerryBot/git_folder/berrybot-ros2/ros2_ws/install/simple_yolo/lib/python3.10/site-packages/simple_yolo/ultralytics/ultralytics/nn/__pycache__/autobackend.cpython-310.pyc
/home/mj/Desktop/BerryBot/git_folder/berrybot-ros2/ros2_ws/install/simple_yolo/lib/python3.10/site-packages/simple_yolo/ultralytics/ultralytics/nn/__pycache__/text_model.cpython-310.pyc
/home/mj/Desktop/BerryBot/git_folder/berrybot-ros2/ros2_ws/install/simple_yolo/lib/python3.10/site-packages/simple_yolo/ultralytics/ultralytics/solutions/__pycache__/solutions.cpython-310.pyc
/home/mj/Desktop/BerryBot/git_folder/berrybot-ros2/ros2_ws/install/simple_yolo/lib/python3.10/site-packages/simple_yolo/ultralytics/ultralytics/solutions/__pycache__/__init__.cpython-310.pyc
/home/mj/Desktop/BerryBot/git_folder/berrybot-ros2/ros2_ws/install/simple_yolo/lib/python3.10/site-packages/simple_yolo/ultralytics/ultralytics/solutions/__pycache__/streamlit_inference.cpython-310.pyc
/home/mj/Desktop/BerryBot/git_folder/berrybot-ros2/ros2_ws/install/simple_yolo/lib/python3.10/site-packages/simple_yolo/ultralytics/ultralytics/solutions/__pycache__/trackzone.cpython-310.pyc
/home/mj/Desktop/BerryBot/git_folder/berrybot-ros2/ros2_ws/install/simple_yolo/lib/python3.10/site-packages/simple_yolo/ultralytics/ultralytics/solutions/__pycache__/security_alarm.cpython-310.pyc
/home/mj/Desktop/BerryBot/git_folder/berrybot-ros2/ros2_ws/install/simple_yolo/lib/python3.10/site-packages/simple_yolo/ultralytics/ultralytics/solutions/__pycache__/object_blurrer.cpython-310.pyc
/home/mj/Desktop/BerryBot/git_folder/berrybot-ros2/ros2_ws/install/simple_yolo/lib/python3.10/site-packages/simple_yolo/ultralytics/ultralytics/solutions/__pycache__/distance_calculation.cpython-310.pyc
/home/mj/Desktop/BerryBot/git_folder/berrybot-ros2/ros2_ws/install/simple_yolo/lib/python3.10/site-packages/simple_yolo/ultralytics/ultralytics/solutions/__pycache__/heatmap.cpython-310.pyc
/home/mj/Desktop/BerryBot/git_folder/berrybot-ros2/ros2_ws/install/simple_yolo/lib/python3.10/site-packages/simple_yolo/ultralytics/ultralytics/solutions/__pycache__/queue_management.cpython-310.pyc
/home/mj/Desktop/BerryBot/git_folder/berrybot-ros2/ros2_ws/install/simple_yolo/lib/python3.10/site-packages/simple_yolo/ultralytics/ultralytics/solutions/__pycache__/analytics.cpython-310.pyc
/home/mj/Desktop/BerryBot/git_folder/berrybot-ros2/ros2_ws/install/simple_yolo/lib/python3.10/site-packages/simple_yolo/ultralytics/ultralytics/solutions/__pycache__/speed_estimation.cpython-310.pyc
/home/mj/Desktop/BerryBot/git_folder/berrybot-ros2/ros2_ws/install/simple_yolo/lib/python3.10/site-packages/simple_yolo/ultralytics/ultralytics/solutions/__pycache__/parking_management.cpython-310.pyc
/home/mj/Desktop/BerryBot/git_folder/berrybot-ros2/ros2_ws/install/simple_yolo/lib/python3.10/site-packages/simple_yolo/ultralytics/ultralytics/solutions/__pycache__/ai_gym.cpython-310.pyc
/home/mj/Desktop/BerryBot/git_folder/berrybot-ros2/ros2_ws/install/simple_yolo/lib/python3.10/site-packages/simple_yolo/ultralytics/ultralytics/solutions/__pycache__/config.cpython-310.pyc
/home/mj/Desktop/BerryBot/git_folder/berrybot-ros2/ros2_ws/install/simple_yolo/lib/python3.10/site-packages/simple_yolo/ultralytics/ultralytics/solutions/__pycache__/object_cropper.cpython-310.pyc
/home/mj/Desktop/BerryBot/git_folder/berrybot-ros2/ros2_ws/install/simple_yolo/lib/python3.10/site-packages/simple_yolo/ultralytics/ultralytics/solutions/__pycache__/vision_eye.cpython-310.pyc
/home/mj/Desktop/BerryBot/git_folder/berrybot-ros2/ros2_ws/install/simple_yolo/lib/python3.10/site-packages/simple_yolo/ultralytics/ultralytics/solutions/__pycache__/object_counter.cpython-310.pyc
/home/mj/Desktop/BerryBot/git_folder/berrybot-ros2/ros2_ws/install/simple_yolo/lib/python3.10/site-packages/simple_yolo/ultralytics/ultralytics/solutions/__pycache__/region_counter.cpython-310.pyc
/home/mj/Desktop/BerryBot/git_folder/berrybot-ros2/ros2_ws/install/simple_yolo/lib/python3.10/site-packages/simple_yolo/ultralytics/ultralytics/solutions/__pycache__/instance_segmentation.cpython-310.pyc
/home/mj/Desktop/BerryBot/git_folder/berrybot-ros2/ros2_ws/install/simple_yolo/lib/python3.10/site-packages/simple_yolo/ultralytics/ultralytics/solutions/__pycache__/similarity_search.cpython-310.pyc
/home/mj/Desktop/BerryBot/git_folder/berrybot-ros2/ros2_ws/install/simple_yolo/lib/python3.10/site-packages/simple_yolo/ultralytics/ultralytics/cfg/__pycache__/__init__.cpython-310.pyc
/home/mj/Desktop/BerryBot/git_folder/berrybot-ros2/ros2_ws/install/simple_yolo/lib/python3.10/site-packages/simple_yolo/ultralytics/ultralytics/trackers/utils/__pycache__/__init__.cpython-310.pyc
/home/mj/Desktop/BerryBot/git_folder/berrybot-ros2/ros2_ws/install/simple_yolo/lib/python3.10/site-packages/simple_yolo/ultralytics/ultralytics/trackers/utils/__pycache__/matching.cpython-310.pyc
/home/mj/Desktop/BerryBot/git_folder/berrybot-ros2/ros2_ws/install/simple_yolo/lib/python3.10/site-packages/simple_yolo/ultralytics/ultralytics/trackers/utils/__pycache__/kalman_filter.cpython-310.pyc
/home/mj/Desktop/BerryBot/git_folder/berrybot-ros2/ros2_ws/install/simple_yolo/lib/python3.10/site-packages/simple_yolo/ultralytics/ultralytics/trackers/utils/__pycache__/gmc.cpython-310.pyc
/home/mj/Desktop/BerryBot/git_folder/berrybot-ros2/ros2_ws/install/simple_yolo/lib/python3.10/site-packages/simple_yolo/ultralytics/ultralytics/utils/callbacks/__pycache__/__init__.cpython-310.pyc
/home/mj/Desktop/BerryBot/git_folder/berrybot-ros2/ros2_ws/install/simple_yolo/lib/python3.10/site-packages/simple_yolo/ultralytics/ultralytics/utils/callbacks/__pycache__/wb.cpython-310.pyc
/home/mj/Desktop/BerryBot/git_folder/berrybot-ros2/ros2_ws/install/simple_yolo/lib/python3.10/site-packages/simple_yolo/ultralytics/ultralytics/utils/callbacks/__pycache__/mlflow.cpython-310.pyc
/home/mj/Desktop/BerryBot/git_folder/berrybot-ros2/ros2_ws/install/simple_yolo/lib/python3.10/site-packages/simple_yolo/ultralytics/ultralytics/utils/callbacks/__pycache__/neptune.cpython-310.pyc
/home/mj/Desktop/BerryBot/git_folder/berrybot-ros2/ros2_ws/install/simple_yolo/lib/python3.10/site-packages/simple_yolo/ultralytics/ultralytics/utils/callbacks/__pycache__/dvc.cpython-310.pyc
/home/mj/Desktop/BerryBot/git_folder/berrybot-ros2/ros2_ws/install/simple_yolo/lib/python3.10/site-packages/simple_yolo/ultralytics/ultralytics/utils/callbacks/__pycache__/raytune.cpython-310.pyc
/home/mj/Desktop/BerryBot/git_folder/berrybot-ros2/ros2_ws/install/simple_yolo/lib/python3.10/site-packages/simple_yolo/ultralytics/ultralytics/utils/callbacks/__pycache__/clearml.cpython-310.pyc
/home/mj/Desktop/BerryBot/git_folder/berrybot-ros2/ros2_ws/install/simple_yolo/lib/python3.10/site-packages/simple_yolo/ultralytics/ultralytics/utils/callbacks/__pycache__/base.cpython-310.pyc
/home/mj/Desktop/BerryBot/git_folder/berrybot-ros2/ros2_ws/install/simple_yolo/lib/python3.10/site-packages/simple_yolo/ultralytics/ultralytics/utils/callbacks/__pycache__/hub.cpython-310.pyc
/home/mj/Desktop/BerryBot/git_folder/berrybot-ros2/ros2_ws/install/simple_yolo/lib/python3.10/site-packages/simple_yolo/ultralytics/ultralytics/utils/callbacks/__pycache__/tensorboard.cpython-310.pyc
/home/mj/Desktop/BerryBot/git_folder/berrybot-ros2/ros2_ws/install/simple_yolo/lib/python3.10/site-packages/simple_yolo/ultralytics/ultralytics/utils/callbacks/__pycache__/comet.cpython-310.pyc
/home/mj/Desktop/BerryBot/git_folder/berrybot-ros2/ros2_ws/install/simple_yolo/lib/python3.10/site-packages/simple_yolo/ultralytics/ultralytics/models/fastsam/__pycache__/__init__.cpython-310.pyc
/home/mj/Desktop/BerryBot/git_folder/berrybot-ros2/ros2_ws/install/simple_yolo/lib/python3.10/site-packages/simple_yolo/ultralytics/ultralytics/models/fastsam/__pycache__/utils.cpython-310.pyc
/home/mj/Desktop/BerryBot/git_folder/berrybot-ros2/ros2_ws/install/simple_yolo/lib/python3.10/site-packages/simple_yolo/ultralytics/ultralytics/models/fastsam/__pycache__/model.cpython-310.pyc
/home/mj/Desktop/BerryBot/git_folder/berrybot-ros2/ros2_ws/install/simple_yolo/lib/python3.10/site-packages/simple_yolo/ultralytics/ultralytics/models/fastsam/__pycache__/predict.cpython-310.pyc
/home/mj/Desktop/BerryBot/git_folder/berrybot-ros2/ros2_ws/install/simple_yolo/lib/python3.10/site-packages/simple_yolo/ultralytics/ultralytics/models/fastsam/__pycache__/val.cpython-310.pyc
/home/mj/Desktop/BerryBot/git_folder/berrybot-ros2/ros2_ws/install/simple_yolo/lib/python3.10/site-packages/simple_yolo/ultralytics/ultralytics/models/utils/__pycache__/__init__.cpython-310.pyc
/home/mj/Desktop/BerryBot/git_folder/berrybot-ros2/ros2_ws/install/simple_yolo/lib/python3.10/site-packages/simple_yolo/ultralytics/ultralytics/models/utils/__pycache__/ops.cpython-310.pyc
/home/mj/Desktop/BerryBot/git_folder/berrybot-ros2/ros2_ws/install/simple_yolo/lib/python3.10/site-packages/simple_yolo/ultralytics/ultralytics/models/utils/__pycache__/loss.cpython-310.pyc
/home/mj/Desktop/BerryBot/git_folder/berrybot-ros2/ros2_ws/install/simple_yolo/lib/python3.10/site-packages/simple_yolo/ultralytics/ultralytics/models/yolo/__pycache__/__init__.cpython-310.pyc
/home/mj/Desktop/BerryBot/git_folder/berrybot-ros2/ros2_ws/install/simple_yolo/lib/python3.10/site-packages/simple_yolo/ultralytics/ultralytics/models/yolo/__pycache__/model.cpython-310.pyc
/home/mj/Desktop/BerryBot/git_folder/berrybot-ros2/ros2_ws/install/simple_yolo/lib/python3.10/site-packages/simple_yolo/ultralytics/ultralytics/models/sam/__pycache__/__init__.cpython-310.pyc
/home/mj/Desktop/BerryBot/git_folder/berrybot-ros2/ros2_ws/install/simple_yolo/lib/python3.10/site-packages/simple_yolo/ultralytics/ultralytics/models/sam/__pycache__/build.cpython-310.pyc
/home/mj/Desktop/BerryBot/git_folder/berrybot-ros2/ros2_ws/install/simple_yolo/lib/python3.10/site-packages/simple_yolo/ultralytics/ultralytics/models/sam/__pycache__/model.cpython-310.pyc
/home/mj/Desktop/BerryBot/git_folder/berrybot-ros2/ros2_ws/install/simple_yolo/lib/python3.10/site-packages/simple_yolo/ultralytics/ultralytics/models/sam/__pycache__/predict.cpython-310.pyc
/home/mj/Desktop/BerryBot/git_folder/berrybot-ros2/ros2_ws/install/simple_yolo/lib/python3.10/site-packages/simple_yolo/ultralytics/ultralytics/models/sam/__pycache__/amg.cpython-310.pyc
/home/mj/Desktop/BerryBot/git_folder/berrybot-ros2/ros2_ws/install/simple_yolo/lib/python3.10/site-packages/simple_yolo/ultralytics/ultralytics/models/nas/__pycache__/__init__.cpython-310.pyc
/home/mj/Desktop/BerryBot/git_folder/berrybot-ros2/ros2_ws/install/simple_yolo/lib/python3.10/site-packages/simple_yolo/ultralytics/ultralytics/models/nas/__pycache__/model.cpython-310.pyc
/home/mj/Desktop/BerryBot/git_folder/berrybot-ros2/ros2_ws/install/simple_yolo/lib/python3.10/site-packages/simple_yolo/ultralytics/ultralytics/models/nas/__pycache__/predict.cpython-310.pyc
/home/mj/Desktop/BerryBot/git_folder/berrybot-ros2/ros2_ws/install/simple_yolo/lib/python3.10/site-packages/simple_yolo/ultralytics/ultralytics/models/nas/__pycache__/val.cpython-310.pyc
/home/mj/Desktop/BerryBot/git_folder/berrybot-ros2/ros2_ws/install/simple_yolo/lib/python3.10/site-packages/simple_yolo/ultralytics/ultralytics/models/rtdetr/__pycache__/__init__.cpython-310.pyc
/home/mj/Desktop/BerryBot/git_folder/berrybot-ros2/ros2_ws/install/simple_yolo/lib/python3.10/site-packages/simple_yolo/ultralytics/ultralytics/models/rtdetr/__pycache__/model.cpython-310.pyc
/home/mj/Desktop/BerryBot/git_folder/berrybot-ros2/ros2_ws/install/simple_yolo/lib/python3.10/site-packages/simple_yolo/ultralytics/ultralytics/models/rtdetr/__pycache__/predict.cpython-310.pyc
/home/mj/Desktop/BerryBot/git_folder/berrybot-ros2/ros2_ws/install/simple_yolo/lib/python3.10/site-packages/simple_yolo/ultralytics/ultralytics/models/rtdetr/__pycache__/train.cpython-310.pyc
/home/mj/Desktop/BerryBot/git_folder/berrybot-ros2/ros2_ws/install/simple_yolo/lib/python3.10/site-packages/simple_yolo/ultralytics/ultralytics/models/rtdetr/__pycache__/val.cpython-310.pyc
/home/mj/Desktop/BerryBot/git_folder/berrybot-ros2/ros2_ws/install/simple_yolo/lib/python3.10/site-packages/simple_yolo/ultralytics/ultralytics/models/yolo/pose/__pycache__/__init__.cpython-310.pyc
/home/mj/Desktop/BerryBot/git_folder/berrybot-ros2/ros2_ws/install/simple_yolo/lib/python3.10/site-packages/simple_yolo/ultralytics/ultralytics/models/yolo/pose/__pycache__/predict.cpython-310.pyc
/home/mj/Desktop/BerryBot/git_folder/berrybot-ros2/ros2_ws/install/simple_yolo/lib/python3.10/site-packages/simple_yolo/ultralytics/ultralytics/models/yolo/pose/__pycache__/train.cpython-310.pyc
/home/mj/Desktop/BerryBot/git_folder/berrybot-ros2/ros2_ws/install/simple_yolo/lib/python3.10/site-packages/simple_yolo/ultralytics/ultralytics/models/yolo/pose/__pycache__/val.cpython-310.pyc
/home/mj/Desktop/BerryBot/git_folder/berrybot-ros2/ros2_ws/install/simple_yolo/lib/python3.10/site-packages/simple_yolo/ultralytics/ultralytics/models/yolo/world/__pycache__/__init__.cpython-310.pyc
/home/mj/Desktop/BerryBot/git_folder/berrybot-ros2/ros2_ws/install/simple_yolo/lib/python3.10/site-packages/simple_yolo/ultralytics/ultralytics/models/yolo/world/__pycache__/train_world.cpython-310.pyc
/home/mj/Desktop/BerryBot/git_folder/berrybot-ros2/ros2_ws/install/simple_yolo/lib/python3.10/site-packages/simple_yolo/ultralytics/ultralytics/models/yolo/world/__pycache__/train.cpython-310.pyc
/home/mj/Desktop/BerryBot/git_folder/berrybot-ros2/ros2_ws/install/simple_yolo/lib/python3.10/site-packages/simple_yolo/ultralytics/ultralytics/models/yolo/classify/__pycache__/__init__.cpython-310.pyc
/home/mj/Desktop/BerryBot/git_folder/berrybot-ros2/ros2_ws/install/simple_yolo/lib/python3.10/site-packages/simple_yolo/ultralytics/ultralytics/models/yolo/classify/__pycache__/predict.cpython-310.pyc
/home/mj/Desktop/BerryBot/git_folder/berrybot-ros2/ros2_ws/install/simple_yolo/lib/python3.10/site-packages/simple_yolo/ultralytics/ultralytics/models/yolo/classify/__pycache__/train.cpython-310.pyc
/home/mj/Desktop/BerryBot/git_folder/berrybot-ros2/ros2_ws/install/simple_yolo/lib/python3.10/site-packages/simple_yolo/ultralytics/ultralytics/models/yolo/classify/__pycache__/val.cpython-310.pyc
/home/mj/Desktop/BerryBot/git_folder/berrybot-ros2/ros2_ws/install/simple_yolo/lib/python3.10/site-packages/simple_yolo/ultralytics/ultralytics/models/yolo/detect/__pycache__/__init__.cpython-310.pyc
/home/mj/Desktop/BerryBot/git_folder/berrybot-ros2/ros2_ws/install/simple_yolo/lib/python3.10/site-packages/simple_yolo/ultralytics/ultralytics/models/yolo/detect/__pycache__/predict.cpython-310.pyc
/home/mj/Desktop/BerryBot/git_folder/berrybot-ros2/ros2_ws/install/simple_yolo/lib/python3.10/site-packages/simple_yolo/ultralytics/ultralytics/models/yolo/detect/__pycache__/train.cpython-310.pyc
/home/mj/Desktop/BerryBot/git_folder/berrybot-ros2/ros2_ws/install/simple_yolo/lib/python3.10/site-packages/simple_yolo/ultralytics/ultralytics/models/yolo/detect/__pycache__/val.cpython-310.pyc
/home/mj/Desktop/BerryBot/git_folder/berrybot-ros2/ros2_ws/install/simple_yolo/lib/python3.10/site-packages/simple_yolo/ultralytics/ultralytics/models/yolo/segment/__pycache__/__init__.cpython-310.pyc
/home/mj/Desktop/BerryBot/git_folder/berrybot-ros2/ros2_ws/install/simple_yolo/lib/python3.10/site-packages/simple_yolo/ultralytics/ultralytics/models/yolo/segment/__pycache__/predict.cpython-310.pyc
/home/mj/Desktop/BerryBot/git_folder/berrybot-ros2/ros2_ws/install/simple_yolo/lib/python3.10/site-packages/simple_yolo/ultralytics/ultralytics/models/yolo/segment/__pycache__/train.cpython-310.pyc
/home/mj/Desktop/BerryBot/git_folder/berrybot-ros2/ros2_ws/install/simple_yolo/lib/python3.10/site-packages/simple_yolo/ultralytics/ultralytics/models/yolo/segment/__pycache__/val.cpython-310.pyc
/home/mj/Desktop/BerryBot/git_folder/berrybot-ros2/ros2_ws/install/simple_yolo/lib/python3.10/site-packages/simple_yolo/ultralytics/ultralytics/models/yolo/yoloe/__pycache__/__init__.cpython-310.pyc
/home/mj/Desktop/BerryBot/git_folder/berrybot-ros2/ros2_ws/install/simple_yolo/lib/python3.10/site-packages/simple_yolo/ultralytics/ultralytics/models/yolo/yoloe/__pycache__/predict.cpython-310.pyc
/home/mj/Desktop/BerryBot/git_folder/berrybot-ros2/ros2_ws/install/simple_yolo/lib/python3.10/site-packages/simple_yolo/ultralytics/ultralytics/models/yolo/yoloe/__pycache__/train.cpython-310.pyc
/home/mj/Desktop/BerryBot/git_folder/berrybot-ros2/ros2_ws/install/simple_yolo/lib/python3.10/site-packages/simple_yolo/ultralytics/ultralytics/models/yolo/yoloe/__pycache__/train_seg.cpython-310.pyc
/home/mj/Desktop/BerryBot/git_folder/berrybot-ros2/ros2_ws/install/simple_yolo/lib/python3.10/site-packages/simple_yolo/ultralytics/ultralytics/models/yolo/yoloe/__pycache__/val.cpython-310.pyc
/home/mj/Desktop/BerryBot/git_folder/berrybot-ros2/ros2_ws/install/simple_yolo/lib/python3.10/site-packages/simple_yolo/ultralytics/ultralytics/models/yolo/obb/__pycache__/__init__.cpython-310.pyc
/home/mj/Desktop/BerryBot/git_folder/berrybot-ros2/ros2_ws/install/simple_yolo/lib/python3.10/site-packages/simple_yolo/ultralytics/ultralytics/models/yolo/obb/__pycache__/predict.cpython-310.pyc
/home/mj/Desktop/BerryBot/git_folder/berrybot-ros2/ros2_ws/install/simple_yolo/lib/python3.10/site-packages/simple_yolo/ultralytics/ultralytics/models/yolo/obb/__pycache__/train.cpython-310.pyc
/home/mj/Desktop/BerryBot/git_folder/berrybot-ros2/ros2_ws/install/simple_yolo/lib/python3.10/site-packages/simple_yolo/ultralytics/ultralytics/models/yolo/obb/__pycache__/val.cpython-310.pyc
/home/mj/Desktop/BerryBot/git_folder/berrybot-ros2/ros2_ws/install/simple_yolo/lib/python3.10/site-packages/simple_yolo/ultralytics/ultralytics/models/sam/modules/__pycache__/__init__.cpython-310.pyc
/home/mj/Desktop/BerryBot/git_folder/berrybot-ros2/ros2_ws/install/simple_yolo/lib/python3.10/site-packages/simple_yolo/ultralytics/ultralytics/models/sam/modules/__pycache__/utils.cpython-310.pyc
/home/mj/Desktop/BerryBot/git_folder/berrybot-ros2/ros2_ws/install/simple_yolo/lib/python3.10/site-packages/simple_yolo/ultralytics/ultralytics/models/sam/modules/__pycache__/tiny_encoder.cpython-310.pyc
/home/mj/Desktop/BerryBot/git_folder/berrybot-ros2/ros2_ws/install/simple_yolo/lib/python3.10/site-packages/simple_yolo/ultralytics/ultralytics/models/sam/modules/__pycache__/transformer.cpython-310.pyc
/home/mj/Desktop/BerryBot/git_folder/berrybot-ros2/ros2_ws/install/simple_yolo/lib/python3.10/site-packages/simple_yolo/ultralytics/ultralytics/models/sam/modules/__pycache__/encoders.cpython-310.pyc
/home/mj/Desktop/BerryBot/git_folder/berrybot-ros2/ros2_ws/install/simple_yolo/lib/python3.10/site-packages/simple_yolo/ultralytics/ultralytics/models/sam/modules/__pycache__/memory_attention.cpython-310.pyc
/home/mj/Desktop/BerryBot/git_folder/berrybot-ros2/ros2_ws/install/simple_yolo/lib/python3.10/site-packages/simple_yolo/ultralytics/ultralytics/models/sam/modules/__pycache__/decoders.cpython-310.pyc
/home/mj/Desktop/BerryBot/git_folder/berrybot-ros2/ros2_ws/install/simple_yolo/lib/python3.10/site-packages/simple_yolo/ultralytics/ultralytics/models/sam/modules/__pycache__/sam.cpython-310.pyc
/home/mj/Desktop/BerryBot/git_folder/berrybot-ros2/ros2_ws/install/simple_yolo/lib/python3.10/site-packages/simple_yolo/ultralytics/ultralytics/models/sam/modules/__pycache__/blocks.cpython-310.pyc
/home/mj/Desktop/BerryBot/git_folder/berrybot-ros2/ros2_ws/install/simple_yolo/lib/python3.10/site-packages/simple_yolo/ultralytics/ultralytics/hub/google/__pycache__/__init__.cpython-310.pyc
/home/mj/Desktop/BerryBot/git_folder/berrybot-ros2/ros2_ws/install/simple_yolo/lib/python3.10/site-packages/simple_yolo/ultralytics/ultralytics/nn/modules/__pycache__/__init__.cpython-310.pyc
/home/mj/Desktop/BerryBot/git_folder/berrybot-ros2/ros2_ws/install/simple_yolo/lib/python3.10/site-packages/simple_yolo/ultralytics/ultralytics/nn/modules/__pycache__/utils.cpython-310.pyc
/home/mj/Desktop/BerryBot/git_folder/berrybot-ros2/ros2_ws/install/simple_yolo/lib/python3.10/site-packages/simple_yolo/ultralytics/ultralytics/nn/modules/__pycache__/activation.cpython-310.pyc
/home/mj/Desktop/BerryBot/git_folder/berrybot-ros2/ros2_ws/install/simple_yolo/lib/python3.10/site-packages/simple_yolo/ultralytics/ultralytics/nn/modules/__pycache__/transformer.cpython-310.pyc
/home/mj/Desktop/BerryBot/git_folder/berrybot-ros2/ros2_ws/install/simple_yolo/lib/python3.10/site-packages/simple_yolo/ultralytics/ultralytics/nn/modules/__pycache__/head.cpython-310.pyc
/home/mj/Desktop/BerryBot/git_folder/berrybot-ros2/ros2_ws/install/simple_yolo/lib/python3.10/site-packages/simple_yolo/ultralytics/ultralytics/nn/modules/__pycache__/conv.cpython-310.pyc
/home/mj/Desktop/BerryBot/git_folder/berrybot-ros2/ros2_ws/install/simple_yolo/lib/python3.10/site-packages/simple_yolo/ultralytics/ultralytics/nn/modules/__pycache__/block.cpython-310.pyc
/home/mj/Desktop/BerryBot/git_folder/berrybot-ros2/ros2_ws/install/simple_yolo/share/ament_index/resource_index/packages/simple_yolo
/home/mj/Desktop/BerryBot/git_folder/berrybot-ros2/ros2_ws/install/simple_yolo/share/simple_yolo/package.xml
/home/mj/Desktop/BerryBot/git_folder/berrybot-ros2/ros2_ws/install/simple_yolo/share/simple_yolo/models/model1.pt
/home/mj/Desktop/BerryBot/git_folder/berrybot-ros2/ros2_ws/install/simple_yolo/share/simple_yolo/ultralytics/ultralytics/cfg/default.yaml
/home/mj/Desktop/BerryBot/git_folder/berrybot-ros2/ros2_ws/install/simple_yolo/lib/python3.10/site-packages/simple_yolo-0.0.0-py3.10.egg-info/requires.txt
/home/mj/Desktop/BerryBot/git_folder/berrybot-ros2/ros2_ws/install/simple_yolo/lib/python3.10/site-packages/simple_yolo-0.0.0-py3.10.egg-info/top_level.txt
/home/mj/Desktop/BerryBot/git_folder/berrybot-ros2/ros2_ws/install/simple_yolo/lib/python3.10/site-packages/simple_yolo-0.0.0-py3.10.egg-info/entry_points.txt
/home/mj/Desktop/BerryBot/git_folder/berrybot-ros2/ros2_ws/install/simple_yolo/lib/python3.10/site-packages/simple_yolo-0.0.0-py3.10.egg-info/PKG-INFO
/home/mj/Desktop/BerryBot/git_folder/berrybot-ros2/ros2_ws/install/simple_yolo/lib/python3.10/site-packages/simple_yolo-0.0.0-py3.10.egg-info/dependency_links.txt
/home/mj/Desktop/BerryBot/git_folder/berrybot-ros2/ros2_ws/install/simple_yolo/lib/python3.10/site-packages/simple_yolo-0.0.0-py3.10.egg-info/zip-safe
/home/mj/Desktop/BerryBot/git_folder/berrybot-ros2/ros2_ws/install/simple_yolo/lib/python3.10/site-packages/simple_yolo-0.0.0-py3.10.egg-info/SOURCES.txt
/home/mj/Desktop/BerryBot/git_folder/berrybot-ros2/ros2_ws/install/simple_yolo/lib/simple_yolo/perception_node
