[0.012s] Invoking command in '/home/mj/Desktop/BerryBot/git_folder/berrybot-ros2/ros2_ws/build/interfaces': CMAKE_PREFIX_PATH=/opt/ros/humble /usr/bin/cmake /home/mj/Desktop/BerryBot/git_folder/berrybot-ros2/ros2_ws/src/interfaces -DCMAKE_INSTALL_PREFIX=/home/mj/Desktop/BerryBot/git_folder/berrybot-ros2/ros2_ws/install/interfaces
[0.024s] -- Found ament_cmake: 1.3.11 (/opt/ros/humble/share/ament_cmake/cmake)
[0.099s] -- Found rosidl_default_generators: 1.2.0 (/opt/ros/humble/share/rosidl_default_generators/cmake)
[0.101s] -- Using all available rosidl_typesupport_c: rosidl_typesupport_fastrtps_c;rosidl_typesupport_introspection_c
[0.105s] -- Found rosidl_adapter: 3.1.6 (/opt/ros/humble/share/rosidl_adapter/cmake)
[0.134s] -- Using all available rosidl_typesupport_cpp: rosidl_typesupport_fastrtps_cpp;rosidl_typesupport_introspection_cpp
[0.154s] -- Found std_msgs: 4.9.0 (/opt/ros/humble/share/std_msgs/cmake)
[0.168s] -- Found sensor_msgs: 4.9.0 (/opt/ros/humble/share/sensor_msgs/cmake)
[0.185s] -- Found action_msgs: 1.2.2 (/opt/ros/humble/share/action_msgs/cmake)
[0.396s] -- Found ament_cmake_ros: 0.10.0 (/opt/ros/humble/share/ament_cmake_ros/cmake)
[0.559s] -- Using all available rosidl_typesupport_c: rosidl_typesupport_fastrtps_c;rosidl_typesupport_introspection_c
[0.780s] -- Using all available rosidl_typesupport_cpp: rosidl_typesupport_fastrtps_cpp;rosidl_typesupport_introspection_cpp
[0.792s] -- Found PythonInterp: /usr/bin/python3 (found suitable version "3.10.12", minimum required is "3.6") 
[0.793s] -- Found python_cmake_module: 0.10.0 (/opt/ros/humble/share/python_cmake_module/cmake)
[0.809s] -- Found PythonLibs: /usr/lib/x86_64-linux-gnu/libpython3.10.so (found suitable version "3.10.12", minimum required is "3.5") 
[0.809s] -- Using PYTHON_EXECUTABLE: /usr/bin/python3
[0.809s] -- Using PYTHON_INCLUDE_DIRS: /usr/include/python3.10
[0.809s] -- Using PYTHON_LIBRARIES: /usr/lib/x86_64-linux-gnu/libpython3.10.so
[0.819s] -- Found PythonExtra: .so  
[0.858s] -- Found ament_lint_auto: 0.12.11 (/opt/ros/humble/share/ament_lint_auto/cmake)
[0.866s] -- Configuring done
[0.889s] -- Generating done
[0.897s] -- Build files have been written to: /home/mj/Desktop/BerryBot/git_folder/berrybot-ros2/ros2_ws/build/interfaces
[0.903s] Invoked command in '/home/mj/Desktop/BerryBot/git_folder/berrybot-ros2/ros2_ws/build/interfaces' returned '0': CMAKE_PREFIX_PATH=/opt/ros/humble /usr/bin/cmake /home/mj/Desktop/BerryBot/git_folder/berrybot-ros2/ros2_ws/src/interfaces -DCMAKE_INSTALL_PREFIX=/home/mj/Desktop/BerryBot/git_folder/berrybot-ros2/ros2_ws/install/interfaces
[0.906s] Invoking command in '/home/mj/Desktop/BerryBot/git_folder/berrybot-ros2/ros2_ws/build/interfaces': CMAKE_PREFIX_PATH=/opt/ros/humble /usr/bin/cmake --build /home/mj/Desktop/BerryBot/git_folder/berrybot-ros2/ros2_ws/build/interfaces -- -j18 -l18
[0.940s] [  2%] [34m[1mGenerating C code for ROS interfaces[0m
[0.950s] [  5%] [34m[1mGenerating C++ code for ROS interfaces[0m
[0.958s] [  5%] Built target ament_cmake_python_copy_interfaces
[1.097s] running egg_info
[1.097s] creating interfaces.egg-info
[1.098s] writing interfaces.egg-info/PKG-INFO
[1.098s] writing dependency_links to interfaces.egg-info/dependency_links.txt
[1.098s] writing top-level names to interfaces.egg-info/top_level.txt
[1.098s] writing manifest file 'interfaces.egg-info/SOURCES.txt'
[1.099s] reading manifest file 'interfaces.egg-info/SOURCES.txt'
[1.100s] writing manifest file 'interfaces.egg-info/SOURCES.txt'
[1.122s] [  5%] Built target ament_cmake_python_build_interfaces_egg
[1.268s] [  5%] Built target interfaces__cpp
[1.275s] [  7%] [34m[1mGenerating C++ type support for eProsima Fast-RTPS[0m
[1.276s] [ 10%] [34m[1mGenerating C++ type support dispatch for ROS interfaces[0m
[1.276s] [ 12%] [34m[1mGenerating C++ introspection for ROS interfaces[0m
[1.339s] [ 15%] [32mBuilding C object CMakeFiles/interfaces__rosidl_generator_c.dir/rosidl_generator_c/interfaces/action/detail/perception__functions.c.o[0m
[1.341s] [ 17%] [32mBuilding C object CMakeFiles/interfaces__rosidl_generator_c.dir/rosidl_generator_c/interfaces/msg/detail/yolo_detection__functions.c.o[0m
[1.443s] [ 20%] [32m[1mLinking C shared library libinterfaces__rosidl_generator_c.so[0m
[1.473s] [ 20%] Built target interfaces__rosidl_generator_c
[1.479s] [ 23%] [34m[1mGenerating C type support dispatch for ROS interfaces[0m
[1.481s] [ 28%] [34m[1mGenerating C introspection for ROS interfaces[0m
[1.481s] [ 28%] [34m[1mGenerating C type support for eProsima Fast-RTPS[0m
[1.490s] [ 30%] [32mBuilding CXX object CMakeFiles/interfaces__rosidl_typesupport_cpp.dir/rosidl_typesupport_cpp/interfaces/action/perception__type_support.cpp.o[0m
[1.490s] [ 33%] [32mBuilding CXX object CMakeFiles/interfaces__rosidl_typesupport_cpp.dir/rosidl_typesupport_cpp/interfaces/msg/yolo_detection__type_support.cpp.o[0m
[1.618s] [ 38%] [32mBuilding CXX object CMakeFiles/interfaces__rosidl_typesupport_introspection_cpp.dir/rosidl_typesupport_introspection_cpp/interfaces/msg/detail/yolo_detection__type_support.cpp.o[0m
[1.618s] [ 38%] [32mBuilding CXX object CMakeFiles/interfaces__rosidl_typesupport_introspection_cpp.dir/rosidl_typesupport_introspection_cpp/interfaces/action/detail/perception__type_support.cpp.o[0m
[1.648s] [ 41%] [32mBuilding CXX object CMakeFiles/interfaces__rosidl_typesupport_fastrtps_cpp.dir/rosidl_typesupport_fastrtps_cpp/interfaces/action/detail/dds_fastrtps/perception__type_support.cpp.o[0m
[1.653s] [ 43%] [32mBuilding CXX object CMakeFiles/interfaces__rosidl_typesupport_fastrtps_cpp.dir/rosidl_typesupport_fastrtps_cpp/interfaces/msg/detail/dds_fastrtps/yolo_detection__type_support.cpp.o[0m
[1.778s] [ 46%] [32mBuilding CXX object CMakeFiles/interfaces__rosidl_typesupport_fastrtps_c.dir/rosidl_typesupport_fastrtps_c/interfaces/msg/detail/yolo_detection__type_support_c.cpp.o[0m
[1.780s] [ 48%] [32mBuilding CXX object CMakeFiles/interfaces__rosidl_typesupport_fastrtps_c.dir/rosidl_typesupport_fastrtps_c/interfaces/action/detail/perception__type_support_c.cpp.o[0m
[1.871s] [ 53%] [32mBuilding CXX object CMakeFiles/interfaces__rosidl_typesupport_c.dir/rosidl_typesupport_c/interfaces/action/perception__type_support.cpp.o[0m
[1.871s] [ 53%] [32mBuilding CXX object CMakeFiles/interfaces__rosidl_typesupport_c.dir/rosidl_typesupport_c/interfaces/msg/yolo_detection__type_support.cpp.o[0m
[1.908s] [ 56%] [32m[1mLinking CXX shared library libinterfaces__rosidl_typesupport_c.so[0m
[1.942s] [ 56%] Built target interfaces__rosidl_typesupport_c
[1.985s] [ 58%] [32m[1mLinking CXX shared library libinterfaces__rosidl_typesupport_cpp.so[0m
[1.995s] [ 61%] [32mBuilding C object CMakeFiles/interfaces__rosidl_typesupport_introspection_c.dir/rosidl_typesupport_introspection_c/interfaces/action/detail/perception__type_support.c.o[0m
[1.997s] [ 64%] [32mBuilding C object CMakeFiles/interfaces__rosidl_typesupport_introspection_c.dir/rosidl_typesupport_introspection_c/interfaces/msg/detail/yolo_detection__type_support.c.o[0m
[2.016s] [ 64%] Built target interfaces__rosidl_typesupport_cpp
[2.039s] [ 66%] [32m[1mLinking C shared library libinterfaces__rosidl_typesupport_introspection_c.so[0m
[2.069s] [ 66%] Built target interfaces__rosidl_typesupport_introspection_c
[2.094s] [ 69%] [32m[1mLinking CXX shared library libinterfaces__rosidl_typesupport_fastrtps_c.so[0m
[2.107s] [ 71%] [32m[1mLinking CXX shared library libinterfaces__rosidl_typesupport_introspection_cpp.so[0m
[2.133s] [ 74%] [32m[1mLinking CXX shared library libinterfaces__rosidl_typesupport_fastrtps_cpp.so[0m
[2.149s] [ 74%] Built target interfaces__rosidl_typesupport_fastrtps_c
[2.171s] [ 74%] Built target interfaces__rosidl_typesupport_introspection_cpp
[2.187s] [ 74%] Built target interfaces__rosidl_typesupport_fastrtps_cpp
[2.204s] [ 74%] Built target interfaces
[2.223s] [ 76%] [34m[1mGenerating Python code for ROS interfaces[0m
[2.821s] [ 76%] Built target interfaces__py
[2.839s] [ 79%] [32mBuilding C object CMakeFiles/interfaces__rosidl_generator_py.dir/rosidl_generator_py/interfaces/msg/_yolo_detection_s.c.o[0m
[2.840s] [ 82%] [32mBuilding C object CMakeFiles/interfaces__rosidl_generator_py.dir/rosidl_generator_py/interfaces/action/_perception_s.c.o[0m
[2.947s] [ 84%] [32m[1mLinking C shared library rosidl_generator_py/interfaces/libinterfaces__rosidl_generator_py.so[0m
[2.982s] [ 84%] Built target interfaces__rosidl_generator_py
[2.997s] [ 87%] [32mBuilding C object CMakeFiles/interfaces__rosidl_typesupport_fastrtps_c__pyext.dir/rosidl_generator_py/interfaces/_interfaces_s.ep.rosidl_typesupport_fastrtps_c.c.o[0m
[2.999s] [ 92%] [32mBuilding C object CMakeFiles/interfaces__rosidl_typesupport_introspection_c__pyext.dir/rosidl_generator_py/interfaces/_interfaces_s.ep.rosidl_typesupport_introspection_c.c.o[0m
[2.999s] [ 92%] [32mBuilding C object CMakeFiles/interfaces__rosidl_typesupport_c__pyext.dir/rosidl_generator_py/interfaces/_interfaces_s.ep.rosidl_typesupport_c.c.o[0m
[3.076s] [ 94%] [32m[1mLinking C shared library rosidl_generator_py/interfaces/interfaces_s__rosidl_typesupport_c.cpython-310-x86_64-linux-gnu.so[0m
[3.076s] [ 97%] [32m[1mLinking C shared library rosidl_generator_py/interfaces/interfaces_s__rosidl_typesupport_introspection_c.cpython-310-x86_64-linux-gnu.so[0m
[3.099s] [100%] [32m[1mLinking C shared library rosidl_generator_py/interfaces/interfaces_s__rosidl_typesupport_fastrtps_c.cpython-310-x86_64-linux-gnu.so[0m
[3.109s] [100%] Built target interfaces__rosidl_typesupport_introspection_c__pyext
[3.109s] [100%] Built target interfaces__rosidl_typesupport_c__pyext
[3.131s] [100%] Built target interfaces__rosidl_typesupport_fastrtps_c__pyext
[3.141s] Invoked command in '/home/mj/Desktop/BerryBot/git_folder/berrybot-ros2/ros2_ws/build/interfaces' returned '0': CMAKE_PREFIX_PATH=/opt/ros/humble /usr/bin/cmake --build /home/mj/Desktop/BerryBot/git_folder/berrybot-ros2/ros2_ws/build/interfaces -- -j18 -l18
[3.147s] Invoking command in '/home/mj/Desktop/BerryBot/git_folder/berrybot-ros2/ros2_ws/build/interfaces': CMAKE_PREFIX_PATH=/opt/ros/humble /usr/bin/cmake --install /home/mj/Desktop/BerryBot/git_folder/berrybot-ros2/ros2_ws/build/interfaces
[3.152s] -- Install configuration: ""
[3.153s] -- Installing: /home/mj/Desktop/BerryBot/git_folder/berrybot-ros2/ros2_ws/install/interfaces/share/ament_index/resource_index/rosidl_interfaces/interfaces
[3.153s] -- Installing: /home/mj/Desktop/BerryBot/git_folder/berrybot-ros2/ros2_ws/install/interfaces/include/interfaces/interfaces
[3.153s] -- Installing: /home/mj/Desktop/BerryBot/git_folder/berrybot-ros2/ros2_ws/install/interfaces/include/interfaces/interfaces/msg
[3.153s] -- Installing: /home/mj/Desktop/BerryBot/git_folder/berrybot-ros2/ros2_ws/install/interfaces/include/interfaces/interfaces/msg/detail
[3.153s] -- Installing: /home/mj/Desktop/BerryBot/git_folder/berrybot-ros2/ros2_ws/install/interfaces/include/interfaces/interfaces/msg/detail/yolo_detection__functions.c
[3.153s] -- Installing: /home/mj/Desktop/BerryBot/git_folder/berrybot-ros2/ros2_ws/install/interfaces/include/interfaces/interfaces/msg/detail/yolo_detection__functions.h
[3.153s] -- Installing: /home/mj/Desktop/BerryBot/git_folder/berrybot-ros2/ros2_ws/install/interfaces/include/interfaces/interfaces/msg/detail/yolo_detection__type_support.h
[3.153s] -- Installing: /home/mj/Desktop/BerryBot/git_folder/berrybot-ros2/ros2_ws/install/interfaces/include/interfaces/interfaces/msg/detail/yolo_detection__struct.h
[3.153s] -- Installing: /home/mj/Desktop/BerryBot/git_folder/berrybot-ros2/ros2_ws/install/interfaces/include/interfaces/interfaces/msg/yolo_detection.h
[3.153s] -- Installing: /home/mj/Desktop/BerryBot/git_folder/berrybot-ros2/ros2_ws/install/interfaces/include/interfaces/interfaces/msg/rosidl_generator_c__visibility_control.h
[3.153s] -- Installing: /home/mj/Desktop/BerryBot/git_folder/berrybot-ros2/ros2_ws/install/interfaces/include/interfaces/interfaces/action
[3.153s] -- Installing: /home/mj/Desktop/BerryBot/git_folder/berrybot-ros2/ros2_ws/install/interfaces/include/interfaces/interfaces/action/detail
[3.153s] -- Installing: /home/mj/Desktop/BerryBot/git_folder/berrybot-ros2/ros2_ws/install/interfaces/include/interfaces/interfaces/action/detail/perception__functions.c
[3.153s] -- Installing: /home/mj/Desktop/BerryBot/git_folder/berrybot-ros2/ros2_ws/install/interfaces/include/interfaces/interfaces/action/detail/perception__struct.h
[3.153s] -- Installing: /home/mj/Desktop/BerryBot/git_folder/berrybot-ros2/ros2_ws/install/interfaces/include/interfaces/interfaces/action/detail/perception__type_support.h
[3.153s] -- Installing: /home/mj/Desktop/BerryBot/git_folder/berrybot-ros2/ros2_ws/install/interfaces/include/interfaces/interfaces/action/detail/perception__functions.h
[3.153s] -- Installing: /home/mj/Desktop/BerryBot/git_folder/berrybot-ros2/ros2_ws/install/interfaces/include/interfaces/interfaces/action/perception.h
[3.153s] -- Installing: /home/mj/Desktop/BerryBot/git_folder/berrybot-ros2/ros2_ws/install/interfaces/share/interfaces/environment/library_path.sh
[3.153s] -- Installing: /home/mj/Desktop/BerryBot/git_folder/berrybot-ros2/ros2_ws/install/interfaces/share/interfaces/environment/library_path.dsv
[3.154s] -- Installing: /home/mj/Desktop/BerryBot/git_folder/berrybot-ros2/ros2_ws/install/interfaces/lib/libinterfaces__rosidl_generator_c.so
[3.154s] -- Set runtime path of "/home/mj/Desktop/BerryBot/git_folder/berrybot-ros2/ros2_ws/install/interfaces/lib/libinterfaces__rosidl_generator_c.so" to ""
[3.154s] -- Up-to-date: /home/mj/Desktop/BerryBot/git_folder/berrybot-ros2/ros2_ws/install/interfaces/include/interfaces/interfaces
[3.154s] -- Up-to-date: /home/mj/Desktop/BerryBot/git_folder/berrybot-ros2/ros2_ws/install/interfaces/include/interfaces/interfaces/msg
[3.154s] -- Up-to-date: /home/mj/Desktop/BerryBot/git_folder/berrybot-ros2/ros2_ws/install/interfaces/include/interfaces/interfaces/msg/detail
[3.154s] -- Installing: /home/mj/Desktop/BerryBot/git_folder/berrybot-ros2/ros2_ws/install/interfaces/include/interfaces/interfaces/msg/detail/yolo_detection__rosidl_typesupport_fastrtps_c.h
[3.154s] -- Installing: /home/mj/Desktop/BerryBot/git_folder/berrybot-ros2/ros2_ws/install/interfaces/include/interfaces/interfaces/msg/rosidl_typesupport_fastrtps_c__visibility_control.h
[3.154s] -- Up-to-date: /home/mj/Desktop/BerryBot/git_folder/berrybot-ros2/ros2_ws/install/interfaces/include/interfaces/interfaces/action
[3.154s] -- Up-to-date: /home/mj/Desktop/BerryBot/git_folder/berrybot-ros2/ros2_ws/install/interfaces/include/interfaces/interfaces/action/detail
[3.154s] -- Installing: /home/mj/Desktop/BerryBot/git_folder/berrybot-ros2/ros2_ws/install/interfaces/include/interfaces/interfaces/action/detail/perception__rosidl_typesupport_fastrtps_c.h
[3.154s] -- Installing: /home/mj/Desktop/BerryBot/git_folder/berrybot-ros2/ros2_ws/install/interfaces/lib/libinterfaces__rosidl_typesupport_fastrtps_c.so
[3.154s] -- Set runtime path of "/home/mj/Desktop/BerryBot/git_folder/berrybot-ros2/ros2_ws/install/interfaces/lib/libinterfaces__rosidl_typesupport_fastrtps_c.so" to ""
[3.154s] -- Up-to-date: /home/mj/Desktop/BerryBot/git_folder/berrybot-ros2/ros2_ws/install/interfaces/include/interfaces/interfaces
[3.154s] -- Up-to-date: /home/mj/Desktop/BerryBot/git_folder/berrybot-ros2/ros2_ws/install/interfaces/include/interfaces/interfaces/msg
[3.154s] -- Up-to-date: /home/mj/Desktop/BerryBot/git_folder/berrybot-ros2/ros2_ws/install/interfaces/include/interfaces/interfaces/msg/detail
[3.154s] -- Installing: /home/mj/Desktop/BerryBot/git_folder/berrybot-ros2/ros2_ws/install/interfaces/include/interfaces/interfaces/msg/detail/yolo_detection__rosidl_typesupport_introspection_c.h
[3.154s] -- Installing: /home/mj/Desktop/BerryBot/git_folder/berrybot-ros2/ros2_ws/install/interfaces/include/interfaces/interfaces/msg/detail/yolo_detection__type_support.c
[3.154s] -- Installing: /home/mj/Desktop/BerryBot/git_folder/berrybot-ros2/ros2_ws/install/interfaces/include/interfaces/interfaces/msg/rosidl_typesupport_introspection_c__visibility_control.h
[3.154s] -- Up-to-date: /home/mj/Desktop/BerryBot/git_folder/berrybot-ros2/ros2_ws/install/interfaces/include/interfaces/interfaces/action
[3.154s] -- Up-to-date: /home/mj/Desktop/BerryBot/git_folder/berrybot-ros2/ros2_ws/install/interfaces/include/interfaces/interfaces/action/detail
[3.154s] -- Installing: /home/mj/Desktop/BerryBot/git_folder/berrybot-ros2/ros2_ws/install/interfaces/include/interfaces/interfaces/action/detail/perception__rosidl_typesupport_introspection_c.h
[3.155s] -- Installing: /home/mj/Desktop/BerryBot/git_folder/berrybot-ros2/ros2_ws/install/interfaces/include/interfaces/interfaces/action/detail/perception__type_support.c
[3.155s] -- Installing: /home/mj/Desktop/BerryBot/git_folder/berrybot-ros2/ros2_ws/install/interfaces/lib/libinterfaces__rosidl_typesupport_introspection_c.so
[3.155s] -- Set runtime path of "/home/mj/Desktop/BerryBot/git_folder/berrybot-ros2/ros2_ws/install/interfaces/lib/libinterfaces__rosidl_typesupport_introspection_c.so" to ""
[3.155s] -- Installing: /home/mj/Desktop/BerryBot/git_folder/berrybot-ros2/ros2_ws/install/interfaces/lib/libinterfaces__rosidl_typesupport_c.so
[3.155s] -- Set runtime path of "/home/mj/Desktop/BerryBot/git_folder/berrybot-ros2/ros2_ws/install/interfaces/lib/libinterfaces__rosidl_typesupport_c.so" to ""
[3.155s] -- Up-to-date: /home/mj/Desktop/BerryBot/git_folder/berrybot-ros2/ros2_ws/install/interfaces/include/interfaces/interfaces
[3.155s] -- Up-to-date: /home/mj/Desktop/BerryBot/git_folder/berrybot-ros2/ros2_ws/install/interfaces/include/interfaces/interfaces/msg
[3.155s] -- Installing: /home/mj/Desktop/BerryBot/git_folder/berrybot-ros2/ros2_ws/install/interfaces/include/interfaces/interfaces/msg/yolo_detection.hpp
[3.155s] -- Up-to-date: /home/mj/Desktop/BerryBot/git_folder/berrybot-ros2/ros2_ws/install/interfaces/include/interfaces/interfaces/msg/detail
[3.155s] -- Installing: /home/mj/Desktop/BerryBot/git_folder/berrybot-ros2/ros2_ws/install/interfaces/include/interfaces/interfaces/msg/detail/yolo_detection__type_support.hpp
[3.155s] -- Installing: /home/mj/Desktop/BerryBot/git_folder/berrybot-ros2/ros2_ws/install/interfaces/include/interfaces/interfaces/msg/detail/yolo_detection__struct.hpp
[3.155s] -- Installing: /home/mj/Desktop/BerryBot/git_folder/berrybot-ros2/ros2_ws/install/interfaces/include/interfaces/interfaces/msg/detail/yolo_detection__traits.hpp
[3.155s] -- Installing: /home/mj/Desktop/BerryBot/git_folder/berrybot-ros2/ros2_ws/install/interfaces/include/interfaces/interfaces/msg/detail/yolo_detection__builder.hpp
[3.155s] -- Installing: /home/mj/Desktop/BerryBot/git_folder/berrybot-ros2/ros2_ws/install/interfaces/include/interfaces/interfaces/msg/rosidl_generator_cpp__visibility_control.hpp
[3.155s] -- Up-to-date: /home/mj/Desktop/BerryBot/git_folder/berrybot-ros2/ros2_ws/install/interfaces/include/interfaces/interfaces/action
[3.155s] -- Up-to-date: /home/mj/Desktop/BerryBot/git_folder/berrybot-ros2/ros2_ws/install/interfaces/include/interfaces/interfaces/action/detail
[3.155s] -- Installing: /home/mj/Desktop/BerryBot/git_folder/berrybot-ros2/ros2_ws/install/interfaces/include/interfaces/interfaces/action/detail/perception__builder.hpp
[3.155s] -- Installing: /home/mj/Desktop/BerryBot/git_folder/berrybot-ros2/ros2_ws/install/interfaces/include/interfaces/interfaces/action/detail/perception__type_support.hpp
[3.155s] -- Installing: /home/mj/Desktop/BerryBot/git_folder/berrybot-ros2/ros2_ws/install/interfaces/include/interfaces/interfaces/action/detail/perception__traits.hpp
[3.155s] -- Installing: /home/mj/Desktop/BerryBot/git_folder/berrybot-ros2/ros2_ws/install/interfaces/include/interfaces/interfaces/action/detail/perception__struct.hpp
[3.155s] -- Installing: /home/mj/Desktop/BerryBot/git_folder/berrybot-ros2/ros2_ws/install/interfaces/include/interfaces/interfaces/action/perception.hpp
[3.155s] -- Up-to-date: /home/mj/Desktop/BerryBot/git_folder/berrybot-ros2/ros2_ws/install/interfaces/include/interfaces/interfaces
[3.155s] -- Up-to-date: /home/mj/Desktop/BerryBot/git_folder/berrybot-ros2/ros2_ws/install/interfaces/include/interfaces/interfaces/msg
[3.155s] -- Up-to-date: /home/mj/Desktop/BerryBot/git_folder/berrybot-ros2/ros2_ws/install/interfaces/include/interfaces/interfaces/msg/detail
[3.155s] -- Installing: /home/mj/Desktop/BerryBot/git_folder/berrybot-ros2/ros2_ws/install/interfaces/include/interfaces/interfaces/msg/detail/dds_fastrtps
[3.156s] -- Installing: /home/mj/Desktop/BerryBot/git_folder/berrybot-ros2/ros2_ws/install/interfaces/include/interfaces/interfaces/msg/detail/yolo_detection__rosidl_typesupport_fastrtps_cpp.hpp
[3.156s] -- Installing: /home/mj/Desktop/BerryBot/git_folder/berrybot-ros2/ros2_ws/install/interfaces/include/interfaces/interfaces/msg/rosidl_typesupport_fastrtps_cpp__visibility_control.h
[3.156s] -- Up-to-date: /home/mj/Desktop/BerryBot/git_folder/berrybot-ros2/ros2_ws/install/interfaces/include/interfaces/interfaces/action
[3.156s] -- Up-to-date: /home/mj/Desktop/BerryBot/git_folder/berrybot-ros2/ros2_ws/install/interfaces/include/interfaces/interfaces/action/detail
[3.156s] -- Installing: /home/mj/Desktop/BerryBot/git_folder/berrybot-ros2/ros2_ws/install/interfaces/include/interfaces/interfaces/action/detail/dds_fastrtps
[3.156s] -- Installing: /home/mj/Desktop/BerryBot/git_folder/berrybot-ros2/ros2_ws/install/interfaces/include/interfaces/interfaces/action/detail/perception__rosidl_typesupport_fastrtps_cpp.hpp
[3.156s] -- Installing: /home/mj/Desktop/BerryBot/git_folder/berrybot-ros2/ros2_ws/install/interfaces/lib/libinterfaces__rosidl_typesupport_fastrtps_cpp.so
[3.156s] -- Set runtime path of "/home/mj/Desktop/BerryBot/git_folder/berrybot-ros2/ros2_ws/install/interfaces/lib/libinterfaces__rosidl_typesupport_fastrtps_cpp.so" to ""
[3.156s] -- Up-to-date: /home/mj/Desktop/BerryBot/git_folder/berrybot-ros2/ros2_ws/install/interfaces/include/interfaces/interfaces
[3.156s] -- Up-to-date: /home/mj/Desktop/BerryBot/git_folder/berrybot-ros2/ros2_ws/install/interfaces/include/interfaces/interfaces/msg
[3.156s] -- Up-to-date: /home/mj/Desktop/BerryBot/git_folder/berrybot-ros2/ros2_ws/install/interfaces/include/interfaces/interfaces/msg/detail
[3.156s] -- Installing: /home/mj/Desktop/BerryBot/git_folder/berrybot-ros2/ros2_ws/install/interfaces/include/interfaces/interfaces/msg/detail/yolo_detection__rosidl_typesupport_introspection_cpp.hpp
[3.156s] -- Installing: /home/mj/Desktop/BerryBot/git_folder/berrybot-ros2/ros2_ws/install/interfaces/include/interfaces/interfaces/msg/detail/yolo_detection__type_support.cpp
[3.156s] -- Up-to-date: /home/mj/Desktop/BerryBot/git_folder/berrybot-ros2/ros2_ws/install/interfaces/include/interfaces/interfaces/action
[3.156s] -- Up-to-date: /home/mj/Desktop/BerryBot/git_folder/berrybot-ros2/ros2_ws/install/interfaces/include/interfaces/interfaces/action/detail
[3.156s] -- Installing: /home/mj/Desktop/BerryBot/git_folder/berrybot-ros2/ros2_ws/install/interfaces/include/interfaces/interfaces/action/detail/perception__rosidl_typesupport_introspection_cpp.hpp
[3.156s] -- Installing: /home/mj/Desktop/BerryBot/git_folder/berrybot-ros2/ros2_ws/install/interfaces/include/interfaces/interfaces/action/detail/perception__type_support.cpp
[3.156s] -- Installing: /home/mj/Desktop/BerryBot/git_folder/berrybot-ros2/ros2_ws/install/interfaces/lib/libinterfaces__rosidl_typesupport_introspection_cpp.so
[3.156s] -- Set runtime path of "/home/mj/Desktop/BerryBot/git_folder/berrybot-ros2/ros2_ws/install/interfaces/lib/libinterfaces__rosidl_typesupport_introspection_cpp.so" to ""
[3.156s] -- Installing: /home/mj/Desktop/BerryBot/git_folder/berrybot-ros2/ros2_ws/install/interfaces/lib/libinterfaces__rosidl_typesupport_cpp.so
[3.156s] -- Set runtime path of "/home/mj/Desktop/BerryBot/git_folder/berrybot-ros2/ros2_ws/install/interfaces/lib/libinterfaces__rosidl_typesupport_cpp.so" to ""
[3.156s] -- Installing: /home/mj/Desktop/BerryBot/git_folder/berrybot-ros2/ros2_ws/install/interfaces/share/interfaces/environment/pythonpath.sh
[3.156s] -- Installing: /home/mj/Desktop/BerryBot/git_folder/berrybot-ros2/ros2_ws/install/interfaces/share/interfaces/environment/pythonpath.dsv
[3.156s] -- Installing: /home/mj/Desktop/BerryBot/git_folder/berrybot-ros2/ros2_ws/install/interfaces/local/lib/python3.10/dist-packages/interfaces-0.0.0-py3.10.egg-info
[3.156s] -- Installing: /home/mj/Desktop/BerryBot/git_folder/berrybot-ros2/ros2_ws/install/interfaces/local/lib/python3.10/dist-packages/interfaces-0.0.0-py3.10.egg-info/top_level.txt
[3.156s] -- Installing: /home/mj/Desktop/BerryBot/git_folder/berrybot-ros2/ros2_ws/install/interfaces/local/lib/python3.10/dist-packages/interfaces-0.0.0-py3.10.egg-info/PKG-INFO
[3.157s] -- Installing: /home/mj/Desktop/BerryBot/git_folder/berrybot-ros2/ros2_ws/install/interfaces/local/lib/python3.10/dist-packages/interfaces-0.0.0-py3.10.egg-info/dependency_links.txt
[3.157s] -- Installing: /home/mj/Desktop/BerryBot/git_folder/berrybot-ros2/ros2_ws/install/interfaces/local/lib/python3.10/dist-packages/interfaces-0.0.0-py3.10.egg-info/SOURCES.txt
[3.157s] -- Installing: /home/mj/Desktop/BerryBot/git_folder/berrybot-ros2/ros2_ws/install/interfaces/local/lib/python3.10/dist-packages/interfaces
[3.157s] -- Installing: /home/mj/Desktop/BerryBot/git_folder/berrybot-ros2/ros2_ws/install/interfaces/local/lib/python3.10/dist-packages/interfaces/__init__.py
[3.157s] -- Installing: /home/mj/Desktop/BerryBot/git_folder/berrybot-ros2/ros2_ws/install/interfaces/local/lib/python3.10/dist-packages/interfaces/_interfaces_s.ep.rosidl_typesupport_introspection_c.c
[3.157s] -- Installing: /home/mj/Desktop/BerryBot/git_folder/berrybot-ros2/ros2_ws/install/interfaces/local/lib/python3.10/dist-packages/interfaces/libinterfaces__rosidl_generator_py.so
[3.157s] -- Installing: /home/mj/Desktop/BerryBot/git_folder/berrybot-ros2/ros2_ws/install/interfaces/local/lib/python3.10/dist-packages/interfaces/_interfaces_s.ep.rosidl_typesupport_fastrtps_c.c
[3.157s] -- Installing: /home/mj/Desktop/BerryBot/git_folder/berrybot-ros2/ros2_ws/install/interfaces/local/lib/python3.10/dist-packages/interfaces/interfaces_s__rosidl_typesupport_introspection_c.cpython-310-x86_64-linux-gnu.so
[3.157s] -- Installing: /home/mj/Desktop/BerryBot/git_folder/berrybot-ros2/ros2_ws/install/interfaces/local/lib/python3.10/dist-packages/interfaces/interfaces_s__rosidl_typesupport_fastrtps_c.cpython-310-x86_64-linux-gnu.so
[3.157s] -- Installing: /home/mj/Desktop/BerryBot/git_folder/berrybot-ros2/ros2_ws/install/interfaces/local/lib/python3.10/dist-packages/interfaces/msg
[3.157s] -- Installing: /home/mj/Desktop/BerryBot/git_folder/berrybot-ros2/ros2_ws/install/interfaces/local/lib/python3.10/dist-packages/interfaces/msg/__init__.py
[3.157s] -- Installing: /home/mj/Desktop/BerryBot/git_folder/berrybot-ros2/ros2_ws/install/interfaces/local/lib/python3.10/dist-packages/interfaces/msg/_yolo_detection.py
[3.157s] -- Installing: /home/mj/Desktop/BerryBot/git_folder/berrybot-ros2/ros2_ws/install/interfaces/local/lib/python3.10/dist-packages/interfaces/msg/_yolo_detection_s.c
[3.157s] -- Installing: /home/mj/Desktop/BerryBot/git_folder/berrybot-ros2/ros2_ws/install/interfaces/local/lib/python3.10/dist-packages/interfaces/_interfaces_s.ep.rosidl_typesupport_c.c
[3.157s] -- Installing: /home/mj/Desktop/BerryBot/git_folder/berrybot-ros2/ros2_ws/install/interfaces/local/lib/python3.10/dist-packages/interfaces/interfaces_s__rosidl_typesupport_c.cpython-310-x86_64-linux-gnu.so
[3.157s] -- Installing: /home/mj/Desktop/BerryBot/git_folder/berrybot-ros2/ros2_ws/install/interfaces/local/lib/python3.10/dist-packages/interfaces/action
[3.157s] -- Installing: /home/mj/Desktop/BerryBot/git_folder/berrybot-ros2/ros2_ws/install/interfaces/local/lib/python3.10/dist-packages/interfaces/action/__init__.py
[3.157s] -- Installing: /home/mj/Desktop/BerryBot/git_folder/berrybot-ros2/ros2_ws/install/interfaces/local/lib/python3.10/dist-packages/interfaces/action/_perception_s.c
[3.158s] -- Installing: /home/mj/Desktop/BerryBot/git_folder/berrybot-ros2/ros2_ws/install/interfaces/local/lib/python3.10/dist-packages/interfaces/action/_perception.py
[3.186s] Listing '/home/mj/Desktop/BerryBot/git_folder/berrybot-ros2/ros2_ws/install/interfaces/local/lib/python3.10/dist-packages/interfaces'...
[3.186s] Compiling '/home/mj/Desktop/BerryBot/git_folder/berrybot-ros2/ros2_ws/install/interfaces/local/lib/python3.10/dist-packages/interfaces/__init__.py'...
[3.186s] Listing '/home/mj/Desktop/BerryBot/git_folder/berrybot-ros2/ros2_ws/install/interfaces/local/lib/python3.10/dist-packages/interfaces/action'...
[3.186s] Compiling '/home/mj/Desktop/BerryBot/git_folder/berrybot-ros2/ros2_ws/install/interfaces/local/lib/python3.10/dist-packages/interfaces/action/__init__.py'...
[3.186s] Compiling '/home/mj/Desktop/BerryBot/git_folder/berrybot-ros2/ros2_ws/install/interfaces/local/lib/python3.10/dist-packages/interfaces/action/_perception.py'...
[3.186s] Listing '/home/mj/Desktop/BerryBot/git_folder/berrybot-ros2/ros2_ws/install/interfaces/local/lib/python3.10/dist-packages/interfaces/msg'...
[3.187s] Compiling '/home/mj/Desktop/BerryBot/git_folder/berrybot-ros2/ros2_ws/install/interfaces/local/lib/python3.10/dist-packages/interfaces/msg/__init__.py'...
[3.187s] Compiling '/home/mj/Desktop/BerryBot/git_folder/berrybot-ros2/ros2_ws/install/interfaces/local/lib/python3.10/dist-packages/interfaces/msg/_yolo_detection.py'...
[3.189s] -- Installing: /home/mj/Desktop/BerryBot/git_folder/berrybot-ros2/ros2_ws/install/interfaces/local/lib/python3.10/dist-packages/interfaces/interfaces_s__rosidl_typesupport_fastrtps_c.cpython-310-x86_64-linux-gnu.so
[3.189s] -- Set runtime path of "/home/mj/Desktop/BerryBot/git_folder/berrybot-ros2/ros2_ws/install/interfaces/local/lib/python3.10/dist-packages/interfaces/interfaces_s__rosidl_typesupport_fastrtps_c.cpython-310-x86_64-linux-gnu.so" to ""
[3.189s] -- Installing: /home/mj/Desktop/BerryBot/git_folder/berrybot-ros2/ros2_ws/install/interfaces/local/lib/python3.10/dist-packages/interfaces/interfaces_s__rosidl_typesupport_introspection_c.cpython-310-x86_64-linux-gnu.so
[3.190s] -- Set runtime path of "/home/mj/Desktop/BerryBot/git_folder/berrybot-ros2/ros2_ws/install/interfaces/local/lib/python3.10/dist-packages/interfaces/interfaces_s__rosidl_typesupport_introspection_c.cpython-310-x86_64-linux-gnu.so" to ""
[3.190s] -- Installing: /home/mj/Desktop/BerryBot/git_folder/berrybot-ros2/ros2_ws/install/interfaces/local/lib/python3.10/dist-packages/interfaces/interfaces_s__rosidl_typesupport_c.cpython-310-x86_64-linux-gnu.so
[3.190s] -- Set runtime path of "/home/mj/Desktop/BerryBot/git_folder/berrybot-ros2/ros2_ws/install/interfaces/local/lib/python3.10/dist-packages/interfaces/interfaces_s__rosidl_typesupport_c.cpython-310-x86_64-linux-gnu.so" to ""
[3.190s] -- Installing: /home/mj/Desktop/BerryBot/git_folder/berrybot-ros2/ros2_ws/install/interfaces/lib/libinterfaces__rosidl_generator_py.so
[3.191s] -- Set runtime path of "/home/mj/Desktop/BerryBot/git_folder/berrybot-ros2/ros2_ws/install/interfaces/lib/libinterfaces__rosidl_generator_py.so" to ""
[3.191s] -- Installing: /home/mj/Desktop/BerryBot/git_folder/berrybot-ros2/ros2_ws/install/interfaces/share/interfaces/msg/YoloDetection.idl
[3.191s] -- Installing: /home/mj/Desktop/BerryBot/git_folder/berrybot-ros2/ros2_ws/install/interfaces/share/interfaces/action/Perception.idl
[3.191s] -- Installing: /home/mj/Desktop/BerryBot/git_folder/berrybot-ros2/ros2_ws/install/interfaces/share/interfaces/msg/YoloDetection.msg
[3.191s] -- Installing: /home/mj/Desktop/BerryBot/git_folder/berrybot-ros2/ros2_ws/install/interfaces/share/interfaces/action/Perception.action
[3.191s] -- Installing: /home/mj/Desktop/BerryBot/git_folder/berrybot-ros2/ros2_ws/install/interfaces/share/ament_index/resource_index/package_run_dependencies/interfaces
[3.191s] -- Installing: /home/mj/Desktop/BerryBot/git_folder/berrybot-ros2/ros2_ws/install/interfaces/share/ament_index/resource_index/parent_prefix_path/interfaces
[3.191s] -- Installing: /home/mj/Desktop/BerryBot/git_folder/berrybot-ros2/ros2_ws/install/interfaces/share/interfaces/environment/ament_prefix_path.sh
[3.192s] -- Installing: /home/mj/Desktop/BerryBot/git_folder/berrybot-ros2/ros2_ws/install/interfaces/share/interfaces/environment/ament_prefix_path.dsv
[3.192s] -- Installing: /home/mj/Desktop/BerryBot/git_folder/berrybot-ros2/ros2_ws/install/interfaces/share/interfaces/environment/path.sh
[3.192s] -- Installing: /home/mj/Desktop/BerryBot/git_folder/berrybot-ros2/ros2_ws/install/interfaces/share/interfaces/environment/path.dsv
[3.192s] -- Installing: /home/mj/Desktop/BerryBot/git_folder/berrybot-ros2/ros2_ws/install/interfaces/share/interfaces/local_setup.bash
[3.192s] -- Installing: /home/mj/Desktop/BerryBot/git_folder/berrybot-ros2/ros2_ws/install/interfaces/share/interfaces/local_setup.sh
[3.192s] -- Installing: /home/mj/Desktop/BerryBot/git_folder/berrybot-ros2/ros2_ws/install/interfaces/share/interfaces/local_setup.zsh
[3.193s] -- Installing: /home/mj/Desktop/BerryBot/git_folder/berrybot-ros2/ros2_ws/install/interfaces/share/interfaces/local_setup.dsv
[3.193s] -- Installing: /home/mj/Desktop/BerryBot/git_folder/berrybot-ros2/ros2_ws/install/interfaces/share/interfaces/package.dsv
[3.193s] -- Installing: /home/mj/Desktop/BerryBot/git_folder/berrybot-ros2/ros2_ws/install/interfaces/share/ament_index/resource_index/packages/interfaces
[3.193s] -- Installing: /home/mj/Desktop/BerryBot/git_folder/berrybot-ros2/ros2_ws/install/interfaces/share/interfaces/cmake/export_interfaces__rosidl_generator_cExport.cmake
[3.193s] -- Installing: /home/mj/Desktop/BerryBot/git_folder/berrybot-ros2/ros2_ws/install/interfaces/share/interfaces/cmake/export_interfaces__rosidl_generator_cExport-noconfig.cmake
[3.193s] -- Installing: /home/mj/Desktop/BerryBot/git_folder/berrybot-ros2/ros2_ws/install/interfaces/share/interfaces/cmake/export_interfaces__rosidl_typesupport_fastrtps_cExport.cmake
[3.193s] -- Installing: /home/mj/Desktop/BerryBot/git_folder/berrybot-ros2/ros2_ws/install/interfaces/share/interfaces/cmake/export_interfaces__rosidl_typesupport_fastrtps_cExport-noconfig.cmake
[3.193s] -- Installing: /home/mj/Desktop/BerryBot/git_folder/berrybot-ros2/ros2_ws/install/interfaces/share/interfaces/cmake/interfaces__rosidl_typesupport_introspection_cExport.cmake
[3.194s] -- Installing: /home/mj/Desktop/BerryBot/git_folder/berrybot-ros2/ros2_ws/install/interfaces/share/interfaces/cmake/interfaces__rosidl_typesupport_introspection_cExport-noconfig.cmake
[3.194s] -- Installing: /home/mj/Desktop/BerryBot/git_folder/berrybot-ros2/ros2_ws/install/interfaces/share/interfaces/cmake/interfaces__rosidl_typesupport_cExport.cmake
[3.194s] -- Installing: /home/mj/Desktop/BerryBot/git_folder/berrybot-ros2/ros2_ws/install/interfaces/share/interfaces/cmake/interfaces__rosidl_typesupport_cExport-noconfig.cmake
[3.194s] -- Installing: /home/mj/Desktop/BerryBot/git_folder/berrybot-ros2/ros2_ws/install/interfaces/share/interfaces/cmake/export_interfaces__rosidl_generator_cppExport.cmake
[3.194s] -- Installing: /home/mj/Desktop/BerryBot/git_folder/berrybot-ros2/ros2_ws/install/interfaces/share/interfaces/cmake/export_interfaces__rosidl_typesupport_fastrtps_cppExport.cmake
[3.194s] -- Installing: /home/mj/Desktop/BerryBot/git_folder/berrybot-ros2/ros2_ws/install/interfaces/share/interfaces/cmake/export_interfaces__rosidl_typesupport_fastrtps_cppExport-noconfig.cmake
[3.194s] -- Installing: /home/mj/Desktop/BerryBot/git_folder/berrybot-ros2/ros2_ws/install/interfaces/share/interfaces/cmake/interfaces__rosidl_typesupport_introspection_cppExport.cmake
[3.194s] -- Installing: /home/mj/Desktop/BerryBot/git_folder/berrybot-ros2/ros2_ws/install/interfaces/share/interfaces/cmake/interfaces__rosidl_typesupport_introspection_cppExport-noconfig.cmake
[3.194s] -- Installing: /home/mj/Desktop/BerryBot/git_folder/berrybot-ros2/ros2_ws/install/interfaces/share/interfaces/cmake/interfaces__rosidl_typesupport_cppExport.cmake
[3.194s] -- Installing: /home/mj/Desktop/BerryBot/git_folder/berrybot-ros2/ros2_ws/install/interfaces/share/interfaces/cmake/interfaces__rosidl_typesupport_cppExport-noconfig.cmake
[3.194s] -- Installing: /home/mj/Desktop/BerryBot/git_folder/berrybot-ros2/ros2_ws/install/interfaces/share/interfaces/cmake/export_interfaces__rosidl_generator_pyExport.cmake
[3.194s] -- Installing: /home/mj/Desktop/BerryBot/git_folder/berrybot-ros2/ros2_ws/install/interfaces/share/interfaces/cmake/export_interfaces__rosidl_generator_pyExport-noconfig.cmake
[3.194s] -- Installing: /home/mj/Desktop/BerryBot/git_folder/berrybot-ros2/ros2_ws/install/interfaces/share/interfaces/cmake/rosidl_cmake-extras.cmake
[3.194s] -- Installing: /home/mj/Desktop/BerryBot/git_folder/berrybot-ros2/ros2_ws/install/interfaces/share/interfaces/cmake/ament_cmake_export_dependencies-extras.cmake
[3.194s] -- Installing: /home/mj/Desktop/BerryBot/git_folder/berrybot-ros2/ros2_ws/install/interfaces/share/interfaces/cmake/ament_cmake_export_include_directories-extras.cmake
[3.194s] -- Installing: /home/mj/Desktop/BerryBot/git_folder/berrybot-ros2/ros2_ws/install/interfaces/share/interfaces/cmake/ament_cmake_export_libraries-extras.cmake
[3.195s] -- Installing: /home/mj/Desktop/BerryBot/git_folder/berrybot-ros2/ros2_ws/install/interfaces/share/interfaces/cmake/ament_cmake_export_targets-extras.cmake
[3.195s] -- Installing: /home/mj/Desktop/BerryBot/git_folder/berrybot-ros2/ros2_ws/install/interfaces/share/interfaces/cmake/rosidl_cmake_export_typesupport_targets-extras.cmake
[3.195s] -- Installing: /home/mj/Desktop/BerryBot/git_folder/berrybot-ros2/ros2_ws/install/interfaces/share/interfaces/cmake/rosidl_cmake_export_typesupport_libraries-extras.cmake
[3.195s] -- Installing: /home/mj/Desktop/BerryBot/git_folder/berrybot-ros2/ros2_ws/install/interfaces/share/interfaces/cmake/interfacesConfig.cmake
[3.195s] -- Installing: /home/mj/Desktop/BerryBot/git_folder/berrybot-ros2/ros2_ws/install/interfaces/share/interfaces/cmake/interfacesConfig-version.cmake
[3.195s] -- Installing: /home/mj/Desktop/BerryBot/git_folder/berrybot-ros2/ros2_ws/install/interfaces/share/interfaces/package.xml
[3.197s] Invoked command in '/home/mj/Desktop/BerryBot/git_folder/berrybot-ros2/ros2_ws/build/interfaces' returned '0': CMAKE_PREFIX_PATH=/opt/ros/humble /usr/bin/cmake --install /home/mj/Desktop/BerryBot/git_folder/berrybot-ros2/ros2_ws/build/interfaces
