[0.059s] DEBUG:colcon:Command line arguments: ['/usr/bin/colcon', 'build']
[0.059s] DEBUG:colcon:Parsed command line arguments: Namespace(log_base=None, log_level=None, verb_name='build', build_base='build', install_base='install', merge_install=False, symlink_install=False, test_result_base=None, continue_on_error=False, executor='parallel', parallel_workers=18, event_handlers=None, ignore_user_meta=False, metas=['./colcon.meta'], base_paths=['.'], packages_ignore=None, packages_ignore_regex=None, paths=None, packages_up_to=None, packages_up_to_regex=None, packages_above=None, packages_above_and_dependencies=None, packages_above_depth=None, packages_select_by_dep=None, packages_skip_by_dep=None, packages_skip_up_to=None, packages_select_build_failed=False, packages_skip_build_finished=False, packages_select_test_failures=False, packages_skip_test_passed=False, packages_select=None, packages_skip=None, packages_select_regex=None, packages_skip_regex=None, packages_start=None, packages_end=None, allow_overriding=[], cmake_args=None, cmake_target=None, cmake_target_skip_unavailable=False, cmake_clean_cache=False, cmake_clean_first=False, cmake_force_configure=False, ament_cmake_args=None, catkin_cmake_args=None, catkin_skip_building_tests=False, verb_parser=<colcon_defaults.argument_parser.defaults.DefaultArgumentsDecorator object at 0x7a5e2c858e80>, verb_extension=<colcon_core.verb.build.BuildVerb object at 0x7a5e2c9d5a50>, main=<bound method BuildVerb.main of <colcon_core.verb.build.BuildVerb object at 0x7a5e2c9d5a50>>)
[0.159s] Level 1:colcon.colcon_core.package_discovery:discover_packages(colcon_meta) check parameters
[0.159s] Level 1:colcon.colcon_core.package_discovery:discover_packages(recursive) check parameters
[0.159s] Level 1:colcon.colcon_core.package_discovery:discover_packages(ignore) check parameters
[0.159s] Level 1:colcon.colcon_core.package_discovery:discover_packages(path) check parameters
[0.159s] Level 1:colcon.colcon_core.package_discovery:discover_packages(colcon_meta) discover
[0.159s] Level 1:colcon.colcon_core.package_discovery:discover_packages(recursive) discover
[0.159s] INFO:colcon.colcon_core.package_discovery:Crawling recursively for packages in '/home/mj/Desktop/BerryBot/git_folder/berrybot-ros2/ros2_ws'
[0.159s] Level 1:colcon.colcon_core.package_identification:_identify(.) by extensions ['ignore', 'ignore_ament_install']
[0.159s] Level 1:colcon.colcon_core.package_identification:_identify(.) by extension 'ignore'
[0.159s] Level 1:colcon.colcon_core.package_identification:_identify(.) by extension 'ignore_ament_install'
[0.159s] Level 1:colcon.colcon_core.package_identification:_identify(.) by extensions ['colcon_pkg']
[0.159s] Level 1:colcon.colcon_core.package_identification:_identify(.) by extension 'colcon_pkg'
[0.159s] Level 1:colcon.colcon_core.package_identification:_identify(.) by extensions ['colcon_meta']
[0.159s] Level 1:colcon.colcon_core.package_identification:_identify(.) by extension 'colcon_meta'
[0.159s] Level 1:colcon.colcon_core.package_identification:_identify(.) by extensions ['ros']
[0.159s] Level 1:colcon.colcon_core.package_identification:_identify(.) by extension 'ros'
[0.166s] Level 1:colcon.colcon_core.package_identification:_identify(.) by extensions ['cmake', 'python']
[0.166s] Level 1:colcon.colcon_core.package_identification:_identify(.) by extension 'cmake'
[0.166s] Level 1:colcon.colcon_core.package_identification:_identify(.) by extension 'python'
[0.166s] Level 1:colcon.colcon_core.package_identification:_identify(.) by extensions ['python_setup_py']
[0.166s] Level 1:colcon.colcon_core.package_identification:_identify(.) by extension 'python_setup_py'
[0.166s] Level 1:colcon.colcon_core.package_identification:_identify(build) by extensions ['ignore', 'ignore_ament_install']
[0.166s] Level 1:colcon.colcon_core.package_identification:_identify(build) by extension 'ignore'
[0.166s] Level 1:colcon.colcon_core.package_identification:_identify(build) ignored
[0.166s] Level 1:colcon.colcon_core.package_identification:_identify(install) by extensions ['ignore', 'ignore_ament_install']
[0.166s] Level 1:colcon.colcon_core.package_identification:_identify(install) by extension 'ignore'
[0.166s] Level 1:colcon.colcon_core.package_identification:_identify(install) ignored
[0.166s] Level 1:colcon.colcon_core.package_identification:_identify(log) by extensions ['ignore', 'ignore_ament_install']
[0.166s] Level 1:colcon.colcon_core.package_identification:_identify(log) by extension 'ignore'
[0.166s] Level 1:colcon.colcon_core.package_identification:_identify(log) ignored
[0.166s] Level 1:colcon.colcon_core.package_identification:_identify(src) by extensions ['ignore', 'ignore_ament_install']
[0.166s] Level 1:colcon.colcon_core.package_identification:_identify(src) by extension 'ignore'
[0.166s] Level 1:colcon.colcon_core.package_identification:_identify(src) by extension 'ignore_ament_install'
[0.166s] Level 1:colcon.colcon_core.package_identification:_identify(src) by extensions ['colcon_pkg']
[0.166s] Level 1:colcon.colcon_core.package_identification:_identify(src) by extension 'colcon_pkg'
[0.166s] Level 1:colcon.colcon_core.package_identification:_identify(src) by extensions ['colcon_meta']
[0.166s] Level 1:colcon.colcon_core.package_identification:_identify(src) by extension 'colcon_meta'
[0.166s] Level 1:colcon.colcon_core.package_identification:_identify(src) by extensions ['ros']
[0.166s] Level 1:colcon.colcon_core.package_identification:_identify(src) by extension 'ros'
[0.166s] Level 1:colcon.colcon_core.package_identification:_identify(src) by extensions ['cmake', 'python']
[0.166s] Level 1:colcon.colcon_core.package_identification:_identify(src) by extension 'cmake'
[0.166s] Level 1:colcon.colcon_core.package_identification:_identify(src) by extension 'python'
[0.166s] Level 1:colcon.colcon_core.package_identification:_identify(src) by extensions ['python_setup_py']
[0.166s] Level 1:colcon.colcon_core.package_identification:_identify(src) by extension 'python_setup_py'
[0.167s] Level 1:colcon.colcon_core.package_identification:_identify(src/base_cmake) by extensions ['ignore', 'ignore_ament_install']
[0.167s] Level 1:colcon.colcon_core.package_identification:_identify(src/base_cmake) by extension 'ignore'
[0.167s] Level 1:colcon.colcon_core.package_identification:_identify(src/base_cmake) by extension 'ignore_ament_install'
[0.167s] Level 1:colcon.colcon_core.package_identification:_identify(src/base_cmake) by extensions ['colcon_pkg']
[0.167s] Level 1:colcon.colcon_core.package_identification:_identify(src/base_cmake) by extension 'colcon_pkg'
[0.167s] Level 1:colcon.colcon_core.package_identification:_identify(src/base_cmake) by extensions ['colcon_meta']
[0.167s] Level 1:colcon.colcon_core.package_identification:_identify(src/base_cmake) by extension 'colcon_meta'
[0.167s] Level 1:colcon.colcon_core.package_identification:_identify(src/base_cmake) by extensions ['ros']
[0.167s] Level 1:colcon.colcon_core.package_identification:_identify(src/base_cmake) by extension 'ros'
[0.168s] DEBUG:colcon.colcon_core.package_identification:Package 'src/base_cmake' with type 'ros.ament_cmake' and name 'base_cmake'
[0.168s] Level 1:colcon.colcon_core.package_identification:_identify(src/base_python) by extensions ['ignore', 'ignore_ament_install']
[0.168s] Level 1:colcon.colcon_core.package_identification:_identify(src/base_python) by extension 'ignore'
[0.168s] Level 1:colcon.colcon_core.package_identification:_identify(src/base_python) by extension 'ignore_ament_install'
[0.168s] Level 1:colcon.colcon_core.package_identification:_identify(src/base_python) by extensions ['colcon_pkg']
[0.168s] Level 1:colcon.colcon_core.package_identification:_identify(src/base_python) by extension 'colcon_pkg'
[0.168s] Level 1:colcon.colcon_core.package_identification:_identify(src/base_python) by extensions ['colcon_meta']
[0.168s] Level 1:colcon.colcon_core.package_identification:_identify(src/base_python) by extension 'colcon_meta'
[0.169s] Level 1:colcon.colcon_core.package_identification:_identify(src/base_python) by extensions ['ros']
[0.169s] Level 1:colcon.colcon_core.package_identification:_identify(src/base_python) by extension 'ros'
[0.169s] DEBUG:colcon.colcon_core.package_identification:Package 'src/base_python' with type 'ros.ament_python' and name 'base_python'
[0.169s] Level 1:colcon.colcon_core.package_identification:_identify(src/interfaces) by extensions ['ignore', 'ignore_ament_install']
[0.169s] Level 1:colcon.colcon_core.package_identification:_identify(src/interfaces) by extension 'ignore'
[0.169s] Level 1:colcon.colcon_core.package_identification:_identify(src/interfaces) by extension 'ignore_ament_install'
[0.169s] Level 1:colcon.colcon_core.package_identification:_identify(src/interfaces) by extensions ['colcon_pkg']
[0.169s] Level 1:colcon.colcon_core.package_identification:_identify(src/interfaces) by extension 'colcon_pkg'
[0.169s] Level 1:colcon.colcon_core.package_identification:_identify(src/interfaces) by extensions ['colcon_meta']
[0.169s] Level 1:colcon.colcon_core.package_identification:_identify(src/interfaces) by extension 'colcon_meta'
[0.169s] Level 1:colcon.colcon_core.package_identification:_identify(src/interfaces) by extensions ['ros']
[0.169s] Level 1:colcon.colcon_core.package_identification:_identify(src/interfaces) by extension 'ros'
[0.169s] DEBUG:colcon.colcon_core.package_identification:Package 'src/interfaces' with type 'ros.ament_cmake' and name 'interfaces'
[0.170s] Level 1:colcon.colcon_core.package_identification:_identify(src/simple_yolo) by extensions ['ignore', 'ignore_ament_install']
[0.170s] Level 1:colcon.colcon_core.package_identification:_identify(src/simple_yolo) by extension 'ignore'
[0.170s] Level 1:colcon.colcon_core.package_identification:_identify(src/simple_yolo) by extension 'ignore_ament_install'
[0.170s] Level 1:colcon.colcon_core.package_identification:_identify(src/simple_yolo) by extensions ['colcon_pkg']
[0.170s] Level 1:colcon.colcon_core.package_identification:_identify(src/simple_yolo) by extension 'colcon_pkg'
[0.170s] Level 1:colcon.colcon_core.package_identification:_identify(src/simple_yolo) by extensions ['colcon_meta']
[0.170s] Level 1:colcon.colcon_core.package_identification:_identify(src/simple_yolo) by extension 'colcon_meta'
[0.170s] Level 1:colcon.colcon_core.package_identification:_identify(src/simple_yolo) by extensions ['ros']
[0.170s] Level 1:colcon.colcon_core.package_identification:_identify(src/simple_yolo) by extension 'ros'
[0.170s] DEBUG:colcon.colcon_core.package_identification:Package 'src/simple_yolo' with type 'ros.ament_python' and name 'simple_yolo'
[0.170s] Level 1:colcon.colcon_core.package_discovery:discover_packages(recursive) using defaults
[0.170s] Level 1:colcon.colcon_core.package_discovery:discover_packages(ignore) discover
[0.170s] Level 1:colcon.colcon_core.package_discovery:discover_packages(ignore) using defaults
[0.170s] Level 1:colcon.colcon_core.package_discovery:discover_packages(path) discover
[0.170s] Level 1:colcon.colcon_core.package_discovery:discover_packages(path) using defaults
[0.188s] Level 1:colcon.colcon_core.package_discovery:discover_packages(prefix_path) check parameters
[0.188s] Level 1:colcon.colcon_core.package_discovery:discover_packages(prefix_path) discover
[0.190s] DEBUG:colcon.colcon_installed_package_information.package_discovery:Found 271 installed packages in /opt/ros/humble
[0.190s] Level 1:colcon.colcon_core.package_discovery:discover_packages(prefix_path) using defaults
[0.211s] Level 5:colcon.colcon_core.verb:set package 'base_cmake' build argument 'cmake_args' from command line to 'None'
[0.211s] Level 5:colcon.colcon_core.verb:set package 'base_cmake' build argument 'cmake_target' from command line to 'None'
[0.211s] Level 5:colcon.colcon_core.verb:set package 'base_cmake' build argument 'cmake_target_skip_unavailable' from command line to 'False'
[0.211s] Level 5:colcon.colcon_core.verb:set package 'base_cmake' build argument 'cmake_clean_cache' from command line to 'False'
[0.211s] Level 5:colcon.colcon_core.verb:set package 'base_cmake' build argument 'cmake_clean_first' from command line to 'False'
[0.211s] Level 5:colcon.colcon_core.verb:set package 'base_cmake' build argument 'cmake_force_configure' from command line to 'False'
[0.211s] Level 5:colcon.colcon_core.verb:set package 'base_cmake' build argument 'ament_cmake_args' from command line to 'None'
[0.211s] Level 5:colcon.colcon_core.verb:set package 'base_cmake' build argument 'catkin_cmake_args' from command line to 'None'
[0.211s] Level 5:colcon.colcon_core.verb:set package 'base_cmake' build argument 'catkin_skip_building_tests' from command line to 'False'
[0.211s] DEBUG:colcon.colcon_core.verb:Building package 'base_cmake' with the following arguments: {'ament_cmake_args': None, 'build_base': '/home/mj/Desktop/BerryBot/git_folder/berrybot-ros2/ros2_ws/build/base_cmake', 'catkin_cmake_args': None, 'catkin_skip_building_tests': False, 'cmake_args': None, 'cmake_clean_cache': False, 'cmake_clean_first': False, 'cmake_force_configure': False, 'cmake_target': None, 'cmake_target_skip_unavailable': False, 'install_base': '/home/mj/Desktop/BerryBot/git_folder/berrybot-ros2/ros2_ws/install/base_cmake', 'merge_install': False, 'path': '/home/mj/Desktop/BerryBot/git_folder/berrybot-ros2/ros2_ws/src/base_cmake', 'symlink_install': False, 'test_result_base': None}
[0.212s] Level 5:colcon.colcon_core.verb:set package 'base_python' build argument 'cmake_args' from command line to 'None'
[0.212s] Level 5:colcon.colcon_core.verb:set package 'base_python' build argument 'cmake_target' from command line to 'None'
[0.212s] Level 5:colcon.colcon_core.verb:set package 'base_python' build argument 'cmake_target_skip_unavailable' from command line to 'False'
[0.212s] Level 5:colcon.colcon_core.verb:set package 'base_python' build argument 'cmake_clean_cache' from command line to 'False'
[0.212s] Level 5:colcon.colcon_core.verb:set package 'base_python' build argument 'cmake_clean_first' from command line to 'False'
[0.212s] Level 5:colcon.colcon_core.verb:set package 'base_python' build argument 'cmake_force_configure' from command line to 'False'
[0.212s] Level 5:colcon.colcon_core.verb:set package 'base_python' build argument 'ament_cmake_args' from command line to 'None'
[0.212s] Level 5:colcon.colcon_core.verb:set package 'base_python' build argument 'catkin_cmake_args' from command line to 'None'
[0.212s] Level 5:colcon.colcon_core.verb:set package 'base_python' build argument 'catkin_skip_building_tests' from command line to 'False'
[0.212s] DEBUG:colcon.colcon_core.verb:Building package 'base_python' with the following arguments: {'ament_cmake_args': None, 'build_base': '/home/mj/Desktop/BerryBot/git_folder/berrybot-ros2/ros2_ws/build/base_python', 'catkin_cmake_args': None, 'catkin_skip_building_tests': False, 'cmake_args': None, 'cmake_clean_cache': False, 'cmake_clean_first': False, 'cmake_force_configure': False, 'cmake_target': None, 'cmake_target_skip_unavailable': False, 'install_base': '/home/mj/Desktop/BerryBot/git_folder/berrybot-ros2/ros2_ws/install/base_python', 'merge_install': False, 'path': '/home/mj/Desktop/BerryBot/git_folder/berrybot-ros2/ros2_ws/src/base_python', 'symlink_install': False, 'test_result_base': None}
[0.212s] Level 5:colcon.colcon_core.verb:set package 'interfaces' build argument 'cmake_args' from command line to 'None'
[0.212s] Level 5:colcon.colcon_core.verb:set package 'interfaces' build argument 'cmake_target' from command line to 'None'
[0.212s] Level 5:colcon.colcon_core.verb:set package 'interfaces' build argument 'cmake_target_skip_unavailable' from command line to 'False'
[0.212s] Level 5:colcon.colcon_core.verb:set package 'interfaces' build argument 'cmake_clean_cache' from command line to 'False'
[0.212s] Level 5:colcon.colcon_core.verb:set package 'interfaces' build argument 'cmake_clean_first' from command line to 'False'
[0.212s] Level 5:colcon.colcon_core.verb:set package 'interfaces' build argument 'cmake_force_configure' from command line to 'False'
[0.212s] Level 5:colcon.colcon_core.verb:set package 'interfaces' build argument 'ament_cmake_args' from command line to 'None'
[0.212s] Level 5:colcon.colcon_core.verb:set package 'interfaces' build argument 'catkin_cmake_args' from command line to 'None'
[0.212s] Level 5:colcon.colcon_core.verb:set package 'interfaces' build argument 'catkin_skip_building_tests' from command line to 'False'
[0.212s] DEBUG:colcon.colcon_core.verb:Building package 'interfaces' with the following arguments: {'ament_cmake_args': None, 'build_base': '/home/mj/Desktop/BerryBot/git_folder/berrybot-ros2/ros2_ws/build/interfaces', 'catkin_cmake_args': None, 'catkin_skip_building_tests': False, 'cmake_args': None, 'cmake_clean_cache': False, 'cmake_clean_first': False, 'cmake_force_configure': False, 'cmake_target': None, 'cmake_target_skip_unavailable': False, 'install_base': '/home/mj/Desktop/BerryBot/git_folder/berrybot-ros2/ros2_ws/install/interfaces', 'merge_install': False, 'path': '/home/mj/Desktop/BerryBot/git_folder/berrybot-ros2/ros2_ws/src/interfaces', 'symlink_install': False, 'test_result_base': None}
[0.212s] Level 5:colcon.colcon_core.verb:set package 'simple_yolo' build argument 'cmake_args' from command line to 'None'
[0.212s] Level 5:colcon.colcon_core.verb:set package 'simple_yolo' build argument 'cmake_target' from command line to 'None'
[0.212s] Level 5:colcon.colcon_core.verb:set package 'simple_yolo' build argument 'cmake_target_skip_unavailable' from command line to 'False'
[0.212s] Level 5:colcon.colcon_core.verb:set package 'simple_yolo' build argument 'cmake_clean_cache' from command line to 'False'
[0.212s] Level 5:colcon.colcon_core.verb:set package 'simple_yolo' build argument 'cmake_clean_first' from command line to 'False'
[0.212s] Level 5:colcon.colcon_core.verb:set package 'simple_yolo' build argument 'cmake_force_configure' from command line to 'False'
[0.212s] Level 5:colcon.colcon_core.verb:set package 'simple_yolo' build argument 'ament_cmake_args' from command line to 'None'
[0.212s] Level 5:colcon.colcon_core.verb:set package 'simple_yolo' build argument 'catkin_cmake_args' from command line to 'None'
[0.212s] Level 5:colcon.colcon_core.verb:set package 'simple_yolo' build argument 'catkin_skip_building_tests' from command line to 'False'
[0.212s] DEBUG:colcon.colcon_core.verb:Building package 'simple_yolo' with the following arguments: {'ament_cmake_args': None, 'build_base': '/home/mj/Desktop/BerryBot/git_folder/berrybot-ros2/ros2_ws/build/simple_yolo', 'catkin_cmake_args': None, 'catkin_skip_building_tests': False, 'cmake_args': None, 'cmake_clean_cache': False, 'cmake_clean_first': False, 'cmake_force_configure': False, 'cmake_target': None, 'cmake_target_skip_unavailable': False, 'install_base': '/home/mj/Desktop/BerryBot/git_folder/berrybot-ros2/ros2_ws/install/simple_yolo', 'merge_install': False, 'path': '/home/mj/Desktop/BerryBot/git_folder/berrybot-ros2/ros2_ws/src/simple_yolo', 'symlink_install': False, 'test_result_base': None}
[0.212s] INFO:colcon.colcon_core.executor:Executing jobs using 'parallel' executor
[0.213s] DEBUG:colcon.colcon_parallel_executor.executor.parallel:run_until_complete
[0.213s] INFO:colcon.colcon_ros.task.ament_cmake.build:Building ROS package in '/home/mj/Desktop/BerryBot/git_folder/berrybot-ros2/ros2_ws/src/interfaces' with build type 'ament_cmake'
[0.213s] INFO:colcon.colcon_cmake.task.cmake.build:Building CMake package in '/home/mj/Desktop/BerryBot/git_folder/berrybot-ros2/ros2_ws/src/interfaces'
[0.215s] INFO:colcon.colcon_core.plugin_system:Skipping extension 'colcon_core.shell.bat': Not used on non-Windows systems
[0.215s] INFO:colcon.colcon_core.shell:Skip shell extension 'powershell' for command environment: Not usable outside of PowerShell
[0.215s] DEBUG:colcon.colcon_core.shell:Skip shell extension 'dsv' for command environment
[0.218s] INFO:colcon.colcon_ros.task.ament_cmake.build:Building ROS package in '/home/mj/Desktop/BerryBot/git_folder/berrybot-ros2/ros2_ws/src/base_cmake' with build type 'ament_cmake'
[0.218s] INFO:colcon.colcon_cmake.task.cmake.build:Building CMake package in '/home/mj/Desktop/BerryBot/git_folder/berrybot-ros2/ros2_ws/src/base_cmake'
[0.218s] INFO:colcon.colcon_core.shell:Skip shell extension 'powershell' for command environment: Not usable outside of PowerShell
[0.218s] DEBUG:colcon.colcon_core.shell:Skip shell extension 'dsv' for command environment
[0.219s] INFO:colcon.colcon_ros.task.ament_python.build:Building ROS package in '/home/mj/Desktop/BerryBot/git_folder/berrybot-ros2/ros2_ws/src/base_python' with build type 'ament_python'
[0.219s] Level 1:colcon.colcon_core.shell:create_environment_hook('base_python', 'ament_prefix_path')
[0.220s] INFO:colcon.colcon_core.shell:Creating environment hook '/home/mj/Desktop/BerryBot/git_folder/berrybot-ros2/ros2_ws/install/base_python/share/base_python/hook/ament_prefix_path.ps1'
[0.220s] INFO:colcon.colcon_core.shell:Creating environment descriptor '/home/mj/Desktop/BerryBot/git_folder/berrybot-ros2/ros2_ws/install/base_python/share/base_python/hook/ament_prefix_path.dsv'
[0.220s] INFO:colcon.colcon_core.shell:Creating environment hook '/home/mj/Desktop/BerryBot/git_folder/berrybot-ros2/ros2_ws/install/base_python/share/base_python/hook/ament_prefix_path.sh'
[0.221s] INFO:colcon.colcon_core.shell:Skip shell extension 'powershell' for command environment: Not usable outside of PowerShell
[0.221s] DEBUG:colcon.colcon_core.shell:Skip shell extension 'dsv' for command environment
[0.226s] DEBUG:colcon.colcon_core.event_handler.log_command:Invoking command in '/home/mj/Desktop/BerryBot/git_folder/berrybot-ros2/ros2_ws/build/interfaces': CMAKE_PREFIX_PATH=/opt/ros/humble /usr/bin/cmake /home/mj/Desktop/BerryBot/git_folder/berrybot-ros2/ros2_ws/src/interfaces -DCMAKE_INSTALL_PREFIX=/home/mj/Desktop/BerryBot/git_folder/berrybot-ros2/ros2_ws/install/interfaces
[0.230s] DEBUG:colcon.colcon_core.event_handler.log_command:Invoking command in '/home/mj/Desktop/BerryBot/git_folder/berrybot-ros2/ros2_ws/build/base_cmake': CMAKE_PREFIX_PATH=/opt/ros/humble /usr/bin/cmake /home/mj/Desktop/BerryBot/git_folder/berrybot-ros2/ros2_ws/src/base_cmake -DCMAKE_INSTALL_PREFIX=/home/mj/Desktop/BerryBot/git_folder/berrybot-ros2/ros2_ws/install/base_cmake
[0.437s] INFO:colcon.colcon_core.task.python.build:Building Python package in '/home/mj/Desktop/BerryBot/git_folder/berrybot-ros2/ros2_ws/src/base_python'
[0.437s] INFO:colcon.colcon_core.shell:Skip shell extension 'powershell' for command environment: Not usable outside of PowerShell
[0.437s] DEBUG:colcon.colcon_core.shell:Skip shell extension 'dsv' for command environment
[0.696s] DEBUG:colcon.colcon_core.event_handler.log_command:Invoking command in '/home/mj/Desktop/BerryBot/git_folder/berrybot-ros2/ros2_ws/src/base_python': PYTHONPATH=/home/mj/Desktop/BerryBot/git_folder/berrybot-ros2/ros2_ws/build/base_python/prefix_override:/usr/lib/python3/dist-packages/colcon_core/task/python/colcon_distutils_commands:/home/mj/Desktop/BerryBot/git_folder/berrybot-ros2/ros2_ws/install/base_python/lib/python3.10/site-packages:${PYTHONPATH} /usr/bin/python3 -W ignore:setup.py install is deprecated -W ignore:easy_install command is deprecated setup.py egg_info --egg-base ../../build/base_python build --build-base /home/mj/Desktop/BerryBot/git_folder/berrybot-ros2/ros2_ws/build/base_python/build install --record /home/mj/Desktop/BerryBot/git_folder/berrybot-ros2/ros2_ws/build/base_python/install.log --single-version-externally-managed install_data
[0.702s] DEBUG:colcon.colcon_core.event_handler.log_command:Invoked command in '/home/mj/Desktop/BerryBot/git_folder/berrybot-ros2/ros2_ws/build/base_cmake' returned '0': CMAKE_PREFIX_PATH=/opt/ros/humble /usr/bin/cmake /home/mj/Desktop/BerryBot/git_folder/berrybot-ros2/ros2_ws/src/base_cmake -DCMAKE_INSTALL_PREFIX=/home/mj/Desktop/BerryBot/git_folder/berrybot-ros2/ros2_ws/install/base_cmake
[0.704s] DEBUG:colcon.colcon_core.event_handler.log_command:Invoking command in '/home/mj/Desktop/BerryBot/git_folder/berrybot-ros2/ros2_ws/build/base_cmake': CMAKE_PREFIX_PATH=/opt/ros/humble /usr/bin/cmake --build /home/mj/Desktop/BerryBot/git_folder/berrybot-ros2/ros2_ws/build/base_cmake -- -j18 -l18
[0.740s] DEBUG:colcon.colcon_core.event_handler.log_command:Invoked command in '/home/mj/Desktop/BerryBot/git_folder/berrybot-ros2/ros2_ws/build/base_cmake' returned '0': CMAKE_PREFIX_PATH=/opt/ros/humble /usr/bin/cmake --build /home/mj/Desktop/BerryBot/git_folder/berrybot-ros2/ros2_ws/build/base_cmake -- -j18 -l18
[0.747s] DEBUG:colcon.colcon_core.event_handler.log_command:Invoking command in '/home/mj/Desktop/BerryBot/git_folder/berrybot-ros2/ros2_ws/build/base_cmake': CMAKE_PREFIX_PATH=/opt/ros/humble /usr/bin/cmake --install /home/mj/Desktop/BerryBot/git_folder/berrybot-ros2/ros2_ws/build/base_cmake
[0.754s] Level 1:colcon.colcon_core.environment:create_environment_scripts_only(base_cmake)
[0.754s] DEBUG:colcon.colcon_core.event_handler.log_command:Invoked command in '/home/mj/Desktop/BerryBot/git_folder/berrybot-ros2/ros2_ws/build/base_cmake' returned '0': CMAKE_PREFIX_PATH=/opt/ros/humble /usr/bin/cmake --install /home/mj/Desktop/BerryBot/git_folder/berrybot-ros2/ros2_ws/build/base_cmake
[0.755s] Level 1:colcon.colcon_core.environment:checking '/home/mj/Desktop/BerryBot/git_folder/berrybot-ros2/ros2_ws/install/base_cmake' for CMake module files
[0.755s] Level 1:colcon.colcon_core.environment:checking '/home/mj/Desktop/BerryBot/git_folder/berrybot-ros2/ros2_ws/install/base_cmake' for CMake config files
[0.755s] Level 1:colcon.colcon_core.shell:create_environment_hook('base_cmake', 'cmake_prefix_path')
[0.756s] INFO:colcon.colcon_core.shell:Creating environment hook '/home/mj/Desktop/BerryBot/git_folder/berrybot-ros2/ros2_ws/install/base_cmake/share/base_cmake/hook/cmake_prefix_path.ps1'
[0.756s] INFO:colcon.colcon_core.shell:Creating environment descriptor '/home/mj/Desktop/BerryBot/git_folder/berrybot-ros2/ros2_ws/install/base_cmake/share/base_cmake/hook/cmake_prefix_path.dsv'
[0.756s] INFO:colcon.colcon_core.shell:Creating environment hook '/home/mj/Desktop/BerryBot/git_folder/berrybot-ros2/ros2_ws/install/base_cmake/share/base_cmake/hook/cmake_prefix_path.sh'
[0.756s] Level 1:colcon.colcon_core.environment:checking '/home/mj/Desktop/BerryBot/git_folder/berrybot-ros2/ros2_ws/install/base_cmake/bin'
[0.756s] Level 1:colcon.colcon_core.environment:checking '/home/mj/Desktop/BerryBot/git_folder/berrybot-ros2/ros2_ws/install/base_cmake/lib/pkgconfig/base_cmake.pc'
[0.757s] Level 1:colcon.colcon_core.environment:checking '/home/mj/Desktop/BerryBot/git_folder/berrybot-ros2/ros2_ws/install/base_cmake/lib/python3.10/site-packages'
[0.757s] Level 1:colcon.colcon_core.environment:checking '/home/mj/Desktop/BerryBot/git_folder/berrybot-ros2/ros2_ws/install/base_cmake/bin'
[0.757s] INFO:colcon.colcon_core.shell:Creating package script '/home/mj/Desktop/BerryBot/git_folder/berrybot-ros2/ros2_ws/install/base_cmake/share/base_cmake/package.ps1'
[0.757s] INFO:colcon.colcon_core.shell:Creating package descriptor '/home/mj/Desktop/BerryBot/git_folder/berrybot-ros2/ros2_ws/install/base_cmake/share/base_cmake/package.dsv'
[0.758s] INFO:colcon.colcon_core.shell:Creating package script '/home/mj/Desktop/BerryBot/git_folder/berrybot-ros2/ros2_ws/install/base_cmake/share/base_cmake/package.sh'
[0.758s] INFO:colcon.colcon_core.shell:Creating package script '/home/mj/Desktop/BerryBot/git_folder/berrybot-ros2/ros2_ws/install/base_cmake/share/base_cmake/package.bash'
[0.758s] INFO:colcon.colcon_core.shell:Creating package script '/home/mj/Desktop/BerryBot/git_folder/berrybot-ros2/ros2_ws/install/base_cmake/share/base_cmake/package.zsh'
[0.759s] Level 1:colcon.colcon_core.environment:create_file_with_runtime_dependencies(/home/mj/Desktop/BerryBot/git_folder/berrybot-ros2/ros2_ws/install/base_cmake/share/colcon-core/packages/base_cmake)
[0.759s] Level 1:colcon.colcon_core.environment:create_environment_scripts_only(base_cmake)
[0.759s] Level 1:colcon.colcon_core.environment:checking '/home/mj/Desktop/BerryBot/git_folder/berrybot-ros2/ros2_ws/install/base_cmake' for CMake module files
[0.760s] Level 1:colcon.colcon_core.environment:checking '/home/mj/Desktop/BerryBot/git_folder/berrybot-ros2/ros2_ws/install/base_cmake' for CMake config files
[0.760s] Level 1:colcon.colcon_core.shell:create_environment_hook('base_cmake', 'cmake_prefix_path')
[0.760s] INFO:colcon.colcon_core.shell:Creating environment hook '/home/mj/Desktop/BerryBot/git_folder/berrybot-ros2/ros2_ws/install/base_cmake/share/base_cmake/hook/cmake_prefix_path.ps1'
[0.760s] INFO:colcon.colcon_core.shell:Creating environment descriptor '/home/mj/Desktop/BerryBot/git_folder/berrybot-ros2/ros2_ws/install/base_cmake/share/base_cmake/hook/cmake_prefix_path.dsv'
[0.760s] INFO:colcon.colcon_core.shell:Creating environment hook '/home/mj/Desktop/BerryBot/git_folder/berrybot-ros2/ros2_ws/install/base_cmake/share/base_cmake/hook/cmake_prefix_path.sh'
[0.761s] Level 1:colcon.colcon_core.environment:checking '/home/mj/Desktop/BerryBot/git_folder/berrybot-ros2/ros2_ws/install/base_cmake/bin'
[0.761s] Level 1:colcon.colcon_core.environment:checking '/home/mj/Desktop/BerryBot/git_folder/berrybot-ros2/ros2_ws/install/base_cmake/lib/pkgconfig/base_cmake.pc'
[0.761s] Level 1:colcon.colcon_core.environment:checking '/home/mj/Desktop/BerryBot/git_folder/berrybot-ros2/ros2_ws/install/base_cmake/lib/python3.10/site-packages'
[0.761s] Level 1:colcon.colcon_core.environment:checking '/home/mj/Desktop/BerryBot/git_folder/berrybot-ros2/ros2_ws/install/base_cmake/bin'
[0.761s] INFO:colcon.colcon_core.shell:Creating package script '/home/mj/Desktop/BerryBot/git_folder/berrybot-ros2/ros2_ws/install/base_cmake/share/base_cmake/package.ps1'
[0.761s] INFO:colcon.colcon_core.shell:Creating package descriptor '/home/mj/Desktop/BerryBot/git_folder/berrybot-ros2/ros2_ws/install/base_cmake/share/base_cmake/package.dsv'
[0.761s] INFO:colcon.colcon_core.shell:Creating package script '/home/mj/Desktop/BerryBot/git_folder/berrybot-ros2/ros2_ws/install/base_cmake/share/base_cmake/package.sh'
[0.762s] INFO:colcon.colcon_core.shell:Creating package script '/home/mj/Desktop/BerryBot/git_folder/berrybot-ros2/ros2_ws/install/base_cmake/share/base_cmake/package.bash'
[0.762s] INFO:colcon.colcon_core.shell:Creating package script '/home/mj/Desktop/BerryBot/git_folder/berrybot-ros2/ros2_ws/install/base_cmake/share/base_cmake/package.zsh'
[0.762s] Level 1:colcon.colcon_core.environment:create_file_with_runtime_dependencies(/home/mj/Desktop/BerryBot/git_folder/berrybot-ros2/ros2_ws/install/base_cmake/share/colcon-core/packages/base_cmake)
[0.909s] Level 1:colcon.colcon_core.environment:checking '/home/mj/Desktop/BerryBot/git_folder/berrybot-ros2/ros2_ws/install/base_python' for CMake module files
[0.910s] Level 1:colcon.colcon_core.environment:checking '/home/mj/Desktop/BerryBot/git_folder/berrybot-ros2/ros2_ws/install/base_python' for CMake config files
[0.911s] DEBUG:colcon.colcon_core.event_handler.log_command:Invoked command in '/home/mj/Desktop/BerryBot/git_folder/berrybot-ros2/ros2_ws/src/base_python' returned '0': PYTHONPATH=/home/mj/Desktop/BerryBot/git_folder/berrybot-ros2/ros2_ws/build/base_python/prefix_override:/usr/lib/python3/dist-packages/colcon_core/task/python/colcon_distutils_commands:/home/mj/Desktop/BerryBot/git_folder/berrybot-ros2/ros2_ws/install/base_python/lib/python3.10/site-packages:${PYTHONPATH} /usr/bin/python3 -W ignore:setup.py install is deprecated -W ignore:easy_install command is deprecated setup.py egg_info --egg-base ../../build/base_python build --build-base /home/mj/Desktop/BerryBot/git_folder/berrybot-ros2/ros2_ws/build/base_python/build install --record /home/mj/Desktop/BerryBot/git_folder/berrybot-ros2/ros2_ws/build/base_python/install.log --single-version-externally-managed install_data
[0.911s] Level 1:colcon.colcon_core.environment:checking '/home/mj/Desktop/BerryBot/git_folder/berrybot-ros2/ros2_ws/install/base_python/lib'
[0.911s] Level 1:colcon.colcon_core.environment:checking '/home/mj/Desktop/BerryBot/git_folder/berrybot-ros2/ros2_ws/install/base_python/bin'
[0.911s] Level 1:colcon.colcon_core.environment:checking '/home/mj/Desktop/BerryBot/git_folder/berrybot-ros2/ros2_ws/install/base_python/lib/pkgconfig/base_python.pc'
[0.911s] Level 1:colcon.colcon_core.environment:checking '/home/mj/Desktop/BerryBot/git_folder/berrybot-ros2/ros2_ws/install/base_python/lib/python3.10/site-packages'
[0.911s] Level 1:colcon.colcon_core.shell:create_environment_hook('base_python', 'pythonpath')
[0.912s] INFO:colcon.colcon_core.shell:Creating environment hook '/home/mj/Desktop/BerryBot/git_folder/berrybot-ros2/ros2_ws/install/base_python/share/base_python/hook/pythonpath.ps1'
[0.912s] INFO:colcon.colcon_core.shell:Creating environment descriptor '/home/mj/Desktop/BerryBot/git_folder/berrybot-ros2/ros2_ws/install/base_python/share/base_python/hook/pythonpath.dsv'
[0.912s] INFO:colcon.colcon_core.shell:Creating environment hook '/home/mj/Desktop/BerryBot/git_folder/berrybot-ros2/ros2_ws/install/base_python/share/base_python/hook/pythonpath.sh'
[0.912s] Level 1:colcon.colcon_core.environment:checking '/home/mj/Desktop/BerryBot/git_folder/berrybot-ros2/ros2_ws/install/base_python/bin'
[0.912s] Level 1:colcon.colcon_core.environment:create_environment_scripts_only(base_python)
[0.913s] INFO:colcon.colcon_core.shell:Creating package script '/home/mj/Desktop/BerryBot/git_folder/berrybot-ros2/ros2_ws/install/base_python/share/base_python/package.ps1'
[0.913s] INFO:colcon.colcon_core.shell:Creating package descriptor '/home/mj/Desktop/BerryBot/git_folder/berrybot-ros2/ros2_ws/install/base_python/share/base_python/package.dsv'
[0.913s] INFO:colcon.colcon_core.shell:Creating package script '/home/mj/Desktop/BerryBot/git_folder/berrybot-ros2/ros2_ws/install/base_python/share/base_python/package.sh'
[0.913s] INFO:colcon.colcon_core.shell:Creating package script '/home/mj/Desktop/BerryBot/git_folder/berrybot-ros2/ros2_ws/install/base_python/share/base_python/package.bash'
[0.913s] INFO:colcon.colcon_core.shell:Creating package script '/home/mj/Desktop/BerryBot/git_folder/berrybot-ros2/ros2_ws/install/base_python/share/base_python/package.zsh'
[0.914s] Level 1:colcon.colcon_core.environment:create_file_with_runtime_dependencies(/home/mj/Desktop/BerryBot/git_folder/berrybot-ros2/ros2_ws/install/base_python/share/colcon-core/packages/base_python)
[1.604s] DEBUG:colcon.colcon_core.event_handler.log_command:Invoked command in '/home/mj/Desktop/BerryBot/git_folder/berrybot-ros2/ros2_ws/build/interfaces' returned '0': CMAKE_PREFIX_PATH=/opt/ros/humble /usr/bin/cmake /home/mj/Desktop/BerryBot/git_folder/berrybot-ros2/ros2_ws/src/interfaces -DCMAKE_INSTALL_PREFIX=/home/mj/Desktop/BerryBot/git_folder/berrybot-ros2/ros2_ws/install/interfaces
[1.607s] DEBUG:colcon.colcon_core.event_handler.log_command:Invoking command in '/home/mj/Desktop/BerryBot/git_folder/berrybot-ros2/ros2_ws/build/interfaces': CMAKE_PREFIX_PATH=/opt/ros/humble /usr/bin/cmake --build /home/mj/Desktop/BerryBot/git_folder/berrybot-ros2/ros2_ws/build/interfaces -- -j18 -l18
[4.185s] DEBUG:colcon.colcon_core.event_handler.log_command:Invoked command in '/home/mj/Desktop/BerryBot/git_folder/berrybot-ros2/ros2_ws/build/interfaces' returned '0': CMAKE_PREFIX_PATH=/opt/ros/humble /usr/bin/cmake --build /home/mj/Desktop/BerryBot/git_folder/berrybot-ros2/ros2_ws/build/interfaces -- -j18 -l18
[4.185s] DEBUG:colcon.colcon_core.event_handler.log_command:Invoking command in '/home/mj/Desktop/BerryBot/git_folder/berrybot-ros2/ros2_ws/build/interfaces': CMAKE_PREFIX_PATH=/opt/ros/humble /usr/bin/cmake --install /home/mj/Desktop/BerryBot/git_folder/berrybot-ros2/ros2_ws/build/interfaces
[4.232s] Level 1:colcon.colcon_core.environment:create_environment_scripts_only(interfaces)
[4.232s] DEBUG:colcon.colcon_core.event_handler.log_command:Invoked command in '/home/mj/Desktop/BerryBot/git_folder/berrybot-ros2/ros2_ws/build/interfaces' returned '0': CMAKE_PREFIX_PATH=/opt/ros/humble /usr/bin/cmake --install /home/mj/Desktop/BerryBot/git_folder/berrybot-ros2/ros2_ws/build/interfaces
[4.233s] Level 1:colcon.colcon_core.environment:checking '/home/mj/Desktop/BerryBot/git_folder/berrybot-ros2/ros2_ws/install/interfaces' for CMake module files
[4.233s] Level 1:colcon.colcon_core.environment:checking '/home/mj/Desktop/BerryBot/git_folder/berrybot-ros2/ros2_ws/install/interfaces' for CMake config files
[4.234s] Level 1:colcon.colcon_core.shell:create_environment_hook('interfaces', 'cmake_prefix_path')
[4.234s] INFO:colcon.colcon_core.shell:Creating environment hook '/home/mj/Desktop/BerryBot/git_folder/berrybot-ros2/ros2_ws/install/interfaces/share/interfaces/hook/cmake_prefix_path.ps1'
[4.235s] INFO:colcon.colcon_core.shell:Creating environment descriptor '/home/mj/Desktop/BerryBot/git_folder/berrybot-ros2/ros2_ws/install/interfaces/share/interfaces/hook/cmake_prefix_path.dsv'
[4.235s] INFO:colcon.colcon_core.shell:Creating environment hook '/home/mj/Desktop/BerryBot/git_folder/berrybot-ros2/ros2_ws/install/interfaces/share/interfaces/hook/cmake_prefix_path.sh'
[4.235s] Level 1:colcon.colcon_core.environment:checking '/home/mj/Desktop/BerryBot/git_folder/berrybot-ros2/ros2_ws/install/interfaces/lib'
[4.236s] Level 1:colcon.colcon_core.shell:create_environment_hook('interfaces', 'ld_library_path_lib')
[4.236s] INFO:colcon.colcon_core.shell:Creating environment hook '/home/mj/Desktop/BerryBot/git_folder/berrybot-ros2/ros2_ws/install/interfaces/share/interfaces/hook/ld_library_path_lib.ps1'
[4.236s] INFO:colcon.colcon_core.shell:Creating environment descriptor '/home/mj/Desktop/BerryBot/git_folder/berrybot-ros2/ros2_ws/install/interfaces/share/interfaces/hook/ld_library_path_lib.dsv'
[4.237s] INFO:colcon.colcon_core.shell:Creating environment hook '/home/mj/Desktop/BerryBot/git_folder/berrybot-ros2/ros2_ws/install/interfaces/share/interfaces/hook/ld_library_path_lib.sh'
[4.237s] Level 1:colcon.colcon_core.environment:checking '/home/mj/Desktop/BerryBot/git_folder/berrybot-ros2/ros2_ws/install/interfaces/bin'
[4.237s] Level 1:colcon.colcon_core.environment:checking '/home/mj/Desktop/BerryBot/git_folder/berrybot-ros2/ros2_ws/install/interfaces/lib/pkgconfig/interfaces.pc'
[4.237s] Level 1:colcon.colcon_core.environment:checking '/home/mj/Desktop/BerryBot/git_folder/berrybot-ros2/ros2_ws/install/interfaces/lib/python3.10/site-packages'
[4.237s] Level 1:colcon.colcon_core.environment:checking '/home/mj/Desktop/BerryBot/git_folder/berrybot-ros2/ros2_ws/install/interfaces/bin'
[4.238s] INFO:colcon.colcon_core.shell:Creating package script '/home/mj/Desktop/BerryBot/git_folder/berrybot-ros2/ros2_ws/install/interfaces/share/interfaces/package.ps1'
[4.238s] INFO:colcon.colcon_core.shell:Creating package descriptor '/home/mj/Desktop/BerryBot/git_folder/berrybot-ros2/ros2_ws/install/interfaces/share/interfaces/package.dsv'
[4.238s] INFO:colcon.colcon_core.shell:Creating package script '/home/mj/Desktop/BerryBot/git_folder/berrybot-ros2/ros2_ws/install/interfaces/share/interfaces/package.sh'
[4.238s] INFO:colcon.colcon_core.shell:Creating package script '/home/mj/Desktop/BerryBot/git_folder/berrybot-ros2/ros2_ws/install/interfaces/share/interfaces/package.bash'
[4.238s] INFO:colcon.colcon_core.shell:Creating package script '/home/mj/Desktop/BerryBot/git_folder/berrybot-ros2/ros2_ws/install/interfaces/share/interfaces/package.zsh'
[4.239s] Level 1:colcon.colcon_core.environment:create_file_with_runtime_dependencies(/home/mj/Desktop/BerryBot/git_folder/berrybot-ros2/ros2_ws/install/interfaces/share/colcon-core/packages/interfaces)
[4.239s] Level 1:colcon.colcon_core.environment:create_environment_scripts_only(interfaces)
[4.239s] Level 1:colcon.colcon_core.environment:checking '/home/mj/Desktop/BerryBot/git_folder/berrybot-ros2/ros2_ws/install/interfaces' for CMake module files
[4.239s] Level 1:colcon.colcon_core.environment:checking '/home/mj/Desktop/BerryBot/git_folder/berrybot-ros2/ros2_ws/install/interfaces' for CMake config files
[4.239s] Level 1:colcon.colcon_core.shell:create_environment_hook('interfaces', 'cmake_prefix_path')
[4.240s] INFO:colcon.colcon_core.shell:Creating environment hook '/home/mj/Desktop/BerryBot/git_folder/berrybot-ros2/ros2_ws/install/interfaces/share/interfaces/hook/cmake_prefix_path.ps1'
[4.240s] INFO:colcon.colcon_core.shell:Creating environment descriptor '/home/mj/Desktop/BerryBot/git_folder/berrybot-ros2/ros2_ws/install/interfaces/share/interfaces/hook/cmake_prefix_path.dsv'
[4.240s] INFO:colcon.colcon_core.shell:Creating environment hook '/home/mj/Desktop/BerryBot/git_folder/berrybot-ros2/ros2_ws/install/interfaces/share/interfaces/hook/cmake_prefix_path.sh'
[4.240s] Level 1:colcon.colcon_core.environment:checking '/home/mj/Desktop/BerryBot/git_folder/berrybot-ros2/ros2_ws/install/interfaces/lib'
[4.240s] Level 1:colcon.colcon_core.shell:create_environment_hook('interfaces', 'ld_library_path_lib')
[4.240s] INFO:colcon.colcon_core.shell:Creating environment hook '/home/mj/Desktop/BerryBot/git_folder/berrybot-ros2/ros2_ws/install/interfaces/share/interfaces/hook/ld_library_path_lib.ps1'
[4.241s] INFO:colcon.colcon_core.shell:Creating environment descriptor '/home/mj/Desktop/BerryBot/git_folder/berrybot-ros2/ros2_ws/install/interfaces/share/interfaces/hook/ld_library_path_lib.dsv'
[4.241s] INFO:colcon.colcon_core.shell:Creating environment hook '/home/mj/Desktop/BerryBot/git_folder/berrybot-ros2/ros2_ws/install/interfaces/share/interfaces/hook/ld_library_path_lib.sh'
[4.241s] Level 1:colcon.colcon_core.environment:checking '/home/mj/Desktop/BerryBot/git_folder/berrybot-ros2/ros2_ws/install/interfaces/bin'
[4.241s] Level 1:colcon.colcon_core.environment:checking '/home/mj/Desktop/BerryBot/git_folder/berrybot-ros2/ros2_ws/install/interfaces/lib/pkgconfig/interfaces.pc'
[4.241s] Level 1:colcon.colcon_core.environment:checking '/home/mj/Desktop/BerryBot/git_folder/berrybot-ros2/ros2_ws/install/interfaces/lib/python3.10/site-packages'
[4.241s] Level 1:colcon.colcon_core.environment:checking '/home/mj/Desktop/BerryBot/git_folder/berrybot-ros2/ros2_ws/install/interfaces/bin'
[4.241s] INFO:colcon.colcon_core.shell:Creating package script '/home/mj/Desktop/BerryBot/git_folder/berrybot-ros2/ros2_ws/install/interfaces/share/interfaces/package.ps1'
[4.242s] INFO:colcon.colcon_core.shell:Creating package descriptor '/home/mj/Desktop/BerryBot/git_folder/berrybot-ros2/ros2_ws/install/interfaces/share/interfaces/package.dsv'
[4.242s] INFO:colcon.colcon_core.shell:Creating package script '/home/mj/Desktop/BerryBot/git_folder/berrybot-ros2/ros2_ws/install/interfaces/share/interfaces/package.sh'
[4.242s] INFO:colcon.colcon_core.shell:Creating package script '/home/mj/Desktop/BerryBot/git_folder/berrybot-ros2/ros2_ws/install/interfaces/share/interfaces/package.bash'
[4.242s] INFO:colcon.colcon_core.shell:Creating package script '/home/mj/Desktop/BerryBot/git_folder/berrybot-ros2/ros2_ws/install/interfaces/share/interfaces/package.zsh'
[4.243s] Level 1:colcon.colcon_core.environment:create_file_with_runtime_dependencies(/home/mj/Desktop/BerryBot/git_folder/berrybot-ros2/ros2_ws/install/interfaces/share/colcon-core/packages/interfaces)
[4.243s] INFO:colcon.colcon_ros.task.ament_python.build:Building ROS package in '/home/mj/Desktop/BerryBot/git_folder/berrybot-ros2/ros2_ws/src/simple_yolo' with build type 'ament_python'
[4.243s] Level 1:colcon.colcon_core.shell:create_environment_hook('simple_yolo', 'ament_prefix_path')
[4.243s] INFO:colcon.colcon_core.shell:Creating environment hook '/home/mj/Desktop/BerryBot/git_folder/berrybot-ros2/ros2_ws/install/simple_yolo/share/simple_yolo/hook/ament_prefix_path.ps1'
[4.244s] INFO:colcon.colcon_core.shell:Creating environment descriptor '/home/mj/Desktop/BerryBot/git_folder/berrybot-ros2/ros2_ws/install/simple_yolo/share/simple_yolo/hook/ament_prefix_path.dsv'
[4.244s] INFO:colcon.colcon_core.shell:Creating environment hook '/home/mj/Desktop/BerryBot/git_folder/berrybot-ros2/ros2_ws/install/simple_yolo/share/simple_yolo/hook/ament_prefix_path.sh'
[4.244s] INFO:colcon.colcon_core.shell:Skip shell extension 'powershell' for command environment: Not usable outside of PowerShell
[4.244s] DEBUG:colcon.colcon_core.shell:Skip shell extension 'dsv' for command environment
[4.418s] INFO:colcon.colcon_core.task.python.build:Building Python package in '/home/mj/Desktop/BerryBot/git_folder/berrybot-ros2/ros2_ws/src/simple_yolo'
[4.419s] INFO:colcon.colcon_core.shell:Skip shell extension 'powershell' for command environment: Not usable outside of PowerShell
[4.419s] DEBUG:colcon.colcon_core.shell:Skip shell extension 'dsv' for command environment
[4.687s] DEBUG:colcon.colcon_core.event_handler.log_command:Invoking command in '/home/mj/Desktop/BerryBot/git_folder/berrybot-ros2/ros2_ws/src/simple_yolo': AMENT_PREFIX_PATH=/home/mj/Desktop/BerryBot/git_folder/berrybot-ros2/ros2_ws/install/interfaces:${AMENT_PREFIX_PATH} CMAKE_PREFIX_PATH=/home/mj/Desktop/BerryBot/git_folder/berrybot-ros2/ros2_ws/install/interfaces LD_LIBRARY_PATH=/home/mj/Desktop/BerryBot/git_folder/berrybot-ros2/ros2_ws/install/interfaces/lib:${LD_LIBRARY_PATH} PYTHONPATH=/home/mj/Desktop/BerryBot/git_folder/berrybot-ros2/ros2_ws/build/simple_yolo/prefix_override:/usr/lib/python3/dist-packages/colcon_core/task/python/colcon_distutils_commands:/home/mj/Desktop/BerryBot/git_folder/berrybot-ros2/ros2_ws/install/simple_yolo/lib/python3.10/site-packages:/home/mj/Desktop/BerryBot/git_folder/berrybot-ros2/ros2_ws/install/interfaces/local/lib/python3.10/dist-packages:${PYTHONPATH} /usr/bin/python3 -W ignore:setup.py install is deprecated -W ignore:easy_install command is deprecated setup.py egg_info --egg-base ../../build/simple_yolo build --build-base /home/mj/Desktop/BerryBot/git_folder/berrybot-ros2/ros2_ws/build/simple_yolo/build install --record /home/mj/Desktop/BerryBot/git_folder/berrybot-ros2/ros2_ws/build/simple_yolo/install.log --single-version-externally-managed install_data
[5.117s] Level 1:colcon.colcon_core.environment:checking '/home/mj/Desktop/BerryBot/git_folder/berrybot-ros2/ros2_ws/install/simple_yolo' for CMake module files
[5.118s] DEBUG:colcon.colcon_core.event_handler.log_command:Invoked command in '/home/mj/Desktop/BerryBot/git_folder/berrybot-ros2/ros2_ws/src/simple_yolo' returned '0': AMENT_PREFIX_PATH=/home/mj/Desktop/BerryBot/git_folder/berrybot-ros2/ros2_ws/install/interfaces:${AMENT_PREFIX_PATH} CMAKE_PREFIX_PATH=/home/mj/Desktop/BerryBot/git_folder/berrybot-ros2/ros2_ws/install/interfaces LD_LIBRARY_PATH=/home/mj/Desktop/BerryBot/git_folder/berrybot-ros2/ros2_ws/install/interfaces/lib:${LD_LIBRARY_PATH} PYTHONPATH=/home/mj/Desktop/BerryBot/git_folder/berrybot-ros2/ros2_ws/build/simple_yolo/prefix_override:/usr/lib/python3/dist-packages/colcon_core/task/python/colcon_distutils_commands:/home/mj/Desktop/BerryBot/git_folder/berrybot-ros2/ros2_ws/install/simple_yolo/lib/python3.10/site-packages:/home/mj/Desktop/BerryBot/git_folder/berrybot-ros2/ros2_ws/install/interfaces/local/lib/python3.10/dist-packages:${PYTHONPATH} /usr/bin/python3 -W ignore:setup.py install is deprecated -W ignore:easy_install command is deprecated setup.py egg_info --egg-base ../../build/simple_yolo build --build-base /home/mj/Desktop/BerryBot/git_folder/berrybot-ros2/ros2_ws/build/simple_yolo/build install --record /home/mj/Desktop/BerryBot/git_folder/berrybot-ros2/ros2_ws/build/simple_yolo/install.log --single-version-externally-managed install_data
[5.118s] Level 1:colcon.colcon_core.environment:checking '/home/mj/Desktop/BerryBot/git_folder/berrybot-ros2/ros2_ws/install/simple_yolo' for CMake config files
[5.120s] Level 1:colcon.colcon_core.environment:checking '/home/mj/Desktop/BerryBot/git_folder/berrybot-ros2/ros2_ws/install/simple_yolo/lib'
[5.120s] Level 1:colcon.colcon_core.environment:checking '/home/mj/Desktop/BerryBot/git_folder/berrybot-ros2/ros2_ws/install/simple_yolo/bin'
[5.120s] Level 1:colcon.colcon_core.environment:checking '/home/mj/Desktop/BerryBot/git_folder/berrybot-ros2/ros2_ws/install/simple_yolo/lib/pkgconfig/simple_yolo.pc'
[5.120s] Level 1:colcon.colcon_core.environment:checking '/home/mj/Desktop/BerryBot/git_folder/berrybot-ros2/ros2_ws/install/simple_yolo/lib/python3.10/site-packages'
[5.120s] Level 1:colcon.colcon_core.shell:create_environment_hook('simple_yolo', 'pythonpath')
[5.121s] INFO:colcon.colcon_core.shell:Creating environment hook '/home/mj/Desktop/BerryBot/git_folder/berrybot-ros2/ros2_ws/install/simple_yolo/share/simple_yolo/hook/pythonpath.ps1'
[5.121s] INFO:colcon.colcon_core.shell:Creating environment descriptor '/home/mj/Desktop/BerryBot/git_folder/berrybot-ros2/ros2_ws/install/simple_yolo/share/simple_yolo/hook/pythonpath.dsv'
[5.121s] INFO:colcon.colcon_core.shell:Creating environment hook '/home/mj/Desktop/BerryBot/git_folder/berrybot-ros2/ros2_ws/install/simple_yolo/share/simple_yolo/hook/pythonpath.sh'
[5.121s] Level 1:colcon.colcon_core.environment:checking '/home/mj/Desktop/BerryBot/git_folder/berrybot-ros2/ros2_ws/install/simple_yolo/bin'
[5.121s] Level 1:colcon.colcon_core.environment:create_environment_scripts_only(simple_yolo)
[5.122s] INFO:colcon.colcon_core.shell:Creating package script '/home/mj/Desktop/BerryBot/git_folder/berrybot-ros2/ros2_ws/install/simple_yolo/share/simple_yolo/package.ps1'
[5.122s] INFO:colcon.colcon_core.shell:Creating package descriptor '/home/mj/Desktop/BerryBot/git_folder/berrybot-ros2/ros2_ws/install/simple_yolo/share/simple_yolo/package.dsv'
[5.122s] INFO:colcon.colcon_core.shell:Creating package script '/home/mj/Desktop/BerryBot/git_folder/berrybot-ros2/ros2_ws/install/simple_yolo/share/simple_yolo/package.sh'
[5.122s] INFO:colcon.colcon_core.shell:Creating package script '/home/mj/Desktop/BerryBot/git_folder/berrybot-ros2/ros2_ws/install/simple_yolo/share/simple_yolo/package.bash'
[5.122s] INFO:colcon.colcon_core.shell:Creating package script '/home/mj/Desktop/BerryBot/git_folder/berrybot-ros2/ros2_ws/install/simple_yolo/share/simple_yolo/package.zsh'
[5.123s] Level 1:colcon.colcon_core.environment:create_file_with_runtime_dependencies(/home/mj/Desktop/BerryBot/git_folder/berrybot-ros2/ros2_ws/install/simple_yolo/share/colcon-core/packages/simple_yolo)
[5.123s] DEBUG:colcon.colcon_parallel_executor.executor.parallel:closing loop
[5.123s] DEBUG:colcon.colcon_parallel_executor.executor.parallel:loop closed
[5.123s] DEBUG:colcon.colcon_parallel_executor.executor.parallel:run_until_complete finished with '0'
[5.123s] DEBUG:colcon.colcon_core.event_reactor:joining thread
[5.127s] INFO:colcon.colcon_core.plugin_system:Skipping extension 'colcon_notification.desktop_notification.terminal_notifier': Not used on non-Darwin systems
[5.127s] INFO:colcon.colcon_core.plugin_system:Skipping extension 'colcon_notification.desktop_notification.win32': Not used on non-Windows systems
[5.127s] INFO:colcon.colcon_notification.desktop_notification:Sending desktop notification using 'notify2'
[5.136s] DEBUG:colcon.colcon_core.event_reactor:joined thread
[5.137s] INFO:colcon.colcon_core.shell:Creating prefix script '/home/mj/Desktop/BerryBot/git_folder/berrybot-ros2/ros2_ws/install/local_setup.ps1'
[5.137s] INFO:colcon.colcon_core.shell:Creating prefix util module '/home/mj/Desktop/BerryBot/git_folder/berrybot-ros2/ros2_ws/install/_local_setup_util_ps1.py'
[5.138s] INFO:colcon.colcon_core.shell:Creating prefix chain script '/home/mj/Desktop/BerryBot/git_folder/berrybot-ros2/ros2_ws/install/setup.ps1'
[5.139s] INFO:colcon.colcon_core.shell:Creating prefix script '/home/mj/Desktop/BerryBot/git_folder/berrybot-ros2/ros2_ws/install/local_setup.sh'
[5.139s] INFO:colcon.colcon_core.shell:Creating prefix util module '/home/mj/Desktop/BerryBot/git_folder/berrybot-ros2/ros2_ws/install/_local_setup_util_sh.py'
[5.139s] INFO:colcon.colcon_core.shell:Creating prefix chain script '/home/mj/Desktop/BerryBot/git_folder/berrybot-ros2/ros2_ws/install/setup.sh'
[5.140s] INFO:colcon.colcon_core.shell:Creating prefix script '/home/mj/Desktop/BerryBot/git_folder/berrybot-ros2/ros2_ws/install/local_setup.bash'
[5.140s] INFO:colcon.colcon_core.shell:Creating prefix chain script '/home/mj/Desktop/BerryBot/git_folder/berrybot-ros2/ros2_ws/install/setup.bash'
[5.141s] INFO:colcon.colcon_core.shell:Creating prefix script '/home/mj/Desktop/BerryBot/git_folder/berrybot-ros2/ros2_ws/install/local_setup.zsh'
[5.141s] INFO:colcon.colcon_core.shell:Creating prefix chain script '/home/mj/Desktop/BerryBot/git_folder/berrybot-ros2/ros2_ws/install/setup.zsh'
