[0.011s] Invoking command in '/home/mj/Desktop/BerryBot/git_folder/berrybot-ros2/ros2_ws/build/base_cmake': CMAKE_PREFIX_PATH=${CMAKE_PREFIX_PATH}:/home/mj/Desktop/BerryBot/git_folder/berrybot-ros2/ros2_ws/install/simple_yolo:/opt/ros/humble /usr/bin/cmake /home/mj/Desktop/BerryBot/git_folder/berrybot-ros2/ros2_ws/src/base_cmake -DCMAKE_INSTALL_PREFIX=/home/mj/Desktop/BerryBot/git_folder/berrybot-ros2/ros2_ws/install/base_cmake
[0.055s] -- The C compiler identification is GNU 11.4.0
[0.098s] -- The CXX compiler identification is GNU 11.4.0
[0.103s] -- Detecting C compiler ABI info
[0.158s] -- Detecting C compiler ABI info - done
[0.162s] -- Check for working C compiler: /usr/bin/cc - skipped
[0.162s] -- Detecting C compile features
[0.162s] -- Detecting C compile features - done
[0.164s] -- Detecting CXX compiler ABI info
[0.229s] -- Detecting CXX compiler ABI info - done
[0.237s] -- Check for working CXX compiler: /usr/bin/c++ - skipped
[0.238s] -- Detecting CXX compile features
[0.239s] -- Detecting CXX compile features - done
[0.240s] -- Found ament_cmake: 1.3.11 (/opt/ros/humble/share/ament_cmake/cmake)
[0.338s] -- Found Python3: /usr/bin/python3 (found version "3.10.12") found components: Interpreter 
[0.390s] -- Found ament_lint_auto: 0.12.11 (/opt/ros/humble/share/ament_lint_auto/cmake)
[0.454s] -- Added test 'lint_cmake' to check CMake code style
[0.455s] -- Added test 'xmllint' to check XML markup files
[0.457s] -- Configuring done
[0.460s] -- Generating done
[0.462s] -- Build files have been written to: /home/mj/Desktop/BerryBot/git_folder/berrybot-ros2/ros2_ws/build/base_cmake
[0.468s] Invoked command in '/home/mj/Desktop/BerryBot/git_folder/berrybot-ros2/ros2_ws/build/base_cmake' returned '0': CMAKE_PREFIX_PATH=${CMAKE_PREFIX_PATH}:/home/mj/Desktop/BerryBot/git_folder/berrybot-ros2/ros2_ws/install/simple_yolo:/opt/ros/humble /usr/bin/cmake /home/mj/Desktop/BerryBot/git_folder/berrybot-ros2/ros2_ws/src/base_cmake -DCMAKE_INSTALL_PREFIX=/home/mj/Desktop/BerryBot/git_folder/berrybot-ros2/ros2_ws/install/base_cmake
[0.470s] Invoking command in '/home/mj/Desktop/BerryBot/git_folder/berrybot-ros2/ros2_ws/build/base_cmake': CMAKE_PREFIX_PATH=${CMAKE_PREFIX_PATH}:/home/mj/Desktop/BerryBot/git_folder/berrybot-ros2/ros2_ws/install/simple_yolo:/opt/ros/humble /usr/bin/cmake --build /home/mj/Desktop/BerryBot/git_folder/berrybot-ros2/ros2_ws/build/base_cmake -- -j18 -l18
[0.500s] Invoked command in '/home/mj/Desktop/BerryBot/git_folder/berrybot-ros2/ros2_ws/build/base_cmake' returned '0': CMAKE_PREFIX_PATH=${CMAKE_PREFIX_PATH}:/home/mj/Desktop/BerryBot/git_folder/berrybot-ros2/ros2_ws/install/simple_yolo:/opt/ros/humble /usr/bin/cmake --build /home/mj/Desktop/BerryBot/git_folder/berrybot-ros2/ros2_ws/build/base_cmake -- -j18 -l18
[0.501s] Invoking command in '/home/mj/Desktop/BerryBot/git_folder/berrybot-ros2/ros2_ws/build/base_cmake': CMAKE_PREFIX_PATH=${CMAKE_PREFIX_PATH}:/home/mj/Desktop/BerryBot/git_folder/berrybot-ros2/ros2_ws/install/simple_yolo:/opt/ros/humble /usr/bin/cmake --install /home/mj/Desktop/BerryBot/git_folder/berrybot-ros2/ros2_ws/build/base_cmake
[0.506s] -- Install configuration: ""
[0.507s] -- Installing: /home/mj/Desktop/BerryBot/git_folder/berrybot-ros2/ros2_ws/install/base_cmake/share/ament_index/resource_index/package_run_dependencies/base_cmake
[0.507s] -- Installing: /home/mj/Desktop/BerryBot/git_folder/berrybot-ros2/ros2_ws/install/base_cmake/share/ament_index/resource_index/parent_prefix_path/base_cmake
[0.507s] -- Installing: /home/mj/Desktop/BerryBot/git_folder/berrybot-ros2/ros2_ws/install/base_cmake/share/base_cmake/environment/ament_prefix_path.sh
[0.507s] -- Installing: /home/mj/Desktop/BerryBot/git_folder/berrybot-ros2/ros2_ws/install/base_cmake/share/base_cmake/environment/ament_prefix_path.dsv
[0.507s] -- Installing: /home/mj/Desktop/BerryBot/git_folder/berrybot-ros2/ros2_ws/install/base_cmake/share/base_cmake/environment/path.sh
[0.507s] -- Installing: /home/mj/Desktop/BerryBot/git_folder/berrybot-ros2/ros2_ws/install/base_cmake/share/base_cmake/environment/path.dsv
[0.507s] -- Installing: /home/mj/Desktop/BerryBot/git_folder/berrybot-ros2/ros2_ws/install/base_cmake/share/base_cmake/local_setup.bash
[0.507s] -- Installing: /home/mj/Desktop/BerryBot/git_folder/berrybot-ros2/ros2_ws/install/base_cmake/share/base_cmake/local_setup.sh
[0.507s] -- Installing: /home/mj/Desktop/BerryBot/git_folder/berrybot-ros2/ros2_ws/install/base_cmake/share/base_cmake/local_setup.zsh
[0.507s] -- Installing: /home/mj/Desktop/BerryBot/git_folder/berrybot-ros2/ros2_ws/install/base_cmake/share/base_cmake/local_setup.dsv
[0.507s] -- Installing: /home/mj/Desktop/BerryBot/git_folder/berrybot-ros2/ros2_ws/install/base_cmake/share/base_cmake/package.dsv
[0.507s] -- Installing: /home/mj/Desktop/BerryBot/git_folder/berrybot-ros2/ros2_ws/install/base_cmake/share/ament_index/resource_index/packages/base_cmake
[0.507s] -- Installing: /home/mj/Desktop/BerryBot/git_folder/berrybot-ros2/ros2_ws/install/base_cmake/share/base_cmake/cmake/base_cmakeConfig.cmake
[0.508s] -- Installing: /home/mj/Desktop/BerryBot/git_folder/berrybot-ros2/ros2_ws/install/base_cmake/share/base_cmake/cmake/base_cmakeConfig-version.cmake
[0.508s] -- Installing: /home/mj/Desktop/BerryBot/git_folder/berrybot-ros2/ros2_ws/install/base_cmake/share/base_cmake/package.xml
[0.509s] Invoked command in '/home/mj/Desktop/BerryBot/git_folder/berrybot-ros2/ros2_ws/build/base_cmake' returned '0': CMAKE_PREFIX_PATH=${CMAKE_PREFIX_PATH}:/home/mj/Desktop/BerryBot/git_folder/berrybot-ros2/ros2_ws/install/simple_yolo:/opt/ros/humble /usr/bin/cmake --install /home/mj/Desktop/BerryBot/git_folder/berrybot-ros2/ros2_ws/build/base_cmake
