[0.014s] Invoking command in '/home/mj/Desktop/BerryBot/git_folder/berrybot-ros2/ros2_ws/build/interfaces': CMAKE_PREFIX_PATH=${CMAKE_PREFIX_PATH}:/home/mj/Desktop/BerryBot/git_folder/berrybot-ros2/ros2_ws/install/simple_yolo:/opt/ros/humble /usr/bin/cmake --build /home/mj/Desktop/BerryBot/git_folder/berrybot-ros2/ros2_ws/build/interfaces -- -j18 -l18
[0.251s] [35m[1mConsolidate compiler generated dependencies of target interfaces__rosidl_generator_c[0m
[0.251s] [ 10%] Built target interfaces__rosidl_generator_c
[0.251s] [ 12%] Built target interfaces__cpp
[0.251s] [35m[1mConsolidate compiler generated dependencies of target interfaces__rosidl_typesupport_c[0m
[0.251s] [ 12%] Built target ament_cmake_python_copy_interfaces
[0.252s] [35m[1mConsolidate compiler generated dependencies of target interfaces__rosidl_typesupport_introspection_c[0m
[0.252s] [35m[1mConsolidate compiler generated dependencies of target interfaces__rosidl_typesupport_introspection_cpp[0m
[0.252s] [35m[1mConsolidate compiler generated dependencies of target interfaces__rosidl_typesupport_fastrtps_c[0m
[0.252s] [35m[1mConsolidate compiler generated dependencies of target interfaces__rosidl_typesupport_cpp[0m
[0.252s] [35m[1mConsolidate compiler generated dependencies of target interfaces__rosidl_typesupport_fastrtps_cpp[0m
[0.252s] [ 23%] Built target interfaces__rosidl_typesupport_c
[0.253s] [ 33%] Built target interfaces__rosidl_typesupport_introspection_c
[0.254s] [ 43%] Built target interfaces__rosidl_typesupport_fastrtps_c
[0.255s] [ 53%] Built target interfaces__rosidl_typesupport_cpp
[0.255s] [ 74%] Built target interfaces__rosidl_typesupport_introspection_cpp
[0.255s] [ 74%] Built target interfaces__rosidl_typesupport_fastrtps_cpp
[0.255s] [ 74%] Built target interfaces
[0.255s] [ 76%] Built target interfaces__py
[0.256s] [35m[1mConsolidate compiler generated dependencies of target interfaces__rosidl_generator_py[0m
[0.256s] [ 84%] Built target interfaces__rosidl_generator_py
[0.256s] [35m[1mConsolidate compiler generated dependencies of target interfaces__rosidl_typesupport_c__pyext[0m
[0.256s] [35m[1mConsolidate compiler generated dependencies of target interfaces__rosidl_typesupport_fastrtps_c__pyext[0m
[0.256s] [35m[1mConsolidate compiler generated dependencies of target interfaces__rosidl_typesupport_introspection_c__pyext[0m
[0.256s] [ 89%] Built target interfaces__rosidl_typesupport_fastrtps_c__pyext
[0.256s] [ 94%] Built target interfaces__rosidl_typesupport_c__pyext
[0.256s] [100%] Built target interfaces__rosidl_typesupport_introspection_c__pyext
[0.290s] running egg_info
[0.291s] writing interfaces.egg-info/PKG-INFO
[0.291s] writing dependency_links to interfaces.egg-info/dependency_links.txt
[0.291s] writing top-level names to interfaces.egg-info/top_level.txt
[0.293s] reading manifest file 'interfaces.egg-info/SOURCES.txt'
[0.293s] writing manifest file 'interfaces.egg-info/SOURCES.txt'
[0.316s] [100%] Built target ament_cmake_python_build_interfaces_egg
[0.327s] Invoked command in '/home/mj/Desktop/BerryBot/git_folder/berrybot-ros2/ros2_ws/build/interfaces' returned '0': CMAKE_PREFIX_PATH=${CMAKE_PREFIX_PATH}:/home/mj/Desktop/BerryBot/git_folder/berrybot-ros2/ros2_ws/install/simple_yolo:/opt/ros/humble /usr/bin/cmake --build /home/mj/Desktop/BerryBot/git_folder/berrybot-ros2/ros2_ws/build/interfaces -- -j18 -l18
[0.338s] Invoking command in '/home/mj/Desktop/BerryBot/git_folder/berrybot-ros2/ros2_ws/build/interfaces': CMAKE_PREFIX_PATH=${CMAKE_PREFIX_PATH}:/home/mj/Desktop/BerryBot/git_folder/berrybot-ros2/ros2_ws/install/simple_yolo:/opt/ros/humble /usr/bin/cmake --install /home/mj/Desktop/BerryBot/git_folder/berrybot-ros2/ros2_ws/build/interfaces
[0.346s] -- Install configuration: ""
[0.346s] -- Up-to-date: /home/mj/Desktop/BerryBot/git_folder/berrybot-ros2/ros2_ws/install/interfaces/share/ament_index/resource_index/rosidl_interfaces/interfaces
[0.346s] -- Up-to-date: /home/mj/Desktop/BerryBot/git_folder/berrybot-ros2/ros2_ws/install/interfaces/include/interfaces/interfaces
[0.346s] -- Up-to-date: /home/mj/Desktop/BerryBot/git_folder/berrybot-ros2/ros2_ws/install/interfaces/include/interfaces/interfaces/msg
[0.347s] -- Up-to-date: /home/mj/Desktop/BerryBot/git_folder/berrybot-ros2/ros2_ws/install/interfaces/include/interfaces/interfaces/msg/detail
[0.347s] -- Up-to-date: /home/mj/Desktop/BerryBot/git_folder/berrybot-ros2/ros2_ws/install/interfaces/include/interfaces/interfaces/msg/detail/yolo_detection__functions.c
[0.347s] -- Up-to-date: /home/mj/Desktop/BerryBot/git_folder/berrybot-ros2/ros2_ws/install/interfaces/include/interfaces/interfaces/msg/detail/yolo_detection__functions.h
[0.347s] -- Up-to-date: /home/mj/Desktop/BerryBot/git_folder/berrybot-ros2/ros2_ws/install/interfaces/include/interfaces/interfaces/msg/detail/yolo_detection__type_support.h
[0.347s] -- Up-to-date: /home/mj/Desktop/BerryBot/git_folder/berrybot-ros2/ros2_ws/install/interfaces/include/interfaces/interfaces/msg/detail/yolo_detection__struct.h
[0.347s] -- Up-to-date: /home/mj/Desktop/BerryBot/git_folder/berrybot-ros2/ros2_ws/install/interfaces/include/interfaces/interfaces/msg/yolo_detection.h
[0.347s] -- Up-to-date: /home/mj/Desktop/BerryBot/git_folder/berrybot-ros2/ros2_ws/install/interfaces/include/interfaces/interfaces/msg/rosidl_generator_c__visibility_control.h
[0.347s] -- Up-to-date: /home/mj/Desktop/BerryBot/git_folder/berrybot-ros2/ros2_ws/install/interfaces/include/interfaces/interfaces/action
[0.348s] -- Up-to-date: /home/mj/Desktop/BerryBot/git_folder/berrybot-ros2/ros2_ws/install/interfaces/include/interfaces/interfaces/action/detail
[0.348s] -- Up-to-date: /home/mj/Desktop/BerryBot/git_folder/berrybot-ros2/ros2_ws/install/interfaces/include/interfaces/interfaces/action/detail/perception__functions.c
[0.348s] -- Up-to-date: /home/mj/Desktop/BerryBot/git_folder/berrybot-ros2/ros2_ws/install/interfaces/include/interfaces/interfaces/action/detail/perception__struct.h
[0.348s] -- Up-to-date: /home/mj/Desktop/BerryBot/git_folder/berrybot-ros2/ros2_ws/install/interfaces/include/interfaces/interfaces/action/detail/perception__type_support.h
[0.348s] -- Up-to-date: /home/mj/Desktop/BerryBot/git_folder/berrybot-ros2/ros2_ws/install/interfaces/include/interfaces/interfaces/action/detail/perception__functions.h
[0.348s] -- Up-to-date: /home/mj/Desktop/BerryBot/git_folder/berrybot-ros2/ros2_ws/install/interfaces/include/interfaces/interfaces/action/perception.h
[0.348s] -- Up-to-date: /home/mj/Desktop/BerryBot/git_folder/berrybot-ros2/ros2_ws/install/interfaces/share/interfaces/environment/library_path.sh
[0.349s] -- Up-to-date: /home/mj/Desktop/BerryBot/git_folder/berrybot-ros2/ros2_ws/install/interfaces/share/interfaces/environment/library_path.dsv
[0.349s] -- Up-to-date: /home/mj/Desktop/BerryBot/git_folder/berrybot-ros2/ros2_ws/install/interfaces/lib/libinterfaces__rosidl_generator_c.so
[0.349s] -- Up-to-date: /home/mj/Desktop/BerryBot/git_folder/berrybot-ros2/ros2_ws/install/interfaces/include/interfaces/interfaces
[0.349s] -- Up-to-date: /home/mj/Desktop/BerryBot/git_folder/berrybot-ros2/ros2_ws/install/interfaces/include/interfaces/interfaces/msg
[0.349s] -- Up-to-date: /home/mj/Desktop/BerryBot/git_folder/berrybot-ros2/ros2_ws/install/interfaces/include/interfaces/interfaces/msg/detail
[0.349s] -- Up-to-date: /home/mj/Desktop/BerryBot/git_folder/berrybot-ros2/ros2_ws/install/interfaces/include/interfaces/interfaces/msg/detail/yolo_detection__rosidl_typesupport_fastrtps_c.h
[0.349s] -- Up-to-date: /home/mj/Desktop/BerryBot/git_folder/berrybot-ros2/ros2_ws/install/interfaces/include/interfaces/interfaces/msg/rosidl_typesupport_fastrtps_c__visibility_control.h
[0.349s] -- Up-to-date: /home/mj/Desktop/BerryBot/git_folder/berrybot-ros2/ros2_ws/install/interfaces/include/interfaces/interfaces/action
[0.350s] -- Up-to-date: /home/mj/Desktop/BerryBot/git_folder/berrybot-ros2/ros2_ws/install/interfaces/include/interfaces/interfaces/action/detail
[0.350s] -- Up-to-date: /home/mj/Desktop/BerryBot/git_folder/berrybot-ros2/ros2_ws/install/interfaces/include/interfaces/interfaces/action/detail/perception__rosidl_typesupport_fastrtps_c.h
[0.350s] -- Up-to-date: /home/mj/Desktop/BerryBot/git_folder/berrybot-ros2/ros2_ws/install/interfaces/lib/libinterfaces__rosidl_typesupport_fastrtps_c.so
[0.350s] -- Up-to-date: /home/mj/Desktop/BerryBot/git_folder/berrybot-ros2/ros2_ws/install/interfaces/include/interfaces/interfaces
[0.350s] -- Up-to-date: /home/mj/Desktop/BerryBot/git_folder/berrybot-ros2/ros2_ws/install/interfaces/include/interfaces/interfaces/msg
[0.350s] -- Up-to-date: /home/mj/Desktop/BerryBot/git_folder/berrybot-ros2/ros2_ws/install/interfaces/include/interfaces/interfaces/msg/detail
[0.350s] -- Up-to-date: /home/mj/Desktop/BerryBot/git_folder/berrybot-ros2/ros2_ws/install/interfaces/include/interfaces/interfaces/msg/detail/yolo_detection__rosidl_typesupport_introspection_c.h
[0.350s] -- Up-to-date: /home/mj/Desktop/BerryBot/git_folder/berrybot-ros2/ros2_ws/install/interfaces/include/interfaces/interfaces/msg/detail/yolo_detection__type_support.c
[0.351s] -- Up-to-date: /home/mj/Desktop/BerryBot/git_folder/berrybot-ros2/ros2_ws/install/interfaces/include/interfaces/interfaces/msg/rosidl_typesupport_introspection_c__visibility_control.h
[0.351s] -- Up-to-date: /home/mj/Desktop/BerryBot/git_folder/berrybot-ros2/ros2_ws/install/interfaces/include/interfaces/interfaces/action
[0.351s] -- Up-to-date: /home/mj/Desktop/BerryBot/git_folder/berrybot-ros2/ros2_ws/install/interfaces/include/interfaces/interfaces/action/detail
[0.351s] -- Up-to-date: /home/mj/Desktop/BerryBot/git_folder/berrybot-ros2/ros2_ws/install/interfaces/include/interfaces/interfaces/action/detail/perception__rosidl_typesupport_introspection_c.h
[0.351s] -- Up-to-date: /home/mj/Desktop/BerryBot/git_folder/berrybot-ros2/ros2_ws/install/interfaces/include/interfaces/interfaces/action/detail/perception__type_support.c
[0.351s] -- Up-to-date: /home/mj/Desktop/BerryBot/git_folder/berrybot-ros2/ros2_ws/install/interfaces/lib/libinterfaces__rosidl_typesupport_introspection_c.so
[0.351s] -- Up-to-date: /home/mj/Desktop/BerryBot/git_folder/berrybot-ros2/ros2_ws/install/interfaces/lib/libinterfaces__rosidl_typesupport_c.so
[0.351s] -- Up-to-date: /home/mj/Desktop/BerryBot/git_folder/berrybot-ros2/ros2_ws/install/interfaces/include/interfaces/interfaces
[0.351s] -- Up-to-date: /home/mj/Desktop/BerryBot/git_folder/berrybot-ros2/ros2_ws/install/interfaces/include/interfaces/interfaces/msg
[0.351s] -- Up-to-date: /home/mj/Desktop/BerryBot/git_folder/berrybot-ros2/ros2_ws/install/interfaces/include/interfaces/interfaces/msg/yolo_detection.hpp
[0.352s] -- Up-to-date: /home/mj/Desktop/BerryBot/git_folder/berrybot-ros2/ros2_ws/install/interfaces/include/interfaces/interfaces/msg/detail
[0.352s] -- Up-to-date: /home/mj/Desktop/BerryBot/git_folder/berrybot-ros2/ros2_ws/install/interfaces/include/interfaces/interfaces/msg/detail/yolo_detection__type_support.hpp
[0.352s] -- Up-to-date: /home/mj/Desktop/BerryBot/git_folder/berrybot-ros2/ros2_ws/install/interfaces/include/interfaces/interfaces/msg/detail/yolo_detection__struct.hpp
[0.352s] -- Up-to-date: /home/mj/Desktop/BerryBot/git_folder/berrybot-ros2/ros2_ws/install/interfaces/include/interfaces/interfaces/msg/detail/yolo_detection__traits.hpp
[0.352s] -- Up-to-date: /home/mj/Desktop/BerryBot/git_folder/berrybot-ros2/ros2_ws/install/interfaces/include/interfaces/interfaces/msg/detail/yolo_detection__builder.hpp
[0.352s] -- Up-to-date: /home/mj/Desktop/BerryBot/git_folder/berrybot-ros2/ros2_ws/install/interfaces/include/interfaces/interfaces/msg/rosidl_generator_cpp__visibility_control.hpp
[0.352s] -- Up-to-date: /home/mj/Desktop/BerryBot/git_folder/berrybot-ros2/ros2_ws/install/interfaces/include/interfaces/interfaces/action
[0.352s] -- Up-to-date: /home/mj/Desktop/BerryBot/git_folder/berrybot-ros2/ros2_ws/install/interfaces/include/interfaces/interfaces/action/detail
[0.352s] -- Up-to-date: /home/mj/Desktop/BerryBot/git_folder/berrybot-ros2/ros2_ws/install/interfaces/include/interfaces/interfaces/action/detail/perception__builder.hpp
[0.352s] -- Up-to-date: /home/mj/Desktop/BerryBot/git_folder/berrybot-ros2/ros2_ws/install/interfaces/include/interfaces/interfaces/action/detail/perception__type_support.hpp
[0.353s] -- Up-to-date: /home/mj/Desktop/BerryBot/git_folder/berrybot-ros2/ros2_ws/install/interfaces/include/interfaces/interfaces/action/detail/perception__traits.hpp
[0.353s] -- Up-to-date: /home/mj/Desktop/BerryBot/git_folder/berrybot-ros2/ros2_ws/install/interfaces/include/interfaces/interfaces/action/detail/perception__struct.hpp
[0.353s] -- Up-to-date: /home/mj/Desktop/BerryBot/git_folder/berrybot-ros2/ros2_ws/install/interfaces/include/interfaces/interfaces/action/perception.hpp
[0.353s] -- Up-to-date: /home/mj/Desktop/BerryBot/git_folder/berrybot-ros2/ros2_ws/install/interfaces/include/interfaces/interfaces
[0.353s] -- Up-to-date: /home/mj/Desktop/BerryBot/git_folder/berrybot-ros2/ros2_ws/install/interfaces/include/interfaces/interfaces/msg
[0.353s] -- Up-to-date: /home/mj/Desktop/BerryBot/git_folder/berrybot-ros2/ros2_ws/install/interfaces/include/interfaces/interfaces/msg/detail
[0.353s] -- Up-to-date: /home/mj/Desktop/BerryBot/git_folder/berrybot-ros2/ros2_ws/install/interfaces/include/interfaces/interfaces/msg/detail/dds_fastrtps
[0.353s] -- Up-to-date: /home/mj/Desktop/BerryBot/git_folder/berrybot-ros2/ros2_ws/install/interfaces/include/interfaces/interfaces/msg/detail/yolo_detection__rosidl_typesupport_fastrtps_cpp.hpp
[0.353s] -- Up-to-date: /home/mj/Desktop/BerryBot/git_folder/berrybot-ros2/ros2_ws/install/interfaces/include/interfaces/interfaces/msg/rosidl_typesupport_fastrtps_cpp__visibility_control.h
[0.353s] -- Up-to-date: /home/mj/Desktop/BerryBot/git_folder/berrybot-ros2/ros2_ws/install/interfaces/include/interfaces/interfaces/action
[0.354s] -- Up-to-date: /home/mj/Desktop/BerryBot/git_folder/berrybot-ros2/ros2_ws/install/interfaces/include/interfaces/interfaces/action/detail
[0.354s] -- Up-to-date: /home/mj/Desktop/BerryBot/git_folder/berrybot-ros2/ros2_ws/install/interfaces/include/interfaces/interfaces/action/detail/dds_fastrtps
[0.354s] -- Up-to-date: /home/mj/Desktop/BerryBot/git_folder/berrybot-ros2/ros2_ws/install/interfaces/include/interfaces/interfaces/action/detail/perception__rosidl_typesupport_fastrtps_cpp.hpp
[0.354s] -- Up-to-date: /home/mj/Desktop/BerryBot/git_folder/berrybot-ros2/ros2_ws/install/interfaces/lib/libinterfaces__rosidl_typesupport_fastrtps_cpp.so
[0.354s] -- Up-to-date: /home/mj/Desktop/BerryBot/git_folder/berrybot-ros2/ros2_ws/install/interfaces/include/interfaces/interfaces
[0.354s] -- Up-to-date: /home/mj/Desktop/BerryBot/git_folder/berrybot-ros2/ros2_ws/install/interfaces/include/interfaces/interfaces/msg
[0.354s] -- Up-to-date: /home/mj/Desktop/BerryBot/git_folder/berrybot-ros2/ros2_ws/install/interfaces/include/interfaces/interfaces/msg/detail
[0.354s] -- Up-to-date: /home/mj/Desktop/BerryBot/git_folder/berrybot-ros2/ros2_ws/install/interfaces/include/interfaces/interfaces/msg/detail/yolo_detection__rosidl_typesupport_introspection_cpp.hpp
[0.354s] -- Up-to-date: /home/mj/Desktop/BerryBot/git_folder/berrybot-ros2/ros2_ws/install/interfaces/include/interfaces/interfaces/msg/detail/yolo_detection__type_support.cpp
[0.355s] -- Up-to-date: /home/mj/Desktop/BerryBot/git_folder/berrybot-ros2/ros2_ws/install/interfaces/include/interfaces/interfaces/action
[0.355s] -- Up-to-date: /home/mj/Desktop/BerryBot/git_folder/berrybot-ros2/ros2_ws/install/interfaces/include/interfaces/interfaces/action/detail
[0.355s] -- Up-to-date: /home/mj/Desktop/BerryBot/git_folder/berrybot-ros2/ros2_ws/install/interfaces/include/interfaces/interfaces/action/detail/perception__rosidl_typesupport_introspection_cpp.hpp
[0.355s] -- Up-to-date: /home/mj/Desktop/BerryBot/git_folder/berrybot-ros2/ros2_ws/install/interfaces/include/interfaces/interfaces/action/detail/perception__type_support.cpp
[0.355s] -- Up-to-date: /home/mj/Desktop/BerryBot/git_folder/berrybot-ros2/ros2_ws/install/interfaces/lib/libinterfaces__rosidl_typesupport_introspection_cpp.so
[0.355s] -- Up-to-date: /home/mj/Desktop/BerryBot/git_folder/berrybot-ros2/ros2_ws/install/interfaces/lib/libinterfaces__rosidl_typesupport_cpp.so
[0.355s] -- Up-to-date: /home/mj/Desktop/BerryBot/git_folder/berrybot-ros2/ros2_ws/install/interfaces/share/interfaces/environment/pythonpath.sh
[0.355s] -- Up-to-date: /home/mj/Desktop/BerryBot/git_folder/berrybot-ros2/ros2_ws/install/interfaces/share/interfaces/environment/pythonpath.dsv
[0.355s] -- Up-to-date: /home/mj/Desktop/BerryBot/git_folder/berrybot-ros2/ros2_ws/install/interfaces/local/lib/python3.10/dist-packages/interfaces-0.0.0-py3.10.egg-info
[0.355s] -- Installing: /home/mj/Desktop/BerryBot/git_folder/berrybot-ros2/ros2_ws/install/interfaces/local/lib/python3.10/dist-packages/interfaces-0.0.0-py3.10.egg-info/top_level.txt
[0.356s] -- Installing: /home/mj/Desktop/BerryBot/git_folder/berrybot-ros2/ros2_ws/install/interfaces/local/lib/python3.10/dist-packages/interfaces-0.0.0-py3.10.egg-info/PKG-INFO
[0.356s] -- Installing: /home/mj/Desktop/BerryBot/git_folder/berrybot-ros2/ros2_ws/install/interfaces/local/lib/python3.10/dist-packages/interfaces-0.0.0-py3.10.egg-info/dependency_links.txt
[0.356s] -- Installing: /home/mj/Desktop/BerryBot/git_folder/berrybot-ros2/ros2_ws/install/interfaces/local/lib/python3.10/dist-packages/interfaces-0.0.0-py3.10.egg-info/SOURCES.txt
[0.356s] -- Up-to-date: /home/mj/Desktop/BerryBot/git_folder/berrybot-ros2/ros2_ws/install/interfaces/local/lib/python3.10/dist-packages/interfaces
[0.356s] -- Up-to-date: /home/mj/Desktop/BerryBot/git_folder/berrybot-ros2/ros2_ws/install/interfaces/local/lib/python3.10/dist-packages/interfaces/__init__.py
[0.356s] -- Up-to-date: /home/mj/Desktop/BerryBot/git_folder/berrybot-ros2/ros2_ws/install/interfaces/local/lib/python3.10/dist-packages/interfaces/_interfaces_s.ep.rosidl_typesupport_introspection_c.c
[0.356s] -- Up-to-date: /home/mj/Desktop/BerryBot/git_folder/berrybot-ros2/ros2_ws/install/interfaces/local/lib/python3.10/dist-packages/interfaces/libinterfaces__rosidl_generator_py.so
[0.356s] -- Up-to-date: /home/mj/Desktop/BerryBot/git_folder/berrybot-ros2/ros2_ws/install/interfaces/local/lib/python3.10/dist-packages/interfaces/_interfaces_s.ep.rosidl_typesupport_fastrtps_c.c
[0.357s] -- Up-to-date: /home/mj/Desktop/BerryBot/git_folder/berrybot-ros2/ros2_ws/install/interfaces/local/lib/python3.10/dist-packages/interfaces/interfaces_s__rosidl_typesupport_introspection_c.cpython-310-x86_64-linux-gnu.so
[0.357s] -- Up-to-date: /home/mj/Desktop/BerryBot/git_folder/berrybot-ros2/ros2_ws/install/interfaces/local/lib/python3.10/dist-packages/interfaces/interfaces_s__rosidl_typesupport_fastrtps_c.cpython-310-x86_64-linux-gnu.so
[0.357s] -- Up-to-date: /home/mj/Desktop/BerryBot/git_folder/berrybot-ros2/ros2_ws/install/interfaces/local/lib/python3.10/dist-packages/interfaces/msg
[0.357s] -- Up-to-date: /home/mj/Desktop/BerryBot/git_folder/berrybot-ros2/ros2_ws/install/interfaces/local/lib/python3.10/dist-packages/interfaces/msg/__init__.py
[0.357s] -- Up-to-date: /home/mj/Desktop/BerryBot/git_folder/berrybot-ros2/ros2_ws/install/interfaces/local/lib/python3.10/dist-packages/interfaces/msg/_yolo_detection.py
[0.357s] -- Up-to-date: /home/mj/Desktop/BerryBot/git_folder/berrybot-ros2/ros2_ws/install/interfaces/local/lib/python3.10/dist-packages/interfaces/msg/_yolo_detection_s.c
[0.357s] -- Up-to-date: /home/mj/Desktop/BerryBot/git_folder/berrybot-ros2/ros2_ws/install/interfaces/local/lib/python3.10/dist-packages/interfaces/_interfaces_s.ep.rosidl_typesupport_c.c
[0.357s] -- Up-to-date: /home/mj/Desktop/BerryBot/git_folder/berrybot-ros2/ros2_ws/install/interfaces/local/lib/python3.10/dist-packages/interfaces/interfaces_s__rosidl_typesupport_c.cpython-310-x86_64-linux-gnu.so
[0.357s] -- Up-to-date: /home/mj/Desktop/BerryBot/git_folder/berrybot-ros2/ros2_ws/install/interfaces/local/lib/python3.10/dist-packages/interfaces/action
[0.358s] -- Up-to-date: /home/mj/Desktop/BerryBot/git_folder/berrybot-ros2/ros2_ws/install/interfaces/local/lib/python3.10/dist-packages/interfaces/action/__init__.py
[0.358s] -- Up-to-date: /home/mj/Desktop/BerryBot/git_folder/berrybot-ros2/ros2_ws/install/interfaces/local/lib/python3.10/dist-packages/interfaces/action/_perception_s.c
[0.358s] -- Up-to-date: /home/mj/Desktop/BerryBot/git_folder/berrybot-ros2/ros2_ws/install/interfaces/local/lib/python3.10/dist-packages/interfaces/action/_perception.py
[0.389s] Listing '/home/mj/Desktop/BerryBot/git_folder/berrybot-ros2/ros2_ws/install/interfaces/local/lib/python3.10/dist-packages/interfaces'...
[0.390s] Listing '/home/mj/Desktop/BerryBot/git_folder/berrybot-ros2/ros2_ws/install/interfaces/local/lib/python3.10/dist-packages/interfaces/action'...
[0.390s] Listing '/home/mj/Desktop/BerryBot/git_folder/berrybot-ros2/ros2_ws/install/interfaces/local/lib/python3.10/dist-packages/interfaces/msg'...
[0.394s] -- Up-to-date: /home/mj/Desktop/BerryBot/git_folder/berrybot-ros2/ros2_ws/install/interfaces/local/lib/python3.10/dist-packages/interfaces/interfaces_s__rosidl_typesupport_fastrtps_c.cpython-310-x86_64-linux-gnu.so
[0.395s] -- Up-to-date: /home/mj/Desktop/BerryBot/git_folder/berrybot-ros2/ros2_ws/install/interfaces/local/lib/python3.10/dist-packages/interfaces/interfaces_s__rosidl_typesupport_introspection_c.cpython-310-x86_64-linux-gnu.so
[0.395s] -- Up-to-date: /home/mj/Desktop/BerryBot/git_folder/berrybot-ros2/ros2_ws/install/interfaces/local/lib/python3.10/dist-packages/interfaces/interfaces_s__rosidl_typesupport_c.cpython-310-x86_64-linux-gnu.so
[0.395s] -- Up-to-date: /home/mj/Desktop/BerryBot/git_folder/berrybot-ros2/ros2_ws/install/interfaces/lib/libinterfaces__rosidl_generator_py.so
[0.395s] -- Up-to-date: /home/mj/Desktop/BerryBot/git_folder/berrybot-ros2/ros2_ws/install/interfaces/share/interfaces/msg/YoloDetection.idl
[0.395s] -- Up-to-date: /home/mj/Desktop/BerryBot/git_folder/berrybot-ros2/ros2_ws/install/interfaces/share/interfaces/action/Perception.idl
[0.395s] -- Up-to-date: /home/mj/Desktop/BerryBot/git_folder/berrybot-ros2/ros2_ws/install/interfaces/share/interfaces/msg/YoloDetection.msg
[0.395s] -- Up-to-date: /home/mj/Desktop/BerryBot/git_folder/berrybot-ros2/ros2_ws/install/interfaces/share/interfaces/action/Perception.action
[0.395s] -- Up-to-date: /home/mj/Desktop/BerryBot/git_folder/berrybot-ros2/ros2_ws/install/interfaces/share/ament_index/resource_index/package_run_dependencies/interfaces
[0.396s] -- Up-to-date: /home/mj/Desktop/BerryBot/git_folder/berrybot-ros2/ros2_ws/install/interfaces/share/ament_index/resource_index/parent_prefix_path/interfaces
[0.396s] -- Up-to-date: /home/mj/Desktop/BerryBot/git_folder/berrybot-ros2/ros2_ws/install/interfaces/share/interfaces/environment/ament_prefix_path.sh
[0.396s] -- Up-to-date: /home/mj/Desktop/BerryBot/git_folder/berrybot-ros2/ros2_ws/install/interfaces/share/interfaces/environment/ament_prefix_path.dsv
[0.396s] -- Up-to-date: /home/mj/Desktop/BerryBot/git_folder/berrybot-ros2/ros2_ws/install/interfaces/share/interfaces/environment/path.sh
[0.396s] -- Up-to-date: /home/mj/Desktop/BerryBot/git_folder/berrybot-ros2/ros2_ws/install/interfaces/share/interfaces/environment/path.dsv
[0.396s] -- Up-to-date: /home/mj/Desktop/BerryBot/git_folder/berrybot-ros2/ros2_ws/install/interfaces/share/interfaces/local_setup.bash
[0.396s] -- Up-to-date: /home/mj/Desktop/BerryBot/git_folder/berrybot-ros2/ros2_ws/install/interfaces/share/interfaces/local_setup.sh
[0.396s] -- Up-to-date: /home/mj/Desktop/BerryBot/git_folder/berrybot-ros2/ros2_ws/install/interfaces/share/interfaces/local_setup.zsh
[0.396s] -- Up-to-date: /home/mj/Desktop/BerryBot/git_folder/berrybot-ros2/ros2_ws/install/interfaces/share/interfaces/local_setup.dsv
[0.396s] -- Installing: /home/mj/Desktop/BerryBot/git_folder/berrybot-ros2/ros2_ws/install/interfaces/share/interfaces/package.dsv
[0.396s] -- Up-to-date: /home/mj/Desktop/BerryBot/git_folder/berrybot-ros2/ros2_ws/install/interfaces/share/ament_index/resource_index/packages/interfaces
[0.396s] -- Up-to-date: /home/mj/Desktop/BerryBot/git_folder/berrybot-ros2/ros2_ws/install/interfaces/share/interfaces/cmake/export_interfaces__rosidl_generator_cExport.cmake
[0.397s] -- Up-to-date: /home/mj/Desktop/BerryBot/git_folder/berrybot-ros2/ros2_ws/install/interfaces/share/interfaces/cmake/export_interfaces__rosidl_generator_cExport-noconfig.cmake
[0.397s] -- Up-to-date: /home/mj/Desktop/BerryBot/git_folder/berrybot-ros2/ros2_ws/install/interfaces/share/interfaces/cmake/export_interfaces__rosidl_typesupport_fastrtps_cExport.cmake
[0.397s] -- Up-to-date: /home/mj/Desktop/BerryBot/git_folder/berrybot-ros2/ros2_ws/install/interfaces/share/interfaces/cmake/export_interfaces__rosidl_typesupport_fastrtps_cExport-noconfig.cmake
[0.397s] -- Up-to-date: /home/mj/Desktop/BerryBot/git_folder/berrybot-ros2/ros2_ws/install/interfaces/share/interfaces/cmake/interfaces__rosidl_typesupport_introspection_cExport.cmake
[0.397s] -- Up-to-date: /home/mj/Desktop/BerryBot/git_folder/berrybot-ros2/ros2_ws/install/interfaces/share/interfaces/cmake/interfaces__rosidl_typesupport_introspection_cExport-noconfig.cmake
[0.397s] -- Up-to-date: /home/mj/Desktop/BerryBot/git_folder/berrybot-ros2/ros2_ws/install/interfaces/share/interfaces/cmake/interfaces__rosidl_typesupport_cExport.cmake
[0.397s] -- Up-to-date: /home/mj/Desktop/BerryBot/git_folder/berrybot-ros2/ros2_ws/install/interfaces/share/interfaces/cmake/interfaces__rosidl_typesupport_cExport-noconfig.cmake
[0.397s] -- Up-to-date: /home/mj/Desktop/BerryBot/git_folder/berrybot-ros2/ros2_ws/install/interfaces/share/interfaces/cmake/export_interfaces__rosidl_generator_cppExport.cmake
[0.397s] -- Up-to-date: /home/mj/Desktop/BerryBot/git_folder/berrybot-ros2/ros2_ws/install/interfaces/share/interfaces/cmake/export_interfaces__rosidl_typesupport_fastrtps_cppExport.cmake
[0.397s] -- Up-to-date: /home/mj/Desktop/BerryBot/git_folder/berrybot-ros2/ros2_ws/install/interfaces/share/interfaces/cmake/export_interfaces__rosidl_typesupport_fastrtps_cppExport-noconfig.cmake
[0.397s] -- Up-to-date: /home/mj/Desktop/BerryBot/git_folder/berrybot-ros2/ros2_ws/install/interfaces/share/interfaces/cmake/interfaces__rosidl_typesupport_introspection_cppExport.cmake
[0.397s] -- Up-to-date: /home/mj/Desktop/BerryBot/git_folder/berrybot-ros2/ros2_ws/install/interfaces/share/interfaces/cmake/interfaces__rosidl_typesupport_introspection_cppExport-noconfig.cmake
[0.397s] -- Up-to-date: /home/mj/Desktop/BerryBot/git_folder/berrybot-ros2/ros2_ws/install/interfaces/share/interfaces/cmake/interfaces__rosidl_typesupport_cppExport.cmake
[0.397s] -- Up-to-date: /home/mj/Desktop/BerryBot/git_folder/berrybot-ros2/ros2_ws/install/interfaces/share/interfaces/cmake/interfaces__rosidl_typesupport_cppExport-noconfig.cmake
[0.397s] -- Up-to-date: /home/mj/Desktop/BerryBot/git_folder/berrybot-ros2/ros2_ws/install/interfaces/share/interfaces/cmake/export_interfaces__rosidl_generator_pyExport.cmake
[0.397s] -- Up-to-date: /home/mj/Desktop/BerryBot/git_folder/berrybot-ros2/ros2_ws/install/interfaces/share/interfaces/cmake/export_interfaces__rosidl_generator_pyExport-noconfig.cmake
[0.397s] -- Up-to-date: /home/mj/Desktop/BerryBot/git_folder/berrybot-ros2/ros2_ws/install/interfaces/share/interfaces/cmake/rosidl_cmake-extras.cmake
[0.397s] -- Up-to-date: /home/mj/Desktop/BerryBot/git_folder/berrybot-ros2/ros2_ws/install/interfaces/share/interfaces/cmake/ament_cmake_export_dependencies-extras.cmake
[0.397s] -- Up-to-date: /home/mj/Desktop/BerryBot/git_folder/berrybot-ros2/ros2_ws/install/interfaces/share/interfaces/cmake/ament_cmake_export_include_directories-extras.cmake
[0.397s] -- Up-to-date: /home/mj/Desktop/BerryBot/git_folder/berrybot-ros2/ros2_ws/install/interfaces/share/interfaces/cmake/ament_cmake_export_libraries-extras.cmake
[0.397s] -- Up-to-date: /home/mj/Desktop/BerryBot/git_folder/berrybot-ros2/ros2_ws/install/interfaces/share/interfaces/cmake/ament_cmake_export_targets-extras.cmake
[0.397s] -- Up-to-date: /home/mj/Desktop/BerryBot/git_folder/berrybot-ros2/ros2_ws/install/interfaces/share/interfaces/cmake/rosidl_cmake_export_typesupport_targets-extras.cmake
[0.397s] -- Up-to-date: /home/mj/Desktop/BerryBot/git_folder/berrybot-ros2/ros2_ws/install/interfaces/share/interfaces/cmake/rosidl_cmake_export_typesupport_libraries-extras.cmake
[0.397s] -- Up-to-date: /home/mj/Desktop/BerryBot/git_folder/berrybot-ros2/ros2_ws/install/interfaces/share/interfaces/cmake/interfacesConfig.cmake
[0.398s] -- Up-to-date: /home/mj/Desktop/BerryBot/git_folder/berrybot-ros2/ros2_ws/install/interfaces/share/interfaces/cmake/interfacesConfig-version.cmake
[0.398s] -- Up-to-date: /home/mj/Desktop/BerryBot/git_folder/berrybot-ros2/ros2_ws/install/interfaces/share/interfaces/package.xml
[0.398s] Invoked command in '/home/mj/Desktop/BerryBot/git_folder/berrybot-ros2/ros2_ws/build/interfaces' returned '0': CMAKE_PREFIX_PATH=${CMAKE_PREFIX_PATH}:/home/mj/Desktop/BerryBot/git_folder/berrybot-ros2/ros2_ws/install/simple_yolo:/opt/ros/humble /usr/bin/cmake --install /home/mj/Desktop/BerryBot/git_folder/berrybot-ros2/ros2_ws/build/interfaces
