[0.010s] Invoking command in '/home/mj/Desktop/BerryBot/git_folder/berrybot-ros2/ros2_ws/build/interfaces': CMAKE_PREFIX_PATH=/opt/ros/humble /usr/bin/cmake /home/mj/Desktop/BerryBot/git_folder/berrybot-ros2/ros2_ws/src/interfaces -DCMAKE_INSTALL_PREFIX=/home/mj/Desktop/BerryBot/git_folder/berrybot-ros2/ros2_ws/install/interfaces
[0.057s] -- The C compiler identification is GNU 11.4.0
[0.093s] -- The CXX compiler identification is GNU 11.4.0
[0.097s] -- Detecting C compiler ABI info
[0.152s] -- Detecting C compiler ABI info - done
[0.157s] -- Check for working C compiler: /usr/bin/cc - skipped
[0.157s] -- Detecting C compile features
[0.157s] -- Detecting C compile features - done
[0.159s] -- Detecting CXX compiler ABI info
[0.219s] -- Detecting CXX compiler ABI info - done
[0.225s] -- Check for working CXX compiler: /usr/bin/c++ - skipped
[0.225s] -- Detecting CXX compile features
[0.225s] -- Detecting CXX compile features - done
[0.226s] -- Found ament_cmake: 1.3.11 (/opt/ros/humble/share/ament_cmake/cmake)
[0.327s] -- Found Python3: /usr/bin/python3 (found version "3.10.12") found components: Interpreter 
[0.383s] -- Found rosidl_default_generators: 1.2.0 (/opt/ros/humble/share/rosidl_default_generators/cmake)
[0.385s] -- Using all available rosidl_typesupport_c: rosidl_typesupport_fastrtps_c;rosidl_typesupport_introspection_c
[0.389s] -- Found rosidl_adapter: 3.1.6 (/opt/ros/humble/share/rosidl_adapter/cmake)
[0.411s] -- Using all available rosidl_typesupport_cpp: rosidl_typesupport_fastrtps_cpp;rosidl_typesupport_introspection_cpp
[0.430s] -- Found std_msgs: 4.2.4 (/opt/ros/humble/share/std_msgs/cmake)
[0.454s] -- Found sensor_msgs: 4.2.4 (/opt/ros/humble/share/sensor_msgs/cmake)
[0.476s] -- Found action_msgs: 1.2.1 (/opt/ros/humble/share/action_msgs/cmake)
[0.609s] [31mCMake Error at /opt/ros/humble/share/rosidl_adapter/cmake/rosidl_adapt_interfaces.cmake:59 (message):
[0.610s]   execute_process(/usr/bin/python3 -m rosidl_adapter --package-name
[0.610s]   interfaces --arguments-file
[0.610s]   /home/mj/Desktop/BerryBot/git_folder/berrybot-ros2/ros2_ws/build/interfaces/rosidl_adapter__arguments__interfaces.json
[0.610s]   --output-dir
[0.610s]   /home/mj/Desktop/BerryBot/git_folder/berrybot-ros2/ros2_ws/build/interfaces/rosidl_adapter/interfaces
[0.610s]   --output-file
[0.610s]   /home/mj/Desktop/BerryBot/git_folder/berrybot-ros2/ros2_ws/build/interfaces/rosidl_adapter/interfaces.idls)
[0.610s]   returned error code 1:
[0.610s] 
[0.610s]   Traceback (most recent call last):
[0.610s] 
[0.610s]     File "/usr/lib/python3.10/runpy.py", line 196, in _run_module_as_main
[0.610s]       return _run_code(code, main_globals, None,
[0.611s]     File "/usr/lib/python3.10/runpy.py", line 86, in _run_code
[0.611s]       exec(code, run_globals)
[0.611s]     File "/opt/ros/humble/local/lib/python3.10/dist-packages/rosidl_adapter/__main__.py", line 19, in <module>
[0.611s]       sys.exit(main())
[0.611s]     File "/opt/ros/humble/local/lib/python3.10/dist-packages/rosidl_adapter/main.py", line 53, in main
[0.611s]       abs_idl_file = convert_to_idl(
[0.611s]     File "/opt/ros/humble/local/lib/python3.10/dist-packages/rosidl_adapter/__init__.py", line 19, in convert_to_idl
[0.611s]       return convert_msg_to_idl(
[0.611s]     File "/opt/ros/humble/local/lib/python3.10/dist-packages/rosidl_adapter/msg/__init__.py", line 28, in convert_msg_to_idl
[0.611s]       msg = parse_message_string(package_name, input_file.stem, content)
[0.611s]     File "/opt/ros/humble/local/lib/python3.10/dist-packages/rosidl_adapter/parser.py", line 544, in parse_message_string
[0.611s]       msg = MessageSpecification(pkg_name, msg_name, fields, constants)
[0.611s]     File "/opt/ros/humble/local/lib/python3.10/dist-packages/rosidl_adapter/parser.py", line 403, in __init__
[0.611s]       raise ValueError(
[0.611s] 
[0.611s]   ValueError: the fields iterable contains duplicate names: x2, y2
[0.611s] 
[0.611s] Call Stack (most recent call first):
[0.611s]   /opt/ros/humble/share/rosidl_cmake/cmake/rosidl_generate_interfaces.cmake:130 (rosidl_adapt_interfaces)
[0.611s]   CMakeLists.txt:17 (rosidl_generate_interfaces)
[0.611s] 
[0.612s] [0m
[0.612s] -- Configuring incomplete, errors occurred!
[0.612s] See also "/home/mj/Desktop/BerryBot/git_folder/berrybot-ros2/ros2_ws/build/interfaces/CMakeFiles/CMakeOutput.log".
[0.619s] Invoked command in '/home/mj/Desktop/BerryBot/git_folder/berrybot-ros2/ros2_ws/build/interfaces' returned '1': CMAKE_PREFIX_PATH=/opt/ros/humble /usr/bin/cmake /home/mj/Desktop/BerryBot/git_folder/berrybot-ros2/ros2_ws/src/interfaces -DCMAKE_INSTALL_PREFIX=/home/mj/Desktop/BerryBot/git_folder/berrybot-ros2/ros2_ws/install/interfaces
