[0.012s] Invoking command in '/home/mj/Desktop/BerryBot/git_folder/berrybot-ros2/ros2_ws/build/interfaces': CMAKE_PREFIX_PATH=/opt/ros/humble /usr/bin/cmake /home/mj/Desktop/BerryBot/git_folder/berrybot-ros2/ros2_ws/src/interfaces -DCMAKE_INSTALL_PREFIX=/home/mj/Desktop/BerryBot/git_folder/berrybot-ros2/ros2_ws/install/interfaces
[0.114s] -- The C compiler identification is GNU 11.4.0
[0.196s] -- The CXX compiler identification is GNU 11.4.0
[0.205s] -- Detecting C compiler ABI info
[0.311s] -- Detecting C compiler ABI info - done
[0.328s] -- Check for working C compiler: /usr/bin/cc - skipped
[0.330s] -- Detecting C compile features
[0.333s] -- Detecting C compile features - done
[0.348s] -- Detecting CXX compiler ABI info
[0.473s] -- Detecting CXX compiler ABI info - done
[0.477s] -- Check for working CXX compiler: /usr/bin/c++ - skipped
[0.478s] -- Detecting CXX compile features
[0.478s] -- Detecting CXX compile features - done
[0.481s] -- Found ament_cmake: 1.3.11 (/opt/ros/humble/share/ament_cmake/cmake)
[0.693s] -- Found Python3: /usr/bin/python3 (found version "3.10.12") found components: Interpreter 
[0.782s] -- Found rosidl_default_generators: 1.2.0 (/opt/ros/humble/share/rosidl_default_generators/cmake)
[0.787s] -- Using all available rosidl_typesupport_c: rosidl_typesupport_fastrtps_c;rosidl_typesupport_introspection_c
[0.794s] -- Found rosidl_adapter: 3.1.6 (/opt/ros/humble/share/rosidl_adapter/cmake)
[0.831s] -- Using all available rosidl_typesupport_cpp: rosidl_typesupport_fastrtps_cpp;rosidl_typesupport_introspection_cpp
[0.872s] -- Found std_msgs: 4.2.4 (/opt/ros/humble/share/std_msgs/cmake)
[0.895s] -- Found sensor_msgs: 4.2.4 (/opt/ros/humble/share/sensor_msgs/cmake)
[0.931s] -- Found action_msgs: 1.2.1 (/opt/ros/humble/share/action_msgs/cmake)
[1.413s] -- Found ament_cmake_ros: 0.10.0 (/opt/ros/humble/share/ament_cmake_ros/cmake)
[1.897s] -- Using all available rosidl_typesupport_c: rosidl_typesupport_fastrtps_c;rosidl_typesupport_introspection_c
[2.471s] -- Using all available rosidl_typesupport_cpp: rosidl_typesupport_fastrtps_cpp;rosidl_typesupport_introspection_cpp
[2.505s] -- Found PythonInterp: /usr/bin/python3 (found suitable version "3.10.12", minimum required is "3.6") 
[2.506s] -- Found python_cmake_module: 0.10.0 (/opt/ros/humble/share/python_cmake_module/cmake)
[2.561s] -- Found PythonLibs: /usr/lib/x86_64-linux-gnu/libpython3.10.so (found suitable version "3.10.12", minimum required is "3.5") 
[2.561s] -- Using PYTHON_EXECUTABLE: /usr/bin/python3
[2.561s] -- Using PYTHON_INCLUDE_DIRS: /usr/include/python3.10
[2.561s] -- Using PYTHON_LIBRARIES: /usr/lib/x86_64-linux-gnu/libpython3.10.so
[2.622s] -- Found PythonExtra: .so  
[2.707s] -- Found ament_lint_auto: 0.12.11 (/opt/ros/humble/share/ament_lint_auto/cmake)
[2.717s] -- Configuring done
[2.810s] -- Generating done
[2.825s] -- Build files have been written to: /home/mj/Desktop/BerryBot/git_folder/berrybot-ros2/ros2_ws/build/interfaces
[2.845s] Invoked command in '/home/mj/Desktop/BerryBot/git_folder/berrybot-ros2/ros2_ws/build/interfaces' returned '0': CMAKE_PREFIX_PATH=/opt/ros/humble /usr/bin/cmake /home/mj/Desktop/BerryBot/git_folder/berrybot-ros2/ros2_ws/src/interfaces -DCMAKE_INSTALL_PREFIX=/home/mj/Desktop/BerryBot/git_folder/berrybot-ros2/ros2_ws/install/interfaces
[2.847s] Invoking command in '/home/mj/Desktop/BerryBot/git_folder/berrybot-ros2/ros2_ws/build/interfaces': CMAKE_PREFIX_PATH=/opt/ros/humble /usr/bin/cmake --build /home/mj/Desktop/BerryBot/git_folder/berrybot-ros2/ros2_ws/build/interfaces -- -j18 -l18
[2.925s] [  2%] [34m[1mGenerating C code for ROS interfaces[0m
[2.935s] [  5%] [34m[1mGenerating C++ code for ROS interfaces[0m
[2.954s] [  5%] Built target ament_cmake_python_copy_interfaces
[3.314s] running egg_info
[3.315s] creating interfaces.egg-info
[3.315s] writing interfaces.egg-info/PKG-INFO
[3.315s] writing dependency_links to interfaces.egg-info/dependency_links.txt
[3.315s] writing top-level names to interfaces.egg-info/top_level.txt
[3.315s] writing manifest file 'interfaces.egg-info/SOURCES.txt'
[3.319s] reading manifest file 'interfaces.egg-info/SOURCES.txt'
[3.320s] writing manifest file 'interfaces.egg-info/SOURCES.txt'
[3.362s] [  5%] Built target ament_cmake_python_build_interfaces_egg
[3.751s] [  7%] [32mBuilding C object CMakeFiles/interfaces__rosidl_generator_c.dir/rosidl_generator_c/interfaces/action/detail/perception__functions.c.o[0m
[3.751s] [ 10%] [32mBuilding C object CMakeFiles/interfaces__rosidl_generator_c.dir/rosidl_generator_c/interfaces/msg/detail/yolo_detection__functions.c.o[0m
[3.758s] [ 10%] Built target interfaces__cpp
[3.764s] [ 12%] [34m[1mGenerating C++ type support dispatch for ROS interfaces[0m
[3.767s] [ 15%] [34m[1mGenerating C++ introspection for ROS interfaces[0m
[3.767s] [ 17%] [34m[1mGenerating C++ type support for eProsima Fast-RTPS[0m
[3.947s] [ 20%] [32m[1mLinking C shared library libinterfaces__rosidl_generator_c.so[0m
[4.013s] [ 20%] Built target interfaces__rosidl_generator_c
[4.023s] [ 23%] [34m[1mGenerating C type support for eProsima Fast-RTPS[0m
[4.023s] [ 25%] [34m[1mGenerating C introspection for ROS interfaces[0m
[4.036s] [ 28%] [34m[1mGenerating C type support dispatch for ROS interfaces[0m
[4.376s] [ 30%] [32mBuilding CXX object CMakeFiles/interfaces__rosidl_typesupport_cpp.dir/rosidl_typesupport_cpp/interfaces/msg/yolo_detection__type_support.cpp.o[0m
[4.386s] [ 33%] [32mBuilding CXX object CMakeFiles/interfaces__rosidl_typesupport_cpp.dir/rosidl_typesupport_cpp/interfaces/action/perception__type_support.cpp.o[0m
[4.492s] [ 35%] [32mBuilding CXX object CMakeFiles/interfaces__rosidl_typesupport_introspection_cpp.dir/rosidl_typesupport_introspection_cpp/interfaces/msg/detail/yolo_detection__type_support.cpp.o[0m
[4.496s] [ 38%] [32mBuilding CXX object CMakeFiles/interfaces__rosidl_typesupport_introspection_cpp.dir/rosidl_typesupport_introspection_cpp/interfaces/action/detail/perception__type_support.cpp.o[0m
[4.675s] [ 41%] [32mBuilding CXX object CMakeFiles/interfaces__rosidl_typesupport_fastrtps_cpp.dir/rosidl_typesupport_fastrtps_cpp/interfaces/msg/detail/dds_fastrtps/yolo_detection__type_support.cpp.o[0m
[4.675s] [ 43%] [32mBuilding CXX object CMakeFiles/interfaces__rosidl_typesupport_fastrtps_cpp.dir/rosidl_typesupport_fastrtps_cpp/interfaces/action/detail/dds_fastrtps/perception__type_support.cpp.o[0m
[4.696s] [ 46%] [32mBuilding CXX object CMakeFiles/interfaces__rosidl_typesupport_c.dir/rosidl_typesupport_c/interfaces/msg/yolo_detection__type_support.cpp.o[0m
[4.699s] [ 48%] [32mBuilding CXX object CMakeFiles/interfaces__rosidl_typesupport_c.dir/rosidl_typesupport_c/interfaces/action/perception__type_support.cpp.o[0m
[4.787s] [ 51%] [32m[1mLinking CXX shared library libinterfaces__rosidl_typesupport_c.so[0m
[4.853s] [ 51%] Built target interfaces__rosidl_typesupport_c
[4.960s] [ 53%] [32mBuilding C object CMakeFiles/interfaces__rosidl_typesupport_introspection_c.dir/rosidl_typesupport_introspection_c/interfaces/action/detail/perception__type_support.c.o[0m
[4.960s] [ 56%] [32mBuilding C object CMakeFiles/interfaces__rosidl_typesupport_introspection_c.dir/rosidl_typesupport_introspection_c/interfaces/msg/detail/yolo_detection__type_support.c.o[0m
[5.032s] [ 58%] [32mBuilding CXX object CMakeFiles/interfaces__rosidl_typesupport_fastrtps_c.dir/rosidl_typesupport_fastrtps_c/interfaces/msg/detail/yolo_detection__type_support_c.cpp.o[0m
[5.032s] [ 61%] [32mBuilding CXX object CMakeFiles/interfaces__rosidl_typesupport_fastrtps_c.dir/rosidl_typesupport_fastrtps_c/interfaces/action/detail/perception__type_support_c.cpp.o[0m
[5.041s] [ 64%] [32m[1mLinking C shared library libinterfaces__rosidl_typesupport_introspection_c.so[0m
[5.093s] [ 66%] [32m[1mLinking CXX shared library libinterfaces__rosidl_typesupport_cpp.so[0m
[5.096s] [ 66%] Built target interfaces__rosidl_typesupport_introspection_c
[5.184s] [ 66%] Built target interfaces__rosidl_typesupport_cpp
[5.662s] [ 69%] [32m[1mLinking CXX shared library libinterfaces__rosidl_typesupport_introspection_cpp.so[0m
[5.697s] [ 71%] [32m[1mLinking CXX shared library libinterfaces__rosidl_typesupport_fastrtps_cpp.so[0m
[5.767s] [ 74%] [32m[1mLinking CXX shared library libinterfaces__rosidl_typesupport_fastrtps_c.so[0m
[5.799s] [ 74%] Built target interfaces__rosidl_typesupport_introspection_cpp
[5.835s] [ 74%] Built target interfaces__rosidl_typesupport_fastrtps_cpp
[5.918s] [ 74%] Built target interfaces__rosidl_typesupport_fastrtps_c
[5.941s] [ 74%] Built target interfaces
[5.967s] [ 76%] [34m[1mGenerating Python code for ROS interfaces[0m
[6.917s] [ 76%] Built target interfaces__py
[6.936s] [ 79%] [32mBuilding C object CMakeFiles/interfaces__rosidl_generator_py.dir/rosidl_generator_py/interfaces/msg/_yolo_detection_s.c.o[0m
[6.936s] [ 82%] [32mBuilding C object CMakeFiles/interfaces__rosidl_generator_py.dir/rosidl_generator_py/interfaces/action/_perception_s.c.o[0m
[7.110s] [ 84%] [32m[1mLinking C shared library rosidl_generator_py/interfaces/libinterfaces__rosidl_generator_py.so[0m
[7.154s] [ 84%] Built target interfaces__rosidl_generator_py
[7.174s] [ 87%] [32mBuilding C object CMakeFiles/interfaces__rosidl_typesupport_fastrtps_c__pyext.dir/rosidl_generator_py/interfaces/_interfaces_s.ep.rosidl_typesupport_fastrtps_c.c.o[0m
[7.174s] [ 92%] [32mBuilding C object CMakeFiles/interfaces__rosidl_typesupport_c__pyext.dir/rosidl_generator_py/interfaces/_interfaces_s.ep.rosidl_typesupport_c.c.o[0m
[7.174s] [ 92%] [32mBuilding C object CMakeFiles/interfaces__rosidl_typesupport_introspection_c__pyext.dir/rosidl_generator_py/interfaces/_interfaces_s.ep.rosidl_typesupport_introspection_c.c.o[0m
[7.329s] [ 94%] [32m[1mLinking C shared library rosidl_generator_py/interfaces/interfaces_s__rosidl_typesupport_fastrtps_c.cpython-310-x86_64-linux-gnu.so[0m
[7.386s] [ 94%] Built target interfaces__rosidl_typesupport_fastrtps_c__pyext
[7.393s] [ 97%] [32m[1mLinking C shared library rosidl_generator_py/interfaces/interfaces_s__rosidl_typesupport_introspection_c.cpython-310-x86_64-linux-gnu.so[0m
[7.419s] [100%] [32m[1mLinking C shared library rosidl_generator_py/interfaces/interfaces_s__rosidl_typesupport_c.cpython-310-x86_64-linux-gnu.so[0m
[7.436s] [100%] Built target interfaces__rosidl_typesupport_introspection_c__pyext
[7.462s] [100%] Built target interfaces__rosidl_typesupport_c__pyext
[7.473s] Invoked command in '/home/mj/Desktop/BerryBot/git_folder/berrybot-ros2/ros2_ws/build/interfaces' returned '0': CMAKE_PREFIX_PATH=/opt/ros/humble /usr/bin/cmake --build /home/mj/Desktop/BerryBot/git_folder/berrybot-ros2/ros2_ws/build/interfaces -- -j18 -l18
[7.480s] Invoking command in '/home/mj/Desktop/BerryBot/git_folder/berrybot-ros2/ros2_ws/build/interfaces': CMAKE_PREFIX_PATH=/opt/ros/humble /usr/bin/cmake --install /home/mj/Desktop/BerryBot/git_folder/berrybot-ros2/ros2_ws/build/interfaces
[7.487s] -- Install configuration: ""
[7.487s] -- Installing: /home/mj/Desktop/BerryBot/git_folder/berrybot-ros2/ros2_ws/install/interfaces/share/ament_index/resource_index/rosidl_interfaces/interfaces
[7.487s] -- Installing: /home/mj/Desktop/BerryBot/git_folder/berrybot-ros2/ros2_ws/install/interfaces/include/interfaces/interfaces
[7.488s] -- Installing: /home/mj/Desktop/BerryBot/git_folder/berrybot-ros2/ros2_ws/install/interfaces/include/interfaces/interfaces/msg
[7.488s] -- Installing: /home/mj/Desktop/BerryBot/git_folder/berrybot-ros2/ros2_ws/install/interfaces/include/interfaces/interfaces/msg/detail
[7.488s] -- Installing: /home/mj/Desktop/BerryBot/git_folder/berrybot-ros2/ros2_ws/install/interfaces/include/interfaces/interfaces/msg/detail/yolo_detection__functions.c
[7.488s] -- Installing: /home/mj/Desktop/BerryBot/git_folder/berrybot-ros2/ros2_ws/install/interfaces/include/interfaces/interfaces/msg/detail/yolo_detection__functions.h
[7.488s] -- Installing: /home/mj/Desktop/BerryBot/git_folder/berrybot-ros2/ros2_ws/install/interfaces/include/interfaces/interfaces/msg/detail/yolo_detection__type_support.h
[7.488s] -- Installing: /home/mj/Desktop/BerryBot/git_folder/berrybot-ros2/ros2_ws/install/interfaces/include/interfaces/interfaces/msg/detail/yolo_detection__struct.h
[7.488s] -- Installing: /home/mj/Desktop/BerryBot/git_folder/berrybot-ros2/ros2_ws/install/interfaces/include/interfaces/interfaces/msg/yolo_detection.h
[7.488s] -- Installing: /home/mj/Desktop/BerryBot/git_folder/berrybot-ros2/ros2_ws/install/interfaces/include/interfaces/interfaces/msg/rosidl_generator_c__visibility_control.h
[7.488s] -- Installing: /home/mj/Desktop/BerryBot/git_folder/berrybot-ros2/ros2_ws/install/interfaces/include/interfaces/interfaces/action
[7.488s] -- Installing: /home/mj/Desktop/BerryBot/git_folder/berrybot-ros2/ros2_ws/install/interfaces/include/interfaces/interfaces/action/detail
[7.488s] -- Installing: /home/mj/Desktop/BerryBot/git_folder/berrybot-ros2/ros2_ws/install/interfaces/include/interfaces/interfaces/action/detail/perception__functions.c
[7.489s] -- Installing: /home/mj/Desktop/BerryBot/git_folder/berrybot-ros2/ros2_ws/install/interfaces/include/interfaces/interfaces/action/detail/perception__struct.h
[7.489s] -- Installing: /home/mj/Desktop/BerryBot/git_folder/berrybot-ros2/ros2_ws/install/interfaces/include/interfaces/interfaces/action/detail/perception__type_support.h
[7.489s] -- Installing: /home/mj/Desktop/BerryBot/git_folder/berrybot-ros2/ros2_ws/install/interfaces/include/interfaces/interfaces/action/detail/perception__functions.h
[7.489s] -- Installing: /home/mj/Desktop/BerryBot/git_folder/berrybot-ros2/ros2_ws/install/interfaces/include/interfaces/interfaces/action/perception.h
[7.489s] -- Installing: /home/mj/Desktop/BerryBot/git_folder/berrybot-ros2/ros2_ws/install/interfaces/share/interfaces/environment/library_path.sh
[7.489s] -- Installing: /home/mj/Desktop/BerryBot/git_folder/berrybot-ros2/ros2_ws/install/interfaces/share/interfaces/environment/library_path.dsv
[7.489s] -- Installing: /home/mj/Desktop/BerryBot/git_folder/berrybot-ros2/ros2_ws/install/interfaces/lib/libinterfaces__rosidl_generator_c.so
[7.490s] -- Set runtime path of "/home/mj/Desktop/BerryBot/git_folder/berrybot-ros2/ros2_ws/install/interfaces/lib/libinterfaces__rosidl_generator_c.so" to ""
[7.490s] -- Up-to-date: /home/mj/Desktop/BerryBot/git_folder/berrybot-ros2/ros2_ws/install/interfaces/include/interfaces/interfaces
[7.490s] -- Up-to-date: /home/mj/Desktop/BerryBot/git_folder/berrybot-ros2/ros2_ws/install/interfaces/include/interfaces/interfaces/msg
[7.490s] -- Up-to-date: /home/mj/Desktop/BerryBot/git_folder/berrybot-ros2/ros2_ws/install/interfaces/include/interfaces/interfaces/msg/detail
[7.490s] -- Installing: /home/mj/Desktop/BerryBot/git_folder/berrybot-ros2/ros2_ws/install/interfaces/include/interfaces/interfaces/msg/detail/yolo_detection__rosidl_typesupport_fastrtps_c.h
[7.490s] -- Installing: /home/mj/Desktop/BerryBot/git_folder/berrybot-ros2/ros2_ws/install/interfaces/include/interfaces/interfaces/msg/rosidl_typesupport_fastrtps_c__visibility_control.h
[7.490s] -- Up-to-date: /home/mj/Desktop/BerryBot/git_folder/berrybot-ros2/ros2_ws/install/interfaces/include/interfaces/interfaces/action
[7.490s] -- Up-to-date: /home/mj/Desktop/BerryBot/git_folder/berrybot-ros2/ros2_ws/install/interfaces/include/interfaces/interfaces/action/detail
[7.490s] -- Installing: /home/mj/Desktop/BerryBot/git_folder/berrybot-ros2/ros2_ws/install/interfaces/include/interfaces/interfaces/action/detail/perception__rosidl_typesupport_fastrtps_c.h
[7.490s] -- Installing: /home/mj/Desktop/BerryBot/git_folder/berrybot-ros2/ros2_ws/install/interfaces/lib/libinterfaces__rosidl_typesupport_fastrtps_c.so
[7.491s] -- Set runtime path of "/home/mj/Desktop/BerryBot/git_folder/berrybot-ros2/ros2_ws/install/interfaces/lib/libinterfaces__rosidl_typesupport_fastrtps_c.so" to ""
[7.491s] -- Up-to-date: /home/mj/Desktop/BerryBot/git_folder/berrybot-ros2/ros2_ws/install/interfaces/include/interfaces/interfaces
[7.491s] -- Up-to-date: /home/mj/Desktop/BerryBot/git_folder/berrybot-ros2/ros2_ws/install/interfaces/include/interfaces/interfaces/msg
[7.491s] -- Up-to-date: /home/mj/Desktop/BerryBot/git_folder/berrybot-ros2/ros2_ws/install/interfaces/include/interfaces/interfaces/msg/detail
[7.491s] -- Installing: /home/mj/Desktop/BerryBot/git_folder/berrybot-ros2/ros2_ws/install/interfaces/include/interfaces/interfaces/msg/detail/yolo_detection__rosidl_typesupport_introspection_c.h
[7.491s] -- Installing: /home/mj/Desktop/BerryBot/git_folder/berrybot-ros2/ros2_ws/install/interfaces/include/interfaces/interfaces/msg/detail/yolo_detection__type_support.c
[7.491s] -- Installing: /home/mj/Desktop/BerryBot/git_folder/berrybot-ros2/ros2_ws/install/interfaces/include/interfaces/interfaces/msg/rosidl_typesupport_introspection_c__visibility_control.h
[7.491s] -- Up-to-date: /home/mj/Desktop/BerryBot/git_folder/berrybot-ros2/ros2_ws/install/interfaces/include/interfaces/interfaces/action
[7.491s] -- Up-to-date: /home/mj/Desktop/BerryBot/git_folder/berrybot-ros2/ros2_ws/install/interfaces/include/interfaces/interfaces/action/detail
[7.491s] -- Installing: /home/mj/Desktop/BerryBot/git_folder/berrybot-ros2/ros2_ws/install/interfaces/include/interfaces/interfaces/action/detail/perception__rosidl_typesupport_introspection_c.h
[7.491s] -- Installing: /home/mj/Desktop/BerryBot/git_folder/berrybot-ros2/ros2_ws/install/interfaces/include/interfaces/interfaces/action/detail/perception__type_support.c
[7.492s] -- Installing: /home/mj/Desktop/BerryBot/git_folder/berrybot-ros2/ros2_ws/install/interfaces/lib/libinterfaces__rosidl_typesupport_introspection_c.so
[7.492s] -- Set runtime path of "/home/mj/Desktop/BerryBot/git_folder/berrybot-ros2/ros2_ws/install/interfaces/lib/libinterfaces__rosidl_typesupport_introspection_c.so" to ""
[7.492s] -- Installing: /home/mj/Desktop/BerryBot/git_folder/berrybot-ros2/ros2_ws/install/interfaces/lib/libinterfaces__rosidl_typesupport_c.so
[7.493s] -- Set runtime path of "/home/mj/Desktop/BerryBot/git_folder/berrybot-ros2/ros2_ws/install/interfaces/lib/libinterfaces__rosidl_typesupport_c.so" to ""
[7.493s] -- Up-to-date: /home/mj/Desktop/BerryBot/git_folder/berrybot-ros2/ros2_ws/install/interfaces/include/interfaces/interfaces
[7.493s] -- Up-to-date: /home/mj/Desktop/BerryBot/git_folder/berrybot-ros2/ros2_ws/install/interfaces/include/interfaces/interfaces/msg
[7.493s] -- Installing: /home/mj/Desktop/BerryBot/git_folder/berrybot-ros2/ros2_ws/install/interfaces/include/interfaces/interfaces/msg/yolo_detection.hpp
[7.493s] -- Up-to-date: /home/mj/Desktop/BerryBot/git_folder/berrybot-ros2/ros2_ws/install/interfaces/include/interfaces/interfaces/msg/detail
[7.493s] -- Installing: /home/mj/Desktop/BerryBot/git_folder/berrybot-ros2/ros2_ws/install/interfaces/include/interfaces/interfaces/msg/detail/yolo_detection__type_support.hpp
[7.493s] -- Installing: /home/mj/Desktop/BerryBot/git_folder/berrybot-ros2/ros2_ws/install/interfaces/include/interfaces/interfaces/msg/detail/yolo_detection__struct.hpp
[7.493s] -- Installing: /home/mj/Desktop/BerryBot/git_folder/berrybot-ros2/ros2_ws/install/interfaces/include/interfaces/interfaces/msg/detail/yolo_detection__traits.hpp
[7.494s] -- Installing: /home/mj/Desktop/BerryBot/git_folder/berrybot-ros2/ros2_ws/install/interfaces/include/interfaces/interfaces/msg/detail/yolo_detection__builder.hpp
[7.494s] -- Installing: /home/mj/Desktop/BerryBot/git_folder/berrybot-ros2/ros2_ws/install/interfaces/include/interfaces/interfaces/msg/rosidl_generator_cpp__visibility_control.hpp
[7.494s] -- Up-to-date: /home/mj/Desktop/BerryBot/git_folder/berrybot-ros2/ros2_ws/install/interfaces/include/interfaces/interfaces/action
[7.494s] -- Up-to-date: /home/mj/Desktop/BerryBot/git_folder/berrybot-ros2/ros2_ws/install/interfaces/include/interfaces/interfaces/action/detail
[7.495s] -- Installing: /home/mj/Desktop/BerryBot/git_folder/berrybot-ros2/ros2_ws/install/interfaces/include/interfaces/interfaces/action/detail/perception__builder.hpp
[7.495s] -- Installing: /home/mj/Desktop/BerryBot/git_folder/berrybot-ros2/ros2_ws/install/interfaces/include/interfaces/interfaces/action/detail/perception__type_support.hpp
[7.496s] -- Installing: /home/mj/Desktop/BerryBot/git_folder/berrybot-ros2/ros2_ws/install/interfaces/include/interfaces/interfaces/action/detail/perception__traits.hpp
[7.496s] -- Installing: /home/mj/Desktop/BerryBot/git_folder/berrybot-ros2/ros2_ws/install/interfaces/include/interfaces/interfaces/action/detail/perception__struct.hpp
[7.497s] -- Installing: /home/mj/Desktop/BerryBot/git_folder/berrybot-ros2/ros2_ws/install/interfaces/include/interfaces/interfaces/action/perception.hpp
[7.497s] -- Up-to-date: /home/mj/Desktop/BerryBot/git_folder/berrybot-ros2/ros2_ws/install/interfaces/include/interfaces/interfaces
[7.497s] -- Up-to-date: /home/mj/Desktop/BerryBot/git_folder/berrybot-ros2/ros2_ws/install/interfaces/include/interfaces/interfaces/msg
[7.497s] -- Up-to-date: /home/mj/Desktop/BerryBot/git_folder/berrybot-ros2/ros2_ws/install/interfaces/include/interfaces/interfaces/msg/detail
[7.498s] -- Installing: /home/mj/Desktop/BerryBot/git_folder/berrybot-ros2/ros2_ws/install/interfaces/include/interfaces/interfaces/msg/detail/dds_fastrtps
[7.498s] -- Installing: /home/mj/Desktop/BerryBot/git_folder/berrybot-ros2/ros2_ws/install/interfaces/include/interfaces/interfaces/msg/detail/yolo_detection__rosidl_typesupport_fastrtps_cpp.hpp
[7.498s] -- Installing: /home/mj/Desktop/BerryBot/git_folder/berrybot-ros2/ros2_ws/install/interfaces/include/interfaces/interfaces/msg/rosidl_typesupport_fastrtps_cpp__visibility_control.h
[7.499s] -- Up-to-date: /home/mj/Desktop/BerryBot/git_folder/berrybot-ros2/ros2_ws/install/interfaces/include/interfaces/interfaces/action
[7.499s] -- Up-to-date: /home/mj/Desktop/BerryBot/git_folder/berrybot-ros2/ros2_ws/install/interfaces/include/interfaces/interfaces/action/detail
[7.499s] -- Installing: /home/mj/Desktop/BerryBot/git_folder/berrybot-ros2/ros2_ws/install/interfaces/include/interfaces/interfaces/action/detail/dds_fastrtps
[7.499s] -- Installing: /home/mj/Desktop/BerryBot/git_folder/berrybot-ros2/ros2_ws/install/interfaces/include/interfaces/interfaces/action/detail/perception__rosidl_typesupport_fastrtps_cpp.hpp
[7.500s] -- Installing: /home/mj/Desktop/BerryBot/git_folder/berrybot-ros2/ros2_ws/install/interfaces/lib/libinterfaces__rosidl_typesupport_fastrtps_cpp.so
[7.502s] -- Set runtime path of "/home/mj/Desktop/BerryBot/git_folder/berrybot-ros2/ros2_ws/install/interfaces/lib/libinterfaces__rosidl_typesupport_fastrtps_cpp.so" to ""
[7.502s] -- Up-to-date: /home/mj/Desktop/BerryBot/git_folder/berrybot-ros2/ros2_ws/install/interfaces/include/interfaces/interfaces
[7.502s] -- Up-to-date: /home/mj/Desktop/BerryBot/git_folder/berrybot-ros2/ros2_ws/install/interfaces/include/interfaces/interfaces/msg
[7.502s] -- Up-to-date: /home/mj/Desktop/BerryBot/git_folder/berrybot-ros2/ros2_ws/install/interfaces/include/interfaces/interfaces/msg/detail
[7.502s] -- Installing: /home/mj/Desktop/BerryBot/git_folder/berrybot-ros2/ros2_ws/install/interfaces/include/interfaces/interfaces/msg/detail/yolo_detection__rosidl_typesupport_introspection_cpp.hpp
[7.503s] -- Installing: /home/mj/Desktop/BerryBot/git_folder/berrybot-ros2/ros2_ws/install/interfaces/include/interfaces/interfaces/msg/detail/yolo_detection__type_support.cpp
[7.503s] -- Up-to-date: /home/mj/Desktop/BerryBot/git_folder/berrybot-ros2/ros2_ws/install/interfaces/include/interfaces/interfaces/action
[7.503s] -- Up-to-date: /home/mj/Desktop/BerryBot/git_folder/berrybot-ros2/ros2_ws/install/interfaces/include/interfaces/interfaces/action/detail
[7.504s] -- Installing: /home/mj/Desktop/BerryBot/git_folder/berrybot-ros2/ros2_ws/install/interfaces/include/interfaces/interfaces/action/detail/perception__rosidl_typesupport_introspection_cpp.hpp
[7.504s] -- Installing: /home/mj/Desktop/BerryBot/git_folder/berrybot-ros2/ros2_ws/install/interfaces/include/interfaces/interfaces/action/detail/perception__type_support.cpp
[7.505s] -- Installing: /home/mj/Desktop/BerryBot/git_folder/berrybot-ros2/ros2_ws/install/interfaces/lib/libinterfaces__rosidl_typesupport_introspection_cpp.so
[7.507s] -- Set runtime path of "/home/mj/Desktop/BerryBot/git_folder/berrybot-ros2/ros2_ws/install/interfaces/lib/libinterfaces__rosidl_typesupport_introspection_cpp.so" to ""
[7.507s] -- Installing: /home/mj/Desktop/BerryBot/git_folder/berrybot-ros2/ros2_ws/install/interfaces/lib/libinterfaces__rosidl_typesupport_cpp.so
[7.509s] -- Set runtime path of "/home/mj/Desktop/BerryBot/git_folder/berrybot-ros2/ros2_ws/install/interfaces/lib/libinterfaces__rosidl_typesupport_cpp.so" to ""
[7.509s] -- Installing: /home/mj/Desktop/BerryBot/git_folder/berrybot-ros2/ros2_ws/install/interfaces/share/interfaces/environment/pythonpath.sh
[7.510s] -- Installing: /home/mj/Desktop/BerryBot/git_folder/berrybot-ros2/ros2_ws/install/interfaces/share/interfaces/environment/pythonpath.dsv
[7.511s] -- Installing: /home/mj/Desktop/BerryBot/git_folder/berrybot-ros2/ros2_ws/install/interfaces/local/lib/python3.10/dist-packages/interfaces-0.0.0-py3.10.egg-info
[7.511s] -- Installing: /home/mj/Desktop/BerryBot/git_folder/berrybot-ros2/ros2_ws/install/interfaces/local/lib/python3.10/dist-packages/interfaces-0.0.0-py3.10.egg-info/top_level.txt
[7.512s] -- Installing: /home/mj/Desktop/BerryBot/git_folder/berrybot-ros2/ros2_ws/install/interfaces/local/lib/python3.10/dist-packages/interfaces-0.0.0-py3.10.egg-info/PKG-INFO
[7.512s] -- Installing: /home/mj/Desktop/BerryBot/git_folder/berrybot-ros2/ros2_ws/install/interfaces/local/lib/python3.10/dist-packages/interfaces-0.0.0-py3.10.egg-info/dependency_links.txt
[7.513s] -- Installing: /home/mj/Desktop/BerryBot/git_folder/berrybot-ros2/ros2_ws/install/interfaces/local/lib/python3.10/dist-packages/interfaces-0.0.0-py3.10.egg-info/SOURCES.txt
[7.513s] -- Installing: /home/mj/Desktop/BerryBot/git_folder/berrybot-ros2/ros2_ws/install/interfaces/local/lib/python3.10/dist-packages/interfaces
[7.514s] -- Installing: /home/mj/Desktop/BerryBot/git_folder/berrybot-ros2/ros2_ws/install/interfaces/local/lib/python3.10/dist-packages/interfaces/__init__.py
[7.514s] -- Installing: /home/mj/Desktop/BerryBot/git_folder/berrybot-ros2/ros2_ws/install/interfaces/local/lib/python3.10/dist-packages/interfaces/_interfaces_s.ep.rosidl_typesupport_introspection_c.c
[7.515s] -- Installing: /home/mj/Desktop/BerryBot/git_folder/berrybot-ros2/ros2_ws/install/interfaces/local/lib/python3.10/dist-packages/interfaces/libinterfaces__rosidl_generator_py.so
[7.515s] -- Installing: /home/mj/Desktop/BerryBot/git_folder/berrybot-ros2/ros2_ws/install/interfaces/local/lib/python3.10/dist-packages/interfaces/_interfaces_s.ep.rosidl_typesupport_fastrtps_c.c
[7.516s] -- Installing: /home/mj/Desktop/BerryBot/git_folder/berrybot-ros2/ros2_ws/install/interfaces/local/lib/python3.10/dist-packages/interfaces/interfaces_s__rosidl_typesupport_introspection_c.cpython-310-x86_64-linux-gnu.so
[7.516s] -- Installing: /home/mj/Desktop/BerryBot/git_folder/berrybot-ros2/ros2_ws/install/interfaces/local/lib/python3.10/dist-packages/interfaces/interfaces_s__rosidl_typesupport_fastrtps_c.cpython-310-x86_64-linux-gnu.so
[7.517s] -- Installing: /home/mj/Desktop/BerryBot/git_folder/berrybot-ros2/ros2_ws/install/interfaces/local/lib/python3.10/dist-packages/interfaces/msg
[7.518s] -- Installing: /home/mj/Desktop/BerryBot/git_folder/berrybot-ros2/ros2_ws/install/interfaces/local/lib/python3.10/dist-packages/interfaces/msg/__init__.py
[7.518s] -- Installing: /home/mj/Desktop/BerryBot/git_folder/berrybot-ros2/ros2_ws/install/interfaces/local/lib/python3.10/dist-packages/interfaces/msg/_yolo_detection.py
[7.519s] -- Installing: /home/mj/Desktop/BerryBot/git_folder/berrybot-ros2/ros2_ws/install/interfaces/local/lib/python3.10/dist-packages/interfaces/msg/_yolo_detection_s.c
[7.519s] -- Installing: /home/mj/Desktop/BerryBot/git_folder/berrybot-ros2/ros2_ws/install/interfaces/local/lib/python3.10/dist-packages/interfaces/_interfaces_s.ep.rosidl_typesupport_c.c
[7.520s] -- Installing: /home/mj/Desktop/BerryBot/git_folder/berrybot-ros2/ros2_ws/install/interfaces/local/lib/python3.10/dist-packages/interfaces/interfaces_s__rosidl_typesupport_c.cpython-310-x86_64-linux-gnu.so
[7.520s] -- Installing: /home/mj/Desktop/BerryBot/git_folder/berrybot-ros2/ros2_ws/install/interfaces/local/lib/python3.10/dist-packages/interfaces/action
[7.521s] -- Installing: /home/mj/Desktop/BerryBot/git_folder/berrybot-ros2/ros2_ws/install/interfaces/local/lib/python3.10/dist-packages/interfaces/action/__init__.py
[7.521s] -- Installing: /home/mj/Desktop/BerryBot/git_folder/berrybot-ros2/ros2_ws/install/interfaces/local/lib/python3.10/dist-packages/interfaces/action/_perception_s.c
[7.521s] -- Installing: /home/mj/Desktop/BerryBot/git_folder/berrybot-ros2/ros2_ws/install/interfaces/local/lib/python3.10/dist-packages/interfaces/action/_perception.py
[7.603s] Listing '/home/mj/Desktop/BerryBot/git_folder/berrybot-ros2/ros2_ws/install/interfaces/local/lib/python3.10/dist-packages/interfaces'...
[7.603s] Compiling '/home/mj/Desktop/BerryBot/git_folder/berrybot-ros2/ros2_ws/install/interfaces/local/lib/python3.10/dist-packages/interfaces/__init__.py'...
[7.604s] Listing '/home/mj/Desktop/BerryBot/git_folder/berrybot-ros2/ros2_ws/install/interfaces/local/lib/python3.10/dist-packages/interfaces/action'...
[7.604s] Compiling '/home/mj/Desktop/BerryBot/git_folder/berrybot-ros2/ros2_ws/install/interfaces/local/lib/python3.10/dist-packages/interfaces/action/__init__.py'...
[7.604s] Compiling '/home/mj/Desktop/BerryBot/git_folder/berrybot-ros2/ros2_ws/install/interfaces/local/lib/python3.10/dist-packages/interfaces/action/_perception.py'...
[7.604s] Listing '/home/mj/Desktop/BerryBot/git_folder/berrybot-ros2/ros2_ws/install/interfaces/local/lib/python3.10/dist-packages/interfaces/msg'...
[7.604s] Compiling '/home/mj/Desktop/BerryBot/git_folder/berrybot-ros2/ros2_ws/install/interfaces/local/lib/python3.10/dist-packages/interfaces/msg/__init__.py'...
[7.604s] Compiling '/home/mj/Desktop/BerryBot/git_folder/berrybot-ros2/ros2_ws/install/interfaces/local/lib/python3.10/dist-packages/interfaces/msg/_yolo_detection.py'...
[7.611s] -- Installing: /home/mj/Desktop/BerryBot/git_folder/berrybot-ros2/ros2_ws/install/interfaces/local/lib/python3.10/dist-packages/interfaces/interfaces_s__rosidl_typesupport_fastrtps_c.cpython-310-x86_64-linux-gnu.so
[7.611s] -- Set runtime path of "/home/mj/Desktop/BerryBot/git_folder/berrybot-ros2/ros2_ws/install/interfaces/local/lib/python3.10/dist-packages/interfaces/interfaces_s__rosidl_typesupport_fastrtps_c.cpython-310-x86_64-linux-gnu.so" to ""
[7.611s] -- Installing: /home/mj/Desktop/BerryBot/git_folder/berrybot-ros2/ros2_ws/install/interfaces/local/lib/python3.10/dist-packages/interfaces/interfaces_s__rosidl_typesupport_introspection_c.cpython-310-x86_64-linux-gnu.so
[7.612s] -- Set runtime path of "/home/mj/Desktop/BerryBot/git_folder/berrybot-ros2/ros2_ws/install/interfaces/local/lib/python3.10/dist-packages/interfaces/interfaces_s__rosidl_typesupport_introspection_c.cpython-310-x86_64-linux-gnu.so" to ""
[7.612s] -- Installing: /home/mj/Desktop/BerryBot/git_folder/berrybot-ros2/ros2_ws/install/interfaces/local/lib/python3.10/dist-packages/interfaces/interfaces_s__rosidl_typesupport_c.cpython-310-x86_64-linux-gnu.so
[7.612s] -- Set runtime path of "/home/mj/Desktop/BerryBot/git_folder/berrybot-ros2/ros2_ws/install/interfaces/local/lib/python3.10/dist-packages/interfaces/interfaces_s__rosidl_typesupport_c.cpython-310-x86_64-linux-gnu.so" to ""
[7.612s] -- Installing: /home/mj/Desktop/BerryBot/git_folder/berrybot-ros2/ros2_ws/install/interfaces/lib/libinterfaces__rosidl_generator_py.so
[7.612s] -- Set runtime path of "/home/mj/Desktop/BerryBot/git_folder/berrybot-ros2/ros2_ws/install/interfaces/lib/libinterfaces__rosidl_generator_py.so" to ""
[7.613s] -- Installing: /home/mj/Desktop/BerryBot/git_folder/berrybot-ros2/ros2_ws/install/interfaces/share/interfaces/msg/YoloDetection.idl
[7.613s] -- Installing: /home/mj/Desktop/BerryBot/git_folder/berrybot-ros2/ros2_ws/install/interfaces/share/interfaces/action/Perception.idl
[7.613s] -- Installing: /home/mj/Desktop/BerryBot/git_folder/berrybot-ros2/ros2_ws/install/interfaces/share/interfaces/msg/YoloDetection.msg
[7.613s] -- Installing: /home/mj/Desktop/BerryBot/git_folder/berrybot-ros2/ros2_ws/install/interfaces/share/interfaces/action/Perception.action
[7.613s] -- Installing: /home/mj/Desktop/BerryBot/git_folder/berrybot-ros2/ros2_ws/install/interfaces/share/ament_index/resource_index/package_run_dependencies/interfaces
[7.613s] -- Installing: /home/mj/Desktop/BerryBot/git_folder/berrybot-ros2/ros2_ws/install/interfaces/share/ament_index/resource_index/parent_prefix_path/interfaces
[7.613s] -- Installing: /home/mj/Desktop/BerryBot/git_folder/berrybot-ros2/ros2_ws/install/interfaces/share/interfaces/environment/ament_prefix_path.sh
[7.613s] -- Installing: /home/mj/Desktop/BerryBot/git_folder/berrybot-ros2/ros2_ws/install/interfaces/share/interfaces/environment/ament_prefix_path.dsv
[7.614s] -- Installing: /home/mj/Desktop/BerryBot/git_folder/berrybot-ros2/ros2_ws/install/interfaces/share/interfaces/environment/path.sh
[7.614s] -- Installing: /home/mj/Desktop/BerryBot/git_folder/berrybot-ros2/ros2_ws/install/interfaces/share/interfaces/environment/path.dsv
[7.614s] -- Installing: /home/mj/Desktop/BerryBot/git_folder/berrybot-ros2/ros2_ws/install/interfaces/share/interfaces/local_setup.bash
[7.614s] -- Installing: /home/mj/Desktop/BerryBot/git_folder/berrybot-ros2/ros2_ws/install/interfaces/share/interfaces/local_setup.sh
[7.614s] -- Installing: /home/mj/Desktop/BerryBot/git_folder/berrybot-ros2/ros2_ws/install/interfaces/share/interfaces/local_setup.zsh
[7.615s] -- Installing: /home/mj/Desktop/BerryBot/git_folder/berrybot-ros2/ros2_ws/install/interfaces/share/interfaces/local_setup.dsv
[7.615s] -- Installing: /home/mj/Desktop/BerryBot/git_folder/berrybot-ros2/ros2_ws/install/interfaces/share/interfaces/package.dsv
[7.615s] -- Installing: /home/mj/Desktop/BerryBot/git_folder/berrybot-ros2/ros2_ws/install/interfaces/share/ament_index/resource_index/packages/interfaces
[7.615s] -- Installing: /home/mj/Desktop/BerryBot/git_folder/berrybot-ros2/ros2_ws/install/interfaces/share/interfaces/cmake/export_interfaces__rosidl_generator_cExport.cmake
[7.615s] -- Installing: /home/mj/Desktop/BerryBot/git_folder/berrybot-ros2/ros2_ws/install/interfaces/share/interfaces/cmake/export_interfaces__rosidl_generator_cExport-noconfig.cmake
[7.615s] -- Installing: /home/mj/Desktop/BerryBot/git_folder/berrybot-ros2/ros2_ws/install/interfaces/share/interfaces/cmake/export_interfaces__rosidl_typesupport_fastrtps_cExport.cmake
[7.615s] -- Installing: /home/mj/Desktop/BerryBot/git_folder/berrybot-ros2/ros2_ws/install/interfaces/share/interfaces/cmake/export_interfaces__rosidl_typesupport_fastrtps_cExport-noconfig.cmake
[7.616s] -- Installing: /home/mj/Desktop/BerryBot/git_folder/berrybot-ros2/ros2_ws/install/interfaces/share/interfaces/cmake/interfaces__rosidl_typesupport_introspection_cExport.cmake
[7.616s] -- Installing: /home/mj/Desktop/BerryBot/git_folder/berrybot-ros2/ros2_ws/install/interfaces/share/interfaces/cmake/interfaces__rosidl_typesupport_introspection_cExport-noconfig.cmake
[7.616s] -- Installing: /home/mj/Desktop/BerryBot/git_folder/berrybot-ros2/ros2_ws/install/interfaces/share/interfaces/cmake/interfaces__rosidl_typesupport_cExport.cmake
[7.616s] -- Installing: /home/mj/Desktop/BerryBot/git_folder/berrybot-ros2/ros2_ws/install/interfaces/share/interfaces/cmake/interfaces__rosidl_typesupport_cExport-noconfig.cmake
[7.616s] -- Installing: /home/mj/Desktop/BerryBot/git_folder/berrybot-ros2/ros2_ws/install/interfaces/share/interfaces/cmake/export_interfaces__rosidl_generator_cppExport.cmake
[7.616s] -- Installing: /home/mj/Desktop/BerryBot/git_folder/berrybot-ros2/ros2_ws/install/interfaces/share/interfaces/cmake/export_interfaces__rosidl_typesupport_fastrtps_cppExport.cmake
[7.616s] -- Installing: /home/mj/Desktop/BerryBot/git_folder/berrybot-ros2/ros2_ws/install/interfaces/share/interfaces/cmake/export_interfaces__rosidl_typesupport_fastrtps_cppExport-noconfig.cmake
[7.616s] -- Installing: /home/mj/Desktop/BerryBot/git_folder/berrybot-ros2/ros2_ws/install/interfaces/share/interfaces/cmake/interfaces__rosidl_typesupport_introspection_cppExport.cmake
[7.617s] -- Installing: /home/mj/Desktop/BerryBot/git_folder/berrybot-ros2/ros2_ws/install/interfaces/share/interfaces/cmake/interfaces__rosidl_typesupport_introspection_cppExport-noconfig.cmake
[7.617s] -- Installing: /home/mj/Desktop/BerryBot/git_folder/berrybot-ros2/ros2_ws/install/interfaces/share/interfaces/cmake/interfaces__rosidl_typesupport_cppExport.cmake
[7.617s] -- Installing: /home/mj/Desktop/BerryBot/git_folder/berrybot-ros2/ros2_ws/install/interfaces/share/interfaces/cmake/interfaces__rosidl_typesupport_cppExport-noconfig.cmake
[7.617s] -- Installing: /home/mj/Desktop/BerryBot/git_folder/berrybot-ros2/ros2_ws/install/interfaces/share/interfaces/cmake/export_interfaces__rosidl_generator_pyExport.cmake
[7.617s] -- Installing: /home/mj/Desktop/BerryBot/git_folder/berrybot-ros2/ros2_ws/install/interfaces/share/interfaces/cmake/export_interfaces__rosidl_generator_pyExport-noconfig.cmake
[7.617s] -- Installing: /home/mj/Desktop/BerryBot/git_folder/berrybot-ros2/ros2_ws/install/interfaces/share/interfaces/cmake/rosidl_cmake-extras.cmake
[7.617s] -- Installing: /home/mj/Desktop/BerryBot/git_folder/berrybot-ros2/ros2_ws/install/interfaces/share/interfaces/cmake/ament_cmake_export_dependencies-extras.cmake
[7.618s] -- Installing: /home/mj/Desktop/BerryBot/git_folder/berrybot-ros2/ros2_ws/install/interfaces/share/interfaces/cmake/ament_cmake_export_include_directories-extras.cmake
[7.618s] -- Installing: /home/mj/Desktop/BerryBot/git_folder/berrybot-ros2/ros2_ws/install/interfaces/share/interfaces/cmake/ament_cmake_export_libraries-extras.cmake
[7.618s] -- Installing: /home/mj/Desktop/BerryBot/git_folder/berrybot-ros2/ros2_ws/install/interfaces/share/interfaces/cmake/ament_cmake_export_targets-extras.cmake
[7.618s] -- Installing: /home/mj/Desktop/BerryBot/git_folder/berrybot-ros2/ros2_ws/install/interfaces/share/interfaces/cmake/rosidl_cmake_export_typesupport_targets-extras.cmake
[7.618s] -- Installing: /home/mj/Desktop/BerryBot/git_folder/berrybot-ros2/ros2_ws/install/interfaces/share/interfaces/cmake/rosidl_cmake_export_typesupport_libraries-extras.cmake
[7.618s] -- Installing: /home/mj/Desktop/BerryBot/git_folder/berrybot-ros2/ros2_ws/install/interfaces/share/interfaces/cmake/interfacesConfig.cmake
[7.619s] -- Installing: /home/mj/Desktop/BerryBot/git_folder/berrybot-ros2/ros2_ws/install/interfaces/share/interfaces/cmake/interfacesConfig-version.cmake
[7.619s] -- Installing: /home/mj/Desktop/BerryBot/git_folder/berrybot-ros2/ros2_ws/install/interfaces/share/interfaces/package.xml
[7.623s] Invoked command in '/home/mj/Desktop/BerryBot/git_folder/berrybot-ros2/ros2_ws/build/interfaces' returned '0': CMAKE_PREFIX_PATH=/opt/ros/humble /usr/bin/cmake --install /home/mj/Desktop/BerryBot/git_folder/berrybot-ros2/ros2_ws/build/interfaces
