-- The C compiler identification is GNU 11.4.0
-- The CXX compiler identification is GNU 11.4.0
-- Detecting C compiler ABI info
-- Detecting C compiler ABI info - done
-- Check for working C compiler: /usr/bin/cc - skipped
-- Detecting C compile features
-- Detecting C compile features - done
-- Detecting CXX compiler ABI info
-- Detecting CXX compiler ABI info - done
-- Check for working CXX compiler: /usr/bin/c++ - skipped
-- Detecting CXX compile features
-- Detecting CXX compile features - done
-- Found ament_cmake: 1.3.11 (/opt/ros/humble/share/ament_cmake/cmake)
-- Found Python3: /usr/bin/python3 (found version "3.10.12") found components: Interpreter 
-- Found ament_lint_auto: 0.12.11 (/opt/ros/humble/share/ament_lint_auto/cmake)
-- Added test 'lint_cmake' to check CMake code style
-- Added test 'xmllint' to check XML markup files
-- Configuring done
-- Generating done
-- Build files have been written to: /home/mj/Desktop/BerryBot/git_folder/berrybot-ros2/ros2_ws/build/base_cmake
-- Install configuration: ""
-- Installing: /home/mj/Desktop/BerryBot/git_folder/berrybot-ros2/ros2_ws/install/base_cmake/share/ament_index/resource_index/package_run_dependencies/base_cmake
-- Installing: /home/mj/Desktop/BerryBot/git_folder/berrybot-ros2/ros2_ws/install/base_cmake/share/ament_index/resource_index/parent_prefix_path/base_cmake
-- Installing: /home/mj/Desktop/BerryBot/git_folder/berrybot-ros2/ros2_ws/install/base_cmake/share/base_cmake/environment/ament_prefix_path.sh
-- Installing: /home/mj/Desktop/BerryBot/git_folder/berrybot-ros2/ros2_ws/install/base_cmake/share/base_cmake/environment/ament_prefix_path.dsv
-- Installing: /home/mj/Desktop/BerryBot/git_folder/berrybot-ros2/ros2_ws/install/base_cmake/share/base_cmake/environment/path.sh
-- Installing: /home/mj/Desktop/BerryBot/git_folder/berrybot-ros2/ros2_ws/install/base_cmake/share/base_cmake/environment/path.dsv
-- Installing: /home/mj/Desktop/BerryBot/git_folder/berrybot-ros2/ros2_ws/install/base_cmake/share/base_cmake/local_setup.bash
-- Installing: /home/mj/Desktop/BerryBot/git_folder/berrybot-ros2/ros2_ws/install/base_cmake/share/base_cmake/local_setup.sh
-- Installing: /home/mj/Desktop/BerryBot/git_folder/berrybot-ros2/ros2_ws/install/base_cmake/share/base_cmake/local_setup.zsh
-- Installing: /home/mj/Desktop/BerryBot/git_folder/berrybot-ros2/ros2_ws/install/base_cmake/share/base_cmake/local_setup.dsv
-- Installing: /home/mj/Desktop/BerryBot/git_folder/berrybot-ros2/ros2_ws/install/base_cmake/share/base_cmake/package.dsv
-- Installing: /home/mj/Desktop/BerryBot/git_folder/berrybot-ros2/ros2_ws/install/base_cmake/share/ament_index/resource_index/packages/base_cmake
-- Installing: /home/mj/Desktop/BerryBot/git_folder/berrybot-ros2/ros2_ws/install/base_cmake/share/base_cmake/cmake/base_cmakeConfig.cmake
-- Installing: /home/mj/Desktop/BerryBot/git_folder/berrybot-ros2/ros2_ws/install/base_cmake/share/base_cmake/cmake/base_cmakeConfig-version.cmake
-- Installing: /home/mj/Desktop/BerryBot/git_folder/berrybot-ros2/ros2_ws/install/base_cmake/share/base_cmake/package.xml
