[0.010s] Invoking command in '/home/mj/Desktop/BerryBot/git_folder/berrybot-ros2/ros2_ws/build/interfaces': CMAKE_PREFIX_PATH=/opt/ros/humble /usr/bin/cmake /home/mj/Desktop/BerryBot/git_folder/berrybot-ros2/ros2_ws/src/interfaces -DCMAKE_INSTALL_PREFIX=/home/mj/Desktop/BerryBot/git_folder/berrybot-ros2/ros2_ws/install/interfaces
[0.019s] -- Found ament_cmake: 1.3.11 (/opt/ros/humble/share/ament_cmake/cmake)
[0.108s] -- Found rosidl_default_generators: 1.2.0 (/opt/ros/humble/share/rosidl_default_generators/cmake)
[0.109s] -- Using all available rosidl_typesupport_c: rosidl_typesupport_fastrtps_c;rosidl_typesupport_introspection_c
[0.111s] -- Found rosidl_adapter: 3.1.6 (/opt/ros/humble/share/rosidl_adapter/cmake)
[0.129s] -- Using all available rosidl_typesupport_cpp: rosidl_typesupport_fastrtps_cpp;rosidl_typesupport_introspection_cpp
[0.146s] -- Found std_msgs: 4.2.4 (/opt/ros/humble/share/std_msgs/cmake)
[0.162s] -- Found sensor_msgs: 4.2.4 (/opt/ros/humble/share/sensor_msgs/cmake)
[0.182s] -- Found action_msgs: 1.2.1 (/opt/ros/humble/share/action_msgs/cmake)
[0.321s] [31mCMake Error at /opt/ros/humble/share/rosidl_adapter/cmake/rosidl_adapt_interfaces.cmake:59 (message):
[0.321s]   execute_process(/usr/bin/python3 -m rosidl_adapter --package-name
[0.321s]   interfaces --arguments-file
[0.321s]   /home/mj/Desktop/BerryBot/git_folder/berrybot-ros2/ros2_ws/build/interfaces/rosidl_adapter__arguments__interfaces.json
[0.321s]   --output-dir
[0.321s]   /home/mj/Desktop/BerryBot/git_folder/berrybot-ros2/ros2_ws/build/interfaces/rosidl_adapter/interfaces
[0.321s]   --output-file
[0.321s]   /home/mj/Desktop/BerryBot/git_folder/berrybot-ros2/ros2_ws/build/interfaces/rosidl_adapter/interfaces.idls)
[0.321s]   returned error code 1:
[0.321s] 
[0.321s]   Error processing 'interfaces/msg/YoloDetection detections' of
[0.321s]   'interfaces/Perception_Result': 'interfaces/msg/YoloDetection'
[0.321s] 
[0.321s]   Traceback (most recent call last):
[0.321s] 
[0.321s]     File "/usr/lib/python3.10/runpy.py", line 196, in _run_module_as_main
[0.321s]       return _run_code(code, main_globals, None,
[0.321s]     File "/usr/lib/python3.10/runpy.py", line 86, in _run_code
[0.321s]       exec(code, run_globals)
[0.322s]     File "/opt/ros/humble/local/lib/python3.10/dist-packages/rosidl_adapter/__main__.py", line 19, in <module>
[0.322s]       sys.exit(main())
[0.322s]     File "/opt/ros/humble/local/lib/python3.10/dist-packages/rosidl_adapter/main.py", line 53, in main
[0.322s]       abs_idl_file = convert_to_idl(
[0.322s]     File "/opt/ros/humble/local/lib/python3.10/dist-packages/rosidl_adapter/__init__.py", line 29, in convert_to_idl
[0.322s]       return convert_action_to_idl(
[0.322s]     File "/opt/ros/humble/local/lib/python3.10/dist-packages/rosidl_adapter/action/__init__.py", line 28, in convert_action_to_idl
[0.322s]       action = parse_action_string(package_name, input_file.stem, content)
[0.322s]     File "/opt/ros/humble/local/lib/python3.10/dist-packages/rosidl_adapter/parser.py", line 904, in parse_action_string
[0.322s]       result_message = parse_message_string(
[0.322s]     File "/opt/ros/humble/local/lib/python3.10/dist-packages/rosidl_adapter/parser.py", line 520, in parse_message_string
[0.322s]       Type(type_string, context_package_name=pkg_name),
[0.322s]     File "/opt/ros/humble/local/lib/python3.10/dist-packages/rosidl_adapter/parser.py", line 277, in __init__
[0.322s]       super(Type, self).__init__(
[0.322s]     File "/opt/ros/humble/local/lib/python3.10/dist-packages/rosidl_adapter/parser.py", line 190, in __init__
[0.322s]       raise InvalidResourceName(type_string)
[0.322s] 
[0.322s]   rosidl_adapter.parser.InvalidResourceName: interfaces/msg/YoloDetection
[0.322s] 
[0.322s] Call Stack (most recent call first):
[0.322s]   /opt/ros/humble/share/rosidl_cmake/cmake/rosidl_generate_interfaces.cmake:130 (rosidl_adapt_interfaces)
[0.322s]   CMakeLists.txt:17 (rosidl_generate_interfaces)
[0.322s] 
[0.322s] [0m
[0.322s] -- Configuring incomplete, errors occurred!
[0.322s] See also "/home/mj/Desktop/BerryBot/git_folder/berrybot-ros2/ros2_ws/build/interfaces/CMakeFiles/CMakeOutput.log".
[0.327s] Invoked command in '/home/mj/Desktop/BerryBot/git_folder/berrybot-ros2/ros2_ws/build/interfaces' returned '1': CMAKE_PREFIX_PATH=/opt/ros/humble /usr/bin/cmake /home/mj/Desktop/BerryBot/git_folder/berrybot-ros2/ros2_ws/src/interfaces -DCMAKE_INSTALL_PREFIX=/home/mj/Desktop/BerryBot/git_folder/berrybot-ros2/ros2_ws/install/interfaces
