[0.072s] DEBUG:colcon:Command line arguments: ['/usr/bin/colcon', 'build']
[0.073s] DEBUG:colcon:Parsed command line arguments: Namespace(log_base=None, log_level=None, verb_name='build', build_base='build', install_base='install', merge_install=False, symlink_install=False, test_result_base=None, continue_on_error=False, executor='parallel', parallel_workers=18, event_handlers=None, ignore_user_meta=False, metas=['./colcon.meta'], base_paths=['.'], packages_ignore=None, packages_ignore_regex=None, paths=None, packages_up_to=None, packages_up_to_regex=None, packages_above=None, packages_above_and_dependencies=None, packages_above_depth=None, packages_select_by_dep=None, packages_skip_by_dep=None, packages_skip_up_to=None, packages_select_build_failed=False, packages_skip_build_finished=False, packages_select_test_failures=False, packages_skip_test_passed=False, packages_select=None, packages_skip=None, packages_select_regex=None, packages_skip_regex=None, packages_start=None, packages_end=None, allow_overriding=[], cmake_args=None, cmake_target=None, cmake_target_skip_unavailable=False, cmake_clean_cache=False, cmake_clean_first=False, cmake_force_configure=False, ament_cmake_args=None, catkin_cmake_args=None, catkin_skip_building_tests=False, verb_parser=<colcon_defaults.argument_parser.defaults.DefaultArgumentsDecorator object at 0x77466385d5d0>, verb_extension=<colcon_core.verb.build.BuildVerb object at 0x7746639de1a0>, main=<bound method BuildVerb.main of <colcon_core.verb.build.BuildVerb object at 0x7746639de1a0>>)
[0.172s] Level 1:colcon.colcon_core.package_discovery:discover_packages(colcon_meta) check parameters
[0.172s] Level 1:colcon.colcon_core.package_discovery:discover_packages(recursive) check parameters
[0.172s] Level 1:colcon.colcon_core.package_discovery:discover_packages(ignore) check parameters
[0.172s] Level 1:colcon.colcon_core.package_discovery:discover_packages(path) check parameters
[0.172s] Level 1:colcon.colcon_core.package_discovery:discover_packages(colcon_meta) discover
[0.172s] Level 1:colcon.colcon_core.package_discovery:discover_packages(recursive) discover
[0.172s] INFO:colcon.colcon_core.package_discovery:Crawling recursively for packages in '/home/mj/Desktop/BerryBot/git_folder/berrybot-ros2/ros2_ws'
[0.172s] Level 1:colcon.colcon_core.package_identification:_identify(.) by extensions ['ignore', 'ignore_ament_install']
[0.173s] Level 1:colcon.colcon_core.package_identification:_identify(.) by extension 'ignore'
[0.173s] Level 1:colcon.colcon_core.package_identification:_identify(.) by extension 'ignore_ament_install'
[0.173s] Level 1:colcon.colcon_core.package_identification:_identify(.) by extensions ['colcon_pkg']
[0.173s] Level 1:colcon.colcon_core.package_identification:_identify(.) by extension 'colcon_pkg'
[0.173s] Level 1:colcon.colcon_core.package_identification:_identify(.) by extensions ['colcon_meta']
[0.173s] Level 1:colcon.colcon_core.package_identification:_identify(.) by extension 'colcon_meta'
[0.173s] Level 1:colcon.colcon_core.package_identification:_identify(.) by extensions ['ros']
[0.173s] Level 1:colcon.colcon_core.package_identification:_identify(.) by extension 'ros'
[0.179s] Level 1:colcon.colcon_core.package_identification:_identify(.) by extensions ['cmake', 'python']
[0.179s] Level 1:colcon.colcon_core.package_identification:_identify(.) by extension 'cmake'
[0.179s] Level 1:colcon.colcon_core.package_identification:_identify(.) by extension 'python'
[0.179s] Level 1:colcon.colcon_core.package_identification:_identify(.) by extensions ['python_setup_py']
[0.179s] Level 1:colcon.colcon_core.package_identification:_identify(.) by extension 'python_setup_py'
[0.180s] Level 1:colcon.colcon_core.package_identification:_identify(build) by extensions ['ignore', 'ignore_ament_install']
[0.180s] Level 1:colcon.colcon_core.package_identification:_identify(build) by extension 'ignore'
[0.180s] Level 1:colcon.colcon_core.package_identification:_identify(build) ignored
[0.180s] Level 1:colcon.colcon_core.package_identification:_identify(install) by extensions ['ignore', 'ignore_ament_install']
[0.180s] Level 1:colcon.colcon_core.package_identification:_identify(install) by extension 'ignore'
[0.180s] Level 1:colcon.colcon_core.package_identification:_identify(install) ignored
[0.180s] Level 1:colcon.colcon_core.package_identification:_identify(log) by extensions ['ignore', 'ignore_ament_install']
[0.180s] Level 1:colcon.colcon_core.package_identification:_identify(log) by extension 'ignore'
[0.180s] Level 1:colcon.colcon_core.package_identification:_identify(log) ignored
[0.180s] Level 1:colcon.colcon_core.package_identification:_identify(src) by extensions ['ignore', 'ignore_ament_install']
[0.180s] Level 1:colcon.colcon_core.package_identification:_identify(src) by extension 'ignore'
[0.180s] Level 1:colcon.colcon_core.package_identification:_identify(src) by extension 'ignore_ament_install'
[0.180s] Level 1:colcon.colcon_core.package_identification:_identify(src) by extensions ['colcon_pkg']
[0.180s] Level 1:colcon.colcon_core.package_identification:_identify(src) by extension 'colcon_pkg'
[0.180s] Level 1:colcon.colcon_core.package_identification:_identify(src) by extensions ['colcon_meta']
[0.180s] Level 1:colcon.colcon_core.package_identification:_identify(src) by extension 'colcon_meta'
[0.180s] Level 1:colcon.colcon_core.package_identification:_identify(src) by extensions ['ros']
[0.180s] Level 1:colcon.colcon_core.package_identification:_identify(src) by extension 'ros'
[0.180s] Level 1:colcon.colcon_core.package_identification:_identify(src) by extensions ['cmake', 'python']
[0.180s] Level 1:colcon.colcon_core.package_identification:_identify(src) by extension 'cmake'
[0.180s] Level 1:colcon.colcon_core.package_identification:_identify(src) by extension 'python'
[0.180s] Level 1:colcon.colcon_core.package_identification:_identify(src) by extensions ['python_setup_py']
[0.180s] Level 1:colcon.colcon_core.package_identification:_identify(src) by extension 'python_setup_py'
[0.180s] Level 1:colcon.colcon_core.package_identification:_identify(src/base_cmake) by extensions ['ignore', 'ignore_ament_install']
[0.180s] Level 1:colcon.colcon_core.package_identification:_identify(src/base_cmake) by extension 'ignore'
[0.180s] Level 1:colcon.colcon_core.package_identification:_identify(src/base_cmake) by extension 'ignore_ament_install'
[0.180s] Level 1:colcon.colcon_core.package_identification:_identify(src/base_cmake) by extensions ['colcon_pkg']
[0.180s] Level 1:colcon.colcon_core.package_identification:_identify(src/base_cmake) by extension 'colcon_pkg'
[0.180s] Level 1:colcon.colcon_core.package_identification:_identify(src/base_cmake) by extensions ['colcon_meta']
[0.180s] Level 1:colcon.colcon_core.package_identification:_identify(src/base_cmake) by extension 'colcon_meta'
[0.180s] Level 1:colcon.colcon_core.package_identification:_identify(src/base_cmake) by extensions ['ros']
[0.180s] Level 1:colcon.colcon_core.package_identification:_identify(src/base_cmake) by extension 'ros'
[0.182s] DEBUG:colcon.colcon_core.package_identification:Package 'src/base_cmake' with type 'ros.ament_cmake' and name 'base_cmake'
[0.182s] Level 1:colcon.colcon_core.package_identification:_identify(src/base_python) by extensions ['ignore', 'ignore_ament_install']
[0.182s] Level 1:colcon.colcon_core.package_identification:_identify(src/base_python) by extension 'ignore'
[0.182s] Level 1:colcon.colcon_core.package_identification:_identify(src/base_python) by extension 'ignore_ament_install'
[0.182s] Level 1:colcon.colcon_core.package_identification:_identify(src/base_python) by extensions ['colcon_pkg']
[0.182s] Level 1:colcon.colcon_core.package_identification:_identify(src/base_python) by extension 'colcon_pkg'
[0.182s] Level 1:colcon.colcon_core.package_identification:_identify(src/base_python) by extensions ['colcon_meta']
[0.183s] Level 1:colcon.colcon_core.package_identification:_identify(src/base_python) by extension 'colcon_meta'
[0.183s] Level 1:colcon.colcon_core.package_identification:_identify(src/base_python) by extensions ['ros']
[0.183s] Level 1:colcon.colcon_core.package_identification:_identify(src/base_python) by extension 'ros'
[0.183s] DEBUG:colcon.colcon_core.package_identification:Package 'src/base_python' with type 'ros.ament_python' and name 'base_python'
[0.183s] Level 1:colcon.colcon_core.package_identification:_identify(src/interfaces) by extensions ['ignore', 'ignore_ament_install']
[0.183s] Level 1:colcon.colcon_core.package_identification:_identify(src/interfaces) by extension 'ignore'
[0.183s] Level 1:colcon.colcon_core.package_identification:_identify(src/interfaces) by extension 'ignore_ament_install'
[0.183s] Level 1:colcon.colcon_core.package_identification:_identify(src/interfaces) by extensions ['colcon_pkg']
[0.183s] Level 1:colcon.colcon_core.package_identification:_identify(src/interfaces) by extension 'colcon_pkg'
[0.183s] Level 1:colcon.colcon_core.package_identification:_identify(src/interfaces) by extensions ['colcon_meta']
[0.183s] Level 1:colcon.colcon_core.package_identification:_identify(src/interfaces) by extension 'colcon_meta'
[0.183s] Level 1:colcon.colcon_core.package_identification:_identify(src/interfaces) by extensions ['ros']
[0.183s] Level 1:colcon.colcon_core.package_identification:_identify(src/interfaces) by extension 'ros'
[0.184s] DEBUG:colcon.colcon_core.package_identification:Package 'src/interfaces' with type 'ros.ament_cmake' and name 'interfaces'
[0.184s] Level 1:colcon.colcon_core.package_identification:_identify(src/simple_yolo) by extensions ['ignore', 'ignore_ament_install']
[0.184s] Level 1:colcon.colcon_core.package_identification:_identify(src/simple_yolo) by extension 'ignore'
[0.184s] Level 1:colcon.colcon_core.package_identification:_identify(src/simple_yolo) by extension 'ignore_ament_install'
[0.184s] Level 1:colcon.colcon_core.package_identification:_identify(src/simple_yolo) by extensions ['colcon_pkg']
[0.184s] Level 1:colcon.colcon_core.package_identification:_identify(src/simple_yolo) by extension 'colcon_pkg'
[0.184s] Level 1:colcon.colcon_core.package_identification:_identify(src/simple_yolo) by extensions ['colcon_meta']
[0.184s] Level 1:colcon.colcon_core.package_identification:_identify(src/simple_yolo) by extension 'colcon_meta'
[0.184s] Level 1:colcon.colcon_core.package_identification:_identify(src/simple_yolo) by extensions ['ros']
[0.184s] Level 1:colcon.colcon_core.package_identification:_identify(src/simple_yolo) by extension 'ros'
[0.184s] DEBUG:colcon.colcon_core.package_identification:Package 'src/simple_yolo' with type 'ros.ament_python' and name 'simple_yolo'
[0.184s] Level 1:colcon.colcon_core.package_discovery:discover_packages(recursive) using defaults
[0.185s] Level 1:colcon.colcon_core.package_discovery:discover_packages(ignore) discover
[0.185s] Level 1:colcon.colcon_core.package_discovery:discover_packages(ignore) using defaults
[0.185s] Level 1:colcon.colcon_core.package_discovery:discover_packages(path) discover
[0.185s] Level 1:colcon.colcon_core.package_discovery:discover_packages(path) using defaults
[0.203s] Level 1:colcon.colcon_core.package_discovery:discover_packages(prefix_path) check parameters
[0.203s] Level 1:colcon.colcon_core.package_discovery:discover_packages(prefix_path) discover
[0.204s] WARNING:colcon.colcon_ros.prefix_path.ament:The path '/home/mj/Desktop/BerryBot/git_folder/berrybot-ros2/ros2_ws/install/simple_yolo' in the environment variable AMENT_PREFIX_PATH doesn't exist
[0.204s] WARNING:colcon.colcon_ros.prefix_path.ament:The path '/home/mj/Desktop/BerryBot/git_folder/berrybot-ros2/ros2_ws/install/interfaces' in the environment variable AMENT_PREFIX_PATH doesn't exist
[0.204s] WARNING:colcon.colcon_ros.prefix_path.ament:The path '/home/mj/Desktop/BerryBot/git_folder/berrybot-ros2/ros2_ws/install/base_python' in the environment variable AMENT_PREFIX_PATH doesn't exist
[0.204s] WARNING:colcon.colcon_ros.prefix_path.ament:The path '/home/mj/Desktop/BerryBot/git_folder/berrybot-ros2/ros2_ws/install/base_cmake' in the environment variable AMENT_PREFIX_PATH doesn't exist
[0.204s] WARNING:colcon.colcon_ros.prefix_path.catkin:The path '/home/mj/Desktop/BerryBot/git_folder/berrybot-ros2/ros2_ws/install/interfaces' in the environment variable CMAKE_PREFIX_PATH doesn't exist
[0.204s] WARNING:colcon.colcon_ros.prefix_path.catkin:The path '/home/mj/Desktop/BerryBot/git_folder/berrybot-ros2/ros2_ws/install/base_cmake' in the environment variable CMAKE_PREFIX_PATH doesn't exist
[0.205s] DEBUG:colcon.colcon_installed_package_information.package_discovery:Found 0 installed packages in /home/mj/Desktop/BerryBot/git_folder/berrybot-ros2/ros2_ws/install
[0.205s] DEBUG:colcon.colcon_installed_package_information.package_discovery:Found 271 installed packages in /opt/ros/humble
[0.206s] Level 1:colcon.colcon_core.package_discovery:discover_packages(prefix_path) using defaults
[0.227s] Level 5:colcon.colcon_core.verb:set package 'base_cmake' build argument 'cmake_args' from command line to 'None'
[0.227s] Level 5:colcon.colcon_core.verb:set package 'base_cmake' build argument 'cmake_target' from command line to 'None'
[0.227s] Level 5:colcon.colcon_core.verb:set package 'base_cmake' build argument 'cmake_target_skip_unavailable' from command line to 'False'
[0.227s] Level 5:colcon.colcon_core.verb:set package 'base_cmake' build argument 'cmake_clean_cache' from command line to 'False'
[0.227s] Level 5:colcon.colcon_core.verb:set package 'base_cmake' build argument 'cmake_clean_first' from command line to 'False'
[0.227s] Level 5:colcon.colcon_core.verb:set package 'base_cmake' build argument 'cmake_force_configure' from command line to 'False'
[0.227s] Level 5:colcon.colcon_core.verb:set package 'base_cmake' build argument 'ament_cmake_args' from command line to 'None'
[0.227s] Level 5:colcon.colcon_core.verb:set package 'base_cmake' build argument 'catkin_cmake_args' from command line to 'None'
[0.227s] Level 5:colcon.colcon_core.verb:set package 'base_cmake' build argument 'catkin_skip_building_tests' from command line to 'False'
[0.227s] DEBUG:colcon.colcon_core.verb:Building package 'base_cmake' with the following arguments: {'ament_cmake_args': None, 'build_base': '/home/mj/Desktop/BerryBot/git_folder/berrybot-ros2/ros2_ws/build/base_cmake', 'catkin_cmake_args': None, 'catkin_skip_building_tests': False, 'cmake_args': None, 'cmake_clean_cache': False, 'cmake_clean_first': False, 'cmake_force_configure': False, 'cmake_target': None, 'cmake_target_skip_unavailable': False, 'install_base': '/home/mj/Desktop/BerryBot/git_folder/berrybot-ros2/ros2_ws/install/base_cmake', 'merge_install': False, 'path': '/home/mj/Desktop/BerryBot/git_folder/berrybot-ros2/ros2_ws/src/base_cmake', 'symlink_install': False, 'test_result_base': None}
[0.227s] Level 5:colcon.colcon_core.verb:set package 'base_python' build argument 'cmake_args' from command line to 'None'
[0.227s] Level 5:colcon.colcon_core.verb:set package 'base_python' build argument 'cmake_target' from command line to 'None'
[0.227s] Level 5:colcon.colcon_core.verb:set package 'base_python' build argument 'cmake_target_skip_unavailable' from command line to 'False'
[0.227s] Level 5:colcon.colcon_core.verb:set package 'base_python' build argument 'cmake_clean_cache' from command line to 'False'
[0.227s] Level 5:colcon.colcon_core.verb:set package 'base_python' build argument 'cmake_clean_first' from command line to 'False'
[0.227s] Level 5:colcon.colcon_core.verb:set package 'base_python' build argument 'cmake_force_configure' from command line to 'False'
[0.227s] Level 5:colcon.colcon_core.verb:set package 'base_python' build argument 'ament_cmake_args' from command line to 'None'
[0.227s] Level 5:colcon.colcon_core.verb:set package 'base_python' build argument 'catkin_cmake_args' from command line to 'None'
[0.227s] Level 5:colcon.colcon_core.verb:set package 'base_python' build argument 'catkin_skip_building_tests' from command line to 'False'
[0.227s] DEBUG:colcon.colcon_core.verb:Building package 'base_python' with the following arguments: {'ament_cmake_args': None, 'build_base': '/home/mj/Desktop/BerryBot/git_folder/berrybot-ros2/ros2_ws/build/base_python', 'catkin_cmake_args': None, 'catkin_skip_building_tests': False, 'cmake_args': None, 'cmake_clean_cache': False, 'cmake_clean_first': False, 'cmake_force_configure': False, 'cmake_target': None, 'cmake_target_skip_unavailable': False, 'install_base': '/home/mj/Desktop/BerryBot/git_folder/berrybot-ros2/ros2_ws/install/base_python', 'merge_install': False, 'path': '/home/mj/Desktop/BerryBot/git_folder/berrybot-ros2/ros2_ws/src/base_python', 'symlink_install': False, 'test_result_base': None}
[0.228s] Level 5:colcon.colcon_core.verb:set package 'interfaces' build argument 'cmake_args' from command line to 'None'
[0.228s] Level 5:colcon.colcon_core.verb:set package 'interfaces' build argument 'cmake_target' from command line to 'None'
[0.228s] Level 5:colcon.colcon_core.verb:set package 'interfaces' build argument 'cmake_target_skip_unavailable' from command line to 'False'
[0.228s] Level 5:colcon.colcon_core.verb:set package 'interfaces' build argument 'cmake_clean_cache' from command line to 'False'
[0.228s] Level 5:colcon.colcon_core.verb:set package 'interfaces' build argument 'cmake_clean_first' from command line to 'False'
[0.228s] Level 5:colcon.colcon_core.verb:set package 'interfaces' build argument 'cmake_force_configure' from command line to 'False'
[0.228s] Level 5:colcon.colcon_core.verb:set package 'interfaces' build argument 'ament_cmake_args' from command line to 'None'
[0.228s] Level 5:colcon.colcon_core.verb:set package 'interfaces' build argument 'catkin_cmake_args' from command line to 'None'
[0.228s] Level 5:colcon.colcon_core.verb:set package 'interfaces' build argument 'catkin_skip_building_tests' from command line to 'False'
[0.228s] DEBUG:colcon.colcon_core.verb:Building package 'interfaces' with the following arguments: {'ament_cmake_args': None, 'build_base': '/home/mj/Desktop/BerryBot/git_folder/berrybot-ros2/ros2_ws/build/interfaces', 'catkin_cmake_args': None, 'catkin_skip_building_tests': False, 'cmake_args': None, 'cmake_clean_cache': False, 'cmake_clean_first': False, 'cmake_force_configure': False, 'cmake_target': None, 'cmake_target_skip_unavailable': False, 'install_base': '/home/mj/Desktop/BerryBot/git_folder/berrybot-ros2/ros2_ws/install/interfaces', 'merge_install': False, 'path': '/home/mj/Desktop/BerryBot/git_folder/berrybot-ros2/ros2_ws/src/interfaces', 'symlink_install': False, 'test_result_base': None}
[0.228s] Level 5:colcon.colcon_core.verb:set package 'simple_yolo' build argument 'cmake_args' from command line to 'None'
[0.228s] Level 5:colcon.colcon_core.verb:set package 'simple_yolo' build argument 'cmake_target' from command line to 'None'
[0.228s] Level 5:colcon.colcon_core.verb:set package 'simple_yolo' build argument 'cmake_target_skip_unavailable' from command line to 'False'
[0.228s] Level 5:colcon.colcon_core.verb:set package 'simple_yolo' build argument 'cmake_clean_cache' from command line to 'False'
[0.228s] Level 5:colcon.colcon_core.verb:set package 'simple_yolo' build argument 'cmake_clean_first' from command line to 'False'
[0.228s] Level 5:colcon.colcon_core.verb:set package 'simple_yolo' build argument 'cmake_force_configure' from command line to 'False'
[0.228s] Level 5:colcon.colcon_core.verb:set package 'simple_yolo' build argument 'ament_cmake_args' from command line to 'None'
[0.228s] Level 5:colcon.colcon_core.verb:set package 'simple_yolo' build argument 'catkin_cmake_args' from command line to 'None'
[0.228s] Level 5:colcon.colcon_core.verb:set package 'simple_yolo' build argument 'catkin_skip_building_tests' from command line to 'False'
[0.228s] DEBUG:colcon.colcon_core.verb:Building package 'simple_yolo' with the following arguments: {'ament_cmake_args': None, 'build_base': '/home/mj/Desktop/BerryBot/git_folder/berrybot-ros2/ros2_ws/build/simple_yolo', 'catkin_cmake_args': None, 'catkin_skip_building_tests': False, 'cmake_args': None, 'cmake_clean_cache': False, 'cmake_clean_first': False, 'cmake_force_configure': False, 'cmake_target': None, 'cmake_target_skip_unavailable': False, 'install_base': '/home/mj/Desktop/BerryBot/git_folder/berrybot-ros2/ros2_ws/install/simple_yolo', 'merge_install': False, 'path': '/home/mj/Desktop/BerryBot/git_folder/berrybot-ros2/ros2_ws/src/simple_yolo', 'symlink_install': False, 'test_result_base': None}
[0.228s] INFO:colcon.colcon_core.executor:Executing jobs using 'parallel' executor
[0.229s] DEBUG:colcon.colcon_parallel_executor.executor.parallel:run_until_complete
[0.229s] INFO:colcon.colcon_ros.task.ament_cmake.build:Building ROS package in '/home/mj/Desktop/BerryBot/git_folder/berrybot-ros2/ros2_ws/src/interfaces' with build type 'ament_cmake'
[0.229s] INFO:colcon.colcon_cmake.task.cmake.build:Building CMake package in '/home/mj/Desktop/BerryBot/git_folder/berrybot-ros2/ros2_ws/src/interfaces'
[0.234s] INFO:colcon.colcon_core.plugin_system:Skipping extension 'colcon_core.shell.bat': Not used on non-Windows systems
[0.234s] INFO:colcon.colcon_core.shell:Skip shell extension 'powershell' for command environment: Not usable outside of PowerShell
[0.234s] DEBUG:colcon.colcon_core.shell:Skip shell extension 'dsv' for command environment
[0.236s] INFO:colcon.colcon_ros.task.ament_cmake.build:Building ROS package in '/home/mj/Desktop/BerryBot/git_folder/berrybot-ros2/ros2_ws/src/base_cmake' with build type 'ament_cmake'
[0.236s] INFO:colcon.colcon_cmake.task.cmake.build:Building CMake package in '/home/mj/Desktop/BerryBot/git_folder/berrybot-ros2/ros2_ws/src/base_cmake'
[0.237s] INFO:colcon.colcon_core.shell:Skip shell extension 'powershell' for command environment: Not usable outside of PowerShell
[0.237s] DEBUG:colcon.colcon_core.shell:Skip shell extension 'dsv' for command environment
[0.238s] INFO:colcon.colcon_ros.task.ament_python.build:Building ROS package in '/home/mj/Desktop/BerryBot/git_folder/berrybot-ros2/ros2_ws/src/base_python' with build type 'ament_python'
[0.238s] Level 1:colcon.colcon_core.shell:create_environment_hook('base_python', 'ament_prefix_path')
[0.239s] INFO:colcon.colcon_core.shell:Creating environment hook '/home/mj/Desktop/BerryBot/git_folder/berrybot-ros2/ros2_ws/install/base_python/share/base_python/hook/ament_prefix_path.ps1'
[0.239s] INFO:colcon.colcon_core.shell:Creating environment descriptor '/home/mj/Desktop/BerryBot/git_folder/berrybot-ros2/ros2_ws/install/base_python/share/base_python/hook/ament_prefix_path.dsv'
[0.240s] INFO:colcon.colcon_core.shell:Creating environment hook '/home/mj/Desktop/BerryBot/git_folder/berrybot-ros2/ros2_ws/install/base_python/share/base_python/hook/ament_prefix_path.sh'
[0.240s] INFO:colcon.colcon_core.shell:Skip shell extension 'powershell' for command environment: Not usable outside of PowerShell
[0.240s] DEBUG:colcon.colcon_core.shell:Skip shell extension 'dsv' for command environment
[0.245s] DEBUG:colcon.colcon_core.event_handler.log_command:Invoking command in '/home/mj/Desktop/BerryBot/git_folder/berrybot-ros2/ros2_ws/build/interfaces': CMAKE_PREFIX_PATH=${CMAKE_PREFIX_PATH}:/home/mj/Desktop/BerryBot/git_folder/berrybot-ros2/ros2_ws/install/simple_yolo:/home/mj/Desktop/BerryBot/git_folder/berrybot-ros2/ros2_ws/install/base_python:/opt/ros/humble /usr/bin/cmake /home/mj/Desktop/BerryBot/git_folder/berrybot-ros2/ros2_ws/src/interfaces -DCMAKE_INSTALL_PREFIX=/home/mj/Desktop/BerryBot/git_folder/berrybot-ros2/ros2_ws/install/interfaces
[0.247s] DEBUG:colcon.colcon_core.event_handler.log_command:Invoking command in '/home/mj/Desktop/BerryBot/git_folder/berrybot-ros2/ros2_ws/build/base_cmake': CMAKE_PREFIX_PATH=${CMAKE_PREFIX_PATH}:/home/mj/Desktop/BerryBot/git_folder/berrybot-ros2/ros2_ws/install/simple_yolo:/home/mj/Desktop/BerryBot/git_folder/berrybot-ros2/ros2_ws/install/base_python:/opt/ros/humble /usr/bin/cmake /home/mj/Desktop/BerryBot/git_folder/berrybot-ros2/ros2_ws/src/base_cmake -DCMAKE_INSTALL_PREFIX=/home/mj/Desktop/BerryBot/git_folder/berrybot-ros2/ros2_ws/install/base_cmake
[0.418s] INFO:colcon.colcon_core.task.python.build:Building Python package in '/home/mj/Desktop/BerryBot/git_folder/berrybot-ros2/ros2_ws/src/base_python'
[0.418s] INFO:colcon.colcon_core.shell:Skip shell extension 'powershell' for command environment: Not usable outside of PowerShell
[0.418s] DEBUG:colcon.colcon_core.shell:Skip shell extension 'dsv' for command environment
[0.696s] DEBUG:colcon.colcon_core.event_handler.log_command:Invoking command in '/home/mj/Desktop/BerryBot/git_folder/berrybot-ros2/ros2_ws/src/base_python': PYTHONPATH=/home/mj/Desktop/BerryBot/git_folder/berrybot-ros2/ros2_ws/build/base_python/prefix_override:/usr/lib/python3/dist-packages/colcon_core/task/python/colcon_distutils_commands:/home/mj/Desktop/BerryBot/git_folder/berrybot-ros2/ros2_ws/install/base_python/lib/python3.10/site-packages:${PYTHONPATH} /usr/bin/python3 -W ignore:setup.py install is deprecated -W ignore:easy_install command is deprecated setup.py egg_info --egg-base ../../build/base_python build --build-base /home/mj/Desktop/BerryBot/git_folder/berrybot-ros2/ros2_ws/build/base_python/build install --record /home/mj/Desktop/BerryBot/git_folder/berrybot-ros2/ros2_ws/build/base_python/install.log --single-version-externally-managed install_data
[0.782s] DEBUG:colcon.colcon_core.event_handler.log_command:Invoked command in '/home/mj/Desktop/BerryBot/git_folder/berrybot-ros2/ros2_ws/build/base_cmake' returned '0': CMAKE_PREFIX_PATH=${CMAKE_PREFIX_PATH}:/home/mj/Desktop/BerryBot/git_folder/berrybot-ros2/ros2_ws/install/simple_yolo:/home/mj/Desktop/BerryBot/git_folder/berrybot-ros2/ros2_ws/install/base_python:/opt/ros/humble /usr/bin/cmake /home/mj/Desktop/BerryBot/git_folder/berrybot-ros2/ros2_ws/src/base_cmake -DCMAKE_INSTALL_PREFIX=/home/mj/Desktop/BerryBot/git_folder/berrybot-ros2/ros2_ws/install/base_cmake
[0.783s] DEBUG:colcon.colcon_core.event_handler.log_command:Invoking command in '/home/mj/Desktop/BerryBot/git_folder/berrybot-ros2/ros2_ws/build/base_cmake': CMAKE_PREFIX_PATH=${CMAKE_PREFIX_PATH}:/home/mj/Desktop/BerryBot/git_folder/berrybot-ros2/ros2_ws/install/simple_yolo:/home/mj/Desktop/BerryBot/git_folder/berrybot-ros2/ros2_ws/install/base_python:/opt/ros/humble /usr/bin/cmake --build /home/mj/Desktop/BerryBot/git_folder/berrybot-ros2/ros2_ws/build/base_cmake -- -j18 -l18
[0.812s] DEBUG:colcon.colcon_core.event_handler.log_command:Invoked command in '/home/mj/Desktop/BerryBot/git_folder/berrybot-ros2/ros2_ws/build/base_cmake' returned '0': CMAKE_PREFIX_PATH=${CMAKE_PREFIX_PATH}:/home/mj/Desktop/BerryBot/git_folder/berrybot-ros2/ros2_ws/install/simple_yolo:/home/mj/Desktop/BerryBot/git_folder/berrybot-ros2/ros2_ws/install/base_python:/opt/ros/humble /usr/bin/cmake --build /home/mj/Desktop/BerryBot/git_folder/berrybot-ros2/ros2_ws/build/base_cmake -- -j18 -l18
[0.818s] DEBUG:colcon.colcon_core.event_handler.log_command:Invoking command in '/home/mj/Desktop/BerryBot/git_folder/berrybot-ros2/ros2_ws/build/base_cmake': CMAKE_PREFIX_PATH=${CMAKE_PREFIX_PATH}:/home/mj/Desktop/BerryBot/git_folder/berrybot-ros2/ros2_ws/install/simple_yolo:/home/mj/Desktop/BerryBot/git_folder/berrybot-ros2/ros2_ws/install/base_python:/opt/ros/humble /usr/bin/cmake --install /home/mj/Desktop/BerryBot/git_folder/berrybot-ros2/ros2_ws/build/base_cmake
[0.825s] Level 1:colcon.colcon_core.environment:create_environment_scripts_only(base_cmake)
[0.825s] DEBUG:colcon.colcon_core.event_handler.log_command:Invoked command in '/home/mj/Desktop/BerryBot/git_folder/berrybot-ros2/ros2_ws/build/base_cmake' returned '0': CMAKE_PREFIX_PATH=${CMAKE_PREFIX_PATH}:/home/mj/Desktop/BerryBot/git_folder/berrybot-ros2/ros2_ws/install/simple_yolo:/home/mj/Desktop/BerryBot/git_folder/berrybot-ros2/ros2_ws/install/base_python:/opt/ros/humble /usr/bin/cmake --install /home/mj/Desktop/BerryBot/git_folder/berrybot-ros2/ros2_ws/build/base_cmake
[0.830s] Level 1:colcon.colcon_core.environment:checking '/home/mj/Desktop/BerryBot/git_folder/berrybot-ros2/ros2_ws/install/base_cmake' for CMake module files
[0.830s] Level 1:colcon.colcon_core.environment:checking '/home/mj/Desktop/BerryBot/git_folder/berrybot-ros2/ros2_ws/install/base_cmake' for CMake config files
[0.830s] Level 1:colcon.colcon_core.shell:create_environment_hook('base_cmake', 'cmake_prefix_path')
[0.830s] INFO:colcon.colcon_core.shell:Creating environment hook '/home/mj/Desktop/BerryBot/git_folder/berrybot-ros2/ros2_ws/install/base_cmake/share/base_cmake/hook/cmake_prefix_path.ps1'
[0.831s] INFO:colcon.colcon_core.shell:Creating environment descriptor '/home/mj/Desktop/BerryBot/git_folder/berrybot-ros2/ros2_ws/install/base_cmake/share/base_cmake/hook/cmake_prefix_path.dsv'
[0.831s] INFO:colcon.colcon_core.shell:Creating environment hook '/home/mj/Desktop/BerryBot/git_folder/berrybot-ros2/ros2_ws/install/base_cmake/share/base_cmake/hook/cmake_prefix_path.sh'
[0.831s] Level 1:colcon.colcon_core.environment:checking '/home/mj/Desktop/BerryBot/git_folder/berrybot-ros2/ros2_ws/install/base_cmake/bin'
[0.831s] Level 1:colcon.colcon_core.environment:checking '/home/mj/Desktop/BerryBot/git_folder/berrybot-ros2/ros2_ws/install/base_cmake/lib/pkgconfig/base_cmake.pc'
[0.831s] Level 1:colcon.colcon_core.environment:checking '/home/mj/Desktop/BerryBot/git_folder/berrybot-ros2/ros2_ws/install/base_cmake/lib/python3.10/site-packages'
[0.831s] Level 1:colcon.colcon_core.environment:checking '/home/mj/Desktop/BerryBot/git_folder/berrybot-ros2/ros2_ws/install/base_cmake/bin'
[0.832s] INFO:colcon.colcon_core.shell:Creating package script '/home/mj/Desktop/BerryBot/git_folder/berrybot-ros2/ros2_ws/install/base_cmake/share/base_cmake/package.ps1'
[0.832s] INFO:colcon.colcon_core.shell:Creating package descriptor '/home/mj/Desktop/BerryBot/git_folder/berrybot-ros2/ros2_ws/install/base_cmake/share/base_cmake/package.dsv'
[0.833s] INFO:colcon.colcon_core.shell:Creating package script '/home/mj/Desktop/BerryBot/git_folder/berrybot-ros2/ros2_ws/install/base_cmake/share/base_cmake/package.sh'
[0.833s] INFO:colcon.colcon_core.shell:Creating package script '/home/mj/Desktop/BerryBot/git_folder/berrybot-ros2/ros2_ws/install/base_cmake/share/base_cmake/package.bash'
[0.834s] INFO:colcon.colcon_core.shell:Creating package script '/home/mj/Desktop/BerryBot/git_folder/berrybot-ros2/ros2_ws/install/base_cmake/share/base_cmake/package.zsh'
[0.834s] Level 1:colcon.colcon_core.environment:create_file_with_runtime_dependencies(/home/mj/Desktop/BerryBot/git_folder/berrybot-ros2/ros2_ws/install/base_cmake/share/colcon-core/packages/base_cmake)
[0.834s] Level 1:colcon.colcon_core.environment:create_environment_scripts_only(base_cmake)
[0.834s] Level 1:colcon.colcon_core.environment:checking '/home/mj/Desktop/BerryBot/git_folder/berrybot-ros2/ros2_ws/install/base_cmake' for CMake module files
[0.835s] Level 1:colcon.colcon_core.environment:checking '/home/mj/Desktop/BerryBot/git_folder/berrybot-ros2/ros2_ws/install/base_cmake' for CMake config files
[0.835s] Level 1:colcon.colcon_core.shell:create_environment_hook('base_cmake', 'cmake_prefix_path')
[0.835s] INFO:colcon.colcon_core.shell:Creating environment hook '/home/mj/Desktop/BerryBot/git_folder/berrybot-ros2/ros2_ws/install/base_cmake/share/base_cmake/hook/cmake_prefix_path.ps1'
[0.835s] INFO:colcon.colcon_core.shell:Creating environment descriptor '/home/mj/Desktop/BerryBot/git_folder/berrybot-ros2/ros2_ws/install/base_cmake/share/base_cmake/hook/cmake_prefix_path.dsv'
[0.835s] INFO:colcon.colcon_core.shell:Creating environment hook '/home/mj/Desktop/BerryBot/git_folder/berrybot-ros2/ros2_ws/install/base_cmake/share/base_cmake/hook/cmake_prefix_path.sh'
[0.835s] Level 1:colcon.colcon_core.environment:checking '/home/mj/Desktop/BerryBot/git_folder/berrybot-ros2/ros2_ws/install/base_cmake/bin'
[0.836s] Level 1:colcon.colcon_core.environment:checking '/home/mj/Desktop/BerryBot/git_folder/berrybot-ros2/ros2_ws/install/base_cmake/lib/pkgconfig/base_cmake.pc'
[0.836s] Level 1:colcon.colcon_core.environment:checking '/home/mj/Desktop/BerryBot/git_folder/berrybot-ros2/ros2_ws/install/base_cmake/lib/python3.10/site-packages'
[0.836s] Level 1:colcon.colcon_core.environment:checking '/home/mj/Desktop/BerryBot/git_folder/berrybot-ros2/ros2_ws/install/base_cmake/bin'
[0.836s] INFO:colcon.colcon_core.shell:Creating package script '/home/mj/Desktop/BerryBot/git_folder/berrybot-ros2/ros2_ws/install/base_cmake/share/base_cmake/package.ps1'
[0.836s] INFO:colcon.colcon_core.shell:Creating package descriptor '/home/mj/Desktop/BerryBot/git_folder/berrybot-ros2/ros2_ws/install/base_cmake/share/base_cmake/package.dsv'
[0.836s] INFO:colcon.colcon_core.shell:Creating package script '/home/mj/Desktop/BerryBot/git_folder/berrybot-ros2/ros2_ws/install/base_cmake/share/base_cmake/package.sh'
[0.837s] INFO:colcon.colcon_core.shell:Creating package script '/home/mj/Desktop/BerryBot/git_folder/berrybot-ros2/ros2_ws/install/base_cmake/share/base_cmake/package.bash'
[0.837s] INFO:colcon.colcon_core.shell:Creating package script '/home/mj/Desktop/BerryBot/git_folder/berrybot-ros2/ros2_ws/install/base_cmake/share/base_cmake/package.zsh'
[0.837s] Level 1:colcon.colcon_core.environment:create_file_with_runtime_dependencies(/home/mj/Desktop/BerryBot/git_folder/berrybot-ros2/ros2_ws/install/base_cmake/share/colcon-core/packages/base_cmake)
[1.028s] Level 1:colcon.colcon_core.environment:checking '/home/mj/Desktop/BerryBot/git_folder/berrybot-ros2/ros2_ws/install/base_python' for CMake module files
[1.030s] DEBUG:colcon.colcon_core.event_handler.log_command:Invoked command in '/home/mj/Desktop/BerryBot/git_folder/berrybot-ros2/ros2_ws/src/base_python' returned '0': PYTHONPATH=/home/mj/Desktop/BerryBot/git_folder/berrybot-ros2/ros2_ws/build/base_python/prefix_override:/usr/lib/python3/dist-packages/colcon_core/task/python/colcon_distutils_commands:/home/mj/Desktop/BerryBot/git_folder/berrybot-ros2/ros2_ws/install/base_python/lib/python3.10/site-packages:${PYTHONPATH} /usr/bin/python3 -W ignore:setup.py install is deprecated -W ignore:easy_install command is deprecated setup.py egg_info --egg-base ../../build/base_python build --build-base /home/mj/Desktop/BerryBot/git_folder/berrybot-ros2/ros2_ws/build/base_python/build install --record /home/mj/Desktop/BerryBot/git_folder/berrybot-ros2/ros2_ws/build/base_python/install.log --single-version-externally-managed install_data
[1.031s] Level 1:colcon.colcon_core.environment:checking '/home/mj/Desktop/BerryBot/git_folder/berrybot-ros2/ros2_ws/install/base_python' for CMake config files
[1.032s] Level 1:colcon.colcon_core.environment:checking '/home/mj/Desktop/BerryBot/git_folder/berrybot-ros2/ros2_ws/install/base_python/lib'
[1.032s] Level 1:colcon.colcon_core.environment:checking '/home/mj/Desktop/BerryBot/git_folder/berrybot-ros2/ros2_ws/install/base_python/bin'
[1.032s] Level 1:colcon.colcon_core.environment:checking '/home/mj/Desktop/BerryBot/git_folder/berrybot-ros2/ros2_ws/install/base_python/lib/pkgconfig/base_python.pc'
[1.033s] Level 1:colcon.colcon_core.environment:checking '/home/mj/Desktop/BerryBot/git_folder/berrybot-ros2/ros2_ws/install/base_python/lib/python3.10/site-packages'
[1.033s] Level 1:colcon.colcon_core.shell:create_environment_hook('base_python', 'pythonpath')
[1.033s] INFO:colcon.colcon_core.shell:Creating environment hook '/home/mj/Desktop/BerryBot/git_folder/berrybot-ros2/ros2_ws/install/base_python/share/base_python/hook/pythonpath.ps1'
[1.033s] INFO:colcon.colcon_core.shell:Creating environment descriptor '/home/mj/Desktop/BerryBot/git_folder/berrybot-ros2/ros2_ws/install/base_python/share/base_python/hook/pythonpath.dsv'
[1.034s] INFO:colcon.colcon_core.shell:Creating environment hook '/home/mj/Desktop/BerryBot/git_folder/berrybot-ros2/ros2_ws/install/base_python/share/base_python/hook/pythonpath.sh'
[1.034s] Level 1:colcon.colcon_core.environment:checking '/home/mj/Desktop/BerryBot/git_folder/berrybot-ros2/ros2_ws/install/base_python/bin'
[1.034s] Level 1:colcon.colcon_core.environment:create_environment_scripts_only(base_python)
[1.035s] INFO:colcon.colcon_core.shell:Creating package script '/home/mj/Desktop/BerryBot/git_folder/berrybot-ros2/ros2_ws/install/base_python/share/base_python/package.ps1'
[1.035s] INFO:colcon.colcon_core.shell:Creating package descriptor '/home/mj/Desktop/BerryBot/git_folder/berrybot-ros2/ros2_ws/install/base_python/share/base_python/package.dsv'
[1.035s] INFO:colcon.colcon_core.shell:Creating package script '/home/mj/Desktop/BerryBot/git_folder/berrybot-ros2/ros2_ws/install/base_python/share/base_python/package.sh'
[1.036s] INFO:colcon.colcon_core.shell:Creating package script '/home/mj/Desktop/BerryBot/git_folder/berrybot-ros2/ros2_ws/install/base_python/share/base_python/package.bash'
[1.036s] INFO:colcon.colcon_core.shell:Creating package script '/home/mj/Desktop/BerryBot/git_folder/berrybot-ros2/ros2_ws/install/base_python/share/base_python/package.zsh'
[1.037s] Level 1:colcon.colcon_core.environment:create_file_with_runtime_dependencies(/home/mj/Desktop/BerryBot/git_folder/berrybot-ros2/ros2_ws/install/base_python/share/colcon-core/packages/base_python)
[1.692s] DEBUG:colcon.colcon_core.event_handler.log_command:Invoked command in '/home/mj/Desktop/BerryBot/git_folder/berrybot-ros2/ros2_ws/build/interfaces' returned '0': CMAKE_PREFIX_PATH=${CMAKE_PREFIX_PATH}:/home/mj/Desktop/BerryBot/git_folder/berrybot-ros2/ros2_ws/install/simple_yolo:/home/mj/Desktop/BerryBot/git_folder/berrybot-ros2/ros2_ws/install/base_python:/opt/ros/humble /usr/bin/cmake /home/mj/Desktop/BerryBot/git_folder/berrybot-ros2/ros2_ws/src/interfaces -DCMAKE_INSTALL_PREFIX=/home/mj/Desktop/BerryBot/git_folder/berrybot-ros2/ros2_ws/install/interfaces
[1.695s] DEBUG:colcon.colcon_core.event_handler.log_command:Invoking command in '/home/mj/Desktop/BerryBot/git_folder/berrybot-ros2/ros2_ws/build/interfaces': CMAKE_PREFIX_PATH=${CMAKE_PREFIX_PATH}:/home/mj/Desktop/BerryBot/git_folder/berrybot-ros2/ros2_ws/install/simple_yolo:/home/mj/Desktop/BerryBot/git_folder/berrybot-ros2/ros2_ws/install/base_python:/opt/ros/humble /usr/bin/cmake --build /home/mj/Desktop/BerryBot/git_folder/berrybot-ros2/ros2_ws/build/interfaces -- -j18 -l18
[4.304s] DEBUG:colcon.colcon_core.event_handler.log_command:Invoked command in '/home/mj/Desktop/BerryBot/git_folder/berrybot-ros2/ros2_ws/build/interfaces' returned '0': CMAKE_PREFIX_PATH=${CMAKE_PREFIX_PATH}:/home/mj/Desktop/BerryBot/git_folder/berrybot-ros2/ros2_ws/install/simple_yolo:/home/mj/Desktop/BerryBot/git_folder/berrybot-ros2/ros2_ws/install/base_python:/opt/ros/humble /usr/bin/cmake --build /home/mj/Desktop/BerryBot/git_folder/berrybot-ros2/ros2_ws/build/interfaces -- -j18 -l18
[4.305s] DEBUG:colcon.colcon_core.event_handler.log_command:Invoking command in '/home/mj/Desktop/BerryBot/git_folder/berrybot-ros2/ros2_ws/build/interfaces': CMAKE_PREFIX_PATH=${CMAKE_PREFIX_PATH}:/home/mj/Desktop/BerryBot/git_folder/berrybot-ros2/ros2_ws/install/simple_yolo:/home/mj/Desktop/BerryBot/git_folder/berrybot-ros2/ros2_ws/install/base_python:/opt/ros/humble /usr/bin/cmake --install /home/mj/Desktop/BerryBot/git_folder/berrybot-ros2/ros2_ws/build/interfaces
[4.353s] Level 1:colcon.colcon_core.environment:create_environment_scripts_only(interfaces)
[4.353s] DEBUG:colcon.colcon_core.event_handler.log_command:Invoked command in '/home/mj/Desktop/BerryBot/git_folder/berrybot-ros2/ros2_ws/build/interfaces' returned '0': CMAKE_PREFIX_PATH=${CMAKE_PREFIX_PATH}:/home/mj/Desktop/BerryBot/git_folder/berrybot-ros2/ros2_ws/install/simple_yolo:/home/mj/Desktop/BerryBot/git_folder/berrybot-ros2/ros2_ws/install/base_python:/opt/ros/humble /usr/bin/cmake --install /home/mj/Desktop/BerryBot/git_folder/berrybot-ros2/ros2_ws/build/interfaces
[4.353s] Level 1:colcon.colcon_core.environment:checking '/home/mj/Desktop/BerryBot/git_folder/berrybot-ros2/ros2_ws/install/interfaces' for CMake module files
[4.354s] Level 1:colcon.colcon_core.environment:checking '/home/mj/Desktop/BerryBot/git_folder/berrybot-ros2/ros2_ws/install/interfaces' for CMake config files
[4.354s] Level 1:colcon.colcon_core.shell:create_environment_hook('interfaces', 'cmake_prefix_path')
[4.354s] INFO:colcon.colcon_core.shell:Creating environment hook '/home/mj/Desktop/BerryBot/git_folder/berrybot-ros2/ros2_ws/install/interfaces/share/interfaces/hook/cmake_prefix_path.ps1'
[4.355s] INFO:colcon.colcon_core.shell:Creating environment descriptor '/home/mj/Desktop/BerryBot/git_folder/berrybot-ros2/ros2_ws/install/interfaces/share/interfaces/hook/cmake_prefix_path.dsv'
[4.355s] INFO:colcon.colcon_core.shell:Creating environment hook '/home/mj/Desktop/BerryBot/git_folder/berrybot-ros2/ros2_ws/install/interfaces/share/interfaces/hook/cmake_prefix_path.sh'
[4.355s] Level 1:colcon.colcon_core.environment:checking '/home/mj/Desktop/BerryBot/git_folder/berrybot-ros2/ros2_ws/install/interfaces/lib'
[4.355s] Level 1:colcon.colcon_core.shell:create_environment_hook('interfaces', 'ld_library_path_lib')
[4.355s] INFO:colcon.colcon_core.shell:Creating environment hook '/home/mj/Desktop/BerryBot/git_folder/berrybot-ros2/ros2_ws/install/interfaces/share/interfaces/hook/ld_library_path_lib.ps1'
[4.355s] INFO:colcon.colcon_core.shell:Creating environment descriptor '/home/mj/Desktop/BerryBot/git_folder/berrybot-ros2/ros2_ws/install/interfaces/share/interfaces/hook/ld_library_path_lib.dsv'
[4.356s] INFO:colcon.colcon_core.shell:Creating environment hook '/home/mj/Desktop/BerryBot/git_folder/berrybot-ros2/ros2_ws/install/interfaces/share/interfaces/hook/ld_library_path_lib.sh'
[4.356s] Level 1:colcon.colcon_core.environment:checking '/home/mj/Desktop/BerryBot/git_folder/berrybot-ros2/ros2_ws/install/interfaces/bin'
[4.356s] Level 1:colcon.colcon_core.environment:checking '/home/mj/Desktop/BerryBot/git_folder/berrybot-ros2/ros2_ws/install/interfaces/lib/pkgconfig/interfaces.pc'
[4.356s] Level 1:colcon.colcon_core.environment:checking '/home/mj/Desktop/BerryBot/git_folder/berrybot-ros2/ros2_ws/install/interfaces/lib/python3.10/site-packages'
[4.356s] Level 1:colcon.colcon_core.environment:checking '/home/mj/Desktop/BerryBot/git_folder/berrybot-ros2/ros2_ws/install/interfaces/bin'
[4.356s] INFO:colcon.colcon_core.shell:Creating package script '/home/mj/Desktop/BerryBot/git_folder/berrybot-ros2/ros2_ws/install/interfaces/share/interfaces/package.ps1'
[4.356s] INFO:colcon.colcon_core.shell:Creating package descriptor '/home/mj/Desktop/BerryBot/git_folder/berrybot-ros2/ros2_ws/install/interfaces/share/interfaces/package.dsv'
[4.357s] INFO:colcon.colcon_core.shell:Creating package script '/home/mj/Desktop/BerryBot/git_folder/berrybot-ros2/ros2_ws/install/interfaces/share/interfaces/package.sh'
[4.357s] INFO:colcon.colcon_core.shell:Creating package script '/home/mj/Desktop/BerryBot/git_folder/berrybot-ros2/ros2_ws/install/interfaces/share/interfaces/package.bash'
[4.357s] INFO:colcon.colcon_core.shell:Creating package script '/home/mj/Desktop/BerryBot/git_folder/berrybot-ros2/ros2_ws/install/interfaces/share/interfaces/package.zsh'
[4.357s] Level 1:colcon.colcon_core.environment:create_file_with_runtime_dependencies(/home/mj/Desktop/BerryBot/git_folder/berrybot-ros2/ros2_ws/install/interfaces/share/colcon-core/packages/interfaces)
[4.358s] Level 1:colcon.colcon_core.environment:create_environment_scripts_only(interfaces)
[4.358s] Level 1:colcon.colcon_core.environment:checking '/home/mj/Desktop/BerryBot/git_folder/berrybot-ros2/ros2_ws/install/interfaces' for CMake module files
[4.358s] Level 1:colcon.colcon_core.environment:checking '/home/mj/Desktop/BerryBot/git_folder/berrybot-ros2/ros2_ws/install/interfaces' for CMake config files
[4.358s] Level 1:colcon.colcon_core.shell:create_environment_hook('interfaces', 'cmake_prefix_path')
[4.358s] INFO:colcon.colcon_core.shell:Creating environment hook '/home/mj/Desktop/BerryBot/git_folder/berrybot-ros2/ros2_ws/install/interfaces/share/interfaces/hook/cmake_prefix_path.ps1'
[4.358s] INFO:colcon.colcon_core.shell:Creating environment descriptor '/home/mj/Desktop/BerryBot/git_folder/berrybot-ros2/ros2_ws/install/interfaces/share/interfaces/hook/cmake_prefix_path.dsv'
[4.359s] INFO:colcon.colcon_core.shell:Creating environment hook '/home/mj/Desktop/BerryBot/git_folder/berrybot-ros2/ros2_ws/install/interfaces/share/interfaces/hook/cmake_prefix_path.sh'
[4.359s] Level 1:colcon.colcon_core.environment:checking '/home/mj/Desktop/BerryBot/git_folder/berrybot-ros2/ros2_ws/install/interfaces/lib'
[4.359s] Level 1:colcon.colcon_core.shell:create_environment_hook('interfaces', 'ld_library_path_lib')
[4.359s] INFO:colcon.colcon_core.shell:Creating environment hook '/home/mj/Desktop/BerryBot/git_folder/berrybot-ros2/ros2_ws/install/interfaces/share/interfaces/hook/ld_library_path_lib.ps1'
[4.359s] INFO:colcon.colcon_core.shell:Creating environment descriptor '/home/mj/Desktop/BerryBot/git_folder/berrybot-ros2/ros2_ws/install/interfaces/share/interfaces/hook/ld_library_path_lib.dsv'
[4.359s] INFO:colcon.colcon_core.shell:Creating environment hook '/home/mj/Desktop/BerryBot/git_folder/berrybot-ros2/ros2_ws/install/interfaces/share/interfaces/hook/ld_library_path_lib.sh'
[4.360s] Level 1:colcon.colcon_core.environment:checking '/home/mj/Desktop/BerryBot/git_folder/berrybot-ros2/ros2_ws/install/interfaces/bin'
[4.360s] Level 1:colcon.colcon_core.environment:checking '/home/mj/Desktop/BerryBot/git_folder/berrybot-ros2/ros2_ws/install/interfaces/lib/pkgconfig/interfaces.pc'
[4.360s] Level 1:colcon.colcon_core.environment:checking '/home/mj/Desktop/BerryBot/git_folder/berrybot-ros2/ros2_ws/install/interfaces/lib/python3.10/site-packages'
[4.360s] Level 1:colcon.colcon_core.environment:checking '/home/mj/Desktop/BerryBot/git_folder/berrybot-ros2/ros2_ws/install/interfaces/bin'
[4.360s] INFO:colcon.colcon_core.shell:Creating package script '/home/mj/Desktop/BerryBot/git_folder/berrybot-ros2/ros2_ws/install/interfaces/share/interfaces/package.ps1'
[4.360s] INFO:colcon.colcon_core.shell:Creating package descriptor '/home/mj/Desktop/BerryBot/git_folder/berrybot-ros2/ros2_ws/install/interfaces/share/interfaces/package.dsv'
[4.361s] INFO:colcon.colcon_core.shell:Creating package script '/home/mj/Desktop/BerryBot/git_folder/berrybot-ros2/ros2_ws/install/interfaces/share/interfaces/package.sh'
[4.361s] INFO:colcon.colcon_core.shell:Creating package script '/home/mj/Desktop/BerryBot/git_folder/berrybot-ros2/ros2_ws/install/interfaces/share/interfaces/package.bash'
[4.361s] INFO:colcon.colcon_core.shell:Creating package script '/home/mj/Desktop/BerryBot/git_folder/berrybot-ros2/ros2_ws/install/interfaces/share/interfaces/package.zsh'
[4.361s] Level 1:colcon.colcon_core.environment:create_file_with_runtime_dependencies(/home/mj/Desktop/BerryBot/git_folder/berrybot-ros2/ros2_ws/install/interfaces/share/colcon-core/packages/interfaces)
[4.361s] INFO:colcon.colcon_ros.task.ament_python.build:Building ROS package in '/home/mj/Desktop/BerryBot/git_folder/berrybot-ros2/ros2_ws/src/simple_yolo' with build type 'ament_python'
[4.361s] Level 1:colcon.colcon_core.shell:create_environment_hook('simple_yolo', 'ament_prefix_path')
[4.362s] INFO:colcon.colcon_core.shell:Creating environment hook '/home/mj/Desktop/BerryBot/git_folder/berrybot-ros2/ros2_ws/install/simple_yolo/share/simple_yolo/hook/ament_prefix_path.ps1'
[4.362s] INFO:colcon.colcon_core.shell:Creating environment descriptor '/home/mj/Desktop/BerryBot/git_folder/berrybot-ros2/ros2_ws/install/simple_yolo/share/simple_yolo/hook/ament_prefix_path.dsv'
[4.362s] INFO:colcon.colcon_core.shell:Creating environment hook '/home/mj/Desktop/BerryBot/git_folder/berrybot-ros2/ros2_ws/install/simple_yolo/share/simple_yolo/hook/ament_prefix_path.sh'
[4.362s] INFO:colcon.colcon_core.shell:Skip shell extension 'powershell' for command environment: Not usable outside of PowerShell
[4.362s] DEBUG:colcon.colcon_core.shell:Skip shell extension 'dsv' for command environment
[4.565s] INFO:colcon.colcon_core.task.python.build:Building Python package in '/home/mj/Desktop/BerryBot/git_folder/berrybot-ros2/ros2_ws/src/simple_yolo'
[4.565s] INFO:colcon.colcon_core.shell:Skip shell extension 'powershell' for command environment: Not usable outside of PowerShell
[4.565s] DEBUG:colcon.colcon_core.shell:Skip shell extension 'dsv' for command environment
[4.792s] DEBUG:colcon.colcon_core.event_handler.log_command:Invoking command in '/home/mj/Desktop/BerryBot/git_folder/berrybot-ros2/ros2_ws/src/simple_yolo': PYTHONPATH=/home/mj/Desktop/BerryBot/git_folder/berrybot-ros2/ros2_ws/build/simple_yolo/prefix_override:/usr/lib/python3/dist-packages/colcon_core/task/python/colcon_distutils_commands:/home/mj/Desktop/BerryBot/git_folder/berrybot-ros2/ros2_ws/install/simple_yolo/lib/python3.10/site-packages:${PYTHONPATH} /usr/bin/python3 -W ignore:setup.py install is deprecated -W ignore:easy_install command is deprecated setup.py egg_info --egg-base ../../build/simple_yolo build --build-base /home/mj/Desktop/BerryBot/git_folder/berrybot-ros2/ros2_ws/build/simple_yolo/build install --record /home/mj/Desktop/BerryBot/git_folder/berrybot-ros2/ros2_ws/build/simple_yolo/install.log --single-version-externally-managed install_data
[4.992s] Level 1:colcon.colcon_core.environment:checking '/home/mj/Desktop/BerryBot/git_folder/berrybot-ros2/ros2_ws/install/simple_yolo' for CMake module files
[4.993s] DEBUG:colcon.colcon_core.event_handler.log_command:Invoked command in '/home/mj/Desktop/BerryBot/git_folder/berrybot-ros2/ros2_ws/src/simple_yolo' returned '0': PYTHONPATH=/home/mj/Desktop/BerryBot/git_folder/berrybot-ros2/ros2_ws/build/simple_yolo/prefix_override:/usr/lib/python3/dist-packages/colcon_core/task/python/colcon_distutils_commands:/home/mj/Desktop/BerryBot/git_folder/berrybot-ros2/ros2_ws/install/simple_yolo/lib/python3.10/site-packages:${PYTHONPATH} /usr/bin/python3 -W ignore:setup.py install is deprecated -W ignore:easy_install command is deprecated setup.py egg_info --egg-base ../../build/simple_yolo build --build-base /home/mj/Desktop/BerryBot/git_folder/berrybot-ros2/ros2_ws/build/simple_yolo/build install --record /home/mj/Desktop/BerryBot/git_folder/berrybot-ros2/ros2_ws/build/simple_yolo/install.log --single-version-externally-managed install_data
[4.994s] Level 1:colcon.colcon_core.environment:checking '/home/mj/Desktop/BerryBot/git_folder/berrybot-ros2/ros2_ws/install/simple_yolo' for CMake config files
[4.995s] Level 1:colcon.colcon_core.environment:checking '/home/mj/Desktop/BerryBot/git_folder/berrybot-ros2/ros2_ws/install/simple_yolo/lib'
[4.995s] Level 1:colcon.colcon_core.environment:checking '/home/mj/Desktop/BerryBot/git_folder/berrybot-ros2/ros2_ws/install/simple_yolo/bin'
[4.995s] Level 1:colcon.colcon_core.environment:checking '/home/mj/Desktop/BerryBot/git_folder/berrybot-ros2/ros2_ws/install/simple_yolo/lib/pkgconfig/simple_yolo.pc'
[4.995s] Level 1:colcon.colcon_core.environment:checking '/home/mj/Desktop/BerryBot/git_folder/berrybot-ros2/ros2_ws/install/simple_yolo/lib/python3.10/site-packages'
[4.995s] Level 1:colcon.colcon_core.shell:create_environment_hook('simple_yolo', 'pythonpath')
[4.996s] INFO:colcon.colcon_core.shell:Creating environment hook '/home/mj/Desktop/BerryBot/git_folder/berrybot-ros2/ros2_ws/install/simple_yolo/share/simple_yolo/hook/pythonpath.ps1'
[4.996s] INFO:colcon.colcon_core.shell:Creating environment descriptor '/home/mj/Desktop/BerryBot/git_folder/berrybot-ros2/ros2_ws/install/simple_yolo/share/simple_yolo/hook/pythonpath.dsv'
[4.996s] INFO:colcon.colcon_core.shell:Creating environment hook '/home/mj/Desktop/BerryBot/git_folder/berrybot-ros2/ros2_ws/install/simple_yolo/share/simple_yolo/hook/pythonpath.sh'
[4.997s] Level 1:colcon.colcon_core.environment:checking '/home/mj/Desktop/BerryBot/git_folder/berrybot-ros2/ros2_ws/install/simple_yolo/bin'
[4.997s] Level 1:colcon.colcon_core.environment:create_environment_scripts_only(simple_yolo)
[4.997s] INFO:colcon.colcon_core.shell:Creating package script '/home/mj/Desktop/BerryBot/git_folder/berrybot-ros2/ros2_ws/install/simple_yolo/share/simple_yolo/package.ps1'
[4.998s] INFO:colcon.colcon_core.shell:Creating package descriptor '/home/mj/Desktop/BerryBot/git_folder/berrybot-ros2/ros2_ws/install/simple_yolo/share/simple_yolo/package.dsv'
[4.998s] INFO:colcon.colcon_core.shell:Creating package script '/home/mj/Desktop/BerryBot/git_folder/berrybot-ros2/ros2_ws/install/simple_yolo/share/simple_yolo/package.sh'
[4.998s] INFO:colcon.colcon_core.shell:Creating package script '/home/mj/Desktop/BerryBot/git_folder/berrybot-ros2/ros2_ws/install/simple_yolo/share/simple_yolo/package.bash'
[4.998s] INFO:colcon.colcon_core.shell:Creating package script '/home/mj/Desktop/BerryBot/git_folder/berrybot-ros2/ros2_ws/install/simple_yolo/share/simple_yolo/package.zsh'
[4.999s] Level 1:colcon.colcon_core.environment:create_file_with_runtime_dependencies(/home/mj/Desktop/BerryBot/git_folder/berrybot-ros2/ros2_ws/install/simple_yolo/share/colcon-core/packages/simple_yolo)
[4.999s] DEBUG:colcon.colcon_parallel_executor.executor.parallel:closing loop
[4.999s] DEBUG:colcon.colcon_parallel_executor.executor.parallel:loop closed
[4.999s] DEBUG:colcon.colcon_parallel_executor.executor.parallel:run_until_complete finished with '0'
[4.999s] DEBUG:colcon.colcon_core.event_reactor:joining thread
[5.003s] INFO:colcon.colcon_core.plugin_system:Skipping extension 'colcon_notification.desktop_notification.terminal_notifier': Not used on non-Darwin systems
[5.003s] INFO:colcon.colcon_core.plugin_system:Skipping extension 'colcon_notification.desktop_notification.win32': Not used on non-Windows systems
[5.003s] INFO:colcon.colcon_notification.desktop_notification:Sending desktop notification using 'notify2'
[5.014s] DEBUG:colcon.colcon_core.event_reactor:joined thread
[5.014s] INFO:colcon.colcon_core.shell:Creating prefix script '/home/mj/Desktop/BerryBot/git_folder/berrybot-ros2/ros2_ws/install/local_setup.ps1'
[5.015s] INFO:colcon.colcon_core.shell:Creating prefix util module '/home/mj/Desktop/BerryBot/git_folder/berrybot-ros2/ros2_ws/install/_local_setup_util_ps1.py'
[5.016s] INFO:colcon.colcon_core.shell:Creating prefix chain script '/home/mj/Desktop/BerryBot/git_folder/berrybot-ros2/ros2_ws/install/setup.ps1'
[5.016s] INFO:colcon.colcon_core.shell:Creating prefix script '/home/mj/Desktop/BerryBot/git_folder/berrybot-ros2/ros2_ws/install/local_setup.sh'
[5.017s] INFO:colcon.colcon_core.shell:Creating prefix util module '/home/mj/Desktop/BerryBot/git_folder/berrybot-ros2/ros2_ws/install/_local_setup_util_sh.py'
[5.017s] INFO:colcon.colcon_core.shell:Creating prefix chain script '/home/mj/Desktop/BerryBot/git_folder/berrybot-ros2/ros2_ws/install/setup.sh'
[5.018s] INFO:colcon.colcon_core.shell:Creating prefix script '/home/mj/Desktop/BerryBot/git_folder/berrybot-ros2/ros2_ws/install/local_setup.bash'
[5.018s] INFO:colcon.colcon_core.shell:Creating prefix chain script '/home/mj/Desktop/BerryBot/git_folder/berrybot-ros2/ros2_ws/install/setup.bash'
[5.019s] INFO:colcon.colcon_core.shell:Creating prefix script '/home/mj/Desktop/BerryBot/git_folder/berrybot-ros2/ros2_ws/install/local_setup.zsh'
[5.019s] INFO:colcon.colcon_core.shell:Creating prefix chain script '/home/mj/Desktop/BerryBot/git_folder/berrybot-ros2/ros2_ws/install/setup.zsh'
