[0.476s] Invoking command in '/home/mj/Desktop/BerryBot/git_folder/berrybot-ros2/ros2_ws/src/base_python': PYTHONPATH=/home/mj/Desktop/BerryBot/git_folder/berrybot-ros2/ros2_ws/build/base_python/prefix_override:/usr/lib/python3/dist-packages/colcon_core/task/python/colcon_distutils_commands:/home/mj/Desktop/BerryBot/git_folder/berrybot-ros2/ros2_ws/install/base_python/lib/python3.10/site-packages:${PYTHONPATH} /usr/bin/python3 -W ignore:setup.py install is deprecated -W ignore:easy_install command is deprecated setup.py egg_info --egg-base ../../build/base_python build --build-base /home/mj/Desktop/BerryBot/git_folder/berrybot-ros2/ros2_ws/build/base_python/build install --record /home/mj/Desktop/BerryBot/git_folder/berrybot-ros2/ros2_ws/build/base_python/install.log --single-version-externally-managed install_data
[0.649s] running egg_info
[0.649s] creating ../../build/base_python/base_python.egg-info
[0.649s] writing ../../build/base_python/base_python.egg-info/PKG-INFO
[0.650s] writing dependency_links to ../../build/base_python/base_python.egg-info/dependency_links.txt
[0.650s] writing entry points to ../../build/base_python/base_python.egg-info/entry_points.txt
[0.650s] writing requirements to ../../build/base_python/base_python.egg-info/requires.txt
[0.650s] writing top-level names to ../../build/base_python/base_python.egg-info/top_level.txt
[0.650s] writing manifest file '../../build/base_python/base_python.egg-info/SOURCES.txt'
[0.651s] reading manifest file '../../build/base_python/base_python.egg-info/SOURCES.txt'
[0.651s] adding license file 'LICENSE'
[0.651s] writing manifest file '../../build/base_python/base_python.egg-info/SOURCES.txt'
[0.651s] running build
[0.651s] running build_py
[0.651s] creating /home/mj/Desktop/BerryBot/git_folder/berrybot-ros2/ros2_ws/build/base_python/build
[0.651s] creating /home/mj/Desktop/BerryBot/git_folder/berrybot-ros2/ros2_ws/build/base_python/build/lib
[0.651s] creating /home/mj/Desktop/BerryBot/git_folder/berrybot-ros2/ros2_ws/build/base_python/build/lib/base_python
[0.652s] copying base_python/__init__.py -> /home/mj/Desktop/BerryBot/git_folder/berrybot-ros2/ros2_ws/build/base_python/build/lib/base_python
[0.652s] running install
[0.652s] running install_lib
[0.652s] creating /home/mj/Desktop/BerryBot/git_folder/berrybot-ros2/ros2_ws/install/base_python/lib/python3.10/site-packages/base_python
[0.652s] copying /home/mj/Desktop/BerryBot/git_folder/berrybot-ros2/ros2_ws/build/base_python/build/lib/base_python/__init__.py -> /home/mj/Desktop/BerryBot/git_folder/berrybot-ros2/ros2_ws/install/base_python/lib/python3.10/site-packages/base_python
[0.652s] byte-compiling /home/mj/Desktop/BerryBot/git_folder/berrybot-ros2/ros2_ws/install/base_python/lib/python3.10/site-packages/base_python/__init__.py to __init__.cpython-310.pyc
[0.652s] running install_data
[0.652s] creating /home/mj/Desktop/BerryBot/git_folder/berrybot-ros2/ros2_ws/install/base_python/share/ament_index
[0.652s] creating /home/mj/Desktop/BerryBot/git_folder/berrybot-ros2/ros2_ws/install/base_python/share/ament_index/resource_index
[0.652s] creating /home/mj/Desktop/BerryBot/git_folder/berrybot-ros2/ros2_ws/install/base_python/share/ament_index/resource_index/packages
[0.652s] copying resource/base_python -> /home/mj/Desktop/BerryBot/git_folder/berrybot-ros2/ros2_ws/install/base_python/share/ament_index/resource_index/packages
[0.653s] copying package.xml -> /home/mj/Desktop/BerryBot/git_folder/berrybot-ros2/ros2_ws/install/base_python/share/base_python
[0.653s] running install_egg_info
[0.656s] Copying ../../build/base_python/base_python.egg-info to /home/mj/Desktop/BerryBot/git_folder/berrybot-ros2/ros2_ws/install/base_python/lib/python3.10/site-packages/base_python-0.0.0-py3.10.egg-info
[0.657s] running install_scripts
[0.674s] writing list of installed files to '/home/mj/Desktop/BerryBot/git_folder/berrybot-ros2/ros2_ws/build/base_python/install.log'
[0.690s] Invoked command in '/home/mj/Desktop/BerryBot/git_folder/berrybot-ros2/ros2_ws/src/base_python' returned '0': PYTHONPATH=/home/mj/Desktop/BerryBot/git_folder/berrybot-ros2/ros2_ws/build/base_python/prefix_override:/usr/lib/python3/dist-packages/colcon_core/task/python/colcon_distutils_commands:/home/mj/Desktop/BerryBot/git_folder/berrybot-ros2/ros2_ws/install/base_python/lib/python3.10/site-packages:${PYTHONPATH} /usr/bin/python3 -W ignore:setup.py install is deprecated -W ignore:easy_install command is deprecated setup.py egg_info --egg-base ../../build/base_python build --build-base /home/mj/Desktop/BerryBot/git_folder/berrybot-ros2/ros2_ws/build/base_python/build install --record /home/mj/Desktop/BerryBot/git_folder/berrybot-ros2/ros2_ws/build/base_python/install.log --single-version-externally-managed install_data
