[0.012s] Invoking command in '/home/mj/Desktop/BerryBot/git_folder/berrybot-ros2/ros2_ws/build/base_cmake': CMAKE_PREFIX_PATH=/opt/ros/humble /usr/bin/cmake /home/mj/Desktop/BerryBot/git_folder/berrybot-ros2/ros2_ws/src/base_cmake -DCMAKE_INSTALL_PREFIX=/home/mj/Desktop/BerryBot/git_folder/berrybot-ros2/ros2_ws/install/base_cmake
[0.056s] -- The C compiler identification is GNU 11.4.0
[0.093s] -- The CXX compiler identification is GNU 11.4.0
[0.097s] -- Detecting C compiler ABI info
[0.158s] -- Detecting C compiler ABI info - done
[0.163s] -- Check for working C compiler: /usr/bin/cc - skipped
[0.163s] -- Detecting C compile features
[0.164s] -- Detecting C compile features - done
[0.165s] -- Detecting CXX compiler ABI info
[0.231s] -- Detecting CXX compiler ABI info - done
[0.236s] -- Check for working CXX compiler: /usr/bin/c++ - skipped
[0.236s] -- Detecting CXX compile features
[0.236s] -- Detecting CXX compile features - done
[0.237s] -- Found ament_cmake: 1.3.11 (/opt/ros/humble/share/ament_cmake/cmake)
[0.377s] -- Found Python3: /usr/bin/python3 (found version "3.10.12") found components: Interpreter 
[0.431s] -- Found ament_lint_auto: 0.12.11 (/opt/ros/humble/share/ament_lint_auto/cmake)
[0.479s] -- Added test 'lint_cmake' to check CMake code style
[0.479s] -- Added test 'xmllint' to check XML markup files
[0.480s] -- Configuring done
[0.480s] -- Generating done
[0.481s] -- Build files have been written to: /home/mj/Desktop/BerryBot/git_folder/berrybot-ros2/ros2_ws/build/base_cmake
[0.484s] Invoked command in '/home/mj/Desktop/BerryBot/git_folder/berrybot-ros2/ros2_ws/build/base_cmake' returned '0': CMAKE_PREFIX_PATH=/opt/ros/humble /usr/bin/cmake /home/mj/Desktop/BerryBot/git_folder/berrybot-ros2/ros2_ws/src/base_cmake -DCMAKE_INSTALL_PREFIX=/home/mj/Desktop/BerryBot/git_folder/berrybot-ros2/ros2_ws/install/base_cmake
[0.486s] Invoking command in '/home/mj/Desktop/BerryBot/git_folder/berrybot-ros2/ros2_ws/build/base_cmake': CMAKE_PREFIX_PATH=/opt/ros/humble /usr/bin/cmake --build /home/mj/Desktop/BerryBot/git_folder/berrybot-ros2/ros2_ws/build/base_cmake -- -j18 -l18
[0.521s] Invoked command in '/home/mj/Desktop/BerryBot/git_folder/berrybot-ros2/ros2_ws/build/base_cmake' returned '0': CMAKE_PREFIX_PATH=/opt/ros/humble /usr/bin/cmake --build /home/mj/Desktop/BerryBot/git_folder/berrybot-ros2/ros2_ws/build/base_cmake -- -j18 -l18
[0.528s] Invoking command in '/home/mj/Desktop/BerryBot/git_folder/berrybot-ros2/ros2_ws/build/base_cmake': CMAKE_PREFIX_PATH=/opt/ros/humble /usr/bin/cmake --install /home/mj/Desktop/BerryBot/git_folder/berrybot-ros2/ros2_ws/build/base_cmake
[0.534s] -- Install configuration: ""
[0.534s] -- Installing: /home/mj/Desktop/BerryBot/git_folder/berrybot-ros2/ros2_ws/install/base_cmake/share/ament_index/resource_index/package_run_dependencies/base_cmake
[0.534s] -- Installing: /home/mj/Desktop/BerryBot/git_folder/berrybot-ros2/ros2_ws/install/base_cmake/share/ament_index/resource_index/parent_prefix_path/base_cmake
[0.534s] -- Installing: /home/mj/Desktop/BerryBot/git_folder/berrybot-ros2/ros2_ws/install/base_cmake/share/base_cmake/environment/ament_prefix_path.sh
[0.535s] -- Installing: /home/mj/Desktop/BerryBot/git_folder/berrybot-ros2/ros2_ws/install/base_cmake/share/base_cmake/environment/ament_prefix_path.dsv
[0.535s] -- Installing: /home/mj/Desktop/BerryBot/git_folder/berrybot-ros2/ros2_ws/install/base_cmake/share/base_cmake/environment/path.sh
[0.535s] -- Installing: /home/mj/Desktop/BerryBot/git_folder/berrybot-ros2/ros2_ws/install/base_cmake/share/base_cmake/environment/path.dsv
[0.535s] -- Installing: /home/mj/Desktop/BerryBot/git_folder/berrybot-ros2/ros2_ws/install/base_cmake/share/base_cmake/local_setup.bash
[0.535s] -- Installing: /home/mj/Desktop/BerryBot/git_folder/berrybot-ros2/ros2_ws/install/base_cmake/share/base_cmake/local_setup.sh
[0.535s] -- Installing: /home/mj/Desktop/BerryBot/git_folder/berrybot-ros2/ros2_ws/install/base_cmake/share/base_cmake/local_setup.zsh
[0.535s] -- Installing: /home/mj/Desktop/BerryBot/git_folder/berrybot-ros2/ros2_ws/install/base_cmake/share/base_cmake/local_setup.dsv
[0.535s] -- Installing: /home/mj/Desktop/BerryBot/git_folder/berrybot-ros2/ros2_ws/install/base_cmake/share/base_cmake/package.dsv
[0.535s] -- Installing: /home/mj/Desktop/BerryBot/git_folder/berrybot-ros2/ros2_ws/install/base_cmake/share/ament_index/resource_index/packages/base_cmake
[0.535s] -- Installing: /home/mj/Desktop/BerryBot/git_folder/berrybot-ros2/ros2_ws/install/base_cmake/share/base_cmake/cmake/base_cmakeConfig.cmake
[0.535s] -- Installing: /home/mj/Desktop/BerryBot/git_folder/berrybot-ros2/ros2_ws/install/base_cmake/share/base_cmake/cmake/base_cmakeConfig-version.cmake
[0.535s] -- Installing: /home/mj/Desktop/BerryBot/git_folder/berrybot-ros2/ros2_ws/install/base_cmake/share/base_cmake/package.xml
[0.536s] Invoked command in '/home/mj/Desktop/BerryBot/git_folder/berrybot-ros2/ros2_ws/build/base_cmake' returned '0': CMAKE_PREFIX_PATH=/opt/ros/humble /usr/bin/cmake --install /home/mj/Desktop/BerryBot/git_folder/berrybot-ros2/ros2_ws/build/base_cmake
