[0.011s] Invoking command in '/home/mj/Desktop/BerryBot/git_folder/berrybot-ros2/ros2_ws/build/interfaces': CMAKE_PREFIX_PATH=/opt/ros/humble /usr/bin/cmake /home/mj/Desktop/BerryBot/git_folder/berrybot-ros2/ros2_ws/src/interfaces -DCMAKE_INSTALL_PREFIX=/home/mj/Desktop/BerryBot/git_folder/berrybot-ros2/ros2_ws/install/interfaces
[0.080s] -- The C compiler identification is GNU 11.4.0
[0.138s] -- The CXX compiler identification is GNU 11.4.0
[0.146s] -- Detecting C compiler ABI info
[0.197s] -- Detecting C compiler ABI info - done
[0.202s] -- Check for working C compiler: /usr/bin/cc - skipped
[0.202s] -- Detecting C compile features
[0.203s] -- Detecting C compile features - done
[0.205s] -- Detecting CXX compiler ABI info
[0.266s] -- Detecting CXX compiler ABI info - done
[0.271s] -- Check for working CXX compiler: /usr/bin/c++ - skipped
[0.271s] -- Detecting CXX compile features
[0.271s] -- Detecting CXX compile features - done
[0.273s] -- Found ament_cmake: 1.3.11 (/opt/ros/humble/share/ament_cmake/cmake)
[0.370s] -- Found Python3: /usr/bin/python3 (found version "3.10.12") found components: Interpreter 
[0.440s] [31mCMake Error at CMakeLists.txt:10 (find_package):
[0.440s]   By not providing "Findrosidl_default_generators.cmake" in CMAKE_MODULE_PATH
[0.440s]   this project has asked CMake to find a package configuration file provided
[0.440s]   by "rosidl_default_generators", but CMake did not find one.
[0.441s] 
[0.441s]   Could not find a package configuration file provided by
[0.441s]   "rosidl_default_generators" with any of the following names:
[0.441s] 
[0.441s]     rosidl_default_generatorsConfig.cmake
[0.441s]     rosidl_default_generators-config.cmake
[0.441s] 
[0.441s]   Add the installation prefix of "rosidl_default_generators" to
[0.441s]   CMAKE_PREFIX_PATH or set "rosidl_default_generators_DIR" to a directory
[0.441s]   containing one of the above files.  If "rosidl_default_generators" provides
[0.441s]   a separate development package or SDK, be sure it has been installed.
[0.442s] 
[0.442s] [0m
[0.442s] -- Configuring incomplete, errors occurred!
[0.442s] See also "/home/mj/Desktop/BerryBot/git_folder/berrybot-ros2/ros2_ws/build/interfaces/CMakeFiles/CMakeOutput.log".
[0.443s] Invoked command in '/home/mj/Desktop/BerryBot/git_folder/berrybot-ros2/ros2_ws/build/interfaces' returned '1': CMAKE_PREFIX_PATH=/opt/ros/humble /usr/bin/cmake /home/mj/Desktop/BerryBot/git_folder/berrybot-ros2/ros2_ws/src/interfaces -DCMAKE_INSTALL_PREFIX=/home/mj/Desktop/BerryBot/git_folder/berrybot-ros2/ros2_ws/install/interfaces
