[0.430s] Invoking command in '/home/mj/Desktop/BerryBot/git_folder/berrybot-ros2/ros2_ws/src/simple_yolo': PYTHONPATH=/home/mj/Desktop/BerryBot/git_folder/berrybot-ros2/ros2_ws/build/simple_yolo/prefix_override:/usr/lib/python3/dist-packages/colcon_core/task/python/colcon_distutils_commands:/home/mj/Desktop/BerryBot/git_folder/berrybot-ros2/ros2_ws/install/simple_yolo/lib/python3.10/site-packages:${PYTHONPATH} /usr/bin/python3 -W ignore:setup.py install is deprecated -W ignore:easy_install command is deprecated setup.py egg_info --egg-base ../../build/simple_yolo build --build-base /home/mj/Desktop/BerryBot/git_folder/berrybot-ros2/ros2_ws/build/simple_yolo/build install --record /home/mj/Desktop/BerryBot/git_folder/berrybot-ros2/ros2_ws/build/simple_yolo/install.log --single-version-externally-managed install_data
[0.580s] running egg_info
[0.581s] creating ../../build/simple_yolo/simple_yolo.egg-info
[0.581s] writing ../../build/simple_yolo/simple_yolo.egg-info/PKG-INFO
[0.581s] writing dependency_links to ../../build/simple_yolo/simple_yolo.egg-info/dependency_links.txt
[0.581s] writing entry points to ../../build/simple_yolo/simple_yolo.egg-info/entry_points.txt
[0.581s] writing requirements to ../../build/simple_yolo/simple_yolo.egg-info/requires.txt
[0.581s] writing top-level names to ../../build/simple_yolo/simple_yolo.egg-info/top_level.txt
[0.581s] writing manifest file '../../build/simple_yolo/simple_yolo.egg-info/SOURCES.txt'
[0.582s] reading manifest file '../../build/simple_yolo/simple_yolo.egg-info/SOURCES.txt'
[0.582s] adding license file 'LICENSE'
[0.582s] writing manifest file '../../build/simple_yolo/simple_yolo.egg-info/SOURCES.txt'
[0.583s] running build
[0.583s] running build_py
[0.583s] creating /home/mj/Desktop/BerryBot/git_folder/berrybot-ros2/ros2_ws/build/simple_yolo/build
[0.583s] creating /home/mj/Desktop/BerryBot/git_folder/berrybot-ros2/ros2_ws/build/simple_yolo/build/lib
[0.583s] creating /home/mj/Desktop/BerryBot/git_folder/berrybot-ros2/ros2_ws/build/simple_yolo/build/lib/simple_yolo
[0.583s] copying simple_yolo/camera.py -> /home/mj/Desktop/BerryBot/git_folder/berrybot-ros2/ros2_ws/build/simple_yolo/build/lib/simple_yolo
[0.583s] copying simple_yolo/__init__.py -> /home/mj/Desktop/BerryBot/git_folder/berrybot-ros2/ros2_ws/build/simple_yolo/build/lib/simple_yolo
[0.583s] copying simple_yolo/perception_node.py -> /home/mj/Desktop/BerryBot/git_folder/berrybot-ros2/ros2_ws/build/simple_yolo/build/lib/simple_yolo
[0.583s] running install
[0.583s] running install_lib
[0.584s] creating /home/mj/Desktop/BerryBot/git_folder/berrybot-ros2/ros2_ws/install/simple_yolo/lib/python3.10/site-packages/simple_yolo
[0.584s] copying /home/mj/Desktop/BerryBot/git_folder/berrybot-ros2/ros2_ws/build/simple_yolo/build/lib/simple_yolo/camera.py -> /home/mj/Desktop/BerryBot/git_folder/berrybot-ros2/ros2_ws/install/simple_yolo/lib/python3.10/site-packages/simple_yolo
[0.584s] copying /home/mj/Desktop/BerryBot/git_folder/berrybot-ros2/ros2_ws/build/simple_yolo/build/lib/simple_yolo/__init__.py -> /home/mj/Desktop/BerryBot/git_folder/berrybot-ros2/ros2_ws/install/simple_yolo/lib/python3.10/site-packages/simple_yolo
[0.584s] copying /home/mj/Desktop/BerryBot/git_folder/berrybot-ros2/ros2_ws/build/simple_yolo/build/lib/simple_yolo/perception_node.py -> /home/mj/Desktop/BerryBot/git_folder/berrybot-ros2/ros2_ws/install/simple_yolo/lib/python3.10/site-packages/simple_yolo
[0.584s] byte-compiling /home/mj/Desktop/BerryBot/git_folder/berrybot-ros2/ros2_ws/install/simple_yolo/lib/python3.10/site-packages/simple_yolo/camera.py to camera.cpython-310.pyc
[0.584s] byte-compiling /home/mj/Desktop/BerryBot/git_folder/berrybot-ros2/ros2_ws/install/simple_yolo/lib/python3.10/site-packages/simple_yolo/__init__.py to __init__.cpython-310.pyc
[0.584s] byte-compiling /home/mj/Desktop/BerryBot/git_folder/berrybot-ros2/ros2_ws/install/simple_yolo/lib/python3.10/site-packages/simple_yolo/perception_node.py to perception_node.cpython-310.pyc
[0.585s] running install_data
[0.585s] creating /home/mj/Desktop/BerryBot/git_folder/berrybot-ros2/ros2_ws/install/simple_yolo/share/ament_index
[0.585s] creating /home/mj/Desktop/BerryBot/git_folder/berrybot-ros2/ros2_ws/install/simple_yolo/share/ament_index/resource_index
[0.585s] creating /home/mj/Desktop/BerryBot/git_folder/berrybot-ros2/ros2_ws/install/simple_yolo/share/ament_index/resource_index/packages
[0.585s] copying resource/simple_yolo -> /home/mj/Desktop/BerryBot/git_folder/berrybot-ros2/ros2_ws/install/simple_yolo/share/ament_index/resource_index/packages
[0.585s] copying package.xml -> /home/mj/Desktop/BerryBot/git_folder/berrybot-ros2/ros2_ws/install/simple_yolo/share/simple_yolo
[0.585s] creating /home/mj/Desktop/BerryBot/git_folder/berrybot-ros2/ros2_ws/install/simple_yolo/share/simple_yolo/models
[0.585s] copying models/model1.pt -> /home/mj/Desktop/BerryBot/git_folder/berrybot-ros2/ros2_ws/install/simple_yolo/share/simple_yolo/models
[0.595s] running install_egg_info
[0.596s] Copying ../../build/simple_yolo/simple_yolo.egg-info to /home/mj/Desktop/BerryBot/git_folder/berrybot-ros2/ros2_ws/install/simple_yolo/lib/python3.10/site-packages/simple_yolo-0.0.0-py3.10.egg-info
[0.596s] running install_scripts
[0.612s] Installing camera script to /home/mj/Desktop/BerryBot/git_folder/berrybot-ros2/ros2_ws/install/simple_yolo/lib/simple_yolo
[0.612s] Installing perception_node script to /home/mj/Desktop/BerryBot/git_folder/berrybot-ros2/ros2_ws/install/simple_yolo/lib/simple_yolo
[0.612s] writing list of installed files to '/home/mj/Desktop/BerryBot/git_folder/berrybot-ros2/ros2_ws/build/simple_yolo/install.log'
[0.631s] Invoked command in '/home/mj/Desktop/BerryBot/git_folder/berrybot-ros2/ros2_ws/src/simple_yolo' returned '0': PYTHONPATH=/home/mj/Desktop/BerryBot/git_folder/berrybot-ros2/ros2_ws/build/simple_yolo/prefix_override:/usr/lib/python3/dist-packages/colcon_core/task/python/colcon_distutils_commands:/home/mj/Desktop/BerryBot/git_folder/berrybot-ros2/ros2_ws/install/simple_yolo/lib/python3.10/site-packages:${PYTHONPATH} /usr/bin/python3 -W ignore:setup.py install is deprecated -W ignore:easy_install command is deprecated setup.py egg_info --egg-base ../../build/simple_yolo build --build-base /home/mj/Desktop/BerryBot/git_folder/berrybot-ros2/ros2_ws/build/simple_yolo/build install --record /home/mj/Desktop/BerryBot/git_folder/berrybot-ros2/ros2_ws/build/simple_yolo/install.log --single-version-externally-managed install_data
