running egg_info
creating ../../build/simple_yolo/simple_yolo.egg-info
writing ../../build/simple_yolo/simple_yolo.egg-info/PKG-INFO
writing dependency_links to ../../build/simple_yolo/simple_yolo.egg-info/dependency_links.txt
writing entry points to ../../build/simple_yolo/simple_yolo.egg-info/entry_points.txt
writing requirements to ../../build/simple_yolo/simple_yolo.egg-info/requires.txt
writing top-level names to ../../build/simple_yolo/simple_yolo.egg-info/top_level.txt
writing manifest file '../../build/simple_yolo/simple_yolo.egg-info/SOURCES.txt'
reading manifest file '../../build/simple_yolo/simple_yolo.egg-info/SOURCES.txt'
adding license file 'LICENSE'
writing manifest file '../../build/simple_yolo/simple_yolo.egg-info/SOURCES.txt'
running build
running build_py
creating /home/mj/Desktop/BerryBot/git_folder/berrybot-ros2/ros2_ws/build/simple_yolo/build
creating /home/mj/Desktop/BerryBot/git_folder/berrybot-ros2/ros2_ws/build/simple_yolo/build/lib
creating /home/mj/Desktop/BerryBot/git_folder/berrybot-ros2/ros2_ws/build/simple_yolo/build/lib/simple_yolo
copying simple_yolo/camera.py -> /home/mj/Desktop/BerryBot/git_folder/berrybot-ros2/ros2_ws/build/simple_yolo/build/lib/simple_yolo
copying simple_yolo/__init__.py -> /home/mj/Desktop/BerryBot/git_folder/berrybot-ros2/ros2_ws/build/simple_yolo/build/lib/simple_yolo
copying simple_yolo/perception_node.py -> /home/mj/Desktop/BerryBot/git_folder/berrybot-ros2/ros2_ws/build/simple_yolo/build/lib/simple_yolo
running install
running install_lib
creating /home/mj/Desktop/BerryBot/git_folder/berrybot-ros2/ros2_ws/install/simple_yolo/lib/python3.10/site-packages/simple_yolo
copying /home/mj/Desktop/BerryBot/git_folder/berrybot-ros2/ros2_ws/build/simple_yolo/build/lib/simple_yolo/camera.py -> /home/mj/Desktop/BerryBot/git_folder/berrybot-ros2/ros2_ws/install/simple_yolo/lib/python3.10/site-packages/simple_yolo
copying /home/mj/Desktop/BerryBot/git_folder/berrybot-ros2/ros2_ws/build/simple_yolo/build/lib/simple_yolo/__init__.py -> /home/mj/Desktop/BerryBot/git_folder/berrybot-ros2/ros2_ws/install/simple_yolo/lib/python3.10/site-packages/simple_yolo
copying /home/mj/Desktop/BerryBot/git_folder/berrybot-ros2/ros2_ws/build/simple_yolo/build/lib/simple_yolo/perception_node.py -> /home/mj/Desktop/BerryBot/git_folder/berrybot-ros2/ros2_ws/install/simple_yolo/lib/python3.10/site-packages/simple_yolo
byte-compiling /home/mj/Desktop/BerryBot/git_folder/berrybot-ros2/ros2_ws/install/simple_yolo/lib/python3.10/site-packages/simple_yolo/camera.py to camera.cpython-310.pyc
byte-compiling /home/mj/Desktop/BerryBot/git_folder/berrybot-ros2/ros2_ws/install/simple_yolo/lib/python3.10/site-packages/simple_yolo/__init__.py to __init__.cpython-310.pyc
byte-compiling /home/mj/Desktop/BerryBot/git_folder/berrybot-ros2/ros2_ws/install/simple_yolo/lib/python3.10/site-packages/simple_yolo/perception_node.py to perception_node.cpython-310.pyc
running install_data
creating /home/mj/Desktop/BerryBot/git_folder/berrybot-ros2/ros2_ws/install/simple_yolo/share/ament_index
creating /home/mj/Desktop/BerryBot/git_folder/berrybot-ros2/ros2_ws/install/simple_yolo/share/ament_index/resource_index
creating /home/mj/Desktop/BerryBot/git_folder/berrybot-ros2/ros2_ws/install/simple_yolo/share/ament_index/resource_index/packages
copying resource/simple_yolo -> /home/mj/Desktop/BerryBot/git_folder/berrybot-ros2/ros2_ws/install/simple_yolo/share/ament_index/resource_index/packages
copying package.xml -> /home/mj/Desktop/BerryBot/git_folder/berrybot-ros2/ros2_ws/install/simple_yolo/share/simple_yolo
creating /home/mj/Desktop/BerryBot/git_folder/berrybot-ros2/ros2_ws/install/simple_yolo/share/simple_yolo/models
copying models/model1.pt -> /home/mj/Desktop/BerryBot/git_folder/berrybot-ros2/ros2_ws/install/simple_yolo/share/simple_yolo/models
running install_egg_info
Copying ../../build/simple_yolo/simple_yolo.egg-info to /home/mj/Desktop/BerryBot/git_folder/berrybot-ros2/ros2_ws/install/simple_yolo/lib/python3.10/site-packages/simple_yolo-0.0.0-py3.10.egg-info
running install_scripts
Installing camera script to /home/mj/Desktop/BerryBot/git_folder/berrybot-ros2/ros2_ws/install/simple_yolo/lib/simple_yolo
Installing perception_node script to /home/mj/Desktop/BerryBot/git_folder/berrybot-ros2/ros2_ws/install/simple_yolo/lib/simple_yolo
writing list of installed files to '/home/mj/Desktop/BerryBot/git_folder/berrybot-ros2/ros2_ws/build/simple_yolo/install.log'
