[0.385s] Invoking command in '/home/mj/Desktop/BerryBot/git_folder/berrybot-ros2/ros2_ws/src/simple_yolo': AMENT_PREFIX_PATH=/home/mj/Desktop/BerryBot/git_folder/berrybot-ros2/ros2_ws/install/interfaces:${AMENT_PREFIX_PATH} CMAKE_PREFIX_PATH=/home/mj/Desktop/BerryBot/git_folder/berrybot-ros2/ros2_ws/install/interfaces LD_LIBRARY_PATH=/home/mj/Desktop/BerryBot/git_folder/berrybot-ros2/ros2_ws/install/interfaces/lib:${LD_LIBRARY_PATH} PYTHONPATH=/home/mj/Desktop/BerryBot/git_folder/berrybot-ros2/ros2_ws/build/simple_yolo/prefix_override:/usr/lib/python3/dist-packages/colcon_core/task/python/colcon_distutils_commands:/home/mj/Desktop/BerryBot/git_folder/berrybot-ros2/ros2_ws/install/simple_yolo/lib/python3.10/site-packages:/home/mj/Desktop/BerryBot/git_folder/berrybot-ros2/ros2_ws/install/interfaces/local/lib/python3.10/dist-packages:${PYTHONPATH} /usr/bin/python3 -W ignore:setup.py install is deprecated -W ignore:easy_install command is deprecated setup.py egg_info --egg-base ../../build/simple_yolo build --build-base /home/mj/Desktop/BerryBot/git_folder/berrybot-ros2/ros2_ws/build/simple_yolo/build install --record /home/mj/Desktop/BerryBot/git_folder/berrybot-ros2/ros2_ws/build/simple_yolo/install.log --single-version-externally-managed install_data
[0.512s] running egg_info
[0.512s] creating ../../build/simple_yolo/simple_yolo.egg-info
[0.512s] writing ../../build/simple_yolo/simple_yolo.egg-info/PKG-INFO
[0.513s] writing dependency_links to ../../build/simple_yolo/simple_yolo.egg-info/dependency_links.txt
[0.513s] writing entry points to ../../build/simple_yolo/simple_yolo.egg-info/entry_points.txt
[0.513s] writing requirements to ../../build/simple_yolo/simple_yolo.egg-info/requires.txt
[0.513s] writing top-level names to ../../build/simple_yolo/simple_yolo.egg-info/top_level.txt
[0.513s] writing manifest file '../../build/simple_yolo/simple_yolo.egg-info/SOURCES.txt'
[0.513s] reading manifest file '../../build/simple_yolo/simple_yolo.egg-info/SOURCES.txt'
[0.513s] adding license file 'LICENSE'
[0.514s] writing manifest file '../../build/simple_yolo/simple_yolo.egg-info/SOURCES.txt'
[0.514s] running build
[0.514s] running build_py
[0.514s] creating /home/mj/Desktop/BerryBot/git_folder/berrybot-ros2/ros2_ws/build/simple_yolo/build
[0.514s] creating /home/mj/Desktop/BerryBot/git_folder/berrybot-ros2/ros2_ws/build/simple_yolo/build/lib
[0.514s] creating /home/mj/Desktop/BerryBot/git_folder/berrybot-ros2/ros2_ws/build/simple_yolo/build/lib/simple_yolo
[0.514s] copying simple_yolo/camera.py -> /home/mj/Desktop/BerryBot/git_folder/berrybot-ros2/ros2_ws/build/simple_yolo/build/lib/simple_yolo
[0.514s] copying simple_yolo/__init__.py -> /home/mj/Desktop/BerryBot/git_folder/berrybot-ros2/ros2_ws/build/simple_yolo/build/lib/simple_yolo
[0.514s] copying simple_yolo/perception_node.py -> /home/mj/Desktop/BerryBot/git_folder/berrybot-ros2/ros2_ws/build/simple_yolo/build/lib/simple_yolo
[0.514s] running install
[0.514s] running install_lib
[0.515s] creating /home/mj/Desktop/BerryBot/git_folder/berrybot-ros2/ros2_ws/install/simple_yolo/lib/python3.10/site-packages/simple_yolo
[0.515s] copying /home/mj/Desktop/BerryBot/git_folder/berrybot-ros2/ros2_ws/build/simple_yolo/build/lib/simple_yolo/camera.py -> /home/mj/Desktop/BerryBot/git_folder/berrybot-ros2/ros2_ws/install/simple_yolo/lib/python3.10/site-packages/simple_yolo
[0.515s] copying /home/mj/Desktop/BerryBot/git_folder/berrybot-ros2/ros2_ws/build/simple_yolo/build/lib/simple_yolo/__init__.py -> /home/mj/Desktop/BerryBot/git_folder/berrybot-ros2/ros2_ws/install/simple_yolo/lib/python3.10/site-packages/simple_yolo
[0.515s] copying /home/mj/Desktop/BerryBot/git_folder/berrybot-ros2/ros2_ws/build/simple_yolo/build/lib/simple_yolo/perception_node.py -> /home/mj/Desktop/BerryBot/git_folder/berrybot-ros2/ros2_ws/install/simple_yolo/lib/python3.10/site-packages/simple_yolo
[0.515s] byte-compiling /home/mj/Desktop/BerryBot/git_folder/berrybot-ros2/ros2_ws/install/simple_yolo/lib/python3.10/site-packages/simple_yolo/camera.py to camera.cpython-310.pyc
[0.515s] byte-compiling /home/mj/Desktop/BerryBot/git_folder/berrybot-ros2/ros2_ws/install/simple_yolo/lib/python3.10/site-packages/simple_yolo/__init__.py to __init__.cpython-310.pyc
[0.515s] byte-compiling /home/mj/Desktop/BerryBot/git_folder/berrybot-ros2/ros2_ws/install/simple_yolo/lib/python3.10/site-packages/simple_yolo/perception_node.py to perception_node.cpython-310.pyc
[0.516s] running install_data
[0.516s] creating /home/mj/Desktop/BerryBot/git_folder/berrybot-ros2/ros2_ws/install/simple_yolo/share/ament_index
[0.516s] creating /home/mj/Desktop/BerryBot/git_folder/berrybot-ros2/ros2_ws/install/simple_yolo/share/ament_index/resource_index
[0.516s] creating /home/mj/Desktop/BerryBot/git_folder/berrybot-ros2/ros2_ws/install/simple_yolo/share/ament_index/resource_index/packages
[0.517s] copying resource/simple_yolo -> /home/mj/Desktop/BerryBot/git_folder/berrybot-ros2/ros2_ws/install/simple_yolo/share/ament_index/resource_index/packages
[0.517s] copying package.xml -> /home/mj/Desktop/BerryBot/git_folder/berrybot-ros2/ros2_ws/install/simple_yolo/share/simple_yolo
[0.517s] creating /home/mj/Desktop/BerryBot/git_folder/berrybot-ros2/ros2_ws/install/simple_yolo/share/simple_yolo/models
[0.517s] copying models/model1.pt -> /home/mj/Desktop/BerryBot/git_folder/berrybot-ros2/ros2_ws/install/simple_yolo/share/simple_yolo/models
[0.535s] running install_egg_info
[0.536s] Copying ../../build/simple_yolo/simple_yolo.egg-info to /home/mj/Desktop/BerryBot/git_folder/berrybot-ros2/ros2_ws/install/simple_yolo/lib/python3.10/site-packages/simple_yolo-0.0.0-py3.10.egg-info
[0.537s] running install_scripts
[0.549s] Installing camera script to /home/mj/Desktop/BerryBot/git_folder/berrybot-ros2/ros2_ws/install/simple_yolo/lib/simple_yolo
[0.550s] Installing perception_node script to /home/mj/Desktop/BerryBot/git_folder/berrybot-ros2/ros2_ws/install/simple_yolo/lib/simple_yolo
[0.550s] writing list of installed files to '/home/mj/Desktop/BerryBot/git_folder/berrybot-ros2/ros2_ws/build/simple_yolo/install.log'
[0.565s] Invoked command in '/home/mj/Desktop/BerryBot/git_folder/berrybot-ros2/ros2_ws/src/simple_yolo' returned '0': AMENT_PREFIX_PATH=/home/mj/Desktop/BerryBot/git_folder/berrybot-ros2/ros2_ws/install/interfaces:${AMENT_PREFIX_PATH} CMAKE_PREFIX_PATH=/home/mj/Desktop/BerryBot/git_folder/berrybot-ros2/ros2_ws/install/interfaces LD_LIBRARY_PATH=/home/mj/Desktop/BerryBot/git_folder/berrybot-ros2/ros2_ws/install/interfaces/lib:${LD_LIBRARY_PATH} PYTHONPATH=/home/mj/Desktop/BerryBot/git_folder/berrybot-ros2/ros2_ws/build/simple_yolo/prefix_override:/usr/lib/python3/dist-packages/colcon_core/task/python/colcon_distutils_commands:/home/mj/Desktop/BerryBot/git_folder/berrybot-ros2/ros2_ws/install/simple_yolo/lib/python3.10/site-packages:/home/mj/Desktop/BerryBot/git_folder/berrybot-ros2/ros2_ws/install/interfaces/local/lib/python3.10/dist-packages:${PYTHONPATH} /usr/bin/python3 -W ignore:setup.py install is deprecated -W ignore:easy_install command is deprecated setup.py egg_info --egg-base ../../build/simple_yolo build --build-base /home/mj/Desktop/BerryBot/git_folder/berrybot-ros2/ros2_ws/build/simple_yolo/build install --record /home/mj/Desktop/BerryBot/git_folder/berrybot-ros2/ros2_ws/build/simple_yolo/install.log --single-version-externally-managed install_data
