running egg_info
creating ../../build/base_python/base_python.egg-info
writing ../../build/base_python/base_python.egg-info/PKG-INFO
writing dependency_links to ../../build/base_python/base_python.egg-info/dependency_links.txt
writing entry points to ../../build/base_python/base_python.egg-info/entry_points.txt
writing requirements to ../../build/base_python/base_python.egg-info/requires.txt
writing top-level names to ../../build/base_python/base_python.egg-info/top_level.txt
writing manifest file '../../build/base_python/base_python.egg-info/SOURCES.txt'
reading manifest file '../../build/base_python/base_python.egg-info/SOURCES.txt'
adding license file 'LICENSE'
writing manifest file '../../build/base_python/base_python.egg-info/SOURCES.txt'
running build
running build_py
creating /home/mj/Desktop/BerryBot/git_folder/berrybot-ros2/ros2_ws/build/base_python/build
creating /home/mj/Desktop/BerryBot/git_folder/berrybot-ros2/ros2_ws/build/base_python/build/lib
creating /home/mj/Desktop/BerryBot/git_folder/berrybot-ros2/ros2_ws/build/base_python/build/lib/base_python
copying base_python/__init__.py -> /home/mj/Desktop/BerryBot/git_folder/berrybot-ros2/ros2_ws/build/base_python/build/lib/base_python
running install
running install_lib
creating /home/mj/Desktop/BerryBot/git_folder/berrybot-ros2/ros2_ws/install/base_python/lib/python3.10/site-packages/base_python
copying /home/mj/Desktop/BerryBot/git_folder/berrybot-ros2/ros2_ws/build/base_python/build/lib/base_python/__init__.py -> /home/mj/Desktop/BerryBot/git_folder/berrybot-ros2/ros2_ws/install/base_python/lib/python3.10/site-packages/base_python
byte-compiling /home/mj/Desktop/BerryBot/git_folder/berrybot-ros2/ros2_ws/install/base_python/lib/python3.10/site-packages/base_python/__init__.py to __init__.cpython-310.pyc
running install_data
creating /home/mj/Desktop/BerryBot/git_folder/berrybot-ros2/ros2_ws/install/base_python/share/ament_index
creating /home/mj/Desktop/BerryBot/git_folder/berrybot-ros2/ros2_ws/install/base_python/share/ament_index/resource_index
creating /home/mj/Desktop/BerryBot/git_folder/berrybot-ros2/ros2_ws/install/base_python/share/ament_index/resource_index/packages
copying resource/base_python -> /home/mj/Desktop/BerryBot/git_folder/berrybot-ros2/ros2_ws/install/base_python/share/ament_index/resource_index/packages
copying package.xml -> /home/mj/Desktop/BerryBot/git_folder/berrybot-ros2/ros2_ws/install/base_python/share/base_python
running install_egg_info
Copying ../../build/base_python/base_python.egg-info to /home/mj/Desktop/BerryBot/git_folder/berrybot-ros2/ros2_ws/install/base_python/lib/python3.10/site-packages/base_python-0.0.0-py3.10.egg-info
running install_scripts
writing list of installed files to '/home/mj/Desktop/BerryBot/git_folder/berrybot-ros2/ros2_ws/build/base_python/install.log'
